start reading files at Sun Dec  3 17:08:30 2023

omp_get_num_threads()=4
Invalid line in data file "
"
Invalid line in data file "
"
Invalid line in data file "
"
Invalid line in data file "
"
start initialization at Sun Dec  3 17:08:31 2023

N0a = 9.907023e-01, count=178
N0p = 6.880787e-01, count=26
line:1206 CellCount[DIM]: 7 5 7
line:1207 TotalCellCount: 245
line:1212 CellWidth[DIM]: 7.142857e-03 8.000000e-03 7.142857e-03
start main roop at Sun Dec  3 17:08:31 2023

@ Prof Output Time : 0.000000e+00
line:4564, iter,=332, rr0=,1.000000e+11, rr=,9.550358e-02, rs0=,1.566071e+03, rs=,1.844912e-10
@ Vtk Output Time : 0.000000e+00
line:4564, iter,=320, rr0=,2.263193e+11, rr=,2.229305e-01, rs0=,3.758683e+03, rs=,4.279856e-10
line:4564, iter,=314, rr0=,3.674021e+11, rr=,3.462866e-01, rs0=,6.039792e+03, rs=,6.646786e-10
line:4564, iter,=307, rr0=,5.072377e+11, rr=,4.952860e-01, rs0=,8.181075e+03, rs=,9.479881e-10
line:4564, iter,=301, rr0=,6.382227e+11, rr=,6.100272e-01, rs0=,1.009034e+04, rs=,1.166820e-09
line:4564, iter,=296, rr0=,7.572360e+11, rr=,7.099852e-01, rs0=,1.174099e+04, rs=,1.361077e-09
line:4564, iter,=290, rr0=,8.634869e+11, rr=,8.618654e-01, rs0=,1.313869e+04, rs=,1.653876e-09
line:4564, iter,=285, rr0=,9.573565e+11, rr=,9.406731e-01, rs0=,1.430515e+04, rs=,1.815313e-09
line:4564, iter,=280, rr0=,1.039584e+12, rr=,1.016444e+00, rs0=,1.526721e+04, rs=,1.926453e-09
line:4564, iter,=275, rr0=,1.111316e+12, rr=,1.110326e+00, rs0=,1.605275e+04, rs=,2.081095e-09
line:4564, iter,=270, rr0=,1.173530e+12, rr=,1.123741e+00, rs0=,1.668586e+04, rs=,2.098901e-09
@ Vtk Output Time : 1.000000e-02
line:4564, iter,=264, rr0=,1.227432e+12, rr=,1.199263e+00, rs0=,1.719058e+04, rs=,2.265563e-09
line:4564, iter,=258, rr0=,1.273862e+12, rr=,1.203034e+00, rs0=,1.758836e+04, rs=,2.311142e-09
line:4564, iter,=261, rr0=,1.313919e+12, rr=,1.283434e+00, rs0=,2.020250e+04, rs=,2.553971e-09
line:4564, iter,=258, rr0=,1.348268e+12, rr=,1.293777e+00, rs0=,2.170618e+04, rs=,2.535147e-09
line:4564, iter,=255, rr0=,1.377588e+12, rr=,1.242245e+00, rs0=,2.243623e+04, rs=,2.504113e-09
line:4564, iter,=251, rr0=,1.402485e+12, rr=,1.291791e+00, rs0=,2.279503e+04, rs=,2.616896e-09
line:4564, iter,=248, rr0=,1.423455e+12, rr=,1.329836e+00, rs0=,2.316653e+04, rs=,2.665721e-09
line:4564, iter,=243, rr0=,1.440926e+12, rr=,1.362712e+00, rs0=,2.394284e+04, rs=,2.756720e-09
line:4564, iter,=239, rr0=,1.455301e+12, rr=,1.408898e+00, rs0=,2.396059e+04, rs=,2.814615e-09
line:4564, iter,=236, rr0=,1.466963e+12, rr=,1.436951e+00, rs0=,2.408411e+04, rs=,2.886176e-09
@ Vtk Output Time : 2.000000e-02
line:4564, iter,=233, rr0=,1.476195e+12, rr=,1.427090e+00, rs0=,2.404934e+04, rs=,2.875991e-09
line:4564, iter,=231, rr0=,1.483360e+12, rr=,1.378104e+00, rs0=,2.399590e+04, rs=,2.779049e-09
line:4564, iter,=229, rr0=,1.488572e+12, rr=,1.419795e+00, rs0=,2.392677e+04, rs=,2.871906e-09
line:4564, iter,=227, rr0=,1.492126e+12, rr=,1.441182e+00, rs0=,2.384564e+04, rs=,2.917531e-09
line:4564, iter,=225, rr0=,1.494331e+12, rr=,1.467885e+00, rs0=,2.382141e+04, rs=,2.974843e-09
line:4564, iter,=224, rr0=,1.495383e+12, rr=,1.472145e+00, rs0=,2.375377e+04, rs=,2.968024e-09
line:4564, iter,=224, rr0=,1.495422e+12, rr=,1.398883e+00, rs0=,2.366914e+04, rs=,2.801510e-09
line:4564, iter,=223, rr0=,1.494611e+12, rr=,1.473220e+00, rs0=,2.356389e+04, rs=,2.938999e-09
line:4564, iter,=223, rr0=,1.493027e+12, rr=,1.473761e+00, rs0=,2.345771e+04, rs=,2.908503e-09
line:4564, iter,=224, rr0=,1.490756e+12, rr=,1.386715e+00, rs0=,2.334418e+04, rs=,2.735175e-09
@ Vtk Output Time : 3.000000e-02
line:4564, iter,=224, rr0=,1.487843e+12, rr=,1.442871e+00, rs0=,2.322633e+04, rs=,2.827652e-09
line:4564, iter,=225, rr0=,1.484634e+12, rr=,1.390348e+00, rs0=,2.310565e+04, rs=,2.714015e-09
line:4564, iter,=225, rr0=,1.482642e+12, rr=,1.413642e+00, rs0=,2.299010e+04, rs=,2.754517e-09
line:4564, iter,=224, rr0=,1.482292e+12, rr=,1.466852e+00, rs0=,2.288551e+04, rs=,2.885426e-09
line:4564, iter,=224, rr0=,1.482719e+12, rr=,1.462715e+00, rs0=,2.278107e+04, rs=,2.871422e-09
line:4564, iter,=224, rr0=,1.482961e+12, rr=,1.461098e+00, rs0=,2.267721e+04, rs=,2.865942e-09
line:4564, iter,=224, rr0=,1.483234e+12, rr=,1.466858e+00, rs0=,2.257378e+04, rs=,2.874018e-09
line:4564, iter,=225, rr0=,1.485974e+12, rr=,1.440165e+00, rs0=,2.247777e+04, rs=,2.817502e-09
line:4564, iter,=225, rr0=,1.492677e+12, rr=,1.466407e+00, rs0=,2.238469e+04, rs=,2.874177e-09
line:4564, iter,=226, rr0=,1.500291e+12, rr=,1.418809e+00, rs0=,2.229283e+04, rs=,2.746313e-09
@ Vtk Output Time : 4.000000e-02
line:4564, iter,=227, rr0=,1.508626e+12, rr=,1.433941e+00, rs0=,2.220329e+04, rs=,2.788079e-09
line:4564, iter,=227, rr0=,1.516648e+12, rr=,1.435637e+00, rs0=,2.211290e+04, rs=,2.790589e-09
line:4564, iter,=227, rr0=,1.525744e+12, rr=,1.455086e+00, rs0=,2.202403e+04, rs=,2.843145e-09
line:4564, iter,=227, rr0=,1.535295e+12, rr=,1.503989e+00, rs0=,2.165581e+04, rs=,2.975324e-09
line:4564, iter,=224, rr0=,1.544833e+12, rr=,1.542086e+00, rs0=,2.155184e+04, rs=,3.019187e-09
line:4564, iter,=226, rr0=,1.554450e+12, rr=,1.466526e+00, rs0=,2.133614e+04, rs=,2.848792e-09
line:4564, iter,=226, rr0=,1.563145e+12, rr=,1.501439e+00, rs0=,2.124952e+04, rs=,2.943837e-09
line:4564, iter,=224, rr0=,1.571275e+12, rr=,1.499287e+00, rs0=,2.107192e+04, rs=,2.920421e-09
line:4564, iter,=224, rr0=,1.578099e+12, rr=,1.547235e+00, rs0=,2.097325e+04, rs=,3.035457e-09
line:4564, iter,=225, rr0=,1.583737e+12, rr=,1.557349e+00, rs0=,2.089583e+04, rs=,3.022219e-09
@ Vtk Output Time : 5.000000e-02
line:4564, iter,=226, rr0=,1.588191e+12, rr=,1.514480e+00, rs0=,2.085955e+04, rs=,2.912122e-09
line:4564, iter,=226, rr0=,1.591143e+12, rr=,1.517649e+00, rs0=,2.065207e+04, rs=,2.944554e-09
line:4564, iter,=227, rr0=,1.593785e+12, rr=,1.552984e+00, rs0=,2.071279e+04, rs=,2.988328e-09
line:4564, iter,=228, rr0=,1.595465e+12, rr=,1.525687e+00, rs0=,2.063479e+04, rs=,2.932243e-09
line:4564, iter,=228, rr0=,1.595970e+12, rr=,1.587312e+00, rs0=,2.054640e+04, rs=,3.045538e-09
line:4564, iter,=231, rr0=,1.595413e+12, rr=,1.566670e+00, rs0=,2.049224e+04, rs=,2.975160e-09
line:4564, iter,=231, rr0=,1.594044e+12, rr=,1.570139e+00, rs0=,2.044383e+04, rs=,2.985303e-09
line:4564, iter,=232, rr0=,1.591640e+12, rr=,1.588345e+00, rs0=,2.024714e+04, rs=,2.983568e-09
line:4564, iter,=233, rr0=,1.588353e+12, rr=,1.514105e+00, rs0=,1.966410e+04, rs=,2.836533e-09
line:4564, iter,=233, rr0=,1.585401e+12, rr=,1.519505e+00, rs0=,1.954531e+04, rs=,2.845081e-09
@ Vtk Output Time : 6.000000e-02
line:4564, iter,=233, rr0=,1.582640e+12, rr=,1.515481e+00, rs0=,1.943120e+04, rs=,2.836769e-09
line:4564, iter,=233, rr0=,1.580348e+12, rr=,1.517185e+00, rs0=,1.931120e+04, rs=,2.842685e-09
line:4564, iter,=233, rr0=,1.577064e+12, rr=,1.475711e+00, rs0=,1.929209e+04, rs=,2.788852e-09
line:4564, iter,=233, rr0=,1.573040e+12, rr=,1.471425e+00, rs0=,1.917677e+04, rs=,2.785305e-09
line:4564, iter,=234, rr0=,1.568405e+12, rr=,1.469689e+00, rs0=,1.906181e+04, rs=,2.781373e-09
line:4564, iter,=233, rr0=,1.563559e+12, rr=,1.494511e+00, rs0=,1.870381e+04, rs=,2.807126e-09
line:4564, iter,=233, rr0=,1.557546e+12, rr=,1.499174e+00, rs0=,1.864041e+04, rs=,2.808545e-09
line:4564, iter,=233, rr0=,1.551588e+12, rr=,1.474487e+00, rs0=,1.859382e+04, rs=,2.753883e-09
line:4564, iter,=233, rr0=,1.544509e+12, rr=,1.483178e+00, rs0=,1.842554e+04, rs=,2.780488e-09
line:4564, iter,=233, rr0=,1.536928e+12, rr=,1.456423e+00, rs0=,1.841534e+04, rs=,2.719814e-09
@ Vtk Output Time : 7.000000e-02
line:4564, iter,=233, rr0=,1.529338e+12, rr=,1.456048e+00, rs0=,1.811587e+04, rs=,2.725965e-09
line:4564, iter,=232, rr0=,1.521556e+12, rr=,1.515400e+00, rs0=,1.808568e+04, rs=,2.862282e-09
line:4564, iter,=232, rr0=,1.513412e+12, rr=,1.492995e+00, rs0=,1.796896e+04, rs=,2.820880e-09
line:4564, iter,=232, rr0=,1.505315e+12, rr=,1.431942e+00, rs0=,1.785551e+04, rs=,2.707772e-09
line:4564, iter,=232, rr0=,1.498137e+12, rr=,1.408117e+00, rs0=,1.777315e+04, rs=,2.659739e-09
line:4564, iter,=231, rr0=,1.490089e+12, rr=,1.481734e+00, rs0=,1.768277e+04, rs=,2.808401e-09
line:4564, iter,=231, rr0=,1.481476e+12, rr=,1.435383e+00, rs0=,1.757279e+04, rs=,2.731314e-09
line:4564, iter,=231, rr0=,1.473717e+12, rr=,1.386229e+00, rs0=,1.742965e+04, rs=,2.650433e-09
line:4564, iter,=230, rr0=,1.466236e+12, rr=,1.435142e+00, rs0=,1.722598e+04, rs=,2.764845e-09
line:4564, iter,=230, rr0=,1.458593e+12, rr=,1.376826e+00, rs0=,1.712440e+04, rs=,2.660408e-09
@ Vtk Output Time : 8.000000e-02
line:4564, iter,=229, rr0=,1.450896e+12, rr=,1.416769e+00, rs0=,1.702745e+04, rs=,2.749941e-09
line:4564, iter,=229, rr0=,1.442662e+12, rr=,1.360338e+00, rs0=,1.699579e+04, rs=,2.640598e-09
line:4564, iter,=228, rr0=,1.433993e+12, rr=,1.432551e+00, rs0=,1.690928e+04, rs=,2.777975e-09
line:4564, iter,=228, rr0=,1.424582e+12, rr=,1.335915e+00, rs0=,1.680167e+04, rs=,2.600593e-09
line:4564, iter,=227, rr0=,1.415616e+12, rr=,1.408720e+00, rs0=,1.668466e+04, rs=,2.752027e-09
line:4564, iter,=227, rr0=,1.406563e+12, rr=,1.320055e+00, rs0=,1.656045e+04, rs=,2.588679e-09
line:4564, iter,=226, rr0=,1.398690e+12, rr=,1.397152e+00, rs0=,1.648590e+04, rs=,2.753054e-09
line:4564, iter,=227, rr0=,1.391857e+12, rr=,1.276619e+00, rs0=,1.616806e+04, rs=,2.507843e-09
line:4564, iter,=226, rr0=,1.385091e+12, rr=,1.335426e+00, rs0=,1.603589e+04, rs=,2.624730e-09
line:4564, iter,=226, rr0=,1.378667e+12, rr=,1.329361e+00, rs0=,1.586487e+04, rs=,2.617641e-09
@ Vtk Output Time : 9.000000e-02
line:4564, iter,=226, rr0=,1.372734e+12, rr=,1.364800e+00, rs0=,1.555555e+04, rs=,2.699275e-09
line:4564, iter,=227, rr0=,1.367194e+12, rr=,1.276162e+00, rs0=,1.516848e+04, rs=,2.524531e-09
line:4564, iter,=227, rr0=,1.361547e+12, rr=,1.260444e+00, rs0=,1.507512e+04, rs=,2.497235e-09
line:4564, iter,=227, rr0=,1.356079e+12, rr=,1.280375e+00, rs0=,1.507496e+04, rs=,2.539300e-09
line:4564, iter,=227, rr0=,1.350625e+12, rr=,1.310488e+00, rs0=,1.480245e+04, rs=,2.625143e-09
line:4564, iter,=229, rr0=,1.345223e+12, rr=,1.240308e+00, rs0=,1.464442e+04, rs=,2.528311e-09
line:4564, iter,=229, rr0=,1.340435e+12, rr=,1.251580e+00, rs0=,1.455379e+04, rs=,2.565771e-09
line:4564, iter,=229, rr0=,1.337071e+12, rr=,1.226818e+00, rs0=,1.460147e+04, rs=,2.532964e-09
line:4564, iter,=228, rr0=,1.333787e+12, rr=,1.244338e+00, rs0=,1.435351e+04, rs=,2.533494e-09
@ Prof Output Time : 1.000000e-01
line:4564, iter,=227, rr0=,1.330078e+12, rr=,1.312008e+00, rs0=,1.424787e+04, rs=,2.618321e-09
@ Vtk Output Time : 1.000000e-01
line:4564, iter,=227, rr0=,1.325694e+12, rr=,1.306747e+00, rs0=,1.419798e+04, rs=,2.616939e-09
line:4564, iter,=228, rr0=,1.321169e+12, rr=,1.271650e+00, rs0=,1.415399e+04, rs=,2.503099e-09
line:4564, iter,=228, rr0=,1.316924e+12, rr=,1.261343e+00, rs0=,1.406680e+04, rs=,2.479980e-09
line:4564, iter,=228, rr0=,1.312504e+12, rr=,1.222738e+00, rs0=,1.393764e+04, rs=,2.407247e-09
line:4564, iter,=227, rr0=,1.308166e+12, rr=,1.263945e+00, rs0=,1.378232e+04, rs=,2.462953e-09
line:4564, iter,=227, rr0=,1.303637e+12, rr=,1.249034e+00, rs0=,1.367510e+04, rs=,2.434421e-09
line:4564, iter,=227, rr0=,1.299508e+12, rr=,1.244908e+00, rs0=,1.355194e+04, rs=,2.416368e-09
line:4564, iter,=227, rr0=,1.295326e+12, rr=,1.189805e+00, rs0=,1.343424e+04, rs=,2.304614e-09
line:4564, iter,=226, rr0=,1.290931e+12, rr=,1.271228e+00, rs0=,1.325972e+04, rs=,2.469952e-09
line:4564, iter,=226, rr0=,1.286606e+12, rr=,1.217588e+00, rs0=,1.317906e+04, rs=,2.376670e-09
@ Vtk Output Time : 1.100000e-01
line:4564, iter,=226, rr0=,1.281701e+12, rr=,1.190204e+00, rs0=,1.308751e+04, rs=,2.338348e-09
line:4564, iter,=225, rr0=,1.276575e+12, rr=,1.270021e+00, rs0=,1.296551e+04, rs=,2.508855e-09
line:4564, iter,=225, rr0=,1.271193e+12, rr=,1.232355e+00, rs0=,1.288352e+04, rs=,2.436476e-09
line:4564, iter,=224, rr0=,1.265803e+12, rr=,1.257677e+00, rs0=,1.280211e+04, rs=,2.495407e-09
line:4564, iter,=224, rr0=,1.260550e+12, rr=,1.248420e+00, rs0=,1.270974e+04, rs=,2.496507e-09
line:4564, iter,=224, rr0=,1.255431e+12, rr=,1.208624e+00, rs0=,1.270403e+04, rs=,2.415577e-09
line:4564, iter,=224, rr0=,1.250869e+12, rr=,1.177559e+00, rs0=,1.262458e+04, rs=,2.348000e-09
line:4564, iter,=224, rr0=,1.246321e+12, rr=,1.154773e+00, rs0=,1.260743e+04, rs=,2.304579e-09
line:4564, iter,=223, rr0=,1.241940e+12, rr=,1.196630e+00, rs0=,1.265545e+04, rs=,2.382566e-09
line:4564, iter,=223, rr0=,1.237674e+12, rr=,1.189420e+00, rs0=,1.258089e+04, rs=,2.370123e-09
@ Vtk Output Time : 1.200000e-01
line:4564, iter,=223, rr0=,1.233676e+12, rr=,1.177445e+00, rs0=,1.250655e+04, rs=,2.348792e-09
line:4564, iter,=223, rr0=,1.229525e+12, rr=,1.175786e+00, rs0=,1.243187e+04, rs=,2.345286e-09
line:4564, iter,=223, rr0=,1.225511e+12, rr=,1.138654e+00, rs0=,1.235843e+04, rs=,2.278642e-09
line:4564, iter,=223, rr0=,1.221630e+12, rr=,1.111651e+00, rs0=,1.239832e+04, rs=,2.209157e-09
line:4564, iter,=222, rr0=,1.217663e+12, rr=,1.164658e+00, rs0=,1.231699e+04, rs=,2.311028e-09
line:4564, iter,=223, rr0=,1.213543e+12, rr=,1.161833e+00, rs0=,1.229254e+04, rs=,2.251111e-09
line:4564, iter,=223, rr0=,1.209267e+12, rr=,1.141831e+00, rs0=,1.220381e+04, rs=,2.187637e-09
line:4564, iter,=223, rr0=,1.204786e+12, rr=,1.113777e+00, rs0=,1.235986e+04, rs=,2.143220e-09
line:4564, iter,=222, rr0=,1.200089e+12, rr=,1.113515e+00, rs0=,1.228833e+04, rs=,2.151128e-09
line:4564, iter,=222, rr0=,1.195101e+12, rr=,1.109210e+00, rs0=,1.220251e+04, rs=,2.139820e-09
@ Vtk Output Time : 1.300000e-01
line:4564, iter,=222, rr0=,1.189725e+12, rr=,1.111888e+00, rs0=,1.211855e+04, rs=,2.139980e-09
line:4564, iter,=221, rr0=,1.184294e+12, rr=,1.109058e+00, rs0=,1.231565e+04, rs=,2.138729e-09
line:4564, iter,=221, rr0=,1.178572e+12, rr=,1.115757e+00, rs0=,1.225038e+04, rs=,2.144320e-09
line:4564, iter,=221, rr0=,1.172549e+12, rr=,1.114980e+00, rs0=,1.218588e+04, rs=,2.137692e-09
line:4564, iter,=221, rr0=,1.165809e+12, rr=,1.113404e+00, rs0=,1.211889e+04, rs=,2.132816e-09
line:4564, iter,=221, rr0=,1.158661e+12, rr=,1.081205e+00, rs0=,1.239240e+04, rs=,2.071780e-09
line:4564, iter,=221, rr0=,1.151460e+12, rr=,1.064391e+00, rs0=,1.233173e+04, rs=,2.043401e-09
line:4564, iter,=221, rr0=,1.144302e+12, rr=,1.061284e+00, rs0=,1.226684e+04, rs=,2.040061e-09
line:4564, iter,=220, rr0=,1.136910e+12, rr=,1.128362e+00, rs0=,1.220739e+04, rs=,2.184645e-09
line:4564, iter,=220, rr0=,1.129356e+12, rr=,1.121097e+00, rs0=,1.245774e+04, rs=,2.167098e-09
@ Vtk Output Time : 1.400000e-01
line:4564, iter,=221, rr0=,1.122178e+12, rr=,1.048816e+00, rs0=,1.240326e+04, rs=,2.021366e-09
line:4564, iter,=221, rr0=,1.114929e+12, rr=,1.080616e+00, rs0=,1.233274e+04, rs=,2.063629e-09
line:4564, iter,=221, rr0=,1.107451e+12, rr=,1.098502e+00, rs0=,1.229079e+04, rs=,2.096723e-09
line:4564, iter,=222, rr0=,1.099728e+12, rr=,1.041254e+00, rs0=,1.223264e+04, rs=,1.964219e-09
line:4564, iter,=222, rr0=,1.092027e+12, rr=,1.051309e+00, rs0=,1.217339e+04, rs=,1.971866e-09
line:4564, iter,=223, rr0=,1.083923e+12, rr=,9.966830e-01, rs0=,1.209118e+04, rs=,1.854615e-09
line:4564, iter,=223, rr0=,1.075677e+12, rr=,1.013561e+00, rs0=,1.203207e+04, rs=,1.881036e-09
line:4564, iter,=222, rr0=,1.067328e+12, rr=,1.037031e+00, rs0=,1.195125e+04, rs=,1.973033e-09
line:4564, iter,=222, rr0=,1.058849e+12, rr=,1.045472e+00, rs0=,1.189407e+04, rs=,1.979590e-09
line:4564, iter,=223, rr0=,1.050258e+12, rr=,9.819085e-01, rs0=,1.189361e+04, rs=,1.840282e-09
@ Vtk Output Time : 1.500000e-01
line:4564, iter,=223, rr0=,1.041353e+12, rr=,9.694749e-01, rs0=,1.161395e+04, rs=,1.791435e-09
line:4564, iter,=223, rr0=,1.033065e+12, rr=,9.703152e-01, rs0=,1.154744e+04, rs=,1.771064e-09
line:4564, iter,=223, rr0=,1.024972e+12, rr=,9.890081e-01, rs0=,1.131459e+04, rs=,1.809229e-09
line:4564, iter,=224, rr0=,1.017113e+12, rr=,9.554733e-01, rs0=,1.117671e+04, rs=,1.721795e-09
line:4564, iter,=225, rr0=,1.009406e+12, rr=,9.423002e-01, rs0=,1.111793e+04, rs=,1.670075e-09
line:4564, iter,=225, rr0=,1.001487e+12, rr=,9.869862e-01, rs0=,1.109515e+04, rs=,1.735090e-09
line:4564, iter,=226, rr0=,9.931675e+11, rr=,9.547281e-01, rs0=,1.103178e+04, rs=,1.658897e-09
line:4564, iter,=227, rr0=,9.845845e+11, rr=,9.440525e-01, rs0=,1.103650e+04, rs=,1.637115e-09
line:4564, iter,=228, rr0=,9.757303e+11, rr=,8.931693e-01, rs0=,1.094844e+04, rs=,1.558178e-09
line:4564, iter,=228, rr0=,9.663874e+11, rr=,9.154451e-01, rs0=,1.088103e+04, rs=,1.605961e-09
@ Vtk Output Time : 1.600000e-01
line:4564, iter,=230, rr0=,9.569862e+11, rr=,8.923759e-01, rs0=,1.080491e+04, rs=,1.546541e-09
line:4564, iter,=230, rr0=,9.468872e+11, rr=,9.216950e-01, rs0=,1.073436e+04, rs=,1.594166e-09
line:4564, iter,=230, rr0=,9.366842e+11, rr=,9.216510e-01, rs0=,1.067173e+04, rs=,1.611204e-09
line:4564, iter,=231, rr0=,9.268438e+11, rr=,9.209683e-01, rs0=,1.058785e+04, rs=,1.620237e-09
line:4564, iter,=230, rr0=,9.169282e+11, rr=,9.113281e-01, rs0=,1.052278e+04, rs=,1.623838e-09
line:4564, iter,=229, rr0=,9.071526e+11, rr=,8.881748e-01, rs0=,1.046623e+04, rs=,1.613961e-09
line:4564, iter,=229, rr0=,8.974093e+11, rr=,8.464234e-01, rs0=,1.040405e+04, rs=,1.543480e-09
line:4564, iter,=228, rr0=,8.869011e+11, rr=,8.836788e-01, rs0=,1.033908e+04, rs=,1.608513e-09
line:4564, iter,=228, rr0=,8.768879e+11, rr=,8.379246e-01, rs0=,1.026715e+04, rs=,1.536506e-09
line:4564, iter,=228, rr0=,8.673105e+11, rr=,8.291773e-01, rs0=,1.019606e+04, rs=,1.533719e-09
@ Vtk Output Time : 1.700000e-01
line:4564, iter,=226, rr0=,8.584269e+11, rr=,8.342194e-01, rs0=,1.013559e+04, rs=,1.590993e-09
line:4564, iter,=226, rr0=,8.504792e+11, rr=,8.166268e-01, rs0=,1.004974e+04, rs=,1.561925e-09
line:4564, iter,=226, rr0=,8.430853e+11, rr=,7.923983e-01, rs0=,9.979619e+03, rs=,1.538133e-09
line:4564, iter,=225, rr0=,8.360790e+11, rr=,8.079508e-01, rs0=,9.926106e+03, rs=,1.573410e-09
line:4564, iter,=225, rr0=,8.295400e+11, rr=,8.039185e-01, rs0=,9.873808e+03, rs=,1.553361e-09
line:4564, iter,=226, rr0=,8.235486e+11, rr=,7.503385e-01, rs0=,9.828461e+03, rs=,1.434605e-09
line:4564, iter,=227, rr0=,8.180210e+11, rr=,8.134963e-01, rs0=,9.780868e+03, rs=,1.506168e-09
line:4564, iter,=227, rr0=,8.129555e+11, rr=,7.781206e-01, rs0=,9.707823e+03, rs=,1.445038e-09
line:4564, iter,=226, rr0=,8.083667e+11, rr=,8.021492e-01, rs0=,9.675521e+03, rs=,1.511065e-09
line:4564, iter,=226, rr0=,8.037713e+11, rr=,7.452178e-01, rs0=,9.641819e+03, rs=,1.386508e-09
@ Vtk Output Time : 1.800000e-01
line:4564, iter,=224, rr0=,7.994804e+11, rr=,7.993696e-01, rs0=,9.588936e+03, rs=,1.563351e-09
line:4564, iter,=224, rr0=,7.954554e+11, rr=,7.759199e-01, rs0=,9.543184e+03, rs=,1.537523e-09
line:4564, iter,=224, rr0=,7.916214e+11, rr=,7.483245e-01, rs0=,9.512515e+03, rs=,1.511660e-09
line:4564, iter,=224, rr0=,7.878604e+11, rr=,7.221759e-01, rs0=,9.479207e+03, rs=,1.473849e-09
line:4564, iter,=223, rr0=,7.841331e+11, rr=,7.346437e-01, rs0=,9.432599e+03, rs=,1.482634e-09
line:4564, iter,=223, rr0=,7.796669e+11, rr=,7.376026e-01, rs0=,9.388294e+03, rs=,1.464546e-09
line:4564, iter,=223, rr0=,7.757226e+11, rr=,7.173468e-01, rs0=,9.359666e+03, rs=,1.383559e-09
line:4564, iter,=223, rr0=,7.722621e+11, rr=,7.301616e-01, rs0=,9.314911e+03, rs=,1.388733e-09
line:4564, iter,=223, rr0=,7.696775e+11, rr=,7.470027e-01, rs0=,9.293433e+03, rs=,1.397565e-09
line:4564, iter,=223, rr0=,7.674300e+11, rr=,7.640071e-01, rs0=,9.249690e+03, rs=,1.407011e-09
@ Vtk Output Time : 1.900000e-01
line:4564, iter,=223, rr0=,7.654676e+11, rr=,7.601410e-01, rs0=,9.220544e+03, rs=,1.388563e-09
line:4564, iter,=224, rr0=,7.638548e+11, rr=,7.175224e-01, rs0=,9.179247e+03, rs=,1.307042e-09
line:4564, iter,=224, rr0=,7.624613e+11, rr=,7.210376e-01, rs0=,9.147743e+03, rs=,1.307968e-09
line:4564, iter,=225, rr0=,7.610662e+11, rr=,7.111423e-01, rs0=,9.129890e+03, rs=,1.289194e-09
line:4564, iter,=225, rr0=,7.598453e+11, rr=,6.935791e-01, rs0=,9.094635e+03, rs=,1.264561e-09
line:4564, iter,=225, rr0=,7.585110e+11, rr=,7.051214e-01, rs0=,9.042157e+03, rs=,1.284716e-09
line:4564, iter,=225, rr0=,7.568070e+11, rr=,7.146442e-01, rs0=,9.020686e+03, rs=,1.309898e-09
line:4564, iter,=225, rr0=,7.554878e+11, rr=,7.269092e-01, rs0=,8.977261e+03, rs=,1.343290e-09
line:4564, iter,=225, rr0=,7.543255e+11, rr=,7.490289e-01, rs0=,8.935444e+03, rs=,1.394766e-09
@ Prof Output Time : 2.000000e-01
line:4564, iter,=226, rr0=,7.531429e+11, rr=,6.946141e-01, rs0=,8.907166e+03, rs=,1.300923e-09
@ Vtk Output Time : 2.000000e-01
end main roop at Sun Dec  3 17:09:03 2023

neighbor search:         13.465349 [CPU sec]
explicit calculation:    19.429057 [CPU sec]
implicit triplet:        0.000000 [CPU sec]
implicit insert:         0.000000 [CPU sec]
implicit matrix:         1.097915 [CPU sec]
implicit multiplication: 3.269285 [CPU sec]
precondition             12.441412 [CPU sec]
implicit solve         : 37.845736 [CPU sec]
virial calculation:      1.448391 [CPU sec]
other calculation:       3.163116 [CPU sec]
total:                   79.718849 [CPU sec]
total (check):           79.718849 [CPU sec]
