start reading files at Sun Dec  3 15:58:14 2023

omp_get_num_threads()=4
Invalid line in data file "
"
Invalid line in data file "
"
Invalid line in data file "
"
Invalid line in data file "
"
start initialization at Sun Dec  3 15:58:15 2023

N0a = 9.743096e-01, count=36
N0p = 5.500161e-01, count=8
line:1206 CellCount[DIM]: 21 22 1
line:1207 TotalCellCount: 462
line:1212 CellWidth[DIM]: 1.428571e-01 1.454545e-01 2.000000e-01
start main roop at Sun Dec  3 15:58:15 2023

@ Prof Output Time : 0.000000e+00
line:4564, iter,=85, rr0=,1.005006e+14, rr=,8.810627e+01, rs0=,3.275719e+07, rs=,5.714163e-07
@ Vtk Output Time : 0.000000e+00
line:4564, iter,=86, rr0=,1.010023e+14, rr=,8.877154e+01, rs0=,3.294754e+07, rs=,5.610625e-07
line:4564, iter,=86, rr0=,1.015053e+14, rr=,9.315525e+01, rs0=,3.311160e+07, rs=,5.854969e-07
line:4564, iter,=86, rr0=,1.020094e+14, rr=,9.272739e+01, rs0=,3.348048e+07, rs=,5.707650e-07
line:4564, iter,=86, rr0=,1.025148e+14, rr=,1.001791e+02, rs0=,3.364635e+07, rs=,6.137607e-07
line:4564, iter,=87, rr0=,1.030214e+14, rr=,9.763029e+01, rs0=,3.381262e+07, rs=,5.939746e-07
line:4564, iter,=88, rr0=,1.035293e+14, rr=,9.565641e+01, rs0=,3.397929e+07, rs=,5.802472e-07
line:4564, iter,=89, rr0=,1.040383e+14, rr=,9.533486e+01, rs0=,3.414637e+07, rs=,5.772900e-07
line:4564, iter,=89, rr0=,1.045486e+14, rr=,1.038974e+02, rs0=,3.431384e+07, rs=,6.282793e-07
line:4564, iter,=90, rr0=,1.050601e+14, rr=,1.033641e+02, rs0=,3.448171e+07, rs=,6.260296e-07
line:4564, iter,=92, rr0=,1.055728e+14, rr=,1.000967e+02, rs0=,3.475431e+07, rs=,6.016453e-07
line:4564, iter,=93, rr0=,1.060867e+14, rr=,1.024102e+02, rs0=,3.492349e+07, rs=,6.173960e-07
line:4564, iter,=94, rr0=,1.066019e+14, rr=,1.006289e+02, rs0=,3.510517e+07, rs=,6.116986e-07
line:4564, iter,=95, rr0=,1.071182e+14, rr=,1.039629e+02, rs0=,3.527521e+07, rs=,6.335389e-07
line:4564, iter,=97, rr0=,1.076358e+14, rr=,1.015506e+02, rs0=,3.544564e+07, rs=,6.224581e-07
line:4564, iter,=98, rr0=,1.081546e+14, rr=,1.049362e+02, rs0=,3.561647e+07, rs=,6.425077e-07
line:4564, iter,=92, rr0=,1.086745e+14, rr=,1.076017e+02, rs0=,3.431768e+07, rs=,6.909664e-07
line:4564, iter,=94, rr0=,1.091957e+14, rr=,1.015242e+02, rs0=,3.448224e+07, rs=,6.475415e-07
line:4564, iter,=95, rr0=,1.097180e+14, rr=,1.023711e+02, rs0=,3.463624e+07, rs=,6.426047e-07
line:4564, iter,=96, rr0=,1.102415e+14, rr=,1.026386e+02, rs0=,3.480149e+07, rs=,6.386262e-07
line:4564, iter,=97, rr0=,1.107662e+14, rr=,1.042277e+02, rs0=,3.496711e+07, rs=,6.439576e-07
line:4564, iter,=98, rr0=,1.112920e+14, rr=,1.109623e+02, rs0=,3.513501e+07, rs=,6.811406e-07
line:4564, iter,=99, rr0=,1.118190e+14, rr=,1.093743e+02, rs0=,3.530138e+07, rs=,6.670736e-07
line:4564, iter,=100, rr0=,1.123472e+14, rr=,1.061036e+02, rs0=,3.546811e+07, rs=,6.495750e-07
line:4564, iter,=101, rr0=,1.128766e+14, rr=,1.030442e+02, rs0=,3.563521e+07, rs=,6.358878e-07
line:4564, iter,=102, rr0=,1.134071e+14, rr=,1.109066e+02, rs0=,3.580723e+07, rs=,6.834081e-07
@ Vtk Output Time : 5.000000e-02
line:4564, iter,=103, rr0=,1.139387e+14, rr=,1.085884e+02, rs0=,3.597508e+07, rs=,6.704318e-07
line:4564, iter,=106, rr0=,1.144716e+14, rr=,1.102870e+02, rs0=,3.593440e+07, rs=,6.928833e-07
line:4564, iter,=107, rr0=,1.150055e+14, rr=,1.064770e+02, rs0=,3.610199e+07, rs=,6.648021e-07
line:4564, iter,=108, rr0=,1.155406e+14, rr=,1.042709e+02, rs0=,3.626995e+07, rs=,6.424661e-07
line:4564, iter,=223, rr0=,1.160769e+14, rr=,1.089621e+02, rs0=,3.641745e+07, rs=,7.058708e-07
line:4564, iter,=241, rr0=,1.161935e+14, rr=,1.104715e+02, rs0=,3.639928e+07, rs=,6.788912e-07
line:4564, iter,=239, rr0=,1.155501e+14, rr=,1.151030e+02, rs0=,3.606131e+07, rs=,6.815485e-07
line:4564, iter,=230, rr0=,1.150666e+14, rr=,1.105063e+02, rs0=,3.659036e+07, rs=,6.870704e-07
line:4564, iter,=224, rr0=,1.149927e+14, rr=,1.100668e+02, rs0=,3.631470e+07, rs=,6.939175e-07
line:4564, iter,=222, rr0=,1.151513e+14, rr=,1.078973e+02, rs0=,3.621553e+07, rs=,6.832789e-07
line:4564, iter,=220, rr0=,1.154297e+14, rr=,1.122249e+02, rs0=,3.616642e+07, rs=,7.009789e-07
line:4564, iter,=218, rr0=,1.157836e+14, rr=,1.145859e+02, rs0=,3.617950e+07, rs=,6.962411e-07
line:4564, iter,=217, rr0=,1.161922e+14, rr=,1.103546e+02, rs0=,3.623123e+07, rs=,6.653473e-07
line:4564, iter,=216, rr0=,1.166236e+14, rr=,1.121608e+02, rs0=,3.628473e+07, rs=,6.791998e-07
line:4564, iter,=213, rr0=,1.170733e+14, rr=,1.119092e+02, rs0=,3.630301e+07, rs=,7.164111e-07
line:4564, iter,=211, rr0=,1.175331e+14, rr=,1.155550e+02, rs0=,3.638668e+07, rs=,7.678093e-07
line:4564, iter,=214, rr0=,1.179837e+14, rr=,1.086155e+02, rs0=,3.646117e+07, rs=,6.840763e-07
line:4564, iter,=215, rr0=,1.184171e+14, rr=,1.102225e+02, rs0=,3.653375e+07, rs=,6.868847e-07
line:4564, iter,=216, rr0=,1.188402e+14, rr=,1.168216e+02, rs0=,3.682758e+07, rs=,7.386437e-07
line:4564, iter,=221, rr0=,1.192605e+14, rr=,1.123133e+02, rs0=,3.689202e+07, rs=,7.095026e-07
line:4564, iter,=226, rr0=,1.196655e+14, rr=,1.156193e+02, rs0=,3.697557e+07, rs=,7.116344e-07
line:4564, iter,=224, rr0=,1.200285e+14, rr=,1.157740e+02, rs0=,3.700196e+07, rs=,7.195486e-07
line:4564, iter,=228, rr0=,1.203367e+14, rr=,1.134330e+02, rs0=,3.696593e+07, rs=,6.881294e-07
line:4564, iter,=228, rr0=,1.205959e+14, rr=,1.183346e+02, rs0=,3.691011e+07, rs=,7.182077e-07
line:4564, iter,=229, rr0=,1.208556e+14, rr=,1.165230e+02, rs0=,3.678278e+07, rs=,7.128798e-07
@ Vtk Output Time : 1.000000e-01
line:4564, iter,=229, rr0=,1.211427e+14, rr=,1.118663e+02, rs0=,3.672730e+07, rs=,7.008899e-07
line:4564, iter,=234, rr0=,1.214510e+14, rr=,1.149996e+02, rs0=,3.670728e+07, rs=,7.104123e-07
line:4564, iter,=236, rr0=,1.217325e+14, rr=,1.146465e+02, rs0=,3.673859e+07, rs=,6.916896e-07
line:4564, iter,=234, rr0=,1.220445e+14, rr=,1.146228e+02, rs0=,3.679166e+07, rs=,7.051454e-07
line:4564, iter,=234, rr0=,1.224081e+14, rr=,1.115058e+02, rs0=,3.685335e+07, rs=,7.061774e-07
line:4564, iter,=231, rr0=,1.228039e+14, rr=,1.170969e+02, rs0=,3.819874e+07, rs=,7.341752e-07
line:4564, iter,=228, rr0=,1.232184e+14, rr=,1.157167e+02, rs0=,3.894211e+07, rs=,7.360004e-07
line:4564, iter,=229, rr0=,1.236454e+14, rr=,1.224400e+02, rs0=,3.956496e+07, rs=,7.701865e-07
line:4564, iter,=234, rr0=,1.240724e+14, rr=,1.192218e+02, rs0=,4.020818e+07, rs=,7.531220e-07
line:4564, iter,=237, rr0=,1.244785e+14, rr=,1.209566e+02, rs0=,4.023935e+07, rs=,7.591447e-07
line:4564, iter,=237, rr0=,1.248650e+14, rr=,1.176966e+02, rs0=,4.038536e+07, rs=,7.264436e-07
line:4564, iter,=230, rr0=,1.252668e+14, rr=,1.159506e+02, rs0=,3.983132e+07, rs=,7.288333e-07
line:4564, iter,=226, rr0=,1.257258e+14, rr=,1.183706e+02, rs0=,3.999391e+07, rs=,7.341364e-07
line:4564, iter,=224, rr0=,1.262087e+14, rr=,1.205676e+02, rs0=,4.017962e+07, rs=,7.503122e-07
line:4564, iter,=226, rr0=,1.266992e+14, rr=,1.175691e+02, rs0=,4.036930e+07, rs=,7.332817e-07
line:4564, iter,=227, rr0=,1.271835e+14, rr=,1.240023e+02, rs0=,4.975220e+07, rs=,7.725849e-07
line:4564, iter,=231, rr0=,1.276561e+14, rr=,1.176412e+02, rs0=,5.103346e+07, rs=,7.343389e-07
line:4564, iter,=234, rr0=,1.280947e+14, rr=,1.160754e+02, rs0=,5.128863e+07, rs=,7.223875e-07
line:4564, iter,=236, rr0=,1.285294e+14, rr=,1.197077e+02, rs0=,5.151821e+07, rs=,7.213877e-07
line:4564, iter,=236, rr0=,1.289493e+14, rr=,1.172972e+02, rs0=,5.172053e+07, rs=,7.295916e-07
line:4564, iter,=241, rr0=,1.293146e+14, rr=,1.238675e+02, rs0=,5.186479e+07, rs=,7.365981e-07
line:4564, iter,=240, rr0=,1.296038e+14, rr=,1.230400e+02, rs0=,5.199190e+07, rs=,7.526437e-07
line:4564, iter,=235, rr0=,1.298872e+14, rr=,1.218482e+02, rs0=,5.184902e+07, rs=,7.501084e-07
line:4564, iter,=239, rr0=,1.301992e+14, rr=,1.257147e+02, rs0=,5.191709e+07, rs=,7.176621e-07
line:4564, iter,=243, rr0=,1.305213e+14, rr=,1.202735e+02, rs0=,5.160827e+07, rs=,7.177890e-07
@ Vtk Output Time : 1.500000e-01
line:4564, iter,=245, rr0=,1.308526e+14, rr=,1.265634e+02, rs0=,5.104275e+07, rs=,7.365167e-07
line:4564, iter,=246, rr0=,1.312027e+14, rr=,1.252807e+02, rs0=,5.002134e+07, rs=,7.180011e-07
line:4564, iter,=244, rr0=,1.315562e+14, rr=,1.288554e+02, rs0=,5.183262e+07, rs=,7.082148e-07
line:4564, iter,=252, rr0=,1.319100e+14, rr=,1.267220e+02, rs0=,5.068859e+07, rs=,6.915703e-07
line:4564, iter,=251, rr0=,1.322268e+14, rr=,1.301666e+02, rs0=,5.019659e+07, rs=,7.783118e-07
line:4564, iter,=254, rr0=,1.324820e+14, rr=,1.270864e+02, rs0=,5.005394e+07, rs=,7.709578e-07
line:4564, iter,=252, rr0=,1.327120e+14, rr=,1.325362e+02, rs0=,4.986135e+07, rs=,8.100535e-07
line:4564, iter,=240, rr0=,1.329826e+14, rr=,1.312122e+02, rs0=,4.906529e+07, rs=,8.336373e-07
line:4564, iter,=240, rr0=,1.333031e+14, rr=,1.241560e+02, rs0=,4.912457e+07, rs=,7.565184e-07
line:4564, iter,=241, rr0=,1.336513e+14, rr=,1.317979e+02, rs0=,4.809571e+07, rs=,8.143512e-07
line:4564, iter,=244, rr0=,1.340159e+14, rr=,1.248009e+02, rs0=,4.818102e+07, rs=,7.634087e-07
line:4564, iter,=245, rr0=,1.343894e+14, rr=,1.301615e+02, rs0=,4.792259e+07, rs=,7.219151e-07
line:4564, iter,=253, rr0=,1.346910e+14, rr=,1.332983e+02, rs0=,4.741262e+07, rs=,7.647645e-07
line:4564, iter,=252, rr0=,1.349430e+14, rr=,1.270100e+02, rs0=,4.805545e+07, rs=,7.590536e-07
line:4564, iter,=260, rr0=,1.351718e+14, rr=,1.281424e+02, rs0=,4.803338e+07, rs=,7.075830e-07
line:4564, iter,=259, rr0=,1.354005e+14, rr=,1.330228e+02, rs0=,4.799162e+07, rs=,7.061766e-07
line:4564, iter,=244, rr0=,1.356315e+14, rr=,1.308617e+02, rs0=,4.810441e+07, rs=,7.560659e-07
line:4564, iter,=240, rr0=,1.359944e+14, rr=,1.259346e+02, rs0=,4.829389e+07, rs=,7.221302e-07
line:4564, iter,=245, rr0=,1.364221e+14, rr=,1.346695e+02, rs0=,4.859824e+07, rs=,7.273513e-07
line:4564, iter,=251, rr0=,1.368638e+14, rr=,1.248323e+02, rs0=,4.866905e+07, rs=,7.198059e-07
line:4564, iter,=254, rr0=,1.372996e+14, rr=,1.312483e+02, rs0=,4.888423e+07, rs=,8.079210e-07
line:4564, iter,=259, rr0=,1.377255e+14, rr=,1.252934e+02, rs0=,4.897250e+07, rs=,7.154755e-07
line:4564, iter,=259, rr0=,1.381200e+14, rr=,1.316982e+02, rs0=,4.918728e+07, rs=,7.696547e-07
line:4564, iter,=252, rr0=,1.385336e+14, rr=,1.356905e+02, rs0=,4.877448e+07, rs=,7.665905e-07
line:4564, iter,=251, rr0=,1.389859e+14, rr=,1.272510e+02, rs0=,4.946567e+07, rs=,6.432618e-07
@ Vtk Output Time : 2.000000e-01
line:4564, iter,=248, rr0=,1.394510e+14, rr=,1.321081e+02, rs0=,4.946963e+07, rs=,6.633144e-07
line:4564, iter,=255, rr0=,1.399321e+14, rr=,1.317174e+02, rs0=,5.017005e+07, rs=,7.125793e-07
line:4564, iter,=259, rr0=,1.404212e+14, rr=,1.396718e+02, rs0=,5.024745e+07, rs=,7.733508e-07
line:4564, iter,=258, rr0=,1.409110e+14, rr=,1.408141e+02, rs0=,5.031421e+07, rs=,7.975786e-07
line:4564, iter,=262, rr0=,1.414073e+14, rr=,1.334479e+02, rs0=,5.054067e+07, rs=,7.573529e-07
line:4564, iter,=261, rr0=,1.419047e+14, rr=,1.400139e+02, rs0=,5.096219e+07, rs=,7.994787e-07
line:4564, iter,=262, rr0=,1.424019e+14, rr=,1.303183e+02, rs0=,5.045971e+07, rs=,7.645122e-07
line:4564, iter,=263, rr0=,1.428620e+14, rr=,1.405299e+02, rs0=,5.065618e+07, rs=,7.558914e-07
line:4564, iter,=247, rr0=,1.432460e+14, rr=,1.380528e+02, rs0=,4.932196e+07, rs=,8.182124e-07
line:4564, iter,=242, rr0=,1.436597e+14, rr=,1.377661e+02, rs0=,4.921610e+07, rs=,8.230284e-07
line:4564, iter,=248, rr0=,1.441137e+14, rr=,1.438931e+02, rs0=,4.940480e+07, rs=,6.917940e-07
line:4564, iter,=265, rr0=,1.445582e+14, rr=,1.354138e+02, rs0=,4.975110e+07, rs=,7.475321e-07
line:4564, iter,=257, rr0=,1.449283e+14, rr=,1.375617e+02, rs0=,2.189800e+08, rs=,7.087931e-07
line:4564, iter,=267, rr0=,1.452272e+14, rr=,1.389503e+02, rs0=,2.203282e+08, rs=,7.836787e-07
line:4564, iter,=277, rr0=,1.454140e+14, rr=,1.405660e+02, rs0=,2.213599e+08, rs=,7.197730e-07
line:4564, iter,=280, rr0=,1.453982e+14, rr=,1.351395e+02, rs0=,2.200564e+08, rs=,7.097298e-07
line:4564, iter,=281, rr0=,1.451462e+14, rr=,1.352066e+02, rs0=,2.175658e+08, rs=,6.920861e-07
line:4564, iter,=281, rr0=,1.447512e+14, rr=,1.382329e+02, rs0=,2.367053e+08, rs=,7.024135e-07
line:4564, iter,=281, rr0=,1.444247e+14, rr=,1.419483e+02, rs0=,2.338487e+08, rs=,7.250411e-07
line:4564, iter,=285, rr0=,1.442430e+14, rr=,1.321127e+02, rs0=,2.313630e+08, rs=,7.203147e-07
line:4564, iter,=280, rr0=,1.442393e+14, rr=,1.391303e+02, rs0=,2.291144e+08, rs=,7.895207e-07
line:4564, iter,=272, rr0=,1.443794e+14, rr=,1.398761e+02, rs0=,2.275754e+08, rs=,8.086231e-07
line:4564, iter,=269, rr0=,1.446492e+14, rr=,1.443452e+02, rs0=,2.270228e+08, rs=,7.877630e-07
line:4564, iter,=248, rr0=,1.450960e+14, rr=,1.383024e+02, rs0=,2.026399e+08, rs=,7.855779e-07
line:4564, iter,=247, rr0=,1.456548e+14, rr=,1.379290e+02, rs0=,2.027610e+08, rs=,8.028960e-07
@ Vtk Output Time : 2.500000e-01
line:4564, iter,=246, rr0=,1.461423e+14, rr=,1.439341e+02, rs0=,2.020268e+08, rs=,8.584006e-07
line:4564, iter,=281, rr0=,1.463928e+14, rr=,1.341189e+02, rs0=,2.016902e+08, rs=,7.636886e-07
line:4564, iter,=242, rr0=,1.463694e+14, rr=,1.423328e+02, rs0=,2.991485e+08, rs=,8.462146e-07
line:4564, iter,=239, rr0=,1.464716e+14, rr=,1.459574e+02, rs0=,2.927917e+08, rs=,8.710232e-07
line:4564, iter,=249, rr0=,1.465776e+14, rr=,1.397468e+02, rs0=,2.879436e+08, rs=,8.102598e-07
line:4564, iter,=242, rr0=,1.466569e+14, rr=,1.425954e+02, rs0=,2.827292e+08, rs=,9.253336e-07
line:4564, iter,=268, rr0=,1.468630e+14, rr=,1.385148e+02, rs0=,2.789102e+08, rs=,7.559510e-07
line:4564, iter,=259, rr0=,1.471522e+14, rr=,1.433625e+02, rs0=,2.763129e+08, rs=,8.164367e-07
line:4564, iter,=243, rr0=,1.474624e+14, rr=,1.459076e+02, rs0=,2.739118e+08, rs=,8.810946e-07
line:4564, iter,=246, rr0=,1.477527e+14, rr=,1.458452e+02, rs0=,2.726604e+08, rs=,8.572762e-07
line:4564, iter,=245, rr0=,1.480125e+14, rr=,1.441505e+02, rs0=,2.732638e+08, rs=,8.744460e-07
line:4564, iter,=254, rr0=,1.482193e+14, rr=,1.400926e+02, rs0=,2.733249e+08, rs=,7.973126e-07
line:4564, iter,=258, rr0=,1.484069e+14, rr=,1.443363e+02, rs0=,2.738837e+08, rs=,7.657841e-07
line:4564, iter,=271, rr0=,1.485790e+14, rr=,1.385942e+02, rs0=,2.747652e+08, rs=,7.202820e-07
line:4564, iter,=270, rr0=,1.487667e+14, rr=,1.468991e+02, rs0=,2.747190e+08, rs=,7.640442e-07
line:4564, iter,=257, rr0=,1.489958e+14, rr=,1.441681e+02, rs0=,2.753473e+08, rs=,7.370303e-07
line:4564, iter,=256, rr0=,1.492597e+14, rr=,1.413436e+02, rs0=,2.756316e+08, rs=,7.685611e-07
line:4564, iter,=260, rr0=,1.495452e+14, rr=,1.474641e+02, rs0=,2.755462e+08, rs=,7.556089e-07
line:4564, iter,=263, rr0=,1.498518e+14, rr=,1.439723e+02, rs0=,2.745360e+08, rs=,7.029907e-07
line:4564, iter,=261, rr0=,1.502027e+14, rr=,1.419237e+02, rs0=,2.722140e+08, rs=,7.205217e-07
line:4564, iter,=260, rr0=,1.506051e+14, rr=,1.468150e+02, rs0=,2.691949e+08, rs=,7.429240e-07
line:4564, iter,=264, rr0=,1.510509e+14, rr=,1.388820e+02, rs0=,2.661634e+08, rs=,7.720704e-07
line:4564, iter,=261, rr0=,1.514468e+14, rr=,1.388786e+02, rs0=,2.627533e+08, rs=,7.269687e-07
line:4564, iter,=258, rr0=,1.519074e+14, rr=,1.449927e+02, rs0=,2.595093e+08, rs=,7.802813e-07
line:4564, iter,=260, rr0=,1.523667e+14, rr=,1.456241e+02, rs0=,2.539302e+08, rs=,7.205982e-07
@ Vtk Output Time : 3.000000e-01
line:4564, iter,=261, rr0=,1.527557e+14, rr=,1.429012e+02, rs0=,2.514235e+08, rs=,7.958094e-07
line:4564, iter,=248, rr0=,1.530678e+14, rr=,1.484399e+02, rs0=,2.503456e+08, rs=,7.802031e-07
line:4564, iter,=251, rr0=,1.533520e+14, rr=,1.489772e+02, rs0=,2.504198e+08, rs=,8.778104e-07
line:4564, iter,=253, rr0=,1.536422e+14, rr=,1.426675e+02, rs0=,2.516032e+08, rs=,8.548500e-07
line:4564, iter,=253, rr0=,1.539038e+14, rr=,1.475884e+02, rs0=,2.526111e+08, rs=,9.055043e-07
line:4564, iter,=256, rr0=,1.540885e+14, rr=,1.480464e+02, rs0=,2.532260e+08, rs=,8.836378e-07
line:4564, iter,=253, rr0=,1.541979e+14, rr=,1.536799e+02, rs0=,2.552388e+08, rs=,8.848839e-07
line:4564, iter,=248, rr0=,1.542786e+14, rr=,1.516690e+02, rs0=,2.524975e+08, rs=,8.859913e-07
line:4564, iter,=251, rr0=,1.544933e+14, rr=,1.442152e+02, rs0=,2.520968e+08, rs=,8.201993e-07
line:4564, iter,=250, rr0=,1.547745e+14, rr=,1.522438e+02, rs0=,2.522982e+08, rs=,9.000395e-07
line:4564, iter,=257, rr0=,1.551005e+14, rr=,1.507999e+02, rs0=,2.536845e+08, rs=,8.161986e-07
line:4564, iter,=258, rr0=,1.554558e+14, rr=,1.526642e+02, rs0=,2.548243e+08, rs=,8.616052e-07
line:4564, iter,=265, rr0=,1.558016e+14, rr=,1.455354e+02, rs0=,2.559452e+08, rs=,7.341324e-07
line:4564, iter,=263, rr0=,1.559958e+14, rr=,1.473442e+02, rs0=,2.586194e+08, rs=,8.266726e-07
line:4564, iter,=260, rr0=,1.559550e+14, rr=,1.489425e+02, rs0=,2.584759e+08, rs=,8.456911e-07
line:4564, iter,=253, rr0=,1.560218e+14, rr=,1.507467e+02, rs0=,2.581941e+08, rs=,8.302531e-07
line:4564, iter,=239, rr0=,1.563107e+14, rr=,1.472565e+02, rs0=,2.644625e+08, rs=,8.524829e-07
line:4564, iter,=242, rr0=,1.567263e+14, rr=,1.466353e+02, rs0=,2.640776e+08, rs=,8.167982e-07
line:4564, iter,=247, rr0=,1.571421e+14, rr=,1.447380e+02, rs0=,2.617735e+08, rs=,8.187835e-07
line:4564, iter,=250, rr0=,1.575123e+14, rr=,1.443591e+02, rs0=,2.584900e+08, rs=,8.285167e-07
line:4564, iter,=250, rr0=,1.578755e+14, rr=,1.558594e+02, rs0=,2.593163e+08, rs=,8.667164e-07
line:4564, iter,=260, rr0=,1.582421e+14, rr=,1.561355e+02, rs0=,2.601149e+08, rs=,8.319365e-07
line:4564, iter,=264, rr0=,1.585603e+14, rr=,1.488139e+02, rs0=,2.608523e+08, rs=,8.129368e-07
line:4564, iter,=264, rr0=,1.588552e+14, rr=,1.487964e+02, rs0=,2.617397e+08, rs=,8.354738e-07
line:4564, iter,=264, rr0=,1.591185e+14, rr=,1.512751e+02, rs0=,2.626514e+08, rs=,8.086129e-07
@ Vtk Output Time : 3.500000e-01
line:4564, iter,=275, rr0=,1.593420e+14, rr=,1.593290e+02, rs0=,2.636904e+08, rs=,8.291958e-07
line:4564, iter,=276, rr0=,1.592252e+14, rr=,1.472811e+02, rs0=,2.644878e+08, rs=,8.600126e-07
line:4564, iter,=276, rr0=,1.589176e+14, rr=,1.465146e+02, rs0=,2.668745e+08, rs=,8.754482e-07
line:4564, iter,=277, rr0=,1.588873e+14, rr=,1.490918e+02, rs0=,2.651967e+08, rs=,8.664491e-07
line:4564, iter,=275, rr0=,1.590190e+14, rr=,1.522927e+02, rs0=,2.647770e+08, rs=,7.931451e-07
line:4564, iter,=267, rr0=,1.592187e+14, rr=,1.580495e+02, rs0=,2.644191e+08, rs=,7.405670e-07
line:4564, iter,=277, rr0=,1.594313e+14, rr=,1.473868e+02, rs0=,2.643464e+08, rs=,8.043283e-07
line:4564, iter,=275, rr0=,1.596725e+14, rr=,1.486487e+02, rs0=,2.647126e+08, rs=,8.359645e-07
line:4564, iter,=274, rr0=,1.599715e+14, rr=,1.437620e+02, rs0=,2.650602e+08, rs=,7.908290e-07
line:4564, iter,=276, rr0=,1.603014e+14, rr=,1.540375e+02, rs0=,2.657519e+08, rs=,8.154192e-07
line:4564, iter,=280, rr0=,1.606405e+14, rr=,1.584778e+02, rs0=,2.659748e+08, rs=,7.888706e-07
line:4564, iter,=285, rr0=,1.610033e+14, rr=,1.519398e+02, rs0=,2.655733e+08, rs=,7.635276e-07
line:4564, iter,=287, rr0=,1.613859e+14, rr=,1.584066e+02, rs0=,2.656993e+08, rs=,7.762943e-07
line:4564, iter,=283, rr0=,1.617865e+14, rr=,1.578738e+02, rs0=,2.666819e+08, rs=,7.197909e-07
line:4564, iter,=278, rr0=,1.622113e+14, rr=,1.585744e+02, rs0=,1.858037e+08, rs=,7.143569e-07
line:4564, iter,=266, rr0=,1.626554e+14, rr=,1.519814e+02, rs0=,1.865764e+08, rs=,8.370009e-07
line:4564, iter,=273, rr0=,1.631122e+14, rr=,1.605087e+02, rs0=,1.879531e+08, rs=,8.140109e-07
line:4564, iter,=278, rr0=,1.635832e+14, rr=,1.608623e+02, rs0=,1.900335e+08, rs=,7.574760e-07
line:4564, iter,=290, rr0=,1.640673e+14, rr=,1.614775e+02, rs0=,1.929792e+08, rs=,6.370540e-07
line:4564, iter,=288, rr0=,1.645321e+14, rr=,1.644860e+02, rs0=,1.961322e+08, rs=,8.121788e-07
line:4564, iter,=292, rr0=,1.650069e+14, rr=,1.573766e+02, rs0=,1.991388e+08, rs=,7.248559e-07
line:4564, iter,=295, rr0=,1.654436e+14, rr=,1.577970e+02, rs0=,2.065048e+08, rs=,6.571610e-07
line:4564, iter,=294, rr0=,1.658456e+14, rr=,1.644977e+02, rs0=,2.717304e+08, rs=,7.062156e-07
line:4564, iter,=266, rr0=,1.662391e+14, rr=,1.643179e+02, rs0=,2.938968e+08, rs=,7.062528e-07
line:4564, iter,=277, rr0=,1.666343e+14, rr=,1.607771e+02, rs0=,2.947351e+08, rs=,9.130943e-07
@ Vtk Output Time : 4.000000e-01
line:4564, iter,=269, rr0=,1.669840e+14, rr=,1.658034e+02, rs0=,2.957376e+08, rs=,9.227534e-07
line:4564, iter,=275, rr0=,1.673270e+14, rr=,1.551802e+02, rs0=,2.966795e+08, rs=,6.778946e-07
line:4564, iter,=286, rr0=,1.676711e+14, rr=,1.652552e+02, rs0=,2.972701e+08, rs=,6.849339e-07
line:4564, iter,=293, rr0=,1.680439e+14, rr=,1.653927e+02, rs0=,2.979649e+08, rs=,7.605868e-07
line:4564, iter,=299, rr0=,1.684518e+14, rr=,1.678100e+02, rs0=,2.998166e+08, rs=,7.771177e-07
line:4564, iter,=298, rr0=,1.688878e+14, rr=,1.673757e+02, rs0=,2.998092e+08, rs=,8.086899e-07
line:4564, iter,=301, rr0=,1.693218e+14, rr=,1.676971e+02, rs0=,3.005349e+08, rs=,7.286492e-07
line:4564, iter,=301, rr0=,1.697241e+14, rr=,1.651670e+02, rs0=,3.080288e+08, rs=,5.937788e-07
line:4564, iter,=280, rr0=,1.700538e+14, rr=,1.664513e+02, rs0=,3.107675e+08, rs=,8.008842e-07
line:4564, iter,=303, rr0=,1.703401e+14, rr=,1.613426e+02, rs0=,3.124060e+08, rs=,5.229180e-07
line:4564, iter,=285, rr0=,1.705482e+14, rr=,1.667606e+02, rs0=,3.085238e+08, rs=,6.753494e-07
line:4564, iter,=304, rr0=,1.707508e+14, rr=,1.659893e+02, rs0=,3.094730e+08, rs=,7.193618e-07
line:4564, iter,=293, rr0=,1.711204e+14, rr=,1.705628e+02, rs0=,3.114150e+08, rs=,7.873663e-07
line:4564, iter,=289, rr0=,1.716080e+14, rr=,1.625823e+02, rs0=,3.106854e+08, rs=,8.034612e-07
line:4564, iter,=287, rr0=,1.721466e+14, rr=,1.589456e+02, rs0=,3.087019e+08, rs=,7.610643e-07
line:4564, iter,=287, rr0=,1.727040e+14, rr=,1.600976e+02, rs0=,3.059565e+08, rs=,7.359898e-07
line:4564, iter,=283, rr0=,1.732645e+14, rr=,1.720257e+02, rs0=,3.037030e+08, rs=,7.702805e-07
line:4564, iter,=271, rr0=,1.738211e+14, rr=,1.686922e+02, rs0=,2.989013e+08, rs=,7.302062e-07
line:4564, iter,=278, rr0=,1.743913e+14, rr=,1.705705e+02, rs0=,2.086895e+08, rs=,7.226003e-07
line:4564, iter,=257, rr0=,1.749761e+14, rr=,1.682867e+02, rs0=,2.777468e+08, rs=,7.572056e-07
line:4564, iter,=258, rr0=,1.755440e+14, rr=,1.692868e+02, rs0=,2.723970e+08, rs=,8.005693e-07
line:4564, iter,=264, rr0=,1.760855e+14, rr=,1.719242e+02, rs0=,2.702009e+08, rs=,8.222469e-07
line:4564, iter,=269, rr0=,1.765842e+14, rr=,1.760488e+02, rs0=,2.697246e+08, rs=,8.230680e-07
line:4564, iter,=270, rr0=,1.770469e+14, rr=,1.683675e+02, rs0=,2.702490e+08, rs=,7.813460e-07
line:4564, iter,=269, rr0=,1.775058e+14, rr=,1.772342e+02, rs0=,2.724228e+08, rs=,7.785402e-07
@ Vtk Output Time : 4.500000e-01
line:4564, iter,=276, rr0=,1.780103e+14, rr=,1.693402e+02, rs0=,2.776601e+08, rs=,7.293520e-07
line:4564, iter,=278, rr0=,1.784806e+14, rr=,1.762967e+02, rs0=,2.828026e+08, rs=,7.412462e-07
line:4564, iter,=279, rr0=,1.789158e+14, rr=,1.707835e+02, rs0=,2.805396e+08, rs=,6.901328e-07
line:4564, iter,=278, rr0=,1.793951e+14, rr=,1.727951e+02, rs0=,2.754732e+08, rs=,6.824127e-07
line:4564, iter,=273, rr0=,1.799207e+14, rr=,1.764732e+02, rs0=,2.716960e+08, rs=,6.990457e-07
line:4564, iter,=277, rr0=,1.804612e+14, rr=,1.742889e+02, rs0=,2.706175e+08, rs=,6.153140e-07
line:4564, iter,=277, rr0=,1.809979e+14, rr=,1.717788e+02, rs0=,2.700452e+08, rs=,6.179225e-07
line:4564, iter,=277, rr0=,1.815373e+14, rr=,1.747652e+02, rs0=,2.706250e+08, rs=,7.512755e-07
line:4564, iter,=280, rr0=,1.820767e+14, rr=,1.771624e+02, rs0=,2.722145e+08, rs=,8.360502e-07
line:4564, iter,=283, rr0=,1.825965e+14, rr=,1.687953e+02, rs0=,2.754941e+08, rs=,7.980083e-07
line:4564, iter,=282, rr0=,1.831228e+14, rr=,1.783242e+02, rs0=,2.773675e+08, rs=,7.043177e-07
line:4564, iter,=272, rr0=,1.836619e+14, rr=,1.740784e+02, rs0=,2.780138e+08, rs=,7.511788e-07
line:4564, iter,=267, rr0=,1.841453e+14, rr=,1.828798e+02, rs0=,2.800559e+08, rs=,8.144515e-07
line:4564, iter,=263, rr0=,1.846198e+14, rr=,1.810087e+02, rs0=,2.830314e+08, rs=,8.709748e-07
line:4564, iter,=263, rr0=,1.851022e+14, rr=,1.845544e+02, rs0=,2.855201e+08, rs=,9.308870e-07
line:4564, iter,=265, rr0=,1.856038e+14, rr=,1.838287e+02, rs0=,2.879963e+08, rs=,9.342578e-07
line:4564, iter,=267, rr0=,1.860883e+14, rr=,1.775783e+02, rs0=,2.916400e+08, rs=,8.699592e-07
line:4564, iter,=273, rr0=,1.865412e+14, rr=,1.800570e+02, rs0=,2.956290e+08, rs=,8.581102e-07
line:4564, iter,=274, rr0=,1.869279e+14, rr=,1.850402e+02, rs0=,3.003981e+08, rs=,8.707100e-07
line:4564, iter,=272, rr0=,1.873080e+14, rr=,1.791109e+02, rs0=,3.048465e+08, rs=,8.814175e-07
line:4564, iter,=269, rr0=,1.877232e+14, rr=,1.847104e+02, rs0=,3.099572e+08, rs=,8.871050e-07
line:4564, iter,=266, rr0=,1.881501e+14, rr=,1.741003e+02, rs0=,3.160915e+08, rs=,8.634869e-07
line:4564, iter,=273, rr0=,1.885877e+14, rr=,1.796692e+02, rs0=,3.233831e+08, rs=,8.275711e-07
line:4564, iter,=278, rr0=,1.889769e+14, rr=,1.803753e+02, rs0=,3.269561e+08, rs=,8.277742e-07
line:4564, iter,=274, rr0=,1.893904e+14, rr=,1.891762e+02, rs0=,3.235247e+08, rs=,8.728885e-07
@ Vtk Output Time : 5.000000e-01
line:4564, iter,=266, rr0=,1.898892e+14, rr=,1.897311e+02, rs0=,3.230710e+08, rs=,8.631899e-07
line:4564, iter,=263, rr0=,1.903997e+14, rr=,1.871991e+02, rs0=,3.212976e+08, rs=,9.023210e-07
line:4564, iter,=263, rr0=,1.909219e+14, rr=,1.871238e+02, rs0=,3.198805e+08, rs=,8.873868e-07
line:4564, iter,=263, rr0=,1.914366e+14, rr=,1.805778e+02, rs0=,3.205897e+08, rs=,8.407377e-07
line:4564, iter,=263, rr0=,1.919528e+14, rr=,1.831057e+02, rs0=,3.219279e+08, rs=,8.150837e-07
line:4564, iter,=261, rr0=,1.924719e+14, rr=,1.895594e+02, rs0=,2.164390e+08, rs=,8.358972e-07
line:4564, iter,=261, rr0=,1.930070e+14, rr=,1.925900e+02, rs0=,2.166963e+08, rs=,8.179952e-07
line:4564, iter,=265, rr0=,1.935568e+14, rr=,1.910124e+02, rs0=,2.159569e+08, rs=,8.025255e-07
line:4564, iter,=269, rr0=,1.941210e+14, rr=,1.876349e+02, rs0=,2.282315e+08, rs=,8.045654e-07
line:4564, iter,=275, rr0=,1.946838e+14, rr=,1.835061e+02, rs0=,2.308146e+08, rs=,7.526084e-07
line:4564, iter,=280, rr0=,1.952358e+14, rr=,1.818965e+02, rs0=,2.338744e+08, rs=,7.654310e-07
line:4564, iter,=285, rr0=,1.957727e+14, rr=,1.869638e+02, rs0=,2.366290e+08, rs=,7.954746e-07
line:4564, iter,=289, rr0=,1.962943e+14, rr=,1.888312e+02, rs0=,2.393002e+08, rs=,8.191459e-07
line:4564, iter,=290, rr0=,1.967934e+14, rr=,1.954710e+02, rs0=,2.417700e+08, rs=,8.963950e-07
line:4564, iter,=294, rr0=,1.972892e+14, rr=,1.869730e+02, rs0=,2.434611e+08, rs=,8.630629e-07
line:4564, iter,=293, rr0=,1.978005e+14, rr=,1.952614e+02, rs0=,2.448986e+08, rs=,8.985112e-07
line:4564, iter,=296, rr0=,1.983056e+14, rr=,1.947730e+02, rs0=,2.462062e+08, rs=,8.274046e-07
line:4564, iter,=299, rr0=,1.988118e+14, rr=,1.958381e+02, rs0=,2.472544e+08, rs=,7.698566e-07
line:4564, iter,=291, rr0=,1.992743e+14, rr=,1.910157e+02, rs0=,2.464515e+08, rs=,8.230757e-07
line:4564, iter,=283, rr0=,1.997412e+14, rr=,1.907525e+02, rs0=,2.463194e+08, rs=,8.194154e-07
line:4564, iter,=280, rr0=,2.002392e+14, rr=,1.904562e+02, rs0=,2.457494e+08, rs=,8.177293e-07
line:4564, iter,=279, rr0=,2.007360e+14, rr=,1.857214e+02, rs0=,2.429058e+08, rs=,7.716987e-07
line:4564, iter,=273, rr0=,2.012176e+14, rr=,1.885384e+02, rs0=,2.422950e+08, rs=,7.618430e-07
line:4564, iter,=291, rr0=,2.016662e+14, rr=,1.951182e+02, rs0=,2.405401e+08, rs=,9.265677e-07
line:4564, iter,=291, rr0=,2.020806e+14, rr=,1.923694e+02, rs0=,2.387167e+08, rs=,9.539600e-07
@ Vtk Output Time : 5.500000e-01
line:4564, iter,=289, rr0=,2.025210e+14, rr=,2.015189e+02, rs0=,2.374245e+08, rs=,1.003465e-06
line:4564, iter,=291, rr0=,2.029674e+14, rr=,1.934863e+02, rs0=,2.338506e+08, rs=,9.983011e-07
line:4564, iter,=300, rr0=,2.034074e+14, rr=,1.881149e+02, rs0=,2.321134e+08, rs=,9.393016e-07
line:4564, iter,=315, rr0=,2.036875e+14, rr=,2.008036e+02, rs0=,2.306689e+08, rs=,9.702970e-07
line:4564, iter,=336, rr0=,2.028953e+14, rr=,1.995484e+02, rs0=,2.265909e+08, rs=,8.053209e-07
line:4564, iter,=345, rr0=,1.999282e+14, rr=,1.978476e+02, rs0=,1.967340e+08, rs=,7.919410e-07
line:4564, iter,=344, rr0=,1.955126e+14, rr=,1.869267e+02, rs0=,1.886929e+08, rs=,6.312959e-07
line:4564, iter,=316, rr0=,1.912469e+14, rr=,1.807043e+02, rs0=,2.731203e+08, rs=,9.513965e-07
line:4564, iter,=319, rr0=,1.881962e+14, rr=,1.783033e+02, rs0=,2.636322e+08, rs=,8.081546e-07
line:4564, iter,=334, rr0=,1.840701e+14, rr=,1.729309e+02, rs0=,2.543494e+08, rs=,7.745474e-07
line:4564, iter,=328, rr0=,1.785378e+14, rr=,1.644573e+02, rs0=,2.437929e+08, rs=,7.109210e-07
line:4564, iter,=331, rr0=,1.739928e+14, rr=,1.698344e+02, rs0=,2.319857e+08, rs=,7.003232e-07
line:4564, iter,=328, rr0=,1.699738e+14, rr=,1.582481e+02, rs0=,2.199515e+08, rs=,7.206680e-07
line:4564, iter,=329, rr0=,1.669245e+14, rr=,1.601687e+02, rs0=,2.103929e+08, rs=,6.580133e-07
line:4564, iter,=327, rr0=,1.649511e+14, rr=,1.611320e+02, rs0=,1.885204e+08, rs=,6.277061e-07
line:4564, iter,=325, rr0=,1.636802e+14, rr=,1.541600e+02, rs0=,1.853453e+08, rs=,6.223512e-07
line:4564, iter,=324, rr0=,1.628406e+14, rr=,1.543899e+02, rs0=,1.814797e+08, rs=,6.055495e-07
line:4564, iter,=330, rr0=,1.613101e+14, rr=,1.597261e+02, rs0=,1.741628e+08, rs=,5.967891e-07
line:4564, iter,=329, rr0=,1.585465e+14, rr=,1.492809e+02, rs0=,1.665756e+08, rs=,6.078655e-07
line:4564, iter,=319, rr0=,1.577053e+14, rr=,1.542228e+02, rs0=,1.634393e+08, rs=,6.590886e-07
line:4564, iter,=323, rr0=,1.573408e+14, rr=,1.505542e+02, rs0=,1.624253e+08, rs=,6.666225e-07
line:4564, iter,=326, rr0=,1.569307e+14, rr=,1.482595e+02, rs0=,1.627479e+08, rs=,6.447882e-07
line:4564, iter,=331, rr0=,1.562700e+14, rr=,1.469444e+02, rs0=,1.581055e+08, rs=,5.746933e-07
line:4564, iter,=329, rr0=,1.553995e+14, rr=,1.495316e+02, rs0=,1.560372e+08, rs=,6.082669e-07
line:4564, iter,=331, rr0=,1.546967e+14, rr=,1.506141e+02, rs0=,1.519968e+08, rs=,6.346207e-07
@ Vtk Output Time : 6.000000e-01
line:4564, iter,=336, rr0=,1.539550e+14, rr=,1.456589e+02, rs0=,1.494569e+08, rs=,5.916700e-07
line:4564, iter,=337, rr0=,1.531070e+14, rr=,1.453765e+02, rs0=,1.460059e+08, rs=,5.664924e-07
line:4564, iter,=346, rr0=,1.525761e+14, rr=,1.435159e+02, rs0=,1.431270e+08, rs=,5.515848e-07
line:4564, iter,=351, rr0=,1.522719e+14, rr=,1.441181e+02, rs0=,1.401164e+08, rs=,5.756421e-07
line:4564, iter,=349, rr0=,1.518008e+14, rr=,1.476009e+02, rs0=,1.375430e+08, rs=,5.797367e-07
line:4564, iter,=338, rr0=,1.512263e+14, rr=,1.510096e+02, rs0=,1.344229e+08, rs=,6.154882e-07
line:4564, iter,=340, rr0=,1.505985e+14, rr=,1.427113e+02, rs0=,1.321056e+08, rs=,5.842660e-07
line:4564, iter,=340, rr0=,1.500565e+14, rr=,1.377611e+02, rs0=,1.311070e+08, rs=,6.358901e-07
line:4564, iter,=333, rr0=,1.496545e+14, rr=,1.489840e+02, rs0=,1.312575e+08, rs=,5.422601e-07
line:4564, iter,=315, rr0=,1.494771e+14, rr=,1.442711e+02, rs0=,1.301802e+08, rs=,6.427056e-07
line:4564, iter,=319, rr0=,1.495242e+14, rr=,1.466161e+02, rs0=,1.299881e+08, rs=,5.322132e-07
line:4564, iter,=307, rr0=,1.497218e+14, rr=,1.464569e+02, rs0=,1.297970e+08, rs=,4.692249e-07
line:4564, iter,=299, rr0=,1.499463e+14, rr=,1.427215e+02, rs0=,1.267651e+08, rs=,5.108704e-07
line:4564, iter,=309, rr0=,1.502051e+14, rr=,1.445496e+02, rs0=,1.268562e+08, rs=,4.431577e-07
line:4564, iter,=328, rr0=,1.504444e+14, rr=,1.433215e+02, rs0=,1.280987e+08, rs=,4.932867e-07
line:4564, iter,=329, rr0=,1.506093e+14, rr=,1.424534e+02, rs0=,1.325110e+08, rs=,5.129639e-07
line:4564, iter,=326, rr0=,1.507571e+14, rr=,1.470353e+02, rs0=,1.331966e+08, rs=,5.617265e-07
line:4564, iter,=326, rr0=,1.510642e+14, rr=,1.456025e+02, rs0=,1.327657e+08, rs=,6.390734e-07
line:4564, iter,=330, rr0=,1.513758e+14, rr=,1.501426e+02, rs0=,1.327425e+08, rs=,6.704972e-07
line:4564, iter,=331, rr0=,1.515902e+14, rr=,1.460013e+02, rs0=,1.310230e+08, rs=,7.008880e-07
line:4564, iter,=337, rr0=,1.518120e+14, rr=,1.448721e+02, rs0=,1.299802e+08, rs=,6.523727e-07
line:4564, iter,=344, rr0=,1.515518e+14, rr=,1.400332e+02, rs0=,1.259737e+08, rs=,5.872426e-07
line:4564, iter,=336, rr0=,1.507180e+14, rr=,1.482013e+02, rs0=,1.233748e+08, rs=,5.525552e-07
line:4564, iter,=341, rr0=,1.504842e+14, rr=,1.422302e+02, rs0=,1.217209e+08, rs=,6.231546e-07
line:4564, iter,=351, rr0=,1.499622e+14, rr=,1.476602e+02, rs0=,1.245399e+08, rs=,5.423620e-07
@ Vtk Output Time : 6.500000e-01
line:4564, iter,=351, rr0=,1.490125e+14, rr=,1.439092e+02, rs0=,1.239895e+08, rs=,5.085025e-07
line:4564, iter,=340, rr0=,1.478433e+14, rr=,1.424027e+02, rs0=,1.234544e+08, rs=,6.409111e-07
line:4564, iter,=341, rr0=,1.467123e+14, rr=,1.389725e+02, rs0=,1.207881e+08, rs=,5.645316e-07
line:4564, iter,=339, rr0=,1.456445e+14, rr=,1.405360e+02, rs0=,1.165978e+08, rs=,5.458443e-07
line:4564, iter,=332, rr0=,1.450231e+14, rr=,1.409151e+02, rs0=,1.123660e+08, rs=,6.327806e-07
line:4564, iter,=323, rr0=,1.441217e+14, rr=,1.345178e+02, rs0=,1.087321e+08, rs=,5.831567e-07
line:4564, iter,=319, rr0=,1.434809e+14, rr=,1.416451e+02, rs0=,1.044119e+08, rs=,6.433944e-07
line:4564, iter,=323, rr0=,1.427159e+14, rr=,1.411310e+02, rs0=,9.952620e+07, rs=,6.412110e-07
line:4564, iter,=326, rr0=,1.409009e+14, rr=,1.326786e+02, rs0=,9.475482e+07, rs=,5.906084e-07
line:4564, iter,=320, rr0=,1.382465e+14, rr=,1.310611e+02, rs0=,9.071657e+07, rs=,6.006715e-07
line:4564, iter,=311, rr0=,1.358414e+14, rr=,1.335039e+02, rs0=,8.700308e+07, rs=,5.590995e-07
line:4564, iter,=307, rr0=,1.348623e+14, rr=,1.280295e+02, rs0=,8.318638e+07, rs=,5.712219e-07
line:4564, iter,=310, rr0=,1.344347e+14, rr=,1.310481e+02, rs0=,8.075145e+07, rs=,5.112598e-07
line:4564, iter,=307, rr0=,1.343891e+14, rr=,1.298141e+02, rs0=,7.910497e+07, rs=,5.136884e-07
line:4564, iter,=308, rr0=,1.344711e+14, rr=,1.317641e+02, rs0=,7.771260e+07, rs=,5.632781e-07
line:4564, iter,=313, rr0=,1.344365e+14, rr=,1.343280e+02, rs0=,6.351235e+07, rs=,5.644830e-07
line:4564, iter,=316, rr0=,1.343142e+14, rr=,1.315264e+02, rs0=,6.277198e+07, rs=,5.206195e-07
line:4564, iter,=318, rr0=,1.342469e+14, rr=,1.333975e+02, rs0=,6.222189e+07, rs=,5.392545e-07
line:4564, iter,=326, rr0=,1.342447e+14, rr=,1.253572e+02, rs0=,6.164576e+07, rs=,5.567314e-07
line:4564, iter,=334, rr0=,1.342804e+14, rr=,1.283755e+02, rs0=,7.440124e+07, rs=,5.371212e-07
line:4564, iter,=331, rr0=,1.340295e+14, rr=,1.255246e+02, rs0=,7.229312e+07, rs=,5.370415e-07
line:4564, iter,=322, rr0=,1.334157e+14, rr=,1.233461e+02, rs0=,7.169422e+07, rs=,5.370188e-07
line:4564, iter,=314, rr0=,1.328475e+14, rr=,1.237498e+02, rs0=,7.067397e+07, rs=,5.501365e-07
line:4564, iter,=309, rr0=,1.328030e+14, rr=,1.286111e+02, rs0=,7.387428e+07, rs=,5.509237e-07
line:4564, iter,=313, rr0=,1.328560e+14, rr=,1.266133e+02, rs0=,7.222464e+07, rs=,5.535668e-07
@ Vtk Output Time : 7.000000e-01
line:4564, iter,=319, rr0=,1.327838e+14, rr=,1.296928e+02, rs0=,6.962219e+07, rs=,5.871197e-07
line:4564, iter,=330, rr0=,1.323857e+14, rr=,1.236850e+02, rs0=,6.647708e+07, rs=,5.996777e-07
line:4564, iter,=329, rr0=,1.316541e+14, rr=,1.272193e+02, rs0=,6.536479e+07, rs=,5.516059e-07
line:4564, iter,=313, rr0=,1.308861e+14, rr=,1.301853e+02, rs0=,6.426286e+07, rs=,5.709661e-07
line:4564, iter,=312, rr0=,1.303027e+14, rr=,1.201186e+02, rs0=,6.331016e+07, rs=,5.305660e-07
line:4564, iter,=314, rr0=,1.295622e+14, rr=,1.212028e+02, rs0=,6.196476e+07, rs=,5.242119e-07
line:4564, iter,=311, rr0=,1.286405e+14, rr=,1.211005e+02, rs0=,6.062824e+07, rs=,5.154045e-07
line:4564, iter,=309, rr0=,1.275934e+14, rr=,1.241057e+02, rs0=,5.986394e+07, rs=,5.461139e-07
line:4564, iter,=304, rr0=,1.267058e+14, rr=,1.266998e+02, rs0=,5.825535e+07, rs=,5.916591e-07
line:4564, iter,=307, rr0=,1.262009e+14, rr=,1.204712e+02, rs0=,5.739041e+07, rs=,5.349192e-07
line:4564, iter,=317, rr0=,1.258969e+14, rr=,1.220234e+02, rs0=,5.655568e+07, rs=,4.702708e-07
line:4564, iter,=321, rr0=,1.256198e+14, rr=,1.203787e+02, rs0=,5.636267e+07, rs=,4.698655e-07
line:4564, iter,=326, rr0=,1.252238e+14, rr=,1.197029e+02, rs0=,5.596822e+07, rs=,4.822948e-07
line:4564, iter,=327, rr0=,1.245995e+14, rr=,1.244532e+02, rs0=,5.564689e+07, rs=,5.306406e-07
line:4564, iter,=331, rr0=,1.238840e+14, rr=,1.197096e+02, rs0=,4.712148e+07, rs=,5.190251e-07
line:4564, iter,=329, rr0=,1.230725e+14, rr=,1.178036e+02, rs0=,4.612773e+07, rs=,5.546337e-07
line:4564, iter,=329, rr0=,1.222705e+14, rr=,1.131083e+02, rs0=,5.245527e+07, rs=,5.106281e-07
line:4564, iter,=327, rr0=,1.215006e+14, rr=,1.128761e+02, rs0=,5.233246e+07, rs=,4.795917e-07
line:4564, iter,=324, rr0=,1.211229e+14, rr=,1.168666e+02, rs0=,5.195370e+07, rs=,4.756797e-07
line:4564, iter,=320, rr0=,1.211035e+14, rr=,1.172260e+02, rs0=,5.150580e+07, rs=,4.249785e-07
line:4564, iter,=312, rr0=,1.212254e+14, rr=,1.202168e+02, rs0=,5.126303e+07, rs=,4.713330e-07
line:4564, iter,=316, rr0=,1.214695e+14, rr=,1.160485e+02, rs0=,5.096021e+07, rs=,4.249322e-07
line:4564, iter,=330, rr0=,1.217119e+14, rr=,1.186138e+02, rs0=,5.061344e+07, rs=,3.956687e-07
line:4564, iter,=325, rr0=,1.217904e+14, rr=,1.199526e+02, rs0=,5.009727e+07, rs=,4.287596e-07
line:4564, iter,=338, rr0=,1.219305e+14, rr=,1.187382e+02, rs0=,4.980743e+07, rs=,4.514524e-07
@ Vtk Output Time : 7.500000e-01
line:4564, iter,=341, rr0=,1.221299e+14, rr=,1.197676e+02, rs0=,4.943636e+07, rs=,5.363382e-07
line:4564, iter,=335, rr0=,1.219910e+14, rr=,1.174090e+02, rs0=,4.895020e+07, rs=,3.958633e-07
line:4564, iter,=312, rr0=,1.218617e+14, rr=,1.199048e+02, rs0=,4.817045e+07, rs=,3.591385e-07
line:4564, iter,=320, rr0=,1.218674e+14, rr=,1.167310e+02, rs0=,4.776716e+07, rs=,4.469214e-07
line:4564, iter,=327, rr0=,1.219549e+14, rr=,1.180204e+02, rs0=,4.742661e+07, rs=,4.185486e-07
line:4564, iter,=304, rr0=,1.220721e+14, rr=,1.207079e+02, rs0=,4.702227e+07, rs=,4.806025e-07
line:4564, iter,=325, rr0=,1.222003e+14, rr=,1.190012e+02, rs0=,4.673668e+07, rs=,4.955949e-07
line:4564, iter,=313, rr0=,1.222627e+14, rr=,1.168699e+02, rs0=,4.671128e+07, rs=,3.766575e-07
line:4564, iter,=318, rr0=,1.224946e+14, rr=,1.220178e+02, rs0=,4.658673e+07, rs=,4.044365e-07
line:4564, iter,=308, rr0=,1.226749e+14, rr=,1.199689e+02, rs0=,4.648986e+07, rs=,4.847328e-07
line:4564, iter,=306, rr0=,1.227671e+14, rr=,1.175065e+02, rs0=,4.650126e+07, rs=,5.459633e-07
line:4564, iter,=300, rr0=,1.228867e+14, rr=,1.167596e+02, rs0=,4.703491e+07, rs=,5.389400e-07
line:4564, iter,=298, rr0=,1.227879e+14, rr=,1.209778e+02, rs0=,4.674186e+07, rs=,5.310303e-07
line:4564, iter,=297, rr0=,1.225216e+14, rr=,1.211232e+02, rs0=,4.668038e+07, rs=,5.061313e-07
line:4564, iter,=293, rr0=,1.222323e+14, rr=,1.195126e+02, rs0=,4.630675e+07, rs=,5.336273e-07
line:4564, iter,=299, rr0=,1.220881e+14, rr=,1.202893e+02, rs0=,4.610281e+07, rs=,4.544035e-07
line:4564, iter,=301, rr0=,1.222191e+14, rr=,1.171622e+02, rs0=,4.638193e+07, rs=,4.912049e-07
line:4564, iter,=303, rr0=,1.225422e+14, rr=,1.204735e+02, rs0=,4.650432e+07, rs=,4.858728e-07
line:4564, iter,=302, rr0=,1.228697e+14, rr=,1.206759e+02, rs0=,4.664293e+07, rs=,4.996887e-07
line:4564, iter,=303, rr0=,1.231595e+14, rr=,1.214381e+02, rs0=,4.684768e+07, rs=,4.987301e-07
line:4564, iter,=303, rr0=,1.231674e+14, rr=,1.206006e+02, rs0=,4.695436e+07, rs=,4.996803e-07
line:4564, iter,=299, rr0=,1.227736e+14, rr=,1.155916e+02, rs0=,4.704998e+07, rs=,5.102472e-07
line:4564, iter,=298, rr0=,1.218396e+14, rr=,1.189157e+02, rs0=,4.709089e+07, rs=,4.991536e-07
line:4564, iter,=309, rr0=,1.205540e+14, rr=,1.195408e+02, rs0=,4.870336e+07, rs=,5.802639e-07
line:4564, iter,=306, rr0=,1.178217e+14, rr=,1.152829e+02, rs0=,4.741168e+07, rs=,5.205927e-07
@ Vtk Output Time : 8.000000e-01
line:4564, iter,=305, rr0=,1.170930e+14, rr=,1.161137e+02, rs0=,4.630507e+07, rs=,5.190998e-07
line:4564, iter,=299, rr0=,1.170667e+14, rr=,1.141223e+02, rs0=,4.562298e+07, rs=,4.768531e-07
line:4564, iter,=288, rr0=,1.170944e+14, rr=,1.101842e+02, rs0=,4.601092e+07, rs=,4.795573e-07
line:4564, iter,=289, rr0=,1.171983e+14, rr=,1.086834e+02, rs0=,4.638686e+07, rs=,4.714318e-07
line:4564, iter,=290, rr0=,1.173147e+14, rr=,1.158762e+02, rs0=,4.753368e+07, rs=,4.947568e-07
line:4564, iter,=288, rr0=,1.173599e+14, rr=,1.172519e+02, rs0=,4.762611e+07, rs=,5.048252e-07
line:4564, iter,=293, rr0=,1.173258e+14, rr=,1.150536e+02, rs0=,4.647708e+07, rs=,4.815515e-07
line:4564, iter,=301, rr0=,1.173484e+14, rr=,1.099065e+02, rs0=,4.595483e+07, rs=,5.066479e-07
line:4564, iter,=305, rr0=,1.174109e+14, rr=,1.141592e+02, rs0=,4.343893e+07, rs=,5.550876e-07
line:4564, iter,=308, rr0=,1.174820e+14, rr=,1.138256e+02, rs0=,4.393755e+07, rs=,5.219960e-07
line:4564, iter,=311, rr0=,1.174641e+14, rr=,1.139042e+02, rs0=,4.382757e+07, rs=,5.051964e-07
line:4564, iter,=300, rr0=,1.174871e+14, rr=,1.112300e+02, rs0=,3.879574e+07, rs=,4.703886e-07
line:4564, iter,=312, rr0=,1.174864e+14, rr=,1.136699e+02, rs0=,3.821102e+07, rs=,4.854729e-07
line:4564, iter,=318, rr0=,1.175444e+14, rr=,1.140177e+02, rs0=,3.779939e+07, rs=,4.644954e-07
line:4564, iter,=308, rr0=,1.175947e+14, rr=,1.151344e+02, rs0=,3.741567e+07, rs=,4.805142e-07
line:4564, iter,=306, rr0=,1.176550e+14, rr=,1.136236e+02, rs0=,3.718628e+07, rs=,4.799012e-07
line:4564, iter,=312, rr0=,1.176709e+14, rr=,1.136952e+02, rs0=,3.083202e+07, rs=,4.942544e-07
line:4564, iter,=316, rr0=,1.174417e+14, rr=,1.143934e+02, rs0=,3.060106e+07, rs=,5.019080e-07
line:4564, iter,=311, rr0=,1.168884e+14, rr=,1.143665e+02, rs0=,3.193477e+07, rs=,5.120470e-07
line:4564, iter,=314, rr0=,1.162842e+14, rr=,1.123698e+02, rs0=,2.898243e+07, rs=,5.178117e-07
line:4564, iter,=309, rr0=,1.155575e+14, rr=,1.148114e+02, rs0=,2.843512e+07, rs=,5.492878e-07
line:4564, iter,=302, rr0=,1.150344e+14, rr=,1.095821e+02, rs0=,2.568093e+07, rs=,5.415595e-07
line:4564, iter,=299, rr0=,1.148800e+14, rr=,1.077585e+02, rs0=,2.532450e+07, rs=,5.212593e-07
line:4564, iter,=300, rr0=,1.147956e+14, rr=,1.101815e+02, rs0=,2.505954e+07, rs=,4.939390e-07
line:4564, iter,=299, rr0=,1.147386e+14, rr=,1.084721e+02, rs0=,2.485670e+07, rs=,4.899010e-07
@ Vtk Output Time : 8.500000e-01
line:4564, iter,=300, rr0=,1.146750e+14, rr=,1.110073e+02, rs0=,2.478404e+07, rs=,4.647937e-07
line:4564, iter,=298, rr0=,1.146152e+14, rr=,1.081933e+02, rs0=,2.469437e+07, rs=,4.614992e-07
line:4564, iter,=304, rr0=,1.144613e+14, rr=,1.136304e+02, rs0=,2.461750e+07, rs=,5.120253e-07
line:4564, iter,=312, rr0=,1.140879e+14, rr=,1.058136e+02, rs0=,2.447757e+07, rs=,4.630325e-07
line:4564, iter,=319, rr0=,1.133795e+14, rr=,1.085143e+02, rs0=,2.409134e+07, rs=,4.747038e-07
line:4564, iter,=316, rr0=,1.120560e+14, rr=,1.036551e+02, rs0=,2.373543e+07, rs=,4.916848e-07
line:4564, iter,=310, rr0=,1.104879e+14, rr=,1.103912e+02, rs0=,2.561821e+07, rs=,5.232871e-07
line:4564, iter,=308, rr0=,1.096822e+14, rr=,1.033413e+02, rs0=,2.528426e+07, rs=,5.080960e-07
line:4564, iter,=316, rr0=,1.090004e+14, rr=,1.080832e+02, rs0=,2.514138e+07, rs=,4.620697e-07
line:4564, iter,=314, rr0=,1.083966e+14, rr=,1.056056e+02, rs0=,2.499235e+07, rs=,4.924841e-07
line:4564, iter,=312, rr0=,1.079682e+14, rr=,1.074465e+02, rs0=,2.469140e+07, rs=,4.770112e-07
line:4564, iter,=308, rr0=,1.077346e+14, rr=,1.064044e+02, rs0=,2.430097e+07, rs=,4.577165e-07
line:4564, iter,=303, rr0=,1.075732e+14, rr=,1.059434e+02, rs0=,2.381208e+07, rs=,4.721954e-07
line:4564, iter,=310, rr0=,1.073656e+14, rr=,1.017084e+02, rs0=,2.439201e+07, rs=,4.306101e-07
line:4564, iter,=308, rr0=,1.069707e+14, rr=,1.050313e+02, rs0=,2.367104e+07, rs=,4.380643e-07
line:4564, iter,=296, rr0=,1.059063e+14, rr=,1.036758e+02, rs0=,2.576427e+07, rs=,4.399740e-07
line:4564, iter,=325, rr0=,1.044695e+14, rr=,9.947361e+01, rs0=,2.561415e+07, rs=,3.972603e-07
line:4564, iter,=313, rr0=,1.029137e+14, rr=,9.819132e+01, rs0=,2.945680e+07, rs=,3.953005e-07
line:4564, iter,=300, rr0=,1.021366e+14, rr=,9.909186e+01, rs0=,2.904202e+07, rs=,4.094911e-07
line:4564, iter,=297, rr0=,1.020613e+14, rr=,9.508270e+01, rs0=,2.947443e+07, rs=,3.974911e-07
line:4564, iter,=304, rr0=,1.022806e+14, rr=,9.646489e+01, rs0=,2.940145e+07, rs=,4.142560e-07
line:4564, iter,=311, rr0=,1.025620e+14, rr=,9.721576e+01, rs0=,2.920233e+07, rs=,4.392540e-07
line:4564, iter,=308, rr0=,1.026254e+14, rr=,1.006122e+02, rs0=,2.921938e+07, rs=,4.421858e-07
line:4564, iter,=307, rr0=,1.026381e+14, rr=,9.632346e+01, rs0=,2.908961e+07, rs=,4.560279e-07
line:4564, iter,=314, rr0=,1.026649e+14, rr=,9.773024e+01, rs0=,2.897497e+07, rs=,4.060891e-07
@ Vtk Output Time : 9.000000e-01
line:4564, iter,=320, rr0=,1.025333e+14, rr=,1.007633e+02, rs0=,2.820567e+07, rs=,4.328656e-07
line:4564, iter,=323, rr0=,1.019986e+14, rr=,9.592685e+01, rs0=,2.527681e+07, rs=,4.241122e-07
line:4564, iter,=326, rr0=,1.013484e+14, rr=,9.631427e+01, rs0=,2.499691e+07, rs=,4.284867e-07
line:4564, iter,=327, rr0=,1.008108e+14, rr=,9.819451e+01, rs0=,2.472111e+07, rs=,4.130363e-07
line:4564, iter,=320, rr0=,1.003914e+14, rr=,9.428108e+01, rs0=,2.565091e+07, rs=,4.198101e-07
line:4564, iter,=319, rr0=,1.000410e+14, rr=,9.422446e+01, rs0=,2.897460e+07, rs=,4.032088e-07
line:4564, iter,=325, rr0=,9.983767e+13, rr=,9.469927e+01, rs0=,3.000676e+07, rs=,3.739155e-07
line:4564, iter,=314, rr0=,9.959320e+13, rr=,9.356696e+01, rs0=,2.665665e+07, rs=,3.999375e-07
line:4564, iter,=320, rr0=,9.924266e+13, rr=,9.447006e+01, rs0=,2.691880e+07, rs=,4.263680e-07
line:4564, iter,=323, rr0=,9.859674e+13, rr=,9.669752e+01, rs0=,2.707851e+07, rs=,4.269524e-07
line:4564, iter,=324, rr0=,9.788831e+13, rr=,9.332770e+01, rs0=,2.724083e+07, rs=,4.036762e-07
line:4564, iter,=320, rr0=,9.737946e+13, rr=,9.466569e+01, rs0=,2.734445e+07, rs=,3.927930e-07
line:4564, iter,=304, rr0=,9.712993e+13, rr=,9.139760e+01, rs0=,2.745117e+07, rs=,3.649255e-07
line:4564, iter,=314, rr0=,9.693948e+13, rr=,9.089866e+01, rs0=,2.742077e+07, rs=,3.666110e-07
line:4564, iter,=320, rr0=,9.681240e+13, rr=,9.228186e+01, rs0=,2.746462e+07, rs=,3.813325e-07
line:4564, iter,=324, rr0=,9.671395e+13, rr=,9.157175e+01, rs0=,2.741573e+07, rs=,3.787835e-07
line:4564, iter,=326, rr0=,9.654246e+13, rr=,9.511574e+01, rs0=,2.732520e+07, rs=,3.805665e-07
line:4564, iter,=331, rr0=,9.622800e+13, rr=,9.349028e+01, rs0=,2.715514e+07, rs=,3.357732e-07
line:4564, iter,=327, rr0=,9.574513e+13, rr=,9.131183e+01, rs0=,2.693209e+07, rs=,3.475451e-07
line:4564, iter,=318, rr0=,9.511409e+13, rr=,8.831063e+01, rs0=,2.651470e+07, rs=,3.991895e-07
line:4564, iter,=315, rr0=,9.452578e+13, rr=,8.890076e+01, rs0=,2.650948e+07, rs=,4.359566e-07
line:4564, iter,=309, rr0=,9.396644e+13, rr=,8.898631e+01, rs0=,2.626465e+07, rs=,4.419323e-07
line:4564, iter,=310, rr0=,9.338686e+13, rr=,9.297289e+01, rs0=,2.559362e+07, rs=,4.457984e-07
line:4564, iter,=315, rr0=,9.280670e+13, rr=,8.788871e+01, rs0=,2.516897e+07, rs=,3.882427e-07
line:4564, iter,=308, rr0=,9.227425e+13, rr=,9.114345e+01, rs0=,2.487788e+07, rs=,3.937370e-07
@ Vtk Output Time : 9.500000e-01
line:4564, iter,=307, rr0=,9.196107e+13, rr=,9.194543e+01, rs0=,2.465390e+07, rs=,4.152056e-07
line:4564, iter,=312, rr0=,9.176676e+13, rr=,8.813493e+01, rs0=,2.445895e+07, rs=,4.134948e-07
line:4564, iter,=315, rr0=,9.160067e+13, rr=,8.733951e+01, rs0=,2.432276e+07, rs=,4.116080e-07
line:4564, iter,=317, rr0=,9.148350e+13, rr=,8.561095e+01, rs0=,2.740357e+07, rs=,4.180374e-07
line:4564, iter,=319, rr0=,9.134354e+13, rr=,8.979906e+01, rs0=,2.394727e+07, rs=,4.179753e-07
line:4564, iter,=330, rr0=,9.093196e+13, rr=,8.831325e+01, rs0=,2.373421e+07, rs=,3.926975e-07
line:4564, iter,=334, rr0=,9.052237e+13, rr=,8.720580e+01, rs0=,2.353167e+07, rs=,4.214703e-07
line:4564, iter,=316, rr0=,9.018135e+13, rr=,8.872321e+01, rs0=,2.353135e+07, rs=,3.507357e-07
line:4564, iter,=315, rr0=,8.947788e+13, rr=,8.395365e+01, rs0=,2.447746e+07, rs=,3.836885e-07
line:4564, iter,=317, rr0=,8.748981e+13, rr=,8.517769e+01, rs0=,2.745689e+07, rs=,3.378190e-07
line:4564, iter,=314, rr0=,8.644932e+13, rr=,8.570157e+01, rs0=,2.613411e+07, rs=,3.813996e-07
line:4564, iter,=313, rr0=,8.565830e+13, rr=,8.190212e+01, rs0=,2.347230e+07, rs=,3.713784e-07
line:4564, iter,=310, rr0=,8.496010e+13, rr=,8.331356e+01, rs0=,2.230617e+07, rs=,3.780217e-07
line:4564, iter,=312, rr0=,8.427809e+13, rr=,8.303151e+01, rs0=,2.184926e+07, rs=,3.543923e-07
line:4564, iter,=313, rr0=,8.361704e+13, rr=,7.846323e+01, rs0=,2.346885e+07, rs=,3.405474e-07
line:4564, iter,=311, rr0=,8.291647e+13, rr=,8.099178e+01, rs0=,2.322586e+07, rs=,3.454284e-07
line:4564, iter,=306, rr0=,8.215435e+13, rr=,8.018890e+01, rs0=,2.282663e+07, rs=,2.925006e-07
line:4564, iter,=305, rr0=,8.135685e+13, rr=,8.100033e+01, rs0=,2.253320e+07, rs=,3.026642e-07
line:4564, iter,=308, rr0=,8.057460e+13, rr=,8.019478e+01, rs0=,2.738710e+07, rs=,2.827746e-07
line:4564, iter,=307, rr0=,7.982470e+13, rr=,7.721590e+01, rs0=,2.706872e+07, rs=,2.804530e-07
line:4564, iter,=301, rr0=,7.911017e+13, rr=,7.387282e+01, rs0=,2.683229e+07, rs=,2.856715e-07
line:4564, iter,=289, rr0=,7.838302e+13, rr=,7.451937e+01, rs0=,2.657751e+07, rs=,3.224515e-07
line:4564, iter,=290, rr0=,7.766482e+13, rr=,7.340878e+01, rs0=,2.617567e+07, rs=,3.025176e-07
line:4564, iter,=294, rr0=,7.694346e+13, rr=,7.309394e+01, rs0=,2.621587e+07, rs=,2.744644e-07
@ Prof Output Time : 1.000000e+00
line:4564, iter,=300, rr0=,7.621130e+13, rr=,7.563496e+01, rs0=,2.590814e+07, rs=,2.705897e-07
@ Vtk Output Time : 1.000000e+00
line:4564, iter,=305, rr0=,7.544372e+13, rr=,7.013835e+01, rs0=,2.547934e+07, rs=,2.545174e-07
line:4564, iter,=300, rr0=,7.467864e+13, rr=,7.346166e+01, rs0=,2.388192e+07, rs=,2.819571e-07
line:4564, iter,=300, rr0=,7.393778e+13, rr=,7.265259e+01, rs0=,2.359027e+07, rs=,2.773956e-07
line:4564, iter,=305, rr0=,7.325032e+13, rr=,7.181112e+01, rs0=,2.322347e+07, rs=,2.736430e-07
line:4564, iter,=310, rr0=,7.242510e+13, rr=,7.206526e+01, rs0=,2.288440e+07, rs=,2.566178e-07
line:4564, iter,=307, rr0=,7.143153e+13, rr=,7.106184e+01, rs0=,2.252147e+07, rs=,2.458818e-07
line:4564, iter,=303, rr0=,7.060914e+13, rr=,6.766097e+01, rs0=,2.294500e+07, rs=,2.441001e-07
line:4564, iter,=299, rr0=,7.002574e+13, rr=,6.600331e+01, rs0=,2.270455e+07, rs=,2.517662e-07
line:4564, iter,=296, rr0=,6.958164e+13, rr=,6.611820e+01, rs0=,2.245328e+07, rs=,2.612263e-07
line:4564, iter,=300, rr0=,6.921730e+13, rr=,6.777184e+01, rs0=,2.284044e+07, rs=,2.561778e-07
line:4564, iter,=305, rr0=,6.891389e+13, rr=,6.820822e+01, rs0=,2.271794e+07, rs=,2.699100e-07
line:4564, iter,=308, rr0=,6.865082e+13, rr=,6.316010e+01, rs0=,2.259686e+07, rs=,2.718945e-07
line:4564, iter,=307, rr0=,6.848759e+13, rr=,6.708113e+01, rs0=,2.252309e+07, rs=,2.989635e-07
line:4564, iter,=307, rr0=,6.839544e+13, rr=,6.471972e+01, rs0=,2.240182e+07, rs=,2.917058e-07
line:4564, iter,=305, rr0=,6.841862e+13, rr=,6.393176e+01, rs0=,2.211649e+07, rs=,2.921653e-07
line:4564, iter,=304, rr0=,6.847531e+13, rr=,6.581298e+01, rs0=,2.125898e+07, rs=,3.089404e-07
line:4564, iter,=305, rr0=,6.854715e+13, rr=,6.827849e+01, rs0=,1.843484e+07, rs=,3.199200e-07
line:4564, iter,=304, rr0=,6.861818e+13, rr=,6.340101e+01, rs0=,2.078156e+07, rs=,2.916346e-07
line:4564, iter,=296, rr0=,6.868640e+13, rr=,6.859566e+01, rs0=,2.265047e+07, rs=,3.281795e-07
line:4564, iter,=292, rr0=,6.878068e+13, rr=,6.537611e+01, rs0=,2.340792e+07, rs=,3.142471e-07
line:4564, iter,=285, rr0=,6.883956e+13, rr=,6.369241e+01, rs0=,2.084344e+07, rs=,3.113239e-07
line:4564, iter,=287, rr0=,6.886908e+13, rr=,6.446496e+01, rs0=,2.107281e+07, rs=,2.828873e-07
line:4564, iter,=299, rr0=,6.887489e+13, rr=,6.601757e+01, rs0=,2.128061e+07, rs=,2.657897e-07
line:4564, iter,=298, rr0=,6.886665e+13, rr=,6.708522e+01, rs0=,2.166113e+07, rs=,2.822164e-07
line:4564, iter,=299, rr0=,6.893038e+13, rr=,6.567290e+01, rs0=,2.294467e+07, rs=,3.008280e-07
@ Vtk Output Time : 1.050000e+00
line:4564, iter,=298, rr0=,6.901387e+13, rr=,6.830291e+01, rs0=,2.318143e+07, rs=,3.243677e-07
line:4564, iter,=297, rr0=,6.907897e+13, rr=,6.834574e+01, rs0=,2.342841e+07, rs=,3.216220e-07
line:4564, iter,=294, rr0=,6.916535e+13, rr=,6.652033e+01, rs0=,2.304697e+07, rs=,3.014244e-07
line:4564, iter,=292, rr0=,6.927415e+13, rr=,6.918944e+01, rs0=,2.324804e+07, rs=,2.798284e-07
line:4564, iter,=297, rr0=,6.936380e+13, rr=,6.726957e+01, rs0=,2.330503e+07, rs=,2.285035e-07
line:4564, iter,=303, rr0=,6.940250e+13, rr=,6.835976e+01, rs0=,2.342939e+07, rs=,2.469424e-07
line:4564, iter,=309, rr0=,6.949100e+13, rr=,6.605745e+01, rs0=,2.362021e+07, rs=,2.539319e-07
line:4564, iter,=309, rr0=,6.959195e+13, rr=,6.440464e+01, rs0=,1.611167e+07, rs=,2.474170e-07
line:4564, iter,=312, rr0=,6.966097e+13, rr=,6.654528e+01, rs0=,1.636412e+07, rs=,2.500562e-07
line:4564, iter,=311, rr0=,6.969513e+13, rr=,6.762478e+01, rs0=,1.664847e+07, rs=,2.440386e-07
line:4564, iter,=307, rr0=,6.970156e+13, rr=,6.694341e+01, rs0=,1.692644e+07, rs=,2.318416e-07
line:4564, iter,=301, rr0=,6.964607e+13, rr=,6.703428e+01, rs0=,1.931881e+07, rs=,2.405977e-07
line:4564, iter,=295, rr0=,6.959135e+13, rr=,6.784637e+01, rs0=,1.734190e+07, rs=,2.731981e-07
line:4564, iter,=293, rr0=,6.952006e+13, rr=,6.789205e+01, rs0=,1.853063e+07, rs=,2.732076e-07
line:4564, iter,=295, rr0=,6.942663e+13, rr=,6.685621e+01, rs0=,2.089599e+07, rs=,2.519747e-07
line:4564, iter,=298, rr0=,6.933342e+13, rr=,6.903365e+01, rs0=,2.518318e+07, rs=,2.531279e-07
line:4564, iter,=295, rr0=,6.920280e+13, rr=,6.804030e+01, rs0=,2.130044e+07, rs=,2.422776e-07
line:4564, iter,=316, rr0=,6.902021e+13, rr=,6.567743e+01, rs0=,2.055523e+07, rs=,2.560407e-07
line:4564, iter,=327, rr0=,6.875726e+13, rr=,6.375413e+01, rs0=,1.238404e+07, rs=,2.769323e-07
line:4564, iter,=327, rr0=,6.778316e+13, rr=,6.372323e+01, rs0=,1.222005e+07, rs=,2.988985e-07
line:4564, iter,=336, rr0=,6.670309e+13, rr=,6.305891e+01, rs0=,1.210293e+07, rs=,3.087929e-07
line:4564, iter,=328, rr0=,6.607509e+13, rr=,6.284345e+01, rs0=,1.200401e+07, rs=,2.593759e-07
line:4564, iter,=340, rr0=,6.575303e+13, rr=,6.449076e+01, rs0=,1.190723e+07, rs=,2.505836e-07
line:4564, iter,=322, rr0=,6.554183e+13, rr=,6.491374e+01, rs0=,1.121488e+07, rs=,2.730353e-07
line:4564, iter,=344, rr0=,6.511435e+13, rr=,6.474332e+01, rs0=,1.121062e+07, rs=,2.509974e-07
@ Vtk Output Time : 1.100000e+00
line:4564, iter,=320, rr0=,6.480921e+13, rr=,6.452174e+01, rs0=,1.123156e+07, rs=,2.647511e-07
line:4564, iter,=316, rr0=,6.461076e+13, rr=,6.111302e+01, rs0=,1.579049e+07, rs=,2.237156e-07
line:4564, iter,=307, rr0=,6.432537e+13, rr=,6.153350e+01, rs0=,1.574771e+07, rs=,2.386865e-07
line:4564, iter,=313, rr0=,6.400094e+13, rr=,6.210955e+01, rs0=,1.567805e+07, rs=,2.144429e-07
line:4564, iter,=316, rr0=,6.365660e+13, rr=,6.364402e+01, rs0=,1.554338e+07, rs=,2.090464e-07
line:4564, iter,=318, rr0=,6.328578e+13, rr=,6.131435e+01, rs0=,1.569575e+07, rs=,2.112947e-07
line:4564, iter,=311, rr0=,6.290794e+13, rr=,6.186761e+01, rs0=,1.570927e+07, rs=,2.243791e-07
line:4564, iter,=309, rr0=,6.250735e+13, rr=,6.192013e+01, rs0=,1.568765e+07, rs=,2.223637e-07
line:4564, iter,=306, rr0=,6.208571e+13, rr=,6.173842e+01, rs0=,1.570131e+07, rs=,2.181763e-07
line:4564, iter,=302, rr0=,6.169230e+13, rr=,6.040235e+01, rs0=,1.575498e+07, rs=,2.340205e-07
line:4564, iter,=302, rr0=,6.130410e+13, rr=,5.856257e+01, rs0=,1.715899e+07, rs=,2.350710e-07
line:4564, iter,=316, rr0=,6.095008e+13, rr=,5.957670e+01, rs0=,1.699421e+07, rs=,2.109358e-07
line:4564, iter,=326, rr0=,6.059641e+13, rr=,6.010300e+01, rs0=,1.657886e+07, rs=,2.145182e-07
line:4564, iter,=322, rr0=,6.011757e+13, rr=,5.717546e+01, rs0=,1.485587e+07, rs=,2.012075e-07
line:4564, iter,=311, rr0=,5.973848e+13, rr=,5.620340e+01, rs0=,1.334630e+07, rs=,2.042550e-07
line:4564, iter,=298, rr0=,5.940141e+13, rr=,5.838320e+01, rs0=,1.209302e+07, rs=,2.369046e-07
line:4564, iter,=295, rr0=,5.906360e+13, rr=,5.592896e+01, rs0=,1.100767e+07, rs=,2.175938e-07
line:4564, iter,=298, rr0=,5.875892e+13, rr=,5.873765e+01, rs0=,8.628115e+06, rs=,2.376057e-07
line:4564, iter,=304, rr0=,5.841741e+13, rr=,5.474940e+01, rs0=,8.346742e+06, rs=,2.232364e-07
line:4564, iter,=303, rr0=,5.805244e+13, rr=,5.676861e+01, rs0=,8.282396e+06, rs=,2.237369e-07
line:4564, iter,=304, rr0=,5.765625e+13, rr=,5.319727e+01, rs0=,8.259806e+06, rs=,2.234514e-07
line:4564, iter,=305, rr0=,5.723921e+13, rr=,5.695274e+01, rs0=,8.312297e+06, rs=,2.356920e-07
line:4564, iter,=306, rr0=,5.672913e+13, rr=,5.569051e+01, rs0=,9.673941e+06, rs=,2.304460e-07
line:4564, iter,=292, rr0=,5.619153e+13, rr=,5.557041e+01, rs0=,1.030693e+07, rs=,2.309086e-07
line:4564, iter,=301, rr0=,5.573451e+13, rr=,5.464460e+01, rs0=,1.096442e+07, rs=,2.108557e-07
@ Vtk Output Time : 1.150000e+00
line:4564, iter,=305, rr0=,5.540359e+13, rr=,5.451375e+01, rs0=,9.945862e+06, rs=,2.182451e-07
line:4564, iter,=309, rr0=,5.517521e+13, rr=,5.450780e+01, rs0=,1.022356e+07, rs=,2.406960e-07
line:4564, iter,=311, rr0=,5.472559e+13, rr=,5.386142e+01, rs0=,1.011450e+07, rs=,2.129988e-07
line:4564, iter,=311, rr0=,5.410915e+13, rr=,5.057623e+01, rs0=,9.729001e+06, rs=,1.975621e-07
line:4564, iter,=312, rr0=,5.393225e+13, rr=,5.351364e+01, rs0=,9.534165e+06, rs=,2.076563e-07
line:4564, iter,=312, rr0=,5.368756e+13, rr=,5.070962e+01, rs0=,9.504891e+06, rs=,2.105075e-07
line:4564, iter,=310, rr0=,5.326723e+13, rr=,4.937180e+01, rs0=,9.651487e+06, rs=,2.028794e-07
line:4564, iter,=300, rr0=,5.293461e+13, rr=,5.028316e+01, rs0=,9.445931e+06, rs=,2.368297e-07
line:4564, iter,=296, rr0=,5.270496e+13, rr=,5.242617e+01, rs0=,9.380881e+06, rs=,2.433203e-07
line:4564, iter,=296, rr0=,5.256017e+13, rr=,5.236560e+01, rs0=,9.276196e+06, rs=,2.326269e-07
line:4564, iter,=297, rr0=,5.245800e+13, rr=,5.026866e+01, rs0=,1.055234e+07, rs=,2.071255e-07
line:4564, iter,=292, rr0=,5.203044e+13, rr=,5.126080e+01, rs0=,9.957996e+06, rs=,2.398598e-07
line:4564, iter,=285, rr0=,5.165306e+13, rr=,4.863222e+01, rs0=,9.556844e+06, rs=,2.379998e-07
line:4564, iter,=282, rr0=,5.140450e+13, rr=,5.037929e+01, rs0=,9.267831e+06, rs=,2.586001e-07
line:4564, iter,=280, rr0=,5.116324e+13, rr=,4.899077e+01, rs0=,9.026756e+06, rs=,2.546212e-07
line:4564, iter,=281, rr0=,5.101036e+13, rr=,4.808969e+01, rs0=,8.835182e+06, rs=,2.406144e-07
line:4564, iter,=286, rr0=,5.089096e+13, rr=,4.992225e+01, rs0=,8.616182e+06, rs=,2.112488e-07
line:4564, iter,=288, rr0=,5.076450e+13, rr=,4.851779e+01, rs0=,8.548678e+06, rs=,2.030528e-07
line:4564, iter,=285, rr0=,5.065991e+13, rr=,4.783779e+01, rs0=,8.362449e+06, rs=,2.125801e-07
line:4564, iter,=285, rr0=,5.057921e+13, rr=,4.926545e+01, rs0=,8.150904e+06, rs=,2.257410e-07
line:4564, iter,=288, rr0=,5.050380e+13, rr=,4.852655e+01, rs0=,7.984187e+06, rs=,2.349514e-07
line:4564, iter,=290, rr0=,5.042778e+13, rr=,4.759320e+01, rs0=,7.991716e+06, rs=,2.333498e-07
line:4564, iter,=292, rr0=,5.031349e+13, rr=,5.026475e+01, rs0=,7.982523e+06, rs=,2.523445e-07
line:4564, iter,=296, rr0=,5.016862e+13, rr=,4.710807e+01, rs0=,8.121197e+06, rs=,2.341611e-07
line:4564, iter,=295, rr0=,4.998794e+13, rr=,4.810383e+01, rs0=,8.952761e+06, rs=,2.386271e-07
@ Vtk Output Time : 1.200000e+00
line:4564, iter,=297, rr0=,4.968426e+13, rr=,4.604243e+01, rs0=,7.292157e+06, rs=,2.145751e-07
line:4564, iter,=285, rr0=,4.952898e+13, rr=,4.817514e+01, rs0=,7.232602e+06, rs=,1.904835e-07
line:4564, iter,=283, rr0=,4.934686e+13, rr=,4.800547e+01, rs0=,7.170635e+06, rs=,1.919692e-07
line:4564, iter,=282, rr0=,4.915436e+13, rr=,4.606274e+01, rs0=,7.111811e+06, rs=,1.954829e-07
line:4564, iter,=282, rr0=,4.894615e+13, rr=,4.656381e+01, rs0=,7.057650e+06, rs=,1.986084e-07
line:4564, iter,=283, rr0=,4.871737e+13, rr=,4.606836e+01, rs0=,7.035938e+06, rs=,2.006877e-07
line:4564, iter,=285, rr0=,4.845938e+13, rr=,4.600277e+01, rs0=,7.200334e+06, rs=,2.031382e-07
line:4564, iter,=288, rr0=,4.819903e+13, rr=,4.454156e+01, rs0=,8.649927e+06, rs=,1.976236e-07
line:4564, iter,=290, rr0=,4.792153e+13, rr=,4.463275e+01, rs0=,7.048298e+06, rs=,2.044574e-07
line:4564, iter,=290, rr0=,4.763298e+13, rr=,4.631896e+01, rs0=,6.781120e+06, rs=,2.215583e-07
line:4564, iter,=291, rr0=,4.733199e+13, rr=,4.475052e+01, rs0=,6.613825e+06, rs=,2.153994e-07
line:4564, iter,=290, rr0=,4.703456e+13, rr=,4.480974e+01, rs0=,6.560241e+06, rs=,2.128784e-07
line:4564, iter,=291, rr0=,4.673315e+13, rr=,4.539344e+01, rs0=,6.519214e+06, rs=,2.114148e-07
line:4564, iter,=292, rr0=,4.643658e+13, rr=,4.458116e+01, rs0=,6.474103e+06, rs=,2.057814e-07
line:4564, iter,=292, rr0=,4.614039e+13, rr=,4.600243e+01, rs0=,6.418941e+06, rs=,2.124029e-07
line:4564, iter,=292, rr0=,4.582947e+13, rr=,4.485834e+01, rs0=,6.358105e+06, rs=,2.018764e-07
line:4564, iter,=289, rr0=,4.553159e+13, rr=,4.333760e+01, rs0=,6.486382e+06, rs=,2.016324e-07
line:4564, iter,=287, rr0=,4.526205e+13, rr=,4.261449e+01, rs0=,6.588222e+06, rs=,1.982104e-07
line:4564, iter,=286, rr0=,4.501503e+13, rr=,4.494133e+01, rs0=,6.694435e+06, rs=,2.027870e-07
line:4564, iter,=285, rr0=,4.478848e+13, rr=,4.381020e+01, rs0=,6.815890e+06, rs=,2.087439e-07
line:4564, iter,=283, rr0=,4.457519e+13, rr=,4.373698e+01, rs0=,6.982168e+06, rs=,2.087751e-07
line:4564, iter,=283, rr0=,4.438214e+13, rr=,4.145300e+01, rs0=,7.242286e+06, rs=,1.959098e-07
line:4564, iter,=285, rr0=,4.423750e+13, rr=,4.124013e+01, rs0=,7.613132e+06, rs=,1.905050e-07
line:4564, iter,=288, rr0=,4.412681e+13, rr=,4.116363e+01, rs0=,7.592598e+06, rs=,1.949564e-07
line:4564, iter,=281, rr0=,4.402467e+13, rr=,4.249288e+01, rs0=,7.371965e+06, rs=,1.933159e-07
@ Vtk Output Time : 1.250000e+00
line:4564, iter,=282, rr0=,4.393969e+13, rr=,4.354225e+01, rs0=,6.885973e+06, rs=,1.964649e-07
line:4564, iter,=284, rr0=,4.386795e+13, rr=,4.068967e+01, rs0=,6.752980e+06, rs=,1.793787e-07
line:4564, iter,=284, rr0=,4.379599e+13, rr=,4.154136e+01, rs0=,6.856765e+06, rs=,1.704215e-07
line:4564, iter,=283, rr0=,4.372764e+13, rr=,4.048335e+01, rs0=,6.958887e+06, rs=,1.642930e-07
line:4564, iter,=279, rr0=,4.366694e+13, rr=,4.116449e+01, rs0=,6.818495e+06, rs=,1.749052e-07
line:4564, iter,=276, rr0=,4.361080e+13, rr=,4.328057e+01, rs0=,6.813279e+06, rs=,1.809149e-07
line:4564, iter,=275, rr0=,4.354910e+13, rr=,4.353084e+01, rs0=,6.792314e+06, rs=,1.805063e-07
line:4564, iter,=275, rr0=,4.349492e+13, rr=,4.297942e+01, rs0=,6.743938e+06, rs=,1.744106e-07
line:4564, iter,=275, rr0=,4.343251e+13, rr=,4.195736e+01, rs0=,6.754259e+06, rs=,1.735036e-07
line:4564, iter,=274, rr0=,4.335704e+13, rr=,4.313190e+01, rs0=,6.763254e+06, rs=,1.805606e-07
line:4564, iter,=275, rr0=,4.327494e+13, rr=,4.136583e+01, rs0=,6.786749e+06, rs=,1.794476e-07
line:4564, iter,=275, rr0=,4.318314e+13, rr=,4.283567e+01, rs0=,6.805438e+06, rs=,1.896358e-07
line:4564, iter,=276, rr0=,4.308982e+13, rr=,4.130225e+01, rs0=,6.828086e+06, rs=,1.794016e-07
line:4564, iter,=276, rr0=,4.298225e+13, rr=,4.234486e+01, rs0=,6.891303e+06, rs=,1.801757e-07
line:4564, iter,=277, rr0=,4.289350e+13, rr=,4.041891e+01, rs0=,6.898935e+06, rs=,1.653754e-07
line:4564, iter,=276, rr0=,4.281938e+13, rr=,4.144159e+01, rs0=,6.904782e+06, rs=,1.666564e-07
line:4564, iter,=280, rr0=,4.274665e+13, rr=,4.188795e+01, rs0=,6.915822e+06, rs=,1.695207e-07
line:4564, iter,=285, rr0=,4.266042e+13, rr=,4.030892e+01, rs0=,6.759537e+06, rs=,1.760935e-07
line:4564, iter,=294, rr0=,4.244406e+13, rr=,4.208757e+01, rs0=,6.532251e+06, rs=,2.065848e-07
line:4564, iter,=290, rr0=,4.187027e+13, rr=,3.875700e+01, rs0=,6.104858e+06, rs=,1.770254e-07
line:4564, iter,=283, rr0=,4.159360e+13, rr=,4.130450e+01, rs0=,6.088252e+06, rs=,1.548216e-07
line:4564, iter,=279, rr0=,4.143771e+13, rr=,4.001121e+01, rs0=,6.178466e+06, rs=,1.692481e-07
line:4564, iter,=278, rr0=,4.129564e+13, rr=,3.920905e+01, rs0=,6.312038e+06, rs=,1.753794e-07
line:4564, iter,=278, rr0=,4.115674e+13, rr=,4.103688e+01, rs0=,6.483339e+06, rs=,1.861190e-07
line:4564, iter,=279, rr0=,4.099990e+13, rr=,3.935812e+01, rs0=,6.916123e+06, rs=,1.740739e-07
@ Vtk Output Time : 1.300000e+00
line:4564, iter,=281, rr0=,4.082981e+13, rr=,3.990081e+01, rs0=,8.737429e+06, rs=,1.779541e-07
line:4564, iter,=282, rr0=,4.067632e+13, rr=,4.053228e+01, rs0=,8.979618e+06, rs=,1.869585e-07
line:4564, iter,=282, rr0=,4.053875e+13, rr=,3.982930e+01, rs0=,8.028247e+06, rs=,1.837222e-07
line:4564, iter,=279, rr0=,4.041928e+13, rr=,3.908893e+01, rs0=,7.633171e+06, rs=,1.858943e-07
line:4564, iter,=276, rr0=,4.032438e+13, rr=,4.011998e+01, rs0=,8.067322e+06, rs=,1.920738e-07
line:4564, iter,=284, rr0=,4.028034e+13, rr=,4.005517e+01, rs0=,7.512926e+06, rs=,1.782483e-07
line:4564, iter,=287, rr0=,4.025138e+13, rr=,3.956941e+01, rs0=,7.209440e+06, rs=,1.790987e-07
line:4564, iter,=287, rr0=,4.022262e+13, rr=,3.905939e+01, rs0=,6.946998e+06, rs=,1.796622e-07
line:4564, iter,=288, rr0=,4.022027e+13, rr=,3.790426e+01, rs0=,6.817224e+06, rs=,1.740915e-07
line:4564, iter,=282, rr0=,4.021585e+13, rr=,3.830166e+01, rs0=,6.719466e+06, rs=,1.791137e-07
line:4564, iter,=280, rr0=,4.022919e+13, rr=,4.014064e+01, rs0=,6.247737e+06, rs=,1.870420e-07
line:4564, iter,=281, rr0=,4.024540e+13, rr=,3.931434e+01, rs0=,6.145813e+06, rs=,1.752677e-07
line:4564, iter,=282, rr0=,4.025068e+13, rr=,3.909948e+01, rs0=,6.135581e+06, rs=,1.745015e-07
line:4564, iter,=282, rr0=,4.024365e+13, rr=,3.815861e+01, rs0=,6.116269e+06, rs=,1.705880e-07
line:4564, iter,=280, rr0=,4.023576e+13, rr=,3.827665e+01, rs0=,6.045127e+06, rs=,1.720296e-07
line:4564, iter,=282, rr0=,4.022235e+13, rr=,3.737795e+01, rs0=,6.016662e+06, rs=,1.717492e-07
line:4564, iter,=287, rr0=,4.019054e+13, rr=,4.003701e+01, rs0=,6.046770e+06, rs=,2.039854e-07
line:4564, iter,=288, rr0=,4.012350e+13, rr=,3.968647e+01, rs0=,6.027576e+06, rs=,1.949587e-07
line:4564, iter,=288, rr0=,4.000010e+13, rr=,3.878601e+01, rs0=,6.009468e+06, rs=,1.750714e-07
line:4564, iter,=288, rr0=,3.985342e+13, rr=,3.828526e+01, rs0=,5.955366e+06, rs=,1.674849e-07
line:4564, iter,=286, rr0=,3.971273e+13, rr=,3.756391e+01, rs0=,5.793330e+06, rs=,1.633567e-07
line:4564, iter,=284, rr0=,3.957942e+13, rr=,3.829882e+01, rs0=,5.757076e+06, rs=,1.629761e-07
line:4564, iter,=284, rr0=,3.945144e+13, rr=,3.846005e+01, rs0=,5.821582e+06, rs=,1.668881e-07
line:4564, iter,=286, rr0=,3.933051e+13, rr=,3.778226e+01, rs0=,5.844561e+06, rs=,1.742203e-07
line:4564, iter,=288, rr0=,3.921180e+13, rr=,3.678059e+01, rs0=,5.950928e+06, rs=,1.692458e-07
@ Vtk Output Time : 1.350000e+00
line:4564, iter,=289, rr0=,3.910095e+13, rr=,3.773964e+01, rs0=,6.186957e+06, rs=,1.639217e-07
line:4564, iter,=286, rr0=,3.900039e+13, rr=,3.871082e+01, rs0=,6.360428e+06, rs=,1.584041e-07
line:4564, iter,=289, rr0=,3.891840e+13, rr=,3.805862e+01, rs0=,5.934624e+06, rs=,1.645564e-07
line:4564, iter,=290, rr0=,3.884516e+13, rr=,3.772463e+01, rs0=,5.748011e+06, rs=,1.665008e-07
line:4564, iter,=292, rr0=,3.877790e+13, rr=,3.653287e+01, rs0=,5.647694e+06, rs=,1.625454e-07
line:4564, iter,=290, rr0=,3.872275e+13, rr=,3.800327e+01, rs0=,5.955451e+06, rs=,1.665703e-07
line:4564, iter,=291, rr0=,3.865145e+13, rr=,3.688319e+01, rs0=,5.866352e+06, rs=,1.623864e-07
line:4564, iter,=293, rr0=,3.859672e+13, rr=,3.799137e+01, rs0=,5.743667e+06, rs=,1.669848e-07
line:4564, iter,=295, rr0=,3.852664e+13, rr=,3.777061e+01, rs0=,5.471376e+06, rs=,1.683324e-07
line:4564, iter,=295, rr0=,3.843352e+13, rr=,3.814761e+01, rs0=,5.571049e+06, rs=,1.752261e-07
line:4564, iter,=296, rr0=,3.834357e+13, rr=,3.795115e+01, rs0=,5.737389e+06, rs=,1.734086e-07
line:4564, iter,=298, rr0=,3.823012e+13, rr=,3.635358e+01, rs0=,5.482242e+06, rs=,1.634483e-07
line:4564, iter,=299, rr0=,3.810924e+13, rr=,3.782989e+01, rs0=,5.601965e+06, rs=,1.622809e-07
line:4564, iter,=300, rr0=,3.796206e+13, rr=,3.491268e+01, rs0=,5.887629e+06, rs=,1.452866e-07
line:4564, iter,=292, rr0=,3.771522e+13, rr=,3.589424e+01, rs0=,5.317841e+06, rs=,1.443197e-07
line:4564, iter,=291, rr0=,3.751418e+13, rr=,3.749866e+01, rs0=,5.167118e+06, rs=,1.303752e-07
line:4564, iter,=285, rr0=,3.734622e+13, rr=,3.702140e+01, rs0=,4.941316e+06, rs=,1.455879e-07
line:4564, iter,=283, rr0=,3.716716e+13, rr=,3.570761e+01, rs0=,5.305385e+06, rs=,1.493768e-07
line:4564, iter,=285, rr0=,3.700462e+13, rr=,3.517155e+01, rs0=,5.340595e+06, rs=,1.396999e-07
line:4564, iter,=289, rr0=,3.685015e+13, rr=,3.539796e+01, rs0=,5.512233e+06, rs=,1.353389e-07
line:4564, iter,=291, rr0=,3.669706e+13, rr=,3.524869e+01, rs0=,6.167067e+06, rs=,1.340831e-07
line:4564, iter,=296, rr0=,3.654653e+13, rr=,3.554240e+01, rs0=,5.441189e+06, rs=,1.439511e-07
line:4564, iter,=294, rr0=,3.641208e+13, rr=,3.630423e+01, rs0=,5.411526e+06, rs=,1.542131e-07
line:4564, iter,=294, rr0=,3.629666e+13, rr=,3.626535e+01, rs0=,4.941991e+06, rs=,1.490898e-07
line:4564, iter,=297, rr0=,3.618717e+13, rr=,3.577753e+01, rs0=,4.748714e+06, rs=,1.596183e-07
@ Vtk Output Time : 1.400000e+00
line:4564, iter,=298, rr0=,3.610104e+13, rr=,3.609591e+01, rs0=,4.840736e+06, rs=,1.702463e-07
line:4564, iter,=299, rr0=,3.604974e+13, rr=,3.456219e+01, rs0=,5.122498e+06, rs=,1.643267e-07
line:4564, iter,=301, rr0=,3.602601e+13, rr=,3.470850e+01, rs0=,4.600442e+06, rs=,1.636244e-07
line:4564, iter,=304, rr0=,3.603226e+13, rr=,3.438926e+01, rs0=,5.184844e+06, rs=,1.537746e-07
line:4564, iter,=302, rr0=,3.607991e+13, rr=,3.586386e+01, rs0=,7.494766e+06, rs=,1.590042e-07
line:4564, iter,=300, rr0=,3.609795e+13, rr=,3.609129e+01, rs0=,5.025396e+06, rs=,1.558028e-07
line:4564, iter,=301, rr0=,3.608201e+13, rr=,3.587332e+01, rs0=,4.562606e+06, rs=,1.587951e-07
line:4564, iter,=301, rr0=,3.605092e+13, rr=,3.587388e+01, rs0=,4.422538e+06, rs=,1.606043e-07
line:4564, iter,=300, rr0=,3.598795e+13, rr=,3.549334e+01, rs0=,5.166238e+06, rs=,1.598025e-07
line:4564, iter,=300, rr0=,3.589934e+13, rr=,3.399098e+01, rs0=,5.141334e+06, rs=,1.488060e-07
line:4564, iter,=299, rr0=,3.579928e+13, rr=,3.515441e+01, rs0=,5.141094e+06, rs=,1.521340e-07
line:4564, iter,=300, rr0=,3.569238e+13, rr=,3.470490e+01, rs0=,5.142920e+06, rs=,1.529087e-07
line:4564, iter,=297, rr0=,3.557485e+13, rr=,3.480842e+01, rs0=,5.166625e+06, rs=,1.519796e-07
line:4564, iter,=292, rr0=,3.545126e+13, rr=,3.511450e+01, rs0=,5.191954e+06, rs=,1.528805e-07
line:4564, iter,=289, rr0=,3.532566e+13, rr=,3.372309e+01, rs0=,5.220404e+06, rs=,1.496937e-07
line:4564, iter,=288, rr0=,3.521520e+13, rr=,3.254472e+01, rs0=,5.253429e+06, rs=,1.470158e-07
line:4564, iter,=287, rr0=,3.509953e+13, rr=,3.506379e+01, rs0=,4.426300e+06, rs=,1.554650e-07
line:4564, iter,=289, rr0=,3.497679e+13, rr=,3.414663e+01, rs0=,4.359151e+06, rs=,1.448199e-07
line:4564, iter,=292, rr0=,3.484768e+13, rr=,3.372296e+01, rs0=,4.354836e+06, rs=,1.402586e-07
line:4564, iter,=289, rr0=,3.470752e+13, rr=,3.374286e+01, rs0=,4.350541e+06, rs=,1.425643e-07
line:4564, iter,=292, rr0=,3.455729e+13, rr=,3.339246e+01, rs0=,4.349008e+06, rs=,1.336033e-07
line:4564, iter,=294, rr0=,3.440411e+13, rr=,3.353947e+01, rs0=,4.342484e+06, rs=,1.357928e-07
line:4564, iter,=298, rr0=,3.427102e+13, rr=,3.261215e+01, rs0=,4.336589e+06, rs=,1.304222e-07
line:4564, iter,=299, rr0=,3.415078e+13, rr=,3.205111e+01, rs0=,4.350990e+06, rs=,1.297887e-07
line:4564, iter,=296, rr0=,3.402345e+13, rr=,3.321383e+01, rs0=,4.493892e+06, rs=,1.374031e-07
@ Vtk Output Time : 1.450000e+00
line:4564, iter,=294, rr0=,3.391077e+13, rr=,3.361747e+01, rs0=,4.621825e+06, rs=,1.415110e-07
line:4564, iter,=292, rr0=,3.379993e+13, rr=,3.199982e+01, rs0=,4.515666e+06, rs=,1.382461e-07
line:4564, iter,=312, rr0=,3.369916e+13, rr=,3.344319e+01, rs0=,4.363731e+06, rs=,1.131429e-07
line:4564, iter,=313, rr0=,3.360616e+13, rr=,3.274325e+01, rs0=,4.253390e+06, rs=,1.106303e-07
line:4564, iter,=302, rr0=,3.345416e+13, rr=,3.325819e+01, rs0=,4.126813e+06, rs=,1.152989e-07
line:4564, iter,=295, rr0=,3.329226e+13, rr=,3.054150e+01, rs0=,4.048911e+06, rs=,1.152420e-07
line:4564, iter,=289, rr0=,3.319618e+13, rr=,3.204216e+01, rs0=,3.973206e+06, rs=,1.270011e-07
line:4564, iter,=284, rr0=,3.312072e+13, rr=,3.076385e+01, rs0=,3.674278e+06, rs=,1.426174e-07
line:4564, iter,=287, rr0=,3.304354e+13, rr=,3.153214e+01, rs0=,3.669443e+06, rs=,1.394603e-07
line:4564, iter,=296, rr0=,3.296841e+13, rr=,3.130840e+01, rs0=,3.746750e+06, rs=,1.214115e-07
line:4564, iter,=323, rr0=,3.290075e+13, rr=,3.091616e+01, rs0=,3.679845e+06, rs=,1.358637e-07
line:4564, iter,=324, rr0=,3.283384e+13, rr=,3.204231e+01, rs0=,3.577237e+06, rs=,1.335366e-07
line:4564, iter,=309, rr0=,3.275999e+13, rr=,3.146236e+01, rs0=,3.537853e+06, rs=,1.065574e-07
line:4564, iter,=297, rr0=,3.272857e+13, rr=,3.203302e+01, rs0=,3.527655e+06, rs=,1.201011e-07
line:4564, iter,=301, rr0=,3.271402e+13, rr=,3.223495e+01, rs0=,3.552143e+06, rs=,1.080020e-07
line:4564, iter,=310, rr0=,3.269040e+13, rr=,3.086404e+01, rs0=,3.559456e+06, rs=,1.194330e-07
line:4564, iter,=326, rr0=,3.263119e+13, rr=,3.138516e+01, rs0=,3.307320e+06, rs=,1.476308e-07
line:4564, iter,=332, rr0=,3.248115e+13, rr=,2.977326e+01, rs0=,3.409410e+06, rs=,1.649485e-07
line:4564, iter,=331, rr0=,3.230081e+13, rr=,3.059947e+01, rs0=,3.431861e+06, rs=,1.355671e-07
line:4564, iter,=317, rr0=,3.220459e+13, rr=,3.105817e+01, rs0=,3.386416e+06, rs=,9.543525e-08
line:4564, iter,=289, rr0=,3.215143e+13, rr=,3.182535e+01, rs0=,3.376539e+06, rs=,1.473507e-07
line:4564, iter,=299, rr0=,3.210390e+13, rr=,3.077816e+01, rs0=,3.352876e+06, rs=,1.101166e-07
line:4564, iter,=297, rr0=,3.204492e+13, rr=,3.138266e+01, rs0=,3.341560e+06, rs=,1.087425e-07
line:4564, iter,=301, rr0=,3.198041e+13, rr=,3.125739e+01, rs0=,3.336998e+06, rs=,1.059853e-07
line:4564, iter,=302, rr0=,3.192225e+13, rr=,3.019149e+01, rs0=,3.351412e+06, rs=,1.040508e-07
@ Vtk Output Time : 1.500000e+00
line:4564, iter,=291, rr0=,3.185863e+13, rr=,3.144344e+01, rs0=,3.350865e+06, rs=,1.153284e-07
line:4564, iter,=283, rr0=,3.178835e+13, rr=,3.111976e+01, rs0=,3.816214e+06, rs=,1.294977e-07
line:4564, iter,=298, rr0=,3.171033e+13, rr=,3.065027e+01, rs0=,3.908242e+06, rs=,1.121975e-07
line:4564, iter,=299, rr0=,3.163486e+13, rr=,2.972133e+01, rs0=,3.944050e+06, rs=,1.156700e-07
line:4564, iter,=289, rr0=,3.155870e+13, rr=,3.149493e+01, rs0=,3.940346e+06, rs=,1.254506e-07
line:4564, iter,=288, rr0=,3.148796e+13, rr=,2.996244e+01, rs0=,3.967937e+06, rs=,1.155792e-07
line:4564, iter,=282, rr0=,3.141517e+13, rr=,3.024787e+01, rs0=,4.641169e+06, rs=,1.217075e-07
line:4564, iter,=283, rr0=,3.134216e+13, rr=,3.010679e+01, rs0=,4.475808e+06, rs=,1.195734e-07
line:4564, iter,=282, rr0=,3.125883e+13, rr=,3.075185e+01, rs0=,4.089168e+06, rs=,1.179806e-07
line:4564, iter,=285, rr0=,3.116605e+13, rr=,2.996112e+01, rs0=,4.682356e+06, rs=,9.973143e-08
line:4564, iter,=294, rr0=,3.107415e+13, rr=,3.092346e+01, rs0=,4.878933e+06, rs=,9.188538e-08
line:4564, iter,=304, rr0=,3.098730e+13, rr=,2.942589e+01, rs0=,4.951254e+06, rs=,8.771368e-08
line:4564, iter,=310, rr0=,3.090799e+13, rr=,3.013232e+01, rs0=,4.991578e+06, rs=,9.255658e-08
line:4564, iter,=316, rr0=,3.083006e+13, rr=,2.991094e+01, rs0=,4.504104e+06, rs=,9.673708e-08
line:4564, iter,=320, rr0=,3.075080e+13, rr=,3.059329e+01, rs0=,4.555200e+06, rs=,1.063839e-07
line:4564, iter,=322, rr0=,3.067073e+13, rr=,2.951643e+01, rs0=,4.660550e+06, rs=,1.104720e-07
line:4564, iter,=321, rr0=,3.059297e+13, rr=,2.938640e+01, rs0=,4.997714e+06, rs=,1.173644e-07
line:4564, iter,=321, rr0=,3.051869e+13, rr=,2.824360e+01, rs0=,5.980988e+06, rs=,1.168965e-07
line:4564, iter,=320, rr0=,3.044689e+13, rr=,2.988019e+01, rs0=,5.396015e+06, rs=,1.244973e-07
line:4564, iter,=319, rr0=,3.037880e+13, rr=,2.994046e+01, rs0=,4.591286e+06, rs=,1.238170e-07
line:4564, iter,=320, rr0=,3.031994e+13, rr=,2.813506e+01, rs0=,4.252561e+06, rs=,1.135334e-07
line:4564, iter,=319, rr0=,3.026437e+13, rr=,2.910977e+01, rs0=,4.044681e+06, rs=,1.187741e-07
line:4564, iter,=321, rr0=,3.021185e+13, rr=,2.958888e+01, rs0=,3.959403e+06, rs=,1.163955e-07
line:4564, iter,=322, rr0=,3.015734e+13, rr=,2.923448e+01, rs0=,4.209987e+06, rs=,1.122587e-07
line:4564, iter,=321, rr0=,3.010392e+13, rr=,2.880221e+01, rs0=,3.969213e+06, rs=,1.077742e-07
@ Vtk Output Time : 1.550000e+00
line:4564, iter,=319, rr0=,3.004808e+13, rr=,2.974446e+01, rs0=,3.905191e+06, rs=,1.072045e-07
line:4564, iter,=319, rr0=,2.999403e+13, rr=,2.958188e+01, rs0=,3.951200e+06, rs=,1.043374e-07
line:4564, iter,=317, rr0=,2.994262e+13, rr=,2.948642e+01, rs0=,4.064460e+06, rs=,9.822887e-08
line:4564, iter,=307, rr0=,2.989684e+13, rr=,2.962688e+01, rs0=,4.072808e+06, rs=,9.736350e-08
line:4564, iter,=294, rr0=,2.985240e+13, rr=,2.967291e+01, rs0=,4.120557e+06, rs=,1.254272e-07
line:4564, iter,=297, rr0=,2.981060e+13, rr=,2.905757e+01, rs0=,4.171464e+06, rs=,1.279379e-07
line:4564, iter,=297, rr0=,2.976296e+13, rr=,2.867887e+01, rs0=,4.232850e+06, rs=,1.294449e-07
line:4564, iter,=296, rr0=,2.970806e+13, rr=,2.970793e+01, rs0=,5.460368e+06, rs=,1.375289e-07
line:4564, iter,=296, rr0=,2.964666e+13, rr=,2.949564e+01, rs0=,5.458028e+06, rs=,1.297620e-07
line:4564, iter,=299, rr0=,2.958504e+13, rr=,2.898988e+01, rs0=,5.440978e+06, rs=,1.217925e-07
line:4564, iter,=302, rr0=,2.952337e+13, rr=,2.808111e+01, rs0=,5.433413e+06, rs=,1.083055e-07
line:4564, iter,=303, rr0=,2.945791e+13, rr=,2.863691e+01, rs0=,5.418019e+06, rs=,1.049237e-07
line:4564, iter,=305, rr0=,2.938732e+13, rr=,2.802985e+01, rs0=,5.407335e+06, rs=,1.028577e-07
line:4564, iter,=306, rr0=,2.930892e+13, rr=,2.917989e+01, rs0=,5.368420e+06, rs=,1.090598e-07
line:4564, iter,=308, rr0=,2.923120e+13, rr=,2.742339e+01, rs0=,5.372763e+06, rs=,1.051962e-07
line:4564, iter,=308, rr0=,2.915724e+13, rr=,2.740628e+01, rs0=,5.447011e+06, rs=,1.047357e-07
line:4564, iter,=306, rr0=,2.907918e+13, rr=,2.864947e+01, rs0=,5.437404e+06, rs=,1.087643e-07
line:4564, iter,=278, rr0=,2.900437e+13, rr=,2.835523e+01, rs0=,5.429165e+06, rs=,1.195989e-07
line:4564, iter,=279, rr0=,2.893527e+13, rr=,2.867681e+01, rs0=,5.426496e+06, rs=,1.155536e-07
line:4564, iter,=283, rr0=,2.886567e+13, rr=,2.777680e+01, rs0=,5.046556e+06, rs=,1.060574e-07
line:4564, iter,=284, rr0=,2.879225e+13, rr=,2.851526e+01, rs0=,5.043981e+06, rs=,1.084380e-07
line:4564, iter,=282, rr0=,2.871702e+13, rr=,2.790849e+01, rs0=,5.020283e+06, rs=,1.177860e-07
line:4564, iter,=289, rr0=,2.862960e+13, rr=,2.712007e+01, rs0=,5.044718e+06, rs=,1.263360e-07
line:4564, iter,=287, rr0=,2.780461e+13, rr=,2.763302e+01, rs0=,5.027318e+06, rs=,1.188668e-07
line:4564, iter,=281, rr0=,2.741013e+13, rr=,2.680546e+01, rs0=,5.095764e+06, rs=,1.137366e-07
@ Vtk Output Time : 1.600000e+00
line:4564, iter,=295, rr0=,2.726620e+13, rr=,2.676368e+01, rs0=,5.077199e+06, rs=,8.621707e-08
line:4564, iter,=294, rr0=,2.716139e+13, rr=,2.580689e+01, rs0=,5.068979e+06, rs=,8.384112e-08
line:4564, iter,=290, rr0=,2.707348e+13, rr=,2.606280e+01, rs0=,5.070334e+06, rs=,9.352146e-08
line:4564, iter,=287, rr0=,2.699330e+13, rr=,2.621324e+01, rs0=,5.063174e+06, rs=,1.053617e-07
line:4564, iter,=287, rr0=,2.691521e+13, rr=,2.562636e+01, rs0=,5.070523e+06, rs=,1.087789e-07
line:4564, iter,=294, rr0=,2.684068e+13, rr=,2.628272e+01, rs0=,5.123617e+06, rs=,1.062063e-07
line:4564, iter,=310, rr0=,2.670643e+13, rr=,2.563579e+01, rs0=,5.199430e+06, rs=,1.066858e-07
line:4564, iter,=306, rr0=,2.641920e+13, rr=,2.571537e+01, rs0=,5.121639e+06, rs=,1.105539e-07
line:4564, iter,=297, rr0=,2.626345e+13, rr=,2.593781e+01, rs0=,5.044218e+06, rs=,1.083783e-07
line:4564, iter,=288, rr0=,2.618636e+13, rr=,2.436959e+01, rs0=,4.976517e+06, rs=,1.005280e-07
line:4564, iter,=285, rr0=,2.613424e+13, rr=,2.491075e+01, rs0=,4.926575e+06, rs=,1.025663e-07
line:4564, iter,=285, rr0=,2.609301e+13, rr=,2.474062e+01, rs0=,4.905730e+06, rs=,1.034511e-07
line:4564, iter,=288, rr0=,2.605264e+13, rr=,2.469871e+01, rs0=,4.885301e+06, rs=,1.027024e-07
line:4564, iter,=289, rr0=,2.600267e+13, rr=,2.473492e+01, rs0=,4.872208e+06, rs=,1.052065e-07
line:4564, iter,=290, rr0=,2.593918e+13, rr=,2.559042e+01, rs0=,4.852178e+06, rs=,1.044149e-07
line:4564, iter,=290, rr0=,2.586882e+13, rr=,2.403363e+01, rs0=,4.859382e+06, rs=,9.563360e-08
line:4564, iter,=290, rr0=,2.580207e+13, rr=,2.555060e+01, rs0=,4.879588e+06, rs=,1.007123e-07
line:4564, iter,=291, rr0=,2.574409e+13, rr=,2.508174e+01, rs0=,4.887778e+06, rs=,1.007700e-07
line:4564, iter,=291, rr0=,2.569180e+13, rr=,2.435462e+01, rs0=,4.891569e+06, rs=,9.642963e-08
line:4564, iter,=292, rr0=,2.564212e+13, rr=,2.414144e+01, rs0=,4.913093e+06, rs=,9.732992e-08
line:4564, iter,=294, rr0=,2.559231e+13, rr=,2.456877e+01, rs0=,3.178842e+06, rs=,9.565102e-08
line:4564, iter,=296, rr0=,2.554319e+13, rr=,2.393253e+01, rs0=,3.097271e+06, rs=,9.675301e-08
line:4564, iter,=294, rr0=,2.549100e+13, rr=,2.548264e+01, rs0=,3.212891e+06, rs=,1.065076e-07
line:4564, iter,=291, rr0=,2.543776e+13, rr=,2.470838e+01, rs0=,3.309744e+06, rs=,1.053356e-07
line:4564, iter,=288, rr0=,2.538543e+13, rr=,2.533822e+01, rs0=,3.371216e+06, rs=,1.115418e-07
@ Vtk Output Time : 1.650000e+00
line:4564, iter,=289, rr0=,2.533332e+13, rr=,2.347686e+01, rs0=,3.391498e+06, rs=,1.026256e-07
line:4564, iter,=291, rr0=,2.527683e+13, rr=,2.448839e+01, rs0=,3.395874e+06, rs=,9.990038e-08
line:4564, iter,=295, rr0=,2.521828e+13, rr=,2.482926e+01, rs0=,3.338787e+06, rs=,9.376386e-08
line:4564, iter,=301, rr0=,2.515524e+13, rr=,2.379153e+01, rs0=,3.288679e+06, rs=,8.293550e-08
line:4564, iter,=308, rr0=,2.509252e+13, rr=,2.506892e+01, rs0=,3.217173e+06, rs=,8.031098e-08
line:4564, iter,=313, rr0=,2.502582e+13, rr=,2.435088e+01, rs0=,3.138717e+06, rs=,7.751996e-08
line:4564, iter,=294, rr0=,2.495818e+13, rr=,2.381121e+01, rs0=,3.074185e+06, rs=,9.443488e-08
line:4564, iter,=293, rr0=,2.489663e+13, rr=,2.451848e+01, rs0=,3.043917e+06, rs=,1.069302e-07
line:4564, iter,=302, rr0=,2.484291e+13, rr=,2.425981e+01, rs0=,3.030733e+06, rs=,1.147221e-07
line:4564, iter,=307, rr0=,2.475681e+13, rr=,2.376691e+01, rs0=,3.224395e+06, rs=,1.083121e-07
line:4564, iter,=304, rr0=,2.463923e+13, rr=,2.448559e+01, rs0=,3.581761e+06, rs=,1.060236e-07
line:4564, iter,=294, rr0=,2.452505e+13, rr=,2.339627e+01, rs0=,3.833268e+06, rs=,1.058382e-07
line:4564, iter,=298, rr0=,2.444536e+13, rr=,2.366630e+01, rs0=,3.955035e+06, rs=,9.444152e-08
line:4564, iter,=302, rr0=,2.441588e+13, rr=,2.344904e+01, rs0=,3.986851e+06, rs=,9.062556e-08
line:4564, iter,=299, rr0=,2.440943e+13, rr=,2.384115e+01, rs0=,3.932056e+06, rs=,9.385123e-08
line:4564, iter,=290, rr0=,2.441164e+13, rr=,2.437071e+01, rs0=,3.810983e+06, rs=,1.087091e-07
line:4564, iter,=295, rr0=,2.441994e+13, rr=,2.399596e+01, rs0=,3.585186e+06, rs=,9.313388e-08
line:4564, iter,=293, rr0=,2.442972e+13, rr=,2.413665e+01, rs0=,3.346364e+06, rs=,9.080833e-08
line:4564, iter,=287, rr0=,2.444352e+13, rr=,2.374310e+01, rs0=,3.093368e+06, rs=,9.849099e-08
line:4564, iter,=286, rr0=,2.445924e+13, rr=,2.309476e+01, rs0=,2.878873e+06, rs=,9.915691e-08
line:4564, iter,=286, rr0=,2.447482e+13, rr=,2.344935e+01, rs0=,3.019905e+06, rs=,1.048830e-07
line:4564, iter,=289, rr0=,2.449117e+13, rr=,2.399827e+01, rs0=,3.046032e+06, rs=,1.008035e-07
line:4564, iter,=289, rr0=,2.451175e+13, rr=,2.394002e+01, rs0=,3.132420e+06, rs=,9.712047e-08
line:4564, iter,=289, rr0=,2.453696e+13, rr=,2.379759e+01, rs0=,3.158756e+06, rs=,9.258080e-08
line:4564, iter,=290, rr0=,2.456626e+13, rr=,2.350775e+01, rs0=,3.214216e+06, rs=,9.221422e-08
@ Vtk Output Time : 1.700000e+00
line:4564, iter,=289, rr0=,2.460230e+13, rr=,2.457314e+01, rs0=,3.179072e+06, rs=,9.907194e-08
line:4564, iter,=289, rr0=,2.464371e+13, rr=,2.332276e+01, rs0=,3.121549e+06, rs=,9.478851e-08
line:4564, iter,=289, rr0=,2.469027e+13, rr=,2.363769e+01, rs0=,3.044040e+06, rs=,9.508237e-08
line:4564, iter,=284, rr0=,2.473963e+13, rr=,2.385781e+01, rs0=,2.965628e+06, rs=,9.451472e-08
line:4564, iter,=291, rr0=,2.478755e+13, rr=,2.415154e+01, rs0=,2.928668e+06, rs=,8.639834e-08
line:4564, iter,=294, rr0=,2.483556e+13, rr=,2.446990e+01, rs0=,2.938801e+06, rs=,9.135266e-08
line:4564, iter,=296, rr0=,2.488255e+13, rr=,2.322953e+01, rs0=,3.034553e+06, rs=,9.475762e-08
line:4564, iter,=299, rr0=,2.492958e+13, rr=,2.413659e+01, rs0=,3.394971e+06, rs=,9.338193e-08
line:4564, iter,=309, rr0=,2.497277e+13, rr=,2.364484e+01, rs0=,3.695062e+06, rs=,8.491932e-08
line:4564, iter,=312, rr0=,2.498808e+13, rr=,2.453252e+01, rs0=,4.129302e+06, rs=,9.515959e-08
line:4564, iter,=307, rr0=,2.496683e+13, rr=,2.480671e+01, rs0=,4.364347e+06, rs=,1.070053e-07
line:4564, iter,=303, rr0=,2.496343e+13, rr=,2.352155e+01, rs0=,4.133155e+06, rs=,9.295928e-08
line:4564, iter,=287, rr0=,2.497115e+13, rr=,2.380090e+01, rs0=,3.946453e+06, rs=,1.080877e-07
line:4564, iter,=283, rr0=,2.497904e+13, rr=,2.432854e+01, rs0=,3.788626e+06, rs=,1.013722e-07
line:4564, iter,=279, rr0=,2.498067e+13, rr=,2.371345e+01, rs0=,3.317157e+06, rs=,1.046561e-07
line:4564, iter,=286, rr0=,2.497452e+13, rr=,2.427342e+01, rs0=,3.002030e+06, rs=,1.052723e-07
line:4564, iter,=288, rr0=,2.495702e+13, rr=,2.372405e+01, rs0=,3.623983e+06, rs=,1.045217e-07
line:4564, iter,=291, rr0=,2.492368e+13, rr=,2.427322e+01, rs0=,3.552356e+06, rs=,1.059367e-07
line:4564, iter,=295, rr0=,2.487646e+13, rr=,2.402837e+01, rs0=,3.701670e+06, rs=,1.037915e-07
line:4564, iter,=292, rr0=,2.482139e+13, rr=,2.287261e+01, rs0=,3.694073e+06, rs=,9.694722e-08
line:4564, iter,=286, rr0=,2.474954e+13, rr=,2.463690e+01, rs0=,3.631606e+06, rs=,1.004998e-07
line:4564, iter,=281, rr0=,2.467632e+13, rr=,2.449228e+01, rs0=,3.632836e+06, rs=,1.067196e-07
line:4564, iter,=279, rr0=,2.460849e+13, rr=,2.378857e+01, rs0=,3.596898e+06, rs=,1.101818e-07
line:4564, iter,=277, rr0=,2.454522e+13, rr=,2.426084e+01, rs0=,3.536628e+06, rs=,1.135013e-07
line:4564, iter,=276, rr0=,2.448020e+13, rr=,2.404394e+01, rs0=,3.502759e+06, rs=,1.141406e-07
@ Vtk Output Time : 1.750000e+00
line:4564, iter,=277, rr0=,2.442108e+13, rr=,2.390437e+01, rs0=,3.475707e+06, rs=,1.136871e-07
line:4564, iter,=278, rr0=,2.436193e+13, rr=,2.344361e+01, rs0=,3.456668e+06, rs=,1.123902e-07
line:4564, iter,=302, rr0=,2.429551e+13, rr=,2.341177e+01, rs0=,3.253373e+06, rs=,1.032553e-07
line:4564, iter,=300, rr0=,2.421710e+13, rr=,2.244484e+01, rs0=,3.224262e+06, rs=,1.021319e-07
line:4564, iter,=300, rr0=,2.412093e+13, rr=,2.384650e+01, rs0=,3.192919e+06, rs=,1.022767e-07
line:4564, iter,=300, rr0=,2.401140e+13, rr=,2.258849e+01, rs0=,3.197064e+06, rs=,9.540941e-08
line:4564, iter,=299, rr0=,2.389562e+13, rr=,2.221888e+01, rs0=,3.170916e+06, rs=,9.668852e-08
line:4564, iter,=296, rr0=,2.378060e+13, rr=,2.343552e+01, rs0=,3.146861e+06, rs=,1.027843e-07
line:4564, iter,=290, rr0=,2.367312e+13, rr=,2.353402e+01, rs0=,3.202552e+06, rs=,1.032542e-07
line:4564, iter,=284, rr0=,2.357988e+13, rr=,2.263916e+01, rs0=,3.185364e+06, rs=,1.022916e-07
line:4564, iter,=282, rr0=,2.349546e+13, rr=,2.308564e+01, rs0=,3.170048e+06, rs=,1.014615e-07
line:4564, iter,=283, rr0=,2.341550e+13, rr=,2.223423e+01, rs0=,3.155446e+06, rs=,9.523902e-08
line:4564, iter,=289, rr0=,2.333602e+13, rr=,2.227471e+01, rs0=,3.135872e+06, rs=,9.197207e-08
line:4564, iter,=293, rr0=,2.325641e+13, rr=,2.321541e+01, rs0=,3.114981e+06, rs=,9.756934e-08
line:4564, iter,=290, rr0=,2.317576e+13, rr=,2.231183e+01, rs0=,3.125696e+06, rs=,9.238641e-08
line:4564, iter,=290, rr0=,2.308563e+13, rr=,2.265191e+01, rs0=,3.061050e+06, rs=,9.185311e-08
line:4564, iter,=292, rr0=,2.299316e+13, rr=,2.118333e+01, rs0=,3.295749e+06, rs=,8.947162e-08
line:4564, iter,=297, rr0=,2.289910e+13, rr=,2.198716e+01, rs0=,3.277061e+06, rs=,9.187513e-08
line:4564, iter,=296, rr0=,2.277687e+13, rr=,2.204970e+01, rs0=,3.220470e+06, rs=,9.088906e-08
line:4564, iter,=292, rr0=,2.266704e+13, rr=,2.232972e+01, rs0=,3.169715e+06, rs=,9.332595e-08
line:4564, iter,=290, rr0=,2.258924e+13, rr=,2.196562e+01, rs0=,3.098457e+06, rs=,8.543770e-08
line:4564, iter,=288, rr0=,2.252929e+13, rr=,2.118485e+01, rs0=,2.762015e+06, rs=,8.919718e-08
line:4564, iter,=286, rr0=,2.247690e+13, rr=,2.232648e+01, rs0=,2.768499e+06, rs=,9.549522e-08
line:4564, iter,=286, rr0=,2.242997e+13, rr=,2.238569e+01, rs0=,2.784212e+06, rs=,9.477311e-08
line:4564, iter,=289, rr0=,2.238535e+13, rr=,2.235581e+01, rs0=,3.175126e+06, rs=,9.897295e-08
@ Vtk Output Time : 1.800000e+00
line:4564, iter,=293, rr0=,2.234127e+13, rr=,2.194944e+01, rs0=,3.124751e+06, rs=,9.484107e-08
line:4564, iter,=292, rr0=,2.229741e+13, rr=,2.163896e+01, rs0=,3.088865e+06, rs=,9.818911e-08
line:4564, iter,=294, rr0=,2.225243e+13, rr=,2.129600e+01, rs0=,3.363086e+06, rs=,9.558507e-08
line:4564, iter,=292, rr0=,2.220570e+13, rr=,2.162394e+01, rs0=,3.097344e+06, rs=,9.659444e-08
line:4564, iter,=294, rr0=,2.215441e+13, rr=,2.203840e+01, rs0=,3.043531e+06, rs=,9.970402e-08
line:4564, iter,=294, rr0=,2.209810e+13, rr=,2.144333e+01, rs0=,3.068671e+06, rs=,8.991921e-08
line:4564, iter,=289, rr0=,2.203922e+13, rr=,2.154198e+01, rs0=,3.231142e+06, rs=,1.053628e-07
line:4564, iter,=287, rr0=,2.198413e+13, rr=,2.092940e+01, rs0=,3.205129e+06, rs=,9.900564e-08
line:4564, iter,=297, rr0=,2.193373e+13, rr=,2.154654e+01, rs0=,4.449778e+06, rs=,1.029430e-07
line:4564, iter,=295, rr0=,2.188810e+13, rr=,2.152983e+01, rs0=,4.380659e+06, rs=,9.201622e-08
line:4564, iter,=290, rr0=,2.184495e+13, rr=,2.103020e+01, rs0=,4.143564e+06, rs=,9.166552e-08
line:4564, iter,=296, rr0=,2.180475e+13, rr=,2.019427e+01, rs0=,3.856143e+06, rs=,8.845823e-08
line:4564, iter,=298, rr0=,2.176757e+13, rr=,2.009485e+01, rs0=,3.417249e+06, rs=,8.858575e-08
line:4564, iter,=298, rr0=,2.172837e+13, rr=,2.097210e+01, rs0=,2.760176e+06, rs=,9.275727e-08
line:4564, iter,=298, rr0=,2.168984e+13, rr=,2.056725e+01, rs0=,3.210361e+06, rs=,9.362534e-08
line:4564, iter,=298, rr0=,2.165018e+13, rr=,1.999948e+01, rs0=,3.542734e+06, rs=,9.031731e-08
line:4564, iter,=297, rr0=,2.160911e+13, rr=,2.077808e+01, rs0=,3.767184e+06, rs=,9.190856e-08
line:4564, iter,=298, rr0=,2.156669e+13, rr=,2.020373e+01, rs0=,3.914493e+06, rs=,8.665590e-08
line:4564, iter,=298, rr0=,2.152079e+13, rr=,2.124916e+01, rs0=,4.015379e+06, rs=,8.875930e-08
line:4564, iter,=298, rr0=,2.147129e+13, rr=,2.126874e+01, rs0=,4.077475e+06, rs=,8.862192e-08
line:4564, iter,=299, rr0=,2.141865e+13, rr=,1.952525e+01, rs0=,4.102482e+06, rs=,8.280036e-08
line:4564, iter,=300, rr0=,2.136437e+13, rr=,1.913858e+01, rs0=,4.081638e+06, rs=,8.117442e-08
line:4564, iter,=301, rr0=,2.130611e+13, rr=,2.035296e+01, rs0=,4.015278e+06, rs=,8.513619e-08
line:4564, iter,=301, rr0=,2.124361e+13, rr=,1.944295e+01, rs0=,3.882075e+06, rs=,8.212905e-08
line:4564, iter,=303, rr0=,2.117870e+13, rr=,1.990079e+01, rs0=,3.590767e+06, rs=,8.390183e-08
@ Vtk Output Time : 1.850000e+00
line:4564, iter,=306, rr0=,2.111025e+13, rr=,2.014962e+01, rs0=,3.647598e+06, rs=,8.318208e-08
line:4564, iter,=312, rr0=,2.102857e+13, rr=,2.100628e+01, rs0=,4.350162e+06, rs=,8.903071e-08
line:4564, iter,=316, rr0=,2.091178e+13, rr=,2.013801e+01, rs0=,4.807394e+06, rs=,8.767500e-08
line:4564, iter,=312, rr0=,2.079076e+13, rr=,2.007240e+01, rs0=,5.010313e+06, rs=,8.505801e-08
line:4564, iter,=313, rr0=,2.070096e+13, rr=,1.957673e+01, rs0=,5.133613e+06, rs=,7.632103e-08
line:4564, iter,=313, rr0=,2.062684e+13, rr=,2.015277e+01, rs0=,5.192994e+06, rs=,7.943556e-08
line:4564, iter,=314, rr0=,2.055866e+13, rr=,2.043797e+01, rs0=,5.196272e+06, rs=,8.695136e-08
line:4564, iter,=311, rr0=,2.049147e+13, rr=,1.903250e+01, rs0=,5.142437e+06, rs=,8.561164e-08
line:4564, iter,=309, rr0=,2.042400e+13, rr=,1.967800e+01, rs0=,4.954626e+06, rs=,9.128786e-08
line:4564, iter,=310, rr0=,2.035610e+13, rr=,1.895373e+01, rs0=,4.621905e+06, rs=,8.687501e-08
line:4564, iter,=313, rr0=,2.028882e+13, rr=,1.895849e+01, rs0=,3.617265e+06, rs=,8.554643e-08
line:4564, iter,=314, rr0=,2.022060e+13, rr=,1.926940e+01, rs0=,3.045819e+06, rs=,8.727331e-08
line:4564, iter,=316, rr0=,2.014052e+13, rr=,1.949947e+01, rs0=,3.412901e+06, rs=,8.411240e-08
line:4564, iter,=313, rr0=,2.004680e+13, rr=,1.969460e+01, rs0=,3.591136e+06, rs=,9.101159e-08
line:4564, iter,=314, rr0=,1.993297e+13, rr=,1.891543e+01, rs0=,3.645094e+06, rs=,8.365350e-08
line:4564, iter,=318, rr0=,1.980497e+13, rr=,1.892339e+01, rs0=,3.654329e+06, rs=,7.946887e-08
line:4564, iter,=317, rr0=,1.967876e+13, rr=,1.889249e+01, rs0=,3.631336e+06, rs=,7.663222e-08
line:4564, iter,=316, rr0=,1.956499e+13, rr=,1.847504e+01, rs0=,3.603205e+06, rs=,7.496704e-08
line:4564, iter,=314, rr0=,1.946042e+13, rr=,1.824726e+01, rs0=,3.517842e+06, rs=,8.092578e-08
line:4564, iter,=316, rr0=,1.936353e+13, rr=,1.927920e+01, rs0=,3.270819e+06, rs=,7.687044e-08
line:4564, iter,=311, rr0=,1.926933e+13, rr=,1.878286e+01, rs0=,3.015241e+06, rs=,7.908405e-08
line:4564, iter,=311, rr0=,1.916921e+13, rr=,1.809137e+01, rs0=,2.762757e+06, rs=,7.659755e-08
line:4564, iter,=310, rr0=,1.906200e+13, rr=,1.803184e+01, rs0=,2.454510e+06, rs=,7.944632e-08
line:4564, iter,=310, rr0=,1.896443e+13, rr=,1.791409e+01, rs0=,3.022880e+06, rs=,7.757849e-08
line:4564, iter,=310, rr0=,1.887615e+13, rr=,1.876442e+01, rs0=,3.461452e+06, rs=,8.031759e-08
@ Vtk Output Time : 1.900000e+00
line:4564, iter,=311, rr0=,1.879903e+13, rr=,1.755776e+01, rs0=,3.746677e+06, rs=,7.403871e-08
line:4564, iter,=311, rr0=,1.873098e+13, rr=,1.736928e+01, rs0=,3.929189e+06, rs=,7.501775e-08
line:4564, iter,=311, rr0=,1.863519e+13, rr=,1.766099e+01, rs0=,3.945100e+06, rs=,8.078673e-08
line:4564, iter,=307, rr0=,1.852498e+13, rr=,1.821217e+01, rs0=,3.927434e+06, rs=,8.148906e-08
line:4564, iter,=305, rr0=,1.845673e+13, rr=,1.734096e+01, rs0=,3.822151e+06, rs=,7.806661e-08
line:4564, iter,=305, rr0=,1.839549e+13, rr=,1.793394e+01, rs0=,3.632627e+06, rs=,8.183085e-08
line:4564, iter,=306, rr0=,1.833526e+13, rr=,1.706842e+01, rs0=,3.295541e+06, rs=,7.754773e-08
line:4564, iter,=310, rr0=,1.827719e+13, rr=,1.676092e+01, rs0=,2.762180e+06, rs=,7.475331e-08
line:4564, iter,=313, rr0=,1.821951e+13, rr=,1.715630e+01, rs0=,2.368851e+06, rs=,7.010488e-08
line:4564, iter,=312, rr0=,1.816030e+13, rr=,1.716749e+01, rs0=,2.716921e+06, rs=,6.265391e-08
line:4564, iter,=307, rr0=,1.810035e+13, rr=,1.781152e+01, rs0=,2.898356e+06, rs=,5.668654e-08
line:4564, iter,=286, rr0=,1.803760e+13, rr=,1.779230e+01, rs0=,3.016018e+06, rs=,8.117316e-08
line:4564, iter,=307, rr0=,1.797065e+13, rr=,1.705593e+01, rs0=,3.063599e+06, rs=,5.612399e-08
line:4564, iter,=315, rr0=,1.789828e+13, rr=,1.719289e+01, rs0=,3.078363e+06, rs=,6.348601e-08
line:4564, iter,=317, rr0=,1.781872e+13, rr=,1.656012e+01, rs0=,3.060223e+06, rs=,6.474833e-08
line:4564, iter,=315, rr0=,1.773702e+13, rr=,1.718089e+01, rs0=,3.010185e+06, rs=,6.962581e-08
line:4564, iter,=309, rr0=,1.765744e+13, rr=,1.741265e+01, rs0=,2.913865e+06, rs=,7.065816e-08
line:4564, iter,=304, rr0=,1.758305e+13, rr=,1.654246e+01, rs0=,2.766228e+06, rs=,6.678641e-08
line:4564, iter,=298, rr0=,1.751673e+13, rr=,1.728591e+01, rs0=,2.563106e+06, rs=,6.627416e-08
line:4564, iter,=271, rr0=,1.745854e+13, rr=,1.690160e+01, rs0=,2.545118e+06, rs=,7.249193e-08
line:4564, iter,=292, rr0=,1.740382e+13, rr=,1.727836e+01, rs0=,3.195836e+06, rs=,6.615889e-08
line:4564, iter,=294, rr0=,1.734820e+13, rr=,1.622159e+01, rs0=,3.590416e+06, rs=,7.033236e-08
line:4564, iter,=299, rr0=,1.729311e+13, rr=,1.676983e+01, rs0=,3.824490e+06, rs=,6.797471e-08
line:4564, iter,=301, rr0=,1.724301e+13, rr=,1.720326e+01, rs0=,3.952031e+06, rs=,6.906858e-08
line:4564, iter,=297, rr0=,1.720200e+13, rr=,1.707492e+01, rs0=,4.005376e+06, rs=,6.949491e-08
@ Vtk Output Time : 1.950000e+00
line:4564, iter,=298, rr0=,1.717119e+13, rr=,1.692566e+01, rs0=,4.002031e+06, rs=,7.534851e-08
line:4564, iter,=304, rr0=,1.710005e+13, rr=,1.665957e+01, rs0=,3.909539e+06, rs=,6.072904e-08
line:4564, iter,=304, rr0=,1.696319e+13, rr=,1.620882e+01, rs0=,3.752880e+06, rs=,5.972329e-08
line:4564, iter,=301, rr0=,1.688592e+13, rr=,1.614957e+01, rs0=,3.577674e+06, rs=,6.058689e-08
line:4564, iter,=296, rr0=,1.685525e+13, rr=,1.647613e+01, rs0=,2.913792e+06, rs=,6.342848e-08
line:4564, iter,=295, rr0=,1.683796e+13, rr=,1.672694e+01, rs0=,2.488328e+06, rs=,6.390602e-08
line:4564, iter,=294, rr0=,1.682195e+13, rr=,1.644245e+01, rs0=,2.893468e+06, rs=,6.214214e-08
line:4564, iter,=293, rr0=,1.680126e+13, rr=,1.647156e+01, rs0=,3.093922e+06, rs=,6.466947e-08
line:4564, iter,=292, rr0=,1.677696e+13, rr=,1.550152e+01, rs0=,3.191166e+06, rs=,6.425924e-08
line:4564, iter,=290, rr0=,1.675309e+13, rr=,1.577005e+01, rs0=,3.240336e+06, rs=,6.920398e-08
line:4564, iter,=288, rr0=,1.673072e+13, rr=,1.645513e+01, rs0=,3.253516e+06, rs=,7.243761e-08
line:4564, iter,=287, rr0=,1.670893e+13, rr=,1.644170e+01, rs0=,3.242038e+06, rs=,7.302531e-08
line:4564, iter,=286, rr0=,1.669055e+13, rr=,1.666534e+01, rs0=,3.210070e+06, rs=,7.433468e-08
line:4564, iter,=285, rr0=,1.667555e+13, rr=,1.659452e+01, rs0=,3.030788e+06, rs=,7.276726e-08
line:4564, iter,=283, rr0=,1.666364e+13, rr=,1.624077e+01, rs0=,2.925668e+06, rs=,7.080634e-08
line:4564, iter,=282, rr0=,1.665314e+13, rr=,1.602036e+01, rs0=,2.740642e+06, rs=,7.156539e-08
line:4564, iter,=281, rr0=,1.664439e+13, rr=,1.610995e+01, rs0=,2.309611e+06, rs=,7.454442e-08
line:4564, iter,=282, rr0=,1.663270e+13, rr=,1.573482e+01, rs0=,3.328483e+06, rs=,7.219606e-08
line:4564, iter,=283, rr0=,1.661528e+13, rr=,1.645066e+01, rs0=,3.654458e+06, rs=,7.480559e-08
line:4564, iter,=283, rr0=,1.659636e+13, rr=,1.585226e+01, rs0=,3.814332e+06, rs=,7.350466e-08
line:4564, iter,=284, rr0=,1.658287e+13, rr=,1.536077e+01, rs0=,3.913001e+06, rs=,7.343020e-08
line:4564, iter,=284, rr0=,1.657423e+13, rr=,1.627823e+01, rs0=,3.908847e+06, rs=,7.496188e-08
line:4564, iter,=286, rr0=,1.656570e+13, rr=,1.595903e+01, rs0=,3.927073e+06, rs=,7.084131e-08
line:4564, iter,=287, rr0=,1.655410e+13, rr=,1.546657e+01, rs0=,3.901025e+06, rs=,6.579130e-08
@ Prof Output Time : 2.000000e+00
line:4564, iter,=285, rr0=,1.654123e+13, rr=,1.614947e+01, rs0=,3.826102e+06, rs=,6.881886e-08
@ Vtk Output Time : 2.000000e+00
end main roop at Sun Dec  3 15:58:59 2023

neighbor search:         3.244097 [CPU sec]
explicit calculation:    7.742124 [CPU sec]
implicit triplet:        0.000000 [CPU sec]
implicit insert:         0.000000 [CPU sec]
implicit matrix:         1.266592 [CPU sec]
implicit multiplication: 1.240480 [CPU sec]
precondition             93.869246 [CPU sec]
implicit solve         : 127.479032 [CPU sec]
virial calculation:      0.283898 [CPU sec]
other calculation:       2.906738 [CPU sec]
total:                   144.162961 [CPU sec]
total (check):           144.162961 [CPU sec]
