start reading files at Sun Dec  3 16:42:28 2023

omp_get_num_threads()=4
Invalid line in data file "
"
Invalid line in data file "
"
Invalid line in data file "
"
Invalid line in data file "
"
start initialization at Sun Dec  3 16:42:28 2023

N0a = 9.743096e-01, count=36
N0p = 5.500161e-01, count=8
line:1206 CellCount[DIM]: 21 22 1
line:1207 TotalCellCount: 462
line:1212 CellWidth[DIM]: 1.428571e-01 1.454545e-01 2.000000e-01
start main roop at Sun Dec  3 16:42:29 2023

@ Prof Output Time : 0.000000e+00
line:4564, iter,=11, rr0=,1.005006e+14, rr=,6.644106e+01, rs0=,2.445144e+08, rs=,3.283882e-05
@ Vtk Output Time : 0.000000e+00
line:4564, iter,=11, rr0=,1.008469e+14, rr=,3.960625e+01, rs0=,2.452871e+08, rs=,2.052684e-05
line:4564, iter,=11, rr0=,1.011844e+14, rr=,3.325535e+01, rs0=,2.460866e+08, rs=,1.719752e-05
line:4564, iter,=11, rr0=,1.015125e+14, rr=,3.052953e+01, rs0=,2.469057e+08, rs=,1.566984e-05
line:4564, iter,=11, rr0=,1.018278e+14, rr=,2.826064e+01, rs0=,2.476458e+08, rs=,1.455384e-05
line:4564, iter,=11, rr0=,1.021296e+14, rr=,2.671410e+01, rs0=,2.483521e+08, rs=,1.377848e-05
line:4564, iter,=11, rr0=,1.024181e+14, rr=,2.559014e+01, rs0=,2.490256e+08, rs=,1.320806e-05
line:4564, iter,=11, rr0=,1.026939e+14, rr=,2.472585e+01, rs0=,2.496678e+08, rs=,1.277271e-05
line:4564, iter,=11, rr0=,1.029574e+14, rr=,2.409416e+01, rs0=,2.502797e+08, rs=,1.246055e-05
line:4564, iter,=11, rr0=,1.032092e+14, rr=,2.370941e+01, rs0=,2.508627e+08, rs=,1.227193e-05
line:4564, iter,=11, rr0=,1.034497e+14, rr=,3.675440e+01, rs0=,2.512962e+08, rs=,1.893064e-05
line:4564, iter,=11, rr0=,1.036793e+14, rr=,3.569105e+01, rs0=,2.518238e+08, rs=,1.838637e-05
line:4564, iter,=11, rr0=,1.038984e+14, rr=,3.564272e+01, rs0=,2.524267e+08, rs=,1.817313e-05
line:4564, iter,=11, rr0=,1.041075e+14, rr=,3.483596e+01, rs0=,2.529026e+08, rs=,1.774452e-05
line:4564, iter,=11, rr0=,1.043052e+14, rr=,3.530971e+01, rs0=,2.533472e+08, rs=,1.801182e-05
line:4564, iter,=11, rr0=,1.044895e+14, rr=,3.582530e+01, rs0=,2.537581e+08, rs=,1.828648e-05
line:4564, iter,=11, rr0=,1.046606e+14, rr=,4.017227e+01, rs0=,2.541349e+08, rs=,1.990857e-05
line:4564, iter,=11, rr0=,1.048188e+14, rr=,3.898713e+01, rs0=,2.544875e+08, rs=,1.925177e-05
line:4564, iter,=11, rr0=,1.049630e+14, rr=,4.282914e+01, rs0=,2.547681e+08, rs=,2.133370e-05
line:4564, iter,=11, rr0=,1.050912e+14, rr=,4.091382e+01, rs0=,2.550172e+08, rs=,2.021626e-05
line:4564, iter,=11, rr0=,1.052031e+14, rr=,5.404286e+01, rs0=,2.552806e+08, rs=,2.713711e-05
line:4564, iter,=11, rr0=,1.052994e+14, rr=,5.612922e+01, rs0=,2.555349e+08, rs=,2.790964e-05
line:4564, iter,=11, rr0=,1.053811e+14, rr=,6.628017e+01, rs0=,2.557106e+08, rs=,3.366546e-05
line:4564, iter,=11, rr0=,1.054493e+14, rr=,6.626555e+01, rs0=,2.558338e+08, rs=,3.365969e-05
line:4564, iter,=11, rr0=,1.055050e+14, rr=,6.564414e+01, rs0=,2.559269e+08, rs=,3.333837e-05
line:4564, iter,=11, rr0=,1.055490e+14, rr=,6.279667e+01, rs0=,2.560423e+08, rs=,3.162778e-05
@ Vtk Output Time : 5.000000e-02
line:4564, iter,=11, rr0=,1.055823e+14, rr=,6.141401e+01, rs0=,2.560965e+08, rs=,3.094139e-05
line:4564, iter,=11, rr0=,1.056056e+14, rr=,6.452253e+01, rs0=,2.561362e+08, rs=,3.244035e-05
line:4564, iter,=11, rr0=,1.056198e+14, rr=,6.063160e+01, rs0=,2.561305e+08, rs=,3.055536e-05
line:4564, iter,=11, rr0=,1.056254e+14, rr=,5.669245e+01, rs0=,2.561007e+08, rs=,2.845280e-05
line:4564, iter,=11, rr0=,1.056223e+14, rr=,5.377434e+01, rs0=,2.560582e+08, rs=,2.680948e-05
line:4564, iter,=11, rr0=,1.056109e+14, rr=,5.125873e+01, rs0=,2.559921e+08, rs=,2.552382e-05
line:4564, iter,=11, rr0=,1.055914e+14, rr=,4.889756e+01, rs0=,2.559071e+08, rs=,2.432348e-05
line:4564, iter,=11, rr0=,1.055642e+14, rr=,4.888595e+01, rs0=,2.558127e+08, rs=,2.416672e-05
line:4564, iter,=11, rr0=,1.055293e+14, rr=,5.216566e+01, rs0=,2.556890e+08, rs=,2.563739e-05
line:4564, iter,=11, rr0=,1.054869e+14, rr=,4.983532e+01, rs0=,2.555555e+08, rs=,2.460853e-05
line:4564, iter,=11, rr0=,1.054374e+14, rr=,5.095106e+01, rs0=,2.554126e+08, rs=,2.493992e-05
line:4564, iter,=11, rr0=,1.053812e+14, rr=,4.515806e+01, rs0=,2.552338e+08, rs=,2.249433e-05
line:4564, iter,=11, rr0=,1.053187e+14, rr=,4.295844e+01, rs0=,2.550495e+08, rs=,2.124172e-05
line:4564, iter,=11, rr0=,1.052505e+14, rr=,3.874294e+01, rs0=,2.548617e+08, rs=,1.912300e-05
line:4564, iter,=11, rr0=,1.051769e+14, rr=,2.931245e+01, rs0=,2.546577e+08, rs=,1.441048e-05
line:4564, iter,=11, rr0=,1.050984e+14, rr=,2.605187e+01, rs0=,2.544276e+08, rs=,1.292158e-05
line:4564, iter,=10, rr0=,1.050152e+14, rr=,9.989184e+01, rs0=,2.542057e+08, rs=,5.414425e-05
line:4564, iter,=10, rr0=,1.049277e+14, rr=,9.702623e+01, rs0=,2.539541e+08, rs=,5.247346e-05
line:4564, iter,=10, rr0=,1.048362e+14, rr=,1.046469e+02, rs0=,2.537182e+08, rs=,5.693942e-05
line:4564, iter,=11, rr0=,1.047411e+14, rr=,2.420610e+01, rs0=,2.534406e+08, rs=,1.196027e-05
line:4564, iter,=10, rr0=,1.046426e+14, rr=,1.004544e+02, rs0=,2.531718e+08, rs=,5.392564e-05
line:4564, iter,=10, rr0=,1.045406e+14, rr=,9.792560e+01, rs0=,2.528989e+08, rs=,5.252934e-05
line:4564, iter,=10, rr0=,1.044352e+14, rr=,9.438426e+01, rs0=,2.526115e+08, rs=,5.046470e-05
line:4564, iter,=10, rr0=,1.043261e+14, rr=,9.445596e+01, rs0=,2.523146e+08, rs=,4.922044e-05
line:4564, iter,=10, rr0=,1.042136e+14, rr=,9.298573e+01, rs0=,2.520017e+08, rs=,4.837615e-05
@ Vtk Output Time : 1.000000e-01
line:4564, iter,=10, rr0=,1.040976e+14, rr=,8.842302e+01, rs0=,2.516993e+08, rs=,4.588680e-05
line:4564, iter,=10, rr0=,1.039786e+14, rr=,8.620409e+01, rs0=,2.513758e+08, rs=,4.471701e-05
line:4564, iter,=10, rr0=,1.038566e+14, rr=,8.365771e+01, rs0=,2.510566e+08, rs=,4.330000e-05
line:4564, iter,=10, rr0=,1.037317e+14, rr=,7.482843e+01, rs0=,2.507274e+08, rs=,3.888934e-05
line:4564, iter,=10, rr0=,1.036039e+14, rr=,6.943806e+01, rs0=,2.503953e+08, rs=,3.604193e-05
line:4564, iter,=10, rr0=,1.034734e+14, rr=,7.300474e+01, rs0=,2.500626e+08, rs=,3.748562e-05
line:4564, iter,=10, rr0=,1.033404e+14, rr=,7.779708e+01, rs0=,2.497077e+08, rs=,3.939385e-05
line:4564, iter,=10, rr0=,1.032051e+14, rr=,8.074337e+01, rs0=,2.493323e+08, rs=,4.078126e-05
line:4564, iter,=10, rr0=,1.030675e+14, rr=,8.137952e+01, rs0=,2.489550e+08, rs=,4.108920e-05
line:4564, iter,=10, rr0=,1.029276e+14, rr=,8.212435e+01, rs0=,2.485568e+08, rs=,4.068971e-05
line:4564, iter,=10, rr0=,1.027855e+14, rr=,8.227604e+01, rs0=,2.481935e+08, rs=,4.074183e-05
line:4564, iter,=10, rr0=,1.026411e+14, rr=,7.372906e+01, rs0=,2.477758e+08, rs=,3.682641e-05
line:4564, iter,=10, rr0=,1.024947e+14, rr=,7.305843e+01, rs0=,2.474075e+08, rs=,3.629203e-05
line:4564, iter,=10, rr0=,1.023466e+14, rr=,7.102825e+01, rs0=,2.470939e+08, rs=,3.528272e-05
line:4564, iter,=10, rr0=,1.021970e+14, rr=,6.959095e+01, rs0=,2.467240e+08, rs=,3.450123e-05
line:4564, iter,=10, rr0=,1.020461e+14, rr=,6.643456e+01, rs0=,2.462491e+08, rs=,3.301863e-05
line:4564, iter,=10, rr0=,1.018941e+14, rr=,6.667162e+01, rs0=,2.459442e+08, rs=,3.299396e-05
line:4564, iter,=10, rr0=,1.017413e+14, rr=,6.646198e+01, rs0=,2.455204e+08, rs=,3.252407e-05
line:4564, iter,=10, rr0=,1.015878e+14, rr=,7.191394e+01, rs0=,2.451135e+08, rs=,3.477696e-05
line:4564, iter,=10, rr0=,1.014336e+14, rr=,7.674006e+01, rs0=,2.446258e+08, rs=,3.697805e-05
line:4564, iter,=10, rr0=,1.012788e+14, rr=,7.583183e+01, rs0=,2.442098e+08, rs=,3.682780e-05
line:4564, iter,=10, rr0=,1.011236e+14, rr=,5.760779e+01, rs0=,2.438843e+08, rs=,2.864178e-05
line:4564, iter,=10, rr0=,1.009681e+14, rr=,5.681234e+01, rs0=,2.435303e+08, rs=,2.821118e-05
line:4564, iter,=10, rr0=,1.008126e+14, rr=,5.572653e+01, rs0=,2.431650e+08, rs=,2.769665e-05
line:4564, iter,=10, rr0=,1.006571e+14, rr=,4.680833e+01, rs0=,2.427632e+08, rs=,2.302431e-05
@ Vtk Output Time : 1.500000e-01
line:4564, iter,=10, rr0=,1.005017e+14, rr=,4.461127e+01, rs0=,2.424122e+08, rs=,2.190082e-05
line:4564, iter,=10, rr0=,1.003466e+14, rr=,4.512166e+01, rs0=,2.420143e+08, rs=,2.214947e-05
line:4564, iter,=10, rr0=,1.001918e+14, rr=,4.543908e+01, rs0=,2.416279e+08, rs=,2.243419e-05
line:4564, iter,=10, rr0=,1.000374e+14, rr=,4.294909e+01, rs0=,2.412528e+08, rs=,2.080577e-05
line:4564, iter,=10, rr0=,9.988365e+13, rr=,4.240035e+01, rs0=,2.408880e+08, rs=,2.048902e-05
line:4564, iter,=10, rr0=,9.973058e+13, rr=,4.162629e+01, rs0=,2.405145e+08, rs=,2.011351e-05
line:4564, iter,=10, rr0=,9.957823e+13, rr=,4.194804e+01, rs0=,2.401341e+08, rs=,2.017353e-05
line:4564, iter,=10, rr0=,9.942668e+13, rr=,3.748446e+01, rs0=,2.397487e+08, rs=,1.815083e-05
line:4564, iter,=10, rr0=,9.927592e+13, rr=,3.918660e+01, rs0=,2.393430e+08, rs=,1.883201e-05
line:4564, iter,=10, rr0=,9.912603e+13, rr=,3.743168e+01, rs0=,2.389665e+08, rs=,1.808669e-05
line:4564, iter,=10, rr0=,9.897713e+13, rr=,3.788941e+01, rs0=,2.386611e+08, rs=,1.830467e-05
line:4564, iter,=10, rr0=,9.882928e+13, rr=,3.747197e+01, rs0=,2.383079e+08, rs=,1.808687e-05
line:4564, iter,=10, rr0=,9.868255e+13, rr=,3.488332e+01, rs0=,2.379610e+08, rs=,1.659230e-05
line:4564, iter,=10, rr0=,9.853695e+13, rr=,3.434264e+01, rs0=,2.376088e+08, rs=,1.634166e-05
line:4564, iter,=10, rr0=,9.839255e+13, rr=,3.043096e+01, rs0=,2.372556e+08, rs=,1.446663e-05
line:4564, iter,=10, rr0=,9.824944e+13, rr=,3.427452e+01, rs0=,2.368702e+08, rs=,1.612227e-05
line:4564, iter,=10, rr0=,9.810762e+13, rr=,3.453210e+01, rs0=,2.364857e+08, rs=,1.614521e-05
line:4564, iter,=10, rr0=,9.796713e+13, rr=,3.538730e+01, rs0=,2.361039e+08, rs=,1.652014e-05
line:4564, iter,=10, rr0=,9.782798e+13, rr=,3.587528e+01, rs0=,2.357652e+08, rs=,1.663668e-05
line:4564, iter,=10, rr0=,9.769024e+13, rr=,3.551553e+01, rs0=,2.354324e+08, rs=,1.642165e-05
line:4564, iter,=10, rr0=,9.755396e+13, rr=,5.143676e+01, rs0=,2.349895e+08, rs=,2.458810e-05
line:4564, iter,=10, rr0=,9.741890e+13, rr=,4.886324e+01, rs0=,2.348193e+08, rs=,2.330583e-05
line:4564, iter,=10, rr0=,9.728497e+13, rr=,5.105867e+01, rs0=,2.344625e+08, rs=,2.437865e-05
line:4564, iter,=10, rr0=,9.715215e+13, rr=,5.541138e+01, rs0=,2.340927e+08, rs=,2.631602e-05
line:4564, iter,=10, rr0=,9.702046e+13, rr=,5.654063e+01, rs0=,2.337357e+08, rs=,2.652396e-05
@ Vtk Output Time : 2.000000e-01
line:4564, iter,=10, rr0=,9.688991e+13, rr=,5.823588e+01, rs0=,2.333817e+08, rs=,2.727574e-05
line:4564, iter,=10, rr0=,9.676047e+13, rr=,5.904791e+01, rs0=,2.331183e+08, rs=,2.759991e-05
line:4564, iter,=10, rr0=,9.663209e+13, rr=,5.879408e+01, rs0=,2.327989e+08, rs=,2.733162e-05
line:4564, iter,=10, rr0=,9.650479e+13, rr=,5.753489e+01, rs0=,2.325404e+08, rs=,2.679139e-05
line:4564, iter,=10, rr0=,9.637858e+13, rr=,5.897567e+01, rs0=,2.322092e+08, rs=,2.763157e-05
line:4564, iter,=10, rr0=,9.625346e+13, rr=,5.958207e+01, rs0=,2.318936e+08, rs=,2.799894e-05
line:4564, iter,=10, rr0=,9.612951e+13, rr=,4.424888e+01, rs0=,2.316292e+08, rs=,2.123474e-05
line:4564, iter,=10, rr0=,9.600534e+13, rr=,3.565294e+01, rs0=,2.313445e+08, rs=,1.672305e-05
line:4564, iter,=10, rr0=,9.587939e+13, rr=,5.464971e+01, rs0=,2.310249e+08, rs=,2.527958e-05
line:4564, iter,=10, rr0=,9.575452e+13, rr=,6.163915e+01, rs0=,2.306822e+08, rs=,2.938330e-05
line:4564, iter,=10, rr0=,9.562977e+13, rr=,7.060307e+01, rs0=,2.303322e+08, rs=,3.421187e-05
line:4564, iter,=10, rr0=,9.550454e+13, rr=,8.050453e+01, rs0=,2.300075e+08, rs=,3.806602e-05
line:4564, iter,=10, rr0=,9.537873e+13, rr=,7.986010e+01, rs0=,2.296792e+08, rs=,3.760879e-05
line:4564, iter,=10, rr0=,9.525258e+13, rr=,7.747392e+01, rs0=,2.292231e+08, rs=,3.694899e-05
line:4564, iter,=10, rr0=,9.512631e+13, rr=,7.399013e+01, rs0=,2.289064e+08, rs=,3.481134e-05
line:4564, iter,=10, rr0=,9.500026e+13, rr=,6.796602e+01, rs0=,2.285807e+08, rs=,3.204936e-05
line:4564, iter,=10, rr0=,9.487474e+13, rr=,6.179796e+01, rs0=,2.282583e+08, rs=,2.925107e-05
line:4564, iter,=10, rr0=,9.475007e+13, rr=,5.392275e+01, rs0=,2.280293e+08, rs=,2.614728e-05
line:4564, iter,=10, rr0=,9.462660e+13, rr=,5.031171e+01, rs0=,2.276641e+08, rs=,2.402598e-05
line:4564, iter,=10, rr0=,9.450453e+13, rr=,4.858495e+01, rs0=,2.273455e+08, rs=,2.315967e-05
line:4564, iter,=10, rr0=,9.438390e+13, rr=,4.892949e+01, rs0=,2.270868e+08, rs=,2.331894e-05
line:4564, iter,=10, rr0=,9.426485e+13, rr=,4.640151e+01, rs0=,2.268005e+08, rs=,2.176269e-05
line:4564, iter,=10, rr0=,9.414750e+13, rr=,4.303622e+01, rs0=,2.264905e+08, rs=,2.028519e-05
line:4564, iter,=10, rr0=,9.403197e+13, rr=,4.023044e+01, rs0=,2.262126e+08, rs=,1.902609e-05
line:4564, iter,=10, rr0=,9.391842e+13, rr=,4.168388e+01, rs0=,2.259357e+08, rs=,1.981228e-05
@ Vtk Output Time : 2.500000e-01
line:4564, iter,=10, rr0=,9.380690e+13, rr=,4.298752e+01, rs0=,2.256423e+08, rs=,2.038312e-05
line:4564, iter,=10, rr0=,9.369745e+13, rr=,4.678332e+01, rs0=,2.254210e+08, rs=,2.202639e-05
line:4564, iter,=10, rr0=,9.358917e+13, rr=,6.868079e+01, rs0=,2.251439e+08, rs=,3.239397e-05
line:4564, iter,=11, rr0=,9.348259e+13, rr=,2.287635e+01, rs0=,2.249233e+08, rs=,1.031687e-05
line:4564, iter,=11, rr0=,9.337786e+13, rr=,2.653979e+01, rs0=,2.246335e+08, rs=,1.198122e-05
line:4564, iter,=11, rr0=,9.327429e+13, rr=,2.767045e+01, rs0=,2.243923e+08, rs=,1.256048e-05
line:4564, iter,=11, rr0=,9.317167e+13, rr=,2.638699e+01, rs0=,2.241259e+08, rs=,1.208697e-05
line:4564, iter,=11, rr0=,9.307012e+13, rr=,2.405256e+01, rs0=,2.238655e+08, rs=,1.113896e-05
line:4564, iter,=11, rr0=,9.296985e+13, rr=,2.265059e+01, rs0=,2.236080e+08, rs=,1.047757e-05
line:4564, iter,=11, rr0=,9.287108e+13, rr=,2.175675e+01, rs0=,2.233538e+08, rs=,1.004719e-05
line:4564, iter,=10, rr0=,9.277416e+13, rr=,8.977407e+01, rs0=,2.231000e+08, rs=,4.093071e-05
line:4564, iter,=10, rr0=,9.267935e+13, rr=,8.574412e+01, rs0=,2.228446e+08, rs=,3.908347e-05
line:4564, iter,=10, rr0=,9.258683e+13, rr=,8.312723e+01, rs0=,2.226161e+08, rs=,3.787728e-05
line:4564, iter,=10, rr0=,9.249677e+13, rr=,8.021679e+01, rs0=,2.224015e+08, rs=,3.671623e-05
line:4564, iter,=10, rr0=,9.240931e+13, rr=,7.683455e+01, rs0=,2.221630e+08, rs=,3.516521e-05
line:4564, iter,=10, rr0=,9.232458e+13, rr=,7.629075e+01, rs0=,2.219774e+08, rs=,3.509740e-05
line:4564, iter,=10, rr0=,9.224270e+13, rr=,6.979076e+01, rs0=,2.217630e+08, rs=,3.225549e-05
line:4564, iter,=10, rr0=,9.216376e+13, rr=,6.915751e+01, rs0=,2.215685e+08, rs=,3.189249e-05
line:4564, iter,=10, rr0=,9.208778e+13, rr=,7.074344e+01, rs0=,2.213521e+08, rs=,3.268361e-05
line:4564, iter,=10, rr0=,9.201480e+13, rr=,6.866891e+01, rs0=,2.210988e+08, rs=,3.188954e-05
line:4564, iter,=10, rr0=,9.194489e+13, rr=,7.053346e+01, rs0=,2.208659e+08, rs=,3.276724e-05
line:4564, iter,=10, rr0=,9.187814e+13, rr=,7.185757e+01, rs0=,2.207160e+08, rs=,3.332949e-05
line:4564, iter,=10, rr0=,9.181459e+13, rr=,7.104190e+01, rs0=,2.205807e+08, rs=,3.272395e-05
line:4564, iter,=10, rr0=,9.175406e+13, rr=,7.149893e+01, rs0=,2.204538e+08, rs=,3.278418e-05
line:4564, iter,=10, rr0=,9.169663e+13, rr=,7.080415e+01, rs0=,2.203014e+08, rs=,3.263243e-05
@ Vtk Output Time : 3.000000e-01
line:4564, iter,=10, rr0=,9.164217e+13, rr=,6.862916e+01, rs0=,2.201603e+08, rs=,3.137051e-05
line:4564, iter,=10, rr0=,9.159068e+13, rr=,6.549357e+01, rs0=,2.200986e+08, rs=,3.050546e-05
line:4564, iter,=10, rr0=,9.154219e+13, rr=,8.195096e+01, rs0=,2.199465e+08, rs=,3.857853e-05
line:4564, iter,=10, rr0=,9.149669e+13, rr=,8.477505e+01, rs0=,2.198549e+08, rs=,3.969641e-05
line:4564, iter,=10, rr0=,9.145421e+13, rr=,7.623285e+01, rs0=,2.197724e+08, rs=,3.515483e-05
line:4564, iter,=10, rr0=,9.141478e+13, rr=,7.729191e+01, rs0=,2.196476e+08, rs=,3.565433e-05
line:4564, iter,=10, rr0=,9.137843e+13, rr=,7.960486e+01, rs0=,2.195372e+08, rs=,3.674663e-05
line:4564, iter,=10, rr0=,9.134521e+13, rr=,7.811011e+01, rs0=,2.194482e+08, rs=,3.604477e-05
line:4564, iter,=10, rr0=,9.131516e+13, rr=,7.530292e+01, rs0=,2.193471e+08, rs=,3.483997e-05
line:4564, iter,=10, rr0=,9.128829e+13, rr=,7.580728e+01, rs0=,2.192665e+08, rs=,3.518916e-05
line:4564, iter,=10, rr0=,9.126460e+13, rr=,7.609774e+01, rs0=,2.191607e+08, rs=,3.560633e-05
line:4564, iter,=10, rr0=,9.124411e+13, rr=,7.352276e+01, rs0=,2.191168e+08, rs=,3.459751e-05
line:4564, iter,=10, rr0=,9.122682e+13, rr=,9.024671e+01, rs0=,2.190441e+08, rs=,4.247492e-05
line:4564, iter,=10, rr0=,9.121277e+13, rr=,8.906091e+01, rs0=,2.190196e+08, rs=,4.177053e-05
line:4564, iter,=10, rr0=,9.120195e+13, rr=,8.523843e+01, rs0=,2.189886e+08, rs=,4.027985e-05
line:4564, iter,=10, rr0=,9.119436e+13, rr=,7.823577e+01, rs0=,2.189836e+08, rs=,3.748620e-05
line:4564, iter,=11, rr0=,9.118913e+13, rr=,2.441317e+01, rs0=,2.189648e+08, rs=,1.133107e-05
line:4564, iter,=11, rr0=,9.118595e+13, rr=,2.550735e+01, rs0=,2.189449e+08, rs=,1.191332e-05
line:4564, iter,=11, rr0=,9.118627e+13, rr=,2.376093e+01, rs0=,2.189052e+08, rs=,1.114016e-05
line:4564, iter,=11, rr0=,9.119017e+13, rr=,2.305195e+01, rs0=,2.188875e+08, rs=,1.074073e-05
line:4564, iter,=11, rr0=,9.119687e+13, rr=,2.331620e+01, rs0=,2.188658e+08, rs=,1.086563e-05
line:4564, iter,=11, rr0=,9.120634e+13, rr=,2.206513e+01, rs0=,2.189345e+08, rs=,1.036199e-05
line:4564, iter,=10, rr0=,9.121878e+13, rr=,8.891245e+01, rs0=,2.189294e+08, rs=,4.250025e-05
line:4564, iter,=10, rr0=,9.123429e+13, rr=,8.225911e+01, rs0=,2.189959e+08, rs=,3.911626e-05
line:4564, iter,=10, rr0=,9.125278e+13, rr=,7.957289e+01, rs0=,2.190023e+08, rs=,3.835934e-05
@ Vtk Output Time : 3.500000e-01
line:4564, iter,=10, rr0=,9.127429e+13, rr=,7.584462e+01, rs0=,2.190888e+08, rs=,3.661243e-05
line:4564, iter,=10, rr0=,9.129888e+13, rr=,7.335849e+01, rs0=,2.191418e+08, rs=,3.561669e-05
line:4564, iter,=10, rr0=,9.132663e+13, rr=,5.907208e+01, rs0=,2.191934e+08, rs=,2.833894e-05
line:4564, iter,=10, rr0=,9.135759e+13, rr=,6.178968e+01, rs0=,2.192587e+08, rs=,2.945415e-05
line:4564, iter,=10, rr0=,9.139182e+13, rr=,6.835711e+01, rs0=,2.192675e+08, rs=,3.254135e-05
line:4564, iter,=10, rr0=,9.142938e+13, rr=,7.976736e+01, rs0=,2.194368e+08, rs=,3.752134e-05
line:4564, iter,=10, rr0=,9.147029e+13, rr=,7.571919e+01, rs0=,2.194995e+08, rs=,3.578822e-05
line:4564, iter,=10, rr0=,9.151459e+13, rr=,7.797868e+01, rs0=,2.195844e+08, rs=,3.675991e-05
line:4564, iter,=11, rr0=,9.156229e+13, rr=,2.263637e+01, rs0=,2.197547e+08, rs=,1.072957e-05
line:4564, iter,=11, rr0=,9.161341e+13, rr=,2.285373e+01, rs0=,2.198910e+08, rs=,1.081089e-05
line:4564, iter,=10, rr0=,9.166796e+13, rr=,8.086160e+01, rs0=,2.199916e+08, rs=,3.856344e-05
line:4564, iter,=10, rr0=,9.172593e+13, rr=,7.222770e+01, rs0=,2.201566e+08, rs=,3.442300e-05
line:4564, iter,=10, rr0=,9.178731e+13, rr=,7.085472e+01, rs0=,2.202857e+08, rs=,3.372468e-05
line:4564, iter,=10, rr0=,9.185208e+13, rr=,7.105026e+01, rs0=,2.203973e+08, rs=,3.411975e-05
line:4564, iter,=10, rr0=,9.192019e+13, rr=,6.589035e+01, rs0=,2.205196e+08, rs=,3.156828e-05
line:4564, iter,=10, rr0=,9.199171e+13, rr=,7.662162e+01, rs0=,2.206948e+08, rs=,3.680000e-05
line:4564, iter,=10, rr0=,9.206660e+13, rr=,7.431121e+01, rs0=,2.208662e+08, rs=,3.557937e-05
line:4564, iter,=10, rr0=,9.214481e+13, rr=,7.553432e+01, rs0=,2.210185e+08, rs=,3.603692e-05
line:4564, iter,=10, rr0=,9.222632e+13, rr=,7.596859e+01, rs0=,2.212355e+08, rs=,3.622184e-05
line:4564, iter,=10, rr0=,9.231117e+13, rr=,8.452365e+01, rs0=,2.214411e+08, rs=,4.022869e-05
line:4564, iter,=10, rr0=,9.239928e+13, rr=,8.455028e+01, rs0=,2.216484e+08, rs=,3.985799e-05
line:4564, iter,=10, rr0=,9.249062e+13, rr=,8.716586e+01, rs0=,2.218628e+08, rs=,4.099998e-05
line:4564, iter,=10, rr0=,9.258519e+13, rr=,8.723874e+01, rs0=,2.220541e+08, rs=,4.102702e-05
line:4564, iter,=10, rr0=,9.268295e+13, rr=,8.428857e+01, rs0=,2.223053e+08, rs=,3.943279e-05
line:4564, iter,=10, rr0=,9.278390e+13, rr=,8.511640e+01, rs0=,2.225381e+08, rs=,4.001941e-05
@ Vtk Output Time : 4.000000e-01
line:4564, iter,=10, rr0=,9.288804e+13, rr=,8.043964e+01, rs0=,2.228222e+08, rs=,3.793981e-05
line:4564, iter,=10, rr0=,9.299524e+13, rr=,6.939279e+01, rs0=,2.230817e+08, rs=,3.291454e-05
line:4564, iter,=10, rr0=,9.310549e+13, rr=,6.631201e+01, rs0=,2.233603e+08, rs=,3.154225e-05
line:4564, iter,=10, rr0=,9.321884e+13, rr=,6.649292e+01, rs0=,2.235839e+08, rs=,3.142277e-05
line:4564, iter,=10, rr0=,9.333525e+13, rr=,6.582359e+01, rs0=,2.238588e+08, rs=,3.107917e-05
line:4564, iter,=10, rr0=,9.345468e+13, rr=,5.727026e+01, rs0=,2.241498e+08, rs=,2.716758e-05
line:4564, iter,=10, rr0=,9.357708e+13, rr=,5.547458e+01, rs0=,2.244349e+08, rs=,2.628979e-05
line:4564, iter,=10, rr0=,9.370242e+13, rr=,5.314777e+01, rs0=,2.247233e+08, rs=,2.529987e-05
line:4564, iter,=10, rr0=,9.383065e+13, rr=,6.379084e+01, rs0=,2.249725e+08, rs=,2.921452e-05
line:4564, iter,=10, rr0=,9.396172e+13, rr=,6.472945e+01, rs0=,2.252829e+08, rs=,2.977074e-05
line:4564, iter,=10, rr0=,9.409559e+13, rr=,6.159459e+01, rs0=,2.256041e+08, rs=,2.834415e-05
line:4564, iter,=10, rr0=,9.423223e+13, rr=,6.162177e+01, rs0=,2.259736e+08, rs=,2.839777e-05
line:4564, iter,=10, rr0=,9.437159e+13, rr=,6.293535e+01, rs0=,2.263194e+08, rs=,2.895939e-05
line:4564, iter,=10, rr0=,9.451363e+13, rr=,6.531030e+01, rs0=,2.266098e+08, rs=,2.988811e-05
line:4564, iter,=10, rr0=,9.465825e+13, rr=,6.192113e+01, rs0=,2.269570e+08, rs=,2.836396e-05
line:4564, iter,=10, rr0=,9.480545e+13, rr=,5.918552e+01, rs0=,2.273791e+08, rs=,2.752488e-05
line:4564, iter,=10, rr0=,9.495523e+13, rr=,5.794552e+01, rs0=,2.277218e+08, rs=,2.670840e-05
line:4564, iter,=10, rr0=,9.510752e+13, rr=,5.782422e+01, rs0=,2.280367e+08, rs=,2.674947e-05
line:4564, iter,=10, rr0=,9.526228e+13, rr=,5.788386e+01, rs0=,2.284721e+08, rs=,2.684807e-05
line:4564, iter,=10, rr0=,9.541949e+13, rr=,5.583456e+01, rs0=,2.288377e+08, rs=,2.577259e-05
line:4564, iter,=10, rr0=,9.557911e+13, rr=,5.647017e+01, rs0=,2.291544e+08, rs=,2.614962e-05
line:4564, iter,=10, rr0=,9.574112e+13, rr=,5.836096e+01, rs0=,2.295066e+08, rs=,2.702341e-05
line:4564, iter,=10, rr0=,9.590548e+13, rr=,5.783585e+01, rs0=,2.298670e+08, rs=,2.680246e-05
line:4564, iter,=10, rr0=,9.607220e+13, rr=,5.569765e+01, rs0=,2.302661e+08, rs=,2.563407e-05
line:4564, iter,=10, rr0=,9.624126e+13, rr=,5.530689e+01, rs0=,2.307187e+08, rs=,2.536467e-05
@ Vtk Output Time : 4.500000e-01
line:4564, iter,=10, rr0=,9.641262e+13, rr=,6.717958e+01, rs0=,2.311529e+08, rs=,3.067297e-05
line:4564, iter,=10, rr0=,9.658625e+13, rr=,6.449296e+01, rs0=,2.315788e+08, rs=,2.947965e-05
line:4564, iter,=10, rr0=,9.676214e+13, rr=,6.466419e+01, rs0=,2.320178e+08, rs=,2.960816e-05
line:4564, iter,=10, rr0=,9.694026e+13, rr=,6.325536e+01, rs0=,2.324408e+08, rs=,2.897483e-05
line:4564, iter,=10, rr0=,9.712060e+13, rr=,5.849701e+01, rs0=,2.328124e+08, rs=,2.673335e-05
line:4564, iter,=10, rr0=,9.730313e+13, rr=,5.951871e+01, rs0=,2.332462e+08, rs=,2.733120e-05
line:4564, iter,=10, rr0=,9.748782e+13, rr=,8.872780e+01, rs0=,2.336878e+08, rs=,4.076176e-05
line:4564, iter,=10, rr0=,9.767466e+13, rr=,8.859557e+01, rs0=,2.341094e+08, rs=,4.062299e-05
line:4564, iter,=10, rr0=,9.786360e+13, rr=,8.159898e+01, rs0=,2.345636e+08, rs=,3.750976e-05
line:4564, iter,=10, rr0=,9.805463e+13, rr=,8.677443e+01, rs0=,2.349660e+08, rs=,3.967629e-05
line:4564, iter,=10, rr0=,9.824764e+13, rr=,7.571259e+01, rs0=,2.354120e+08, rs=,3.460750e-05
line:4564, iter,=10, rr0=,9.844198e+13, rr=,6.715574e+01, rs0=,2.358475e+08, rs=,3.104860e-05
line:4564, iter,=10, rr0=,9.863851e+13, rr=,5.771948e+01, rs0=,2.361893e+08, rs=,2.706210e-05
line:4564, iter,=10, rr0=,9.883718e+13, rr=,5.341025e+01, rs0=,2.366616e+08, rs=,2.498234e-05
line:4564, iter,=10, rr0=,9.903783e+13, rr=,5.269794e+01, rs0=,2.372016e+08, rs=,2.473275e-05
line:4564, iter,=10, rr0=,9.924035e+13, rr=,4.853368e+01, rs0=,2.376258e+08, rs=,2.253892e-05
line:4564, iter,=10, rr0=,9.944468e+13, rr=,3.561615e+01, rs0=,2.381727e+08, rs=,1.640244e-05
line:4564, iter,=10, rr0=,9.965079e+13, rr=,3.631137e+01, rs0=,2.386408e+08, rs=,1.696092e-05
line:4564, iter,=10, rr0=,9.985869e+13, rr=,3.574613e+01, rs0=,2.391391e+08, rs=,1.679825e-05
line:4564, iter,=10, rr0=,1.000683e+14, rr=,3.401743e+01, rs0=,2.397446e+08, rs=,1.591597e-05
line:4564, iter,=10, rr0=,1.002797e+14, rr=,3.414183e+01, rs0=,2.402517e+08, rs=,1.603371e-05
line:4564, iter,=10, rr0=,1.004928e+14, rr=,3.469940e+01, rs0=,2.407611e+08, rs=,1.627203e-05
line:4564, iter,=10, rr0=,1.007074e+14, rr=,3.606299e+01, rs0=,2.412681e+08, rs=,1.672979e-05
line:4564, iter,=10, rr0=,1.009237e+14, rr=,3.534298e+01, rs0=,2.417631e+08, rs=,1.629851e-05
line:4564, iter,=10, rr0=,1.011416e+14, rr=,3.573309e+01, rs0=,2.423413e+08, rs=,1.639085e-05
@ Vtk Output Time : 5.000000e-01
line:4564, iter,=10, rr0=,1.013610e+14, rr=,4.009985e+01, rs0=,2.427951e+08, rs=,1.883764e-05
line:4564, iter,=10, rr0=,1.015819e+14, rr=,3.930033e+01, rs0=,2.433564e+08, rs=,1.844856e-05
line:4564, iter,=10, rr0=,1.018044e+14, rr=,4.138132e+01, rs0=,2.438972e+08, rs=,1.919808e-05
line:4564, iter,=10, rr0=,1.020285e+14, rr=,3.332304e+01, rs0=,2.444014e+08, rs=,1.597027e-05
line:4564, iter,=10, rr0=,1.022540e+14, rr=,3.370996e+01, rs0=,2.448871e+08, rs=,1.594731e-05
line:4564, iter,=10, rr0=,1.024810e+14, rr=,3.467156e+01, rs0=,2.453927e+08, rs=,1.608706e-05
line:4564, iter,=10, rr0=,1.027095e+14, rr=,4.005565e+01, rs0=,2.460138e+08, rs=,1.817187e-05
line:4564, iter,=10, rr0=,1.029395e+14, rr=,4.643762e+01, rs0=,2.465042e+08, rs=,2.019526e-05
line:4564, iter,=10, rr0=,1.031710e+14, rr=,4.623779e+01, rs0=,2.470646e+08, rs=,2.033945e-05
line:4564, iter,=10, rr0=,1.034037e+14, rr=,4.607988e+01, rs0=,2.475975e+08, rs=,2.034815e-05
line:4564, iter,=10, rr0=,1.036378e+14, rr=,4.558218e+01, rs0=,2.481601e+08, rs=,2.021329e-05
line:4564, iter,=10, rr0=,1.038732e+14, rr=,4.511107e+01, rs0=,2.487025e+08, rs=,2.005982e-05
line:4564, iter,=10, rr0=,1.041099e+14, rr=,4.924025e+01, rs0=,2.492243e+08, rs=,2.175765e-05
line:4564, iter,=10, rr0=,1.043478e+14, rr=,4.554973e+01, rs0=,2.497699e+08, rs=,2.038361e-05
line:4564, iter,=10, rr0=,1.045869e+14, rr=,4.354015e+01, rs0=,2.504031e+08, rs=,1.961733e-05
line:4564, iter,=10, rr0=,1.048271e+14, rr=,4.488320e+01, rs0=,2.509887e+08, rs=,1.985572e-05
line:4564, iter,=10, rr0=,1.050686e+14, rr=,4.748124e+01, rs0=,2.515382e+08, rs=,2.087752e-05
line:4564, iter,=10, rr0=,1.053112e+14, rr=,4.758875e+01, rs0=,2.521081e+08, rs=,2.081762e-05
line:4564, iter,=10, rr0=,1.055551e+14, rr=,4.625872e+01, rs0=,2.526991e+08, rs=,2.024608e-05
line:4564, iter,=10, rr0=,1.058001e+14, rr=,4.323533e+01, rs0=,2.532598e+08, rs=,1.925990e-05
line:4564, iter,=10, rr0=,1.060462e+14, rr=,3.139043e+01, rs0=,2.538036e+08, rs=,1.401166e-05
line:4564, iter,=10, rr0=,1.062936e+14, rr=,2.963557e+01, rs0=,2.543838e+08, rs=,1.340541e-05
line:4564, iter,=10, rr0=,1.065421e+14, rr=,2.855353e+01, rs0=,2.550047e+08, rs=,1.291004e-05
line:4564, iter,=10, rr0=,1.067917e+14, rr=,2.648035e+01, rs0=,2.556476e+08, rs=,1.193344e-05
line:4564, iter,=10, rr0=,1.070425e+14, rr=,2.472820e+01, rs0=,2.562291e+08, rs=,1.116818e-05
@ Vtk Output Time : 5.500000e-01
line:4564, iter,=10, rr0=,1.072944e+14, rr=,2.374550e+01, rs0=,2.568545e+08, rs=,1.073902e-05
line:4564, iter,=10, rr0=,1.075473e+14, rr=,2.473689e+01, rs0=,2.574332e+08, rs=,1.108628e-05
line:4564, iter,=10, rr0=,1.078013e+14, rr=,2.585638e+01, rs0=,2.580384e+08, rs=,1.152027e-05
line:4564, iter,=10, rr0=,1.080565e+14, rr=,2.571745e+01, rs0=,2.585292e+08, rs=,1.145224e-05
line:4564, iter,=10, rr0=,1.083128e+14, rr=,2.652060e+01, rs0=,2.591461e+08, rs=,1.179253e-05
line:4564, iter,=10, rr0=,1.085702e+14, rr=,2.721741e+01, rs0=,2.597423e+08, rs=,1.223184e-05
line:4564, iter,=10, rr0=,1.088287e+14, rr=,2.998649e+01, rs0=,2.603667e+08, rs=,1.346659e-05
line:4564, iter,=10, rr0=,1.090883e+14, rr=,3.028938e+01, rs0=,2.610508e+08, rs=,1.349635e-05
line:4564, iter,=10, rr0=,1.093490e+14, rr=,2.933767e+01, rs0=,2.616409e+08, rs=,1.312722e-05
line:4564, iter,=10, rr0=,1.096096e+14, rr=,3.025444e+01, rs0=,2.622832e+08, rs=,1.387508e-05
line:4564, iter,=10, rr0=,1.098681e+14, rr=,3.412007e+01, rs0=,2.629089e+08, rs=,1.603413e-05
line:4564, iter,=10, rr0=,1.101231e+14, rr=,3.748023e+01, rs0=,2.635228e+08, rs=,1.787160e-05
line:4564, iter,=10, rr0=,1.103745e+14, rr=,4.538789e+01, rs0=,2.641056e+08, rs=,2.204175e-05
line:4564, iter,=10, rr0=,1.106203e+14, rr=,5.971776e+01, rs0=,2.645716e+08, rs=,2.944954e-05
line:4564, iter,=10, rr0=,1.108582e+14, rr=,5.885650e+01, rs0=,2.651333e+08, rs=,2.905900e-05
line:4564, iter,=10, rr0=,1.110874e+14, rr=,6.386582e+01, rs0=,2.657167e+08, rs=,3.181002e-05
line:4564, iter,=10, rr0=,1.113067e+14, rr=,5.778766e+01, rs0=,2.663274e+08, rs=,2.904780e-05
line:4564, iter,=10, rr0=,1.115160e+14, rr=,7.120582e+01, rs0=,2.667729e+08, rs=,3.526623e-05
line:4564, iter,=10, rr0=,1.117132e+14, rr=,7.998237e+01, rs0=,2.672345e+08, rs=,3.967267e-05
line:4564, iter,=10, rr0=,1.118980e+14, rr=,8.863272e+01, rs0=,2.676630e+08, rs=,4.408631e-05
line:4564, iter,=10, rr0=,1.120692e+14, rr=,9.778188e+01, rs0=,2.680724e+08, rs=,4.838477e-05
line:4564, iter,=11, rr0=,1.122263e+14, rr=,2.775132e+01, rs0=,2.684355e+08, rs=,1.335834e-05
line:4564, iter,=10, rr0=,1.123673e+14, rr=,1.057453e+02, rs0=,2.687788e+08, rs=,5.175236e-05
line:4564, iter,=11, rr0=,1.124910e+14, rr=,3.449351e+01, rs0=,2.690680e+08, rs=,1.669088e-05
line:4564, iter,=11, rr0=,1.125984e+14, rr=,3.512407e+01, rs0=,2.692533e+08, rs=,1.694097e-05
@ Vtk Output Time : 6.000000e-01
line:4564, iter,=11, rr0=,1.126895e+14, rr=,3.553647e+01, rs0=,2.693942e+08, rs=,1.725172e-05
line:4564, iter,=11, rr0=,1.127626e+14, rr=,3.915000e+01, rs0=,2.695230e+08, rs=,1.901353e-05
line:4564, iter,=11, rr0=,1.128170e+14, rr=,2.853372e+01, rs0=,2.695737e+08, rs=,1.376300e-05
line:4564, iter,=11, rr0=,1.128519e+14, rr=,3.396657e+01, rs0=,2.696559e+08, rs=,1.632716e-05
line:4564, iter,=11, rr0=,1.128650e+14, rr=,3.954453e+01, rs0=,2.696791e+08, rs=,1.919111e-05
line:4564, iter,=11, rr0=,1.128575e+14, rr=,4.197326e+01, rs0=,2.695774e+08, rs=,2.045775e-05
line:4564, iter,=11, rr0=,1.128271e+14, rr=,4.692964e+01, rs0=,2.693990e+08, rs=,2.327754e-05
line:4564, iter,=11, rr0=,1.127740e+14, rr=,5.224716e+01, rs0=,2.691375e+08, rs=,2.581052e-05
line:4564, iter,=11, rr0=,1.126982e+14, rr=,4.828049e+01, rs0=,2.689779e+08, rs=,2.384337e-05
line:4564, iter,=11, rr0=,1.126006e+14, rr=,5.266135e+01, rs0=,2.687291e+08, rs=,2.589198e-05
line:4564, iter,=11, rr0=,1.124815e+14, rr=,5.383548e+01, rs0=,2.683844e+08, rs=,2.664510e-05
line:4564, iter,=11, rr0=,1.123404e+14, rr=,6.076560e+01, rs0=,2.680364e+08, rs=,2.975231e-05
line:4564, iter,=11, rr0=,1.121755e+14, rr=,6.213917e+01, rs0=,2.676595e+08, rs=,3.060135e-05
line:4564, iter,=11, rr0=,1.119886e+14, rr=,6.310251e+01, rs0=,2.671572e+08, rs=,3.086173e-05
line:4564, iter,=11, rr0=,1.117814e+14, rr=,6.340814e+01, rs0=,2.665986e+08, rs=,3.082246e-05
line:4564, iter,=11, rr0=,1.115538e+14, rr=,9.698585e+01, rs0=,2.660088e+08, rs=,4.702161e-05
line:4564, iter,=11, rr0=,1.113073e+14, rr=,8.940333e+01, rs0=,2.653423e+08, rs=,4.286126e-05
line:4564, iter,=11, rr0=,1.110398e+14, rr=,9.528733e+01, rs0=,2.646203e+08, rs=,4.534563e-05
line:4564, iter,=11, rr0=,1.107524e+14, rr=,8.350383e+01, rs0=,2.639032e+08, rs=,3.930882e-05
line:4564, iter,=11, rr0=,1.104462e+14, rr=,8.903517e+01, rs0=,2.631585e+08, rs=,4.125231e-05
line:4564, iter,=11, rr0=,1.101227e+14, rr=,8.969765e+01, rs0=,2.623044e+08, rs=,4.140019e-05
line:4564, iter,=11, rr0=,1.097827e+14, rr=,8.719428e+01, rs0=,2.613858e+08, rs=,4.059641e-05
line:4564, iter,=11, rr0=,1.094268e+14, rr=,7.446631e+01, rs0=,2.604923e+08, rs=,3.362671e-05
line:4564, iter,=11, rr0=,1.090562e+14, rr=,6.539183e+01, rs0=,2.595617e+08, rs=,2.948056e-05
line:4564, iter,=11, rr0=,1.086705e+14, rr=,6.906987e+01, rs0=,2.586030e+08, rs=,3.064383e-05
@ Vtk Output Time : 6.500000e-01
line:4564, iter,=11, rr0=,1.082711e+14, rr=,5.882238e+01, rs0=,2.575802e+08, rs=,2.634150e-05
line:4564, iter,=11, rr0=,1.078559e+14, rr=,5.687673e+01, rs0=,2.565581e+08, rs=,2.453397e-05
line:4564, iter,=11, rr0=,1.074259e+14, rr=,5.687725e+01, rs0=,2.554329e+08, rs=,2.449544e-05
line:4564, iter,=11, rr0=,1.069816e+14, rr=,5.591607e+01, rs0=,2.542982e+08, rs=,2.432159e-05
line:4564, iter,=11, rr0=,1.065237e+14, rr=,5.308049e+01, rs0=,2.531011e+08, rs=,2.321607e-05
line:4564, iter,=11, rr0=,1.060536e+14, rr=,4.566584e+01, rs0=,2.518469e+08, rs=,2.039627e-05
line:4564, iter,=11, rr0=,1.055724e+14, rr=,4.362963e+01, rs0=,2.506435e+08, rs=,1.931217e-05
line:4564, iter,=11, rr0=,1.050811e+14, rr=,3.842880e+01, rs0=,2.494740e+08, rs=,1.736916e-05
line:4564, iter,=11, rr0=,1.045768e+14, rr=,5.264866e+01, rs0=,2.482180e+08, rs=,2.351059e-05
line:4564, iter,=11, rr0=,1.040615e+14, rr=,4.930937e+01, rs0=,2.468615e+08, rs=,2.157901e-05
line:4564, iter,=11, rr0=,1.035364e+14, rr=,4.846969e+01, rs0=,2.454868e+08, rs=,2.122345e-05
line:4564, iter,=11, rr0=,1.030020e+14, rr=,4.487458e+01, rs0=,2.442058e+08, rs=,1.966543e-05
line:4564, iter,=11, rr0=,1.024587e+14, rr=,4.375724e+01, rs0=,2.428993e+08, rs=,1.921316e-05
line:4564, iter,=11, rr0=,1.019073e+14, rr=,4.077897e+01, rs0=,2.415333e+08, rs=,1.798522e-05
line:4564, iter,=11, rr0=,1.013478e+14, rr=,4.124233e+01, rs0=,2.401534e+08, rs=,1.818368e-05
line:4564, iter,=11, rr0=,1.007801e+14, rr=,4.369554e+01, rs0=,2.387983e+08, rs=,1.933919e-05
line:4564, iter,=11, rr0=,1.002049e+14, rr=,4.478538e+01, rs0=,2.373675e+08, rs=,1.966084e-05
line:4564, iter,=11, rr0=,9.962288e+13, rr=,4.469401e+01, rs0=,2.359274e+08, rs=,1.965573e-05
line:4564, iter,=11, rr0=,9.903452e+13, rr=,4.501443e+01, rs0=,2.345371e+08, rs=,2.020785e-05
line:4564, iter,=11, rr0=,9.843925e+13, rr=,4.427381e+01, rs0=,2.330735e+08, rs=,1.986691e-05
line:4564, iter,=11, rr0=,9.783586e+13, rr=,3.846773e+01, rs0=,2.316113e+08, rs=,1.723414e-05
line:4564, iter,=11, rr0=,9.722735e+13, rr=,4.093868e+01, rs0=,2.300978e+08, rs=,1.800669e-05
line:4564, iter,=11, rr0=,9.661383e+13, rr=,4.017978e+01, rs0=,2.284891e+08, rs=,1.766544e-05
line:4564, iter,=11, rr0=,9.599545e+13, rr=,3.726118e+01, rs0=,2.269709e+08, rs=,1.643927e-05
line:4564, iter,=11, rr0=,9.537185e+13, rr=,3.725635e+01, rs0=,2.254786e+08, rs=,1.635162e-05
@ Vtk Output Time : 7.000000e-01
line:4564, iter,=11, rr0=,9.474365e+13, rr=,3.287942e+01, rs0=,2.239327e+08, rs=,1.460777e-05
line:4564, iter,=11, rr0=,9.411158e+13, rr=,3.276096e+01, rs0=,2.225492e+08, rs=,1.453793e-05
line:4564, iter,=11, rr0=,9.347604e+13, rr=,3.177176e+01, rs0=,2.210235e+08, rs=,1.421867e-05
line:4564, iter,=11, rr0=,9.283765e+13, rr=,3.081231e+01, rs0=,2.194614e+08, rs=,1.374688e-05
line:4564, iter,=11, rr0=,9.219641e+13, rr=,3.017777e+01, rs0=,2.178631e+08, rs=,1.364194e-05
line:4564, iter,=11, rr0=,9.155234e+13, rr=,3.036970e+01, rs0=,2.162563e+08, rs=,1.370818e-05
line:4564, iter,=11, rr0=,9.090651e+13, rr=,4.197620e+01, rs0=,2.147168e+08, rs=,1.838011e-05
line:4564, iter,=11, rr0=,9.025927e+13, rr=,4.294255e+01, rs0=,2.130543e+08, rs=,1.899191e-05
line:4564, iter,=11, rr0=,8.961064e+13, rr=,4.710360e+01, rs0=,2.115162e+08, rs=,2.101099e-05
line:4564, iter,=11, rr0=,8.896116e+13, rr=,3.345088e+01, rs0=,2.099686e+08, rs=,1.506076e-05
line:4564, iter,=11, rr0=,8.831125e+13, rr=,3.049309e+01, rs0=,2.083738e+08, rs=,1.374524e-05
line:4564, iter,=11, rr0=,8.766119e+13, rr=,2.771171e+01, rs0=,2.068643e+08, rs=,1.261523e-05
line:4564, iter,=11, rr0=,8.701099e+13, rr=,2.647567e+01, rs0=,2.052554e+08, rs=,1.218420e-05
line:4564, iter,=11, rr0=,8.636117e+13, rr=,2.556463e+01, rs0=,2.037466e+08, rs=,1.179754e-05
line:4564, iter,=11, rr0=,8.571174e+13, rr=,2.707102e+01, rs0=,2.021909e+08, rs=,1.224983e-05
line:4564, iter,=11, rr0=,8.506341e+13, rr=,2.414431e+01, rs0=,2.005339e+08, rs=,1.102820e-05
line:4564, iter,=11, rr0=,8.441623e+13, rr=,3.133930e+01, rs0=,1.990365e+08, rs=,1.422222e-05
line:4564, iter,=11, rr0=,8.377062e+13, rr=,3.101389e+01, rs0=,1.974729e+08, rs=,1.410104e-05
line:4564, iter,=11, rr0=,8.312687e+13, rr=,3.087146e+01, rs0=,1.959436e+08, rs=,1.390416e-05
line:4564, iter,=11, rr0=,8.248506e+13, rr=,3.158257e+01, rs0=,1.944439e+08, rs=,1.421017e-05
line:4564, iter,=11, rr0=,8.184506e+13, rr=,3.227304e+01, rs0=,1.929146e+08, rs=,1.447359e-05
line:4564, iter,=11, rr0=,8.120657e+13, rr=,3.239101e+01, rs0=,1.913516e+08, rs=,1.452159e-05
line:4564, iter,=11, rr0=,8.056978e+13, rr=,2.971434e+01, rs0=,1.898152e+08, rs=,1.331353e-05
line:4564, iter,=11, rr0=,7.993508e+13, rr=,3.437711e+01, rs0=,1.883279e+08, rs=,1.547878e-05
line:4564, iter,=11, rr0=,7.930289e+13, rr=,2.751087e+01, rs0=,1.869450e+08, rs=,1.255967e-05
@ Vtk Output Time : 7.500000e-01
line:4564, iter,=11, rr0=,7.867328e+13, rr=,2.710180e+01, rs0=,1.854424e+08, rs=,1.231351e-05
line:4564, iter,=11, rr0=,7.804629e+13, rr=,2.607323e+01, rs0=,1.839237e+08, rs=,1.190196e-05
line:4564, iter,=11, rr0=,7.742200e+13, rr=,2.516198e+01, rs0=,1.823691e+08, rs=,1.147043e-05
line:4564, iter,=11, rr0=,7.680058e+13, rr=,2.490590e+01, rs0=,1.809108e+08, rs=,1.144628e-05
line:4564, iter,=11, rr0=,7.618207e+13, rr=,2.052331e+01, rs0=,1.794001e+08, rs=,9.467334e-06
line:4564, iter,=11, rr0=,7.556677e+13, rr=,2.188403e+01, rs0=,1.779849e+08, rs=,1.003126e-05
line:4564, iter,=11, rr0=,7.495453e+13, rr=,2.179231e+01, rs0=,1.766557e+08, rs=,1.011335e-05
line:4564, iter,=11, rr0=,7.434608e+13, rr=,2.490507e+01, rs0=,1.751732e+08, rs=,1.136066e-05
line:4564, iter,=11, rr0=,7.374160e+13, rr=,2.329066e+01, rs0=,1.737039e+08, rs=,1.065103e-05
line:4564, iter,=11, rr0=,7.313970e+13, rr=,2.326594e+01, rs0=,1.723145e+08, rs=,1.063918e-05
line:4564, iter,=11, rr0=,7.254002e+13, rr=,2.349762e+01, rs0=,1.708704e+08, rs=,1.068161e-05
line:4564, iter,=11, rr0=,7.194281e+13, rr=,1.653767e+01, rs0=,1.694695e+08, rs=,7.523590e-06
line:4564, iter,=11, rr0=,7.134882e+13, rr=,1.525616e+01, rs0=,1.680858e+08, rs=,7.043185e-06
line:4564, iter,=10, rr0=,7.075837e+13, rr=,5.905779e+01, rs0=,1.666143e+08, rs=,2.781570e-05
line:4564, iter,=10, rr0=,7.017167e+13, rr=,5.514561e+01, rs0=,1.652326e+08, rs=,2.587805e-05
line:4564, iter,=10, rr0=,6.958874e+13, rr=,5.232452e+01, rs0=,1.638162e+08, rs=,2.447476e-05
line:4564, iter,=10, rr0=,6.900996e+13, rr=,5.355240e+01, rs0=,1.624600e+08, rs=,2.497773e-05
line:4564, iter,=10, rr0=,6.843559e+13, rr=,5.509239e+01, rs0=,1.611146e+08, rs=,2.564843e-05
line:4564, iter,=11, rr0=,6.786561e+13, rr=,1.588983e+01, rs0=,1.597280e+08, rs=,7.292656e-06
line:4564, iter,=11, rr0=,6.730006e+13, rr=,1.540266e+01, rs0=,1.584220e+08, rs=,7.155975e-06
line:4564, iter,=11, rr0=,6.673895e+13, rr=,1.515824e+01, rs0=,1.570370e+08, rs=,7.088817e-06
line:4564, iter,=11, rr0=,6.618229e+13, rr=,1.475630e+01, rs0=,1.557191e+08, rs=,6.980694e-06
line:4564, iter,=10, rr0=,6.562807e+13, rr=,6.496152e+01, rs0=,1.544214e+08, rs=,3.228305e-05
line:4564, iter,=11, rr0=,6.507425e+13, rr=,2.043967e+01, rs0=,1.531252e+08, rs=,9.920641e-06
line:4564, iter,=11, rr0=,6.452685e+13, rr=,2.462443e+01, rs0=,1.517955e+08, rs=,1.198029e-05
@ Vtk Output Time : 8.000000e-01
line:4564, iter,=11, rr0=,6.398224e+13, rr=,2.368368e+01, rs0=,1.504779e+08, rs=,1.146018e-05
line:4564, iter,=11, rr0=,6.343846e+13, rr=,2.020348e+01, rs0=,1.491096e+08, rs=,9.767290e-06
line:4564, iter,=11, rr0=,6.289577e+13, rr=,1.951640e+01, rs0=,1.477880e+08, rs=,9.272503e-06
line:4564, iter,=11, rr0=,6.235461e+13, rr=,1.568682e+01, rs0=,1.464813e+08, rs=,7.460445e-06
line:4564, iter,=11, rr0=,6.181574e+13, rr=,1.497379e+01, rs0=,1.452187e+08, rs=,7.028586e-06
line:4564, iter,=11, rr0=,6.127993e+13, rr=,1.451960e+01, rs0=,1.439491e+08, rs=,6.781579e-06
line:4564, iter,=11, rr0=,6.074550e+13, rr=,1.507280e+01, rs0=,1.426487e+08, rs=,7.116538e-06
line:4564, iter,=11, rr0=,6.021463e+13, rr=,1.461611e+01, rs0=,1.414580e+08, rs=,7.023479e-06
line:4564, iter,=11, rr0=,5.968940e+13, rr=,1.260513e+01, rs0=,1.402119e+08, rs=,5.946061e-06
line:4564, iter,=11, rr0=,5.916850e+13, rr=,1.091445e+01, rs0=,1.389324e+08, rs=,5.179355e-06
line:4564, iter,=10, rr0=,5.865088e+13, rr=,4.694199e+01, rs0=,1.377005e+08, rs=,2.283625e-05
line:4564, iter,=10, rr0=,5.813526e+13, rr=,4.537997e+01, rs0=,1.365124e+08, rs=,2.227111e-05
line:4564, iter,=10, rr0=,5.762389e+13, rr=,4.161431e+01, rs0=,1.353048e+08, rs=,2.049005e-05
line:4564, iter,=10, rr0=,5.711690e+13, rr=,3.703722e+01, rs0=,1.341344e+08, rs=,1.819028e-05
line:4564, iter,=10, rr0=,5.661215e+13, rr=,5.167717e+01, rs0=,1.329640e+08, rs=,2.506629e-05
line:4564, iter,=11, rr0=,5.611196e+13, rr=,1.069287e+01, rs0=,1.317519e+08, rs=,5.025637e-06
line:4564, iter,=10, rr0=,5.561640e+13, rr=,5.158697e+01, rs0=,1.305229e+08, rs=,2.503026e-05
line:4564, iter,=10, rr0=,5.512468e+13, rr=,4.897759e+01, rs0=,1.293610e+08, rs=,2.387410e-05
line:4564, iter,=10, rr0=,5.463659e+13, rr=,3.843291e+01, rs0=,1.282294e+08, rs=,1.837997e-05
line:4564, iter,=10, rr0=,5.415234e+13, rr=,3.629727e+01, rs0=,1.270877e+08, rs=,1.762133e-05
line:4564, iter,=10, rr0=,5.367208e+13, rr=,3.490017e+01, rs0=,1.259611e+08, rs=,1.679649e-05
line:4564, iter,=10, rr0=,5.319633e+13, rr=,3.259701e+01, rs0=,1.248437e+08, rs=,1.569426e-05
line:4564, iter,=10, rr0=,5.272516e+13, rr=,3.272563e+01, rs0=,1.237573e+08, rs=,1.579739e-05
line:4564, iter,=10, rr0=,5.225869e+13, rr=,3.869838e+01, rs0=,1.226262e+08, rs=,1.864688e-05
line:4564, iter,=10, rr0=,5.179704e+13, rr=,3.639022e+01, rs0=,1.215868e+08, rs=,1.761911e-05
@ Vtk Output Time : 8.500000e-01
line:4564, iter,=10, rr0=,5.134033e+13, rr=,3.503205e+01, rs0=,1.204616e+08, rs=,1.691423e-05
line:4564, iter,=10, rr0=,5.088864e+13, rr=,3.446769e+01, rs0=,1.194450e+08, rs=,1.661944e-05
line:4564, iter,=10, rr0=,5.044200e+13, rr=,3.422877e+01, rs0=,1.184030e+08, rs=,1.656616e-05
line:4564, iter,=10, rr0=,5.000023e+13, rr=,3.429822e+01, rs0=,1.173827e+08, rs=,1.653134e-05
line:4564, iter,=10, rr0=,4.956232e+13, rr=,4.557523e+01, rs0=,1.163054e+08, rs=,2.198332e-05
line:4564, iter,=10, rr0=,4.912959e+13, rr=,4.287472e+01, rs0=,1.153570e+08, rs=,2.070289e-05
line:4564, iter,=10, rr0=,4.870033e+13, rr=,4.410490e+01, rs0=,1.143609e+08, rs=,2.109398e-05
line:4564, iter,=10, rr0=,4.827483e+13, rr=,4.419506e+01, rs0=,1.133780e+08, rs=,2.132948e-05
line:4564, iter,=11, rr0=,4.785466e+13, rr=,1.243997e+01, rs0=,1.124047e+08, rs=,5.627583e-06
line:4564, iter,=11, rr0=,4.743908e+13, rr=,1.191647e+01, rs0=,1.114057e+08, rs=,5.452655e-06
line:4564, iter,=11, rr0=,4.702764e+13, rr=,1.042797e+01, rs0=,1.104946e+08, rs=,4.831282e-06
line:4564, iter,=10, rr0=,4.662025e+13, rr=,4.505421e+01, rs0=,1.095345e+08, rs=,2.194277e-05
line:4564, iter,=10, rr0=,4.621697e+13, rr=,4.022439e+01, rs0=,1.085886e+08, rs=,1.958511e-05
line:4564, iter,=11, rr0=,4.581792e+13, rr=,1.025288e+01, rs0=,1.076285e+08, rs=,4.912397e-06
line:4564, iter,=11, rr0=,4.542320e+13, rr=,9.758093e+00, rs0=,1.066558e+08, rs=,4.665904e-06
line:4564, iter,=10, rr0=,4.503292e+13, rr=,4.487564e+01, rs0=,1.057436e+08, rs=,2.186931e-05
line:4564, iter,=11, rr0=,4.464702e+13, rr=,9.958300e+00, rs0=,1.048688e+08, rs=,4.741468e-06
line:4564, iter,=11, rr0=,4.426549e+13, rr=,1.011846e+01, rs0=,1.039603e+08, rs=,4.773185e-06
line:4564, iter,=11, rr0=,4.388656e+13, rr=,1.202790e+01, rs0=,1.030063e+08, rs=,5.682428e-06
line:4564, iter,=11, rr0=,4.351199e+13, rr=,1.223462e+01, rs0=,1.021906e+08, rs=,5.706239e-06
line:4564, iter,=11, rr0=,4.314219e+13, rr=,1.199893e+01, rs0=,1.013629e+08, rs=,5.582888e-06
line:4564, iter,=11, rr0=,4.277655e+13, rr=,1.163500e+01, rs0=,1.004771e+08, rs=,5.445162e-06
line:4564, iter,=11, rr0=,4.241475e+13, rr=,1.217678e+01, rs0=,9.963737e+07, rs=,5.839637e-06
line:4564, iter,=11, rr0=,4.205671e+13, rr=,9.082363e+00, rs0=,9.881439e+07, rs=,4.279744e-06
line:4564, iter,=11, rr0=,4.170241e+13, rr=,8.904884e+00, rs0=,9.797866e+07, rs=,4.197960e-06
@ Vtk Output Time : 9.000000e-01
line:4564, iter,=10, rr0=,4.135179e+13, rr=,3.961988e+01, rs0=,9.720050e+07, rs=,1.943501e-05
line:4564, iter,=11, rr0=,4.100490e+13, rr=,9.191695e+00, rs0=,9.638718e+07, rs=,4.379117e-06
line:4564, iter,=11, rr0=,4.066175e+13, rr=,8.668778e+00, rs0=,9.554723e+07, rs=,4.168024e-06
line:4564, iter,=11, rr0=,4.032233e+13, rr=,9.320119e+00, rs0=,9.483670e+07, rs=,4.529045e-06
line:4564, iter,=11, rr0=,3.998663e+13, rr=,9.768275e+00, rs0=,9.408442e+07, rs=,4.764446e-06
line:4564, iter,=11, rr0=,3.965464e+13, rr=,9.662746e+00, rs0=,9.330761e+07, rs=,4.722570e-06
line:4564, iter,=11, rr0=,3.932606e+13, rr=,9.691954e+00, rs0=,9.253238e+07, rs=,4.708472e-06
line:4564, iter,=11, rr0=,3.900060e+13, rr=,9.277601e+00, rs0=,9.179029e+07, rs=,4.504346e-06
line:4564, iter,=11, rr0=,3.867891e+13, rr=,9.241109e+00, rs0=,9.104228e+07, rs=,4.502395e-06
line:4564, iter,=11, rr0=,3.836104e+13, rr=,8.840755e+00, rs0=,9.030395e+07, rs=,4.293450e-06
line:4564, iter,=11, rr0=,3.804688e+13, rr=,8.648397e+00, rs0=,8.955698e+07, rs=,4.189519e-06
line:4564, iter,=11, rr0=,3.773635e+13, rr=,8.153203e+00, rs0=,8.882674e+07, rs=,3.936044e-06
line:4564, iter,=10, rr0=,3.742939e+13, rr=,3.072900e+01, rs0=,8.808681e+07, rs=,1.501214e-05
line:4564, iter,=10, rr0=,3.712595e+13, rr=,3.102396e+01, rs0=,8.738746e+07, rs=,1.513894e-05
line:4564, iter,=10, rr0=,3.682579e+13, rr=,2.952145e+01, rs0=,8.671257e+07, rs=,1.437427e-05
line:4564, iter,=10, rr0=,3.652887e+13, rr=,2.959858e+01, rs0=,8.603107e+07, rs=,1.453915e-05
line:4564, iter,=10, rr0=,3.623547e+13, rr=,2.932067e+01, rs0=,8.533749e+07, rs=,1.440880e-05
line:4564, iter,=10, rr0=,3.594545e+13, rr=,2.848705e+01, rs0=,8.465412e+07, rs=,1.404867e-05
line:4564, iter,=10, rr0=,3.565866e+13, rr=,3.028363e+01, rs0=,8.393998e+07, rs=,1.493320e-05
line:4564, iter,=10, rr0=,3.537424e+13, rr=,3.475518e+01, rs0=,8.325555e+07, rs=,1.700397e-05
line:4564, iter,=11, rr0=,3.509322e+13, rr=,7.409878e+00, rs0=,8.259633e+07, rs=,3.594097e-06
line:4564, iter,=11, rr0=,3.481536e+13, rr=,7.545560e+00, rs0=,8.188500e+07, rs=,3.627361e-06
line:4564, iter,=11, rr0=,3.454046e+13, rr=,7.257691e+00, rs0=,8.126170e+07, rs=,3.476960e-06
line:4564, iter,=10, rr0=,3.426843e+13, rr=,2.901296e+01, rs0=,8.063314e+07, rs=,1.405297e-05
line:4564, iter,=10, rr0=,3.399926e+13, rr=,2.585641e+01, rs0=,7.999053e+07, rs=,1.252825e-05
@ Vtk Output Time : 9.500000e-01
line:4564, iter,=10, rr0=,3.373291e+13, rr=,2.181390e+01, rs0=,7.934637e+07, rs=,1.055585e-05
line:4564, iter,=10, rr0=,3.346941e+13, rr=,2.143555e+01, rs0=,7.872163e+07, rs=,1.037768e-05
line:4564, iter,=10, rr0=,3.320877e+13, rr=,2.109513e+01, rs0=,7.811260e+07, rs=,1.019944e-05
line:4564, iter,=10, rr0=,3.295098e+13, rr=,1.775889e+01, rs0=,7.752208e+07, rs=,8.629168e-06
line:4564, iter,=10, rr0=,3.269603e+13, rr=,1.835162e+01, rs0=,7.693010e+07, rs=,8.861984e-06
line:4564, iter,=10, rr0=,3.244387e+13, rr=,1.824575e+01, rs0=,7.631391e+07, rs=,8.853377e-06
line:4564, iter,=10, rr0=,3.219447e+13, rr=,1.791484e+01, rs0=,7.574005e+07, rs=,8.689890e-06
line:4564, iter,=10, rr0=,3.194781e+13, rr=,1.766928e+01, rs0=,7.519119e+07, rs=,8.559452e-06
line:4564, iter,=10, rr0=,3.170388e+13, rr=,1.743984e+01, rs0=,7.462970e+07, rs=,8.463388e-06
line:4564, iter,=10, rr0=,3.146264e+13, rr=,1.671624e+01, rs0=,7.405700e+07, rs=,8.119428e-06
line:4564, iter,=10, rr0=,3.122402e+13, rr=,1.771491e+01, rs0=,7.348612e+07, rs=,8.534028e-06
line:4564, iter,=10, rr0=,3.098798e+13, rr=,1.539906e+01, rs0=,7.295913e+07, rs=,7.407164e-06
line:4564, iter,=10, rr0=,3.075448e+13, rr=,1.521405e+01, rs0=,7.242122e+07, rs=,7.399774e-06
line:4564, iter,=10, rr0=,3.052334e+13, rr=,1.600662e+01, rs0=,7.186853e+07, rs=,7.788929e-06
line:4564, iter,=10, rr0=,3.029424e+13, rr=,2.418638e+01, rs0=,7.136198e+07, rs=,1.156488e-05
line:4564, iter,=10, rr0=,3.006772e+13, rr=,2.151867e+01, rs0=,7.078876e+07, rs=,1.041925e-05
line:4564, iter,=10, rr0=,2.984362e+13, rr=,1.583393e+01, rs0=,7.029198e+07, rs=,7.637665e-06
line:4564, iter,=10, rr0=,2.962174e+13, rr=,1.490692e+01, rs0=,6.978963e+07, rs=,7.244762e-06
line:4564, iter,=10, rr0=,2.940204e+13, rr=,1.352550e+01, rs0=,6.927490e+07, rs=,6.555802e-06
line:4564, iter,=10, rr0=,2.918448e+13, rr=,1.263252e+01, rs0=,6.876040e+07, rs=,6.127121e-06
line:4564, iter,=10, rr0=,2.896903e+13, rr=,1.209015e+01, rs0=,6.824154e+07, rs=,5.951493e-06
line:4564, iter,=10, rr0=,2.875566e+13, rr=,1.272402e+01, rs0=,6.773141e+07, rs=,6.203658e-06
line:4564, iter,=10, rr0=,2.854438e+13, rr=,1.290772e+01, rs0=,6.721672e+07, rs=,6.288911e-06
line:4564, iter,=10, rr0=,2.833515e+13, rr=,1.379670e+01, rs0=,6.676471e+07, rs=,6.734858e-06
@ Prof Output Time : 1.000000e+00
line:4564, iter,=10, rr0=,2.812797e+13, rr=,9.742799e+00, rs0=,6.626998e+07, rs=,4.695460e-06
@ Vtk Output Time : 1.000000e+00
end main roop at Sun Dec  3 16:42:37 2023

neighbor search:         2.640225 [CPU sec]
explicit calculation:    7.622057 [CPU sec]
implicit triplet:        0.000000 [CPU sec]
implicit insert:         0.000000 [CPU sec]
implicit matrix:         0.894736 [CPU sec]
implicit multiplication: 0.820057 [CPU sec]
precondition             4.112371 [CPU sec]
implicit solve         : 5.613072 [CPU sec]
virial calculation:      0.260552 [CPU sec]
other calculation:       1.616142 [CPU sec]
total:                   19.466841 [CPU sec]
total (check):           19.466841 [CPU sec]
