start reading files at Sun Dec  3 16:46:50 2023

omp_get_num_threads()=4
Invalid line in data file "MohrCoulombFrictionAnglePhi				0.0			0.0			0.0			0.0			0.0
"
Invalid line in data file "
"
Invalid line in data file "
"
Invalid line in data file "
"
Invalid line in data file "
"
start initialization at Sun Dec  3 16:46:51 2023

N0a = 9.743096e-01, count=36
N0p = 5.500161e-01, count=8
line:1206 CellCount[DIM]: 21 22 1
line:1207 TotalCellCount: 462
line:1212 CellWidth[DIM]: 1.428571e-01 1.454545e-01 2.000000e-01
start main roop at Sun Dec  3 16:46:51 2023

@ Prof Output Time : 0.000000e+00
line:4564, iter,=1875, rr0=,6.432044e+13, rr=,1.525275e+05, rs0=,3.381555e+06, rs=,2.157797e-06
@ Vtk Output Time : 0.000000e+00
line:4564, iter,=1875, rr0=,6.434063e+13, rr=,2.336445e+05, rs0=,3.387753e+06, rs=,3.053458e-06
line:4564, iter,=1875, rr0=,6.434360e+13, rr=,2.175833e+05, rs0=,3.386869e+06, rs=,2.679728e-06
line:4564, iter,=1875, rr0=,6.432793e+13, rr=,2.356978e+05, rs0=,3.389597e+06, rs=,2.484569e-06
line:4564, iter,=1875, rr0=,6.428877e+13, rr=,2.311632e+05, rs0=,3.385841e+06, rs=,2.413294e-06
line:4564, iter,=1875, rr0=,6.422516e+13, rr=,2.423688e+05, rs0=,3.379965e+06, rs=,2.480335e-06
line:4564, iter,=1875, rr0=,6.413849e+13, rr=,2.707783e+05, rs0=,3.370326e+06, rs=,2.702144e-06
line:4564, iter,=1875, rr0=,6.403021e+13, rr=,2.858157e+05, rs0=,3.358591e+06, rs=,2.834694e-06
line:4564, iter,=1875, rr0=,6.390175e+13, rr=,2.992880e+05, rs0=,3.344797e+06, rs=,2.947628e-06
line:4564, iter,=1875, rr0=,6.375454e+13, rr=,3.212332e+05, rs0=,3.328989e+06, rs=,3.142667e-06
line:4564, iter,=1875, rr0=,6.358998e+13, rr=,3.428161e+05, rs0=,3.357884e+06, rs=,3.347947e-06
line:4564, iter,=1875, rr0=,6.340946e+13, rr=,3.614155e+05, rs0=,3.341746e+06, rs=,3.498100e-06
line:4564, iter,=1875, rr0=,6.321431e+13, rr=,3.865882e+05, rs0=,3.308198e+06, rs=,3.697976e-06
line:4564, iter,=1875, rr0=,6.300583e+13, rr=,3.992033e+05, rs0=,3.270820e+06, rs=,3.851950e-06
line:4564, iter,=1875, rr0=,6.278527e+13, rr=,4.196194e+05, rs0=,3.229433e+06, rs=,4.033694e-06
line:4564, iter,=1875, rr0=,6.255070e+13, rr=,4.503779e+05, rs0=,3.184093e+06, rs=,4.356685e-06
line:4564, iter,=1875, rr0=,6.229991e+13, rr=,2.940879e+05, rs0=,2.931875e+06, rs=,2.968070e-06
line:4564, iter,=1875, rr0=,6.203488e+13, rr=,3.064683e+05, rs0=,2.862878e+06, rs=,3.154453e-06
line:4564, iter,=1875, rr0=,6.175748e+13, rr=,2.941779e+05, rs0=,2.804473e+06, rs=,3.061636e-06
line:4564, iter,=1875, rr0=,6.146854e+13, rr=,2.811324e+05, rs0=,2.743522e+06, rs=,2.986325e-06
line:4564, iter,=1875, rr0=,6.116660e+13, rr=,2.742536e+05, rs0=,2.689548e+06, rs=,2.926393e-06
line:4564, iter,=1875, rr0=,6.085085e+13, rr=,3.129749e+05, rs0=,2.625208e+06, rs=,3.368350e-06
line:4564, iter,=1875, rr0=,6.052255e+13, rr=,3.392368e+05, rs0=,2.566772e+06, rs=,3.787456e-06
line:4564, iter,=1875, rr0=,6.018414e+13, rr=,3.436276e+05, rs0=,2.504404e+06, rs=,3.739567e-06
line:4564, iter,=1875, rr0=,5.983788e+13, rr=,4.553583e+05, rs0=,2.441306e+06, rs=,4.598549e-06
line:4564, iter,=1875, rr0=,5.948580e+13, rr=,6.475677e+05, rs0=,2.378901e+06, rs=,6.174434e-06
@ Vtk Output Time : 5.000000e-02
line:4564, iter,=1875, rr0=,5.912974e+13, rr=,6.630872e+05, rs0=,2.314785e+06, rs=,6.355060e-06
line:4564, iter,=1875, rr0=,5.877133e+13, rr=,6.747068e+05, rs0=,2.380892e+06, rs=,6.355238e-06
line:4564, iter,=1875, rr0=,5.841206e+13, rr=,6.875584e+05, rs0=,2.416609e+06, rs=,6.436067e-06
line:4564, iter,=1875, rr0=,5.805320e+13, rr=,6.885177e+05, rs0=,2.354691e+06, rs=,6.452275e-06
line:4564, iter,=1875, rr0=,5.769580e+13, rr=,7.006738e+05, rs0=,2.290819e+06, rs=,6.562206e-06
line:4564, iter,=1875, rr0=,5.734081e+13, rr=,7.025749e+05, rs0=,2.227278e+06, rs=,6.624121e-06
line:4564, iter,=1875, rr0=,5.698862e+13, rr=,7.194489e+05, rs0=,2.165011e+06, rs=,6.712382e-06
line:4564, iter,=1875, rr0=,5.663994e+13, rr=,7.447237e+05, rs0=,2.089971e+06, rs=,6.902360e-06
line:4564, iter,=1875, rr0=,5.629545e+13, rr=,6.544144e+05, rs0=,2.064131e+06, rs=,6.412849e-06
line:4564, iter,=1875, rr0=,5.595552e+13, rr=,6.623977e+05, rs0=,1.961135e+06, rs=,6.339172e-06
line:4564, iter,=1875, rr0=,5.562045e+13, rr=,6.377148e+05, rs0=,1.038482e+06, rs=,6.200906e-06
line:4564, iter,=1875, rr0=,5.529054e+13, rr=,6.087256e+05, rs0=,9.820249e+05, rs=,5.865733e-06
line:4564, iter,=1875, rr0=,5.496581e+13, rr=,5.020294e+05, rs0=,9.638716e+05, rs=,5.142116e-06
line:4564, iter,=1875, rr0=,5.464640e+13, rr=,2.972510e+05, rs0=,9.460523e+05, rs=,3.340277e-06
line:4564, iter,=1875, rr0=,5.433252e+13, rr=,2.440755e+05, rs0=,9.287954e+05, rs=,2.794624e-06
line:4564, iter,=1875, rr0=,5.402437e+13, rr=,2.372841e+05, rs0=,1.003827e+06, rs=,2.564028e-06
line:4564, iter,=1875, rr0=,5.372210e+13, rr=,2.356116e+05, rs0=,9.816137e+05, rs=,2.519189e-06
line:4564, iter,=1875, rr0=,5.342593e+13, rr=,3.271157e+05, rs0=,9.648755e+05, rs=,3.595607e-06
line:4564, iter,=1875, rr0=,5.313608e+13, rr=,3.127859e+05, rs0=,1.425326e+06, rs=,3.254101e-06
line:4564, iter,=1875, rr0=,5.285274e+13, rr=,3.215867e+05, rs0=,1.382738e+06, rs=,3.418471e-06
line:4564, iter,=1875, rr0=,5.257603e+13, rr=,2.980072e+05, rs0=,1.335580e+06, rs=,3.200296e-06
line:4564, iter,=1875, rr0=,5.230606e+13, rr=,2.704487e+05, rs0=,1.295704e+06, rs=,3.018337e-06
line:4564, iter,=1875, rr0=,5.204290e+13, rr=,2.646317e+05, rs0=,1.297295e+06, rs=,2.846365e-06
line:4564, iter,=1875, rr0=,5.178657e+13, rr=,2.551229e+05, rs0=,1.265113e+06, rs=,2.698718e-06
line:4564, iter,=1875, rr0=,5.153712e+13, rr=,2.500833e+05, rs0=,1.254472e+06, rs=,2.670822e-06
@ Vtk Output Time : 1.000000e-01
line:4564, iter,=1875, rr0=,5.129452e+13, rr=,2.672547e+05, rs0=,8.043824e+05, rs=,2.937892e-06
line:4564, iter,=1875, rr0=,5.105873e+13, rr=,2.621592e+05, rs0=,8.001934e+05, rs=,2.869923e-06
line:4564, iter,=1875, rr0=,5.082976e+13, rr=,2.590204e+05, rs0=,7.738253e+05, rs=,2.849128e-06
line:4564, iter,=1875, rr0=,5.060737e+13, rr=,2.655765e+05, rs0=,6.581405e+05, rs=,3.010685e-06
line:4564, iter,=1875, rr0=,5.039083e+13, rr=,2.950426e+05, rs0=,4.767073e+05, rs=,3.341120e-06
line:4564, iter,=1875, rr0=,5.017959e+13, rr=,2.883014e+05, rs0=,4.493101e+05, rs=,3.232137e-06
line:4564, iter,=1875, rr0=,4.997185e+13, rr=,1.860094e+05, rs0=,4.393196e+05, rs=,2.346366e-06
line:4564, iter,=1875, rr0=,4.975976e+13, rr=,1.769895e+05, rs0=,4.347731e+05, rs=,2.278216e-06
line:4564, iter,=1875, rr0=,4.953955e+13, rr=,1.837241e+05, rs0=,3.984556e+05, rs=,2.459397e-06
line:4564, iter,=1875, rr0=,4.931077e+13, rr=,2.008638e+05, rs0=,3.657799e+05, rs=,2.735150e-06
line:4564, iter,=1875, rr0=,4.907541e+13, rr=,2.027124e+05, rs0=,3.554133e+05, rs=,2.766714e-06
line:4564, iter,=1875, rr0=,4.883647e+13, rr=,1.999052e+05, rs0=,3.401833e+05, rs=,2.781046e-06
line:4564, iter,=1875, rr0=,4.859691e+13, rr=,2.304796e+05, rs0=,3.326594e+05, rs=,3.103015e-06
line:4564, iter,=1875, rr0=,4.835925e+13, rr=,2.758062e+05, rs0=,3.267829e+05, rs=,3.536804e-06
line:4564, iter,=1875, rr0=,4.812546e+13, rr=,3.439417e+05, rs0=,3.182226e+05, rs=,4.312429e-06
line:4564, iter,=1875, rr0=,4.789635e+13, rr=,4.089553e+05, rs0=,3.318966e+05, rs=,4.823246e-06
line:4564, iter,=1875, rr0=,4.767308e+13, rr=,4.247144e+05, rs0=,3.251789e+05, rs=,4.993771e-06
line:4564, iter,=1875, rr0=,4.745651e+13, rr=,4.066867e+05, rs0=,3.201240e+05, rs=,4.817276e-06
line:4564, iter,=1875, rr0=,4.724715e+13, rr=,3.933298e+05, rs0=,3.168256e+05, rs=,4.631450e-06
line:4564, iter,=1875, rr0=,4.704516e+13, rr=,3.797376e+05, rs0=,3.126317e+05, rs=,4.534555e-06
line:4564, iter,=1875, rr0=,4.684897e+13, rr=,3.649061e+05, rs0=,2.983027e+05, rs=,4.341070e-06
line:4564, iter,=1875, rr0=,4.665905e+13, rr=,3.691368e+05, rs0=,2.955036e+05, rs=,4.485909e-06
line:4564, iter,=1875, rr0=,4.647571e+13, rr=,3.891755e+05, rs0=,2.925372e+05, rs=,4.668896e-06
line:4564, iter,=1875, rr0=,4.629917e+13, rr=,3.630707e+05, rs0=,2.904156e+05, rs=,4.383525e-06
line:4564, iter,=1875, rr0=,4.612966e+13, rr=,3.411283e+05, rs0=,2.862719e+05, rs=,4.218630e-06
@ Vtk Output Time : 1.500000e-01
line:4564, iter,=1875, rr0=,4.596726e+13, rr=,3.328738e+05, rs0=,2.807138e+05, rs=,4.257449e-06
line:4564, iter,=1875, rr0=,4.581186e+13, rr=,3.114657e+05, rs0=,2.776444e+05, rs=,4.131288e-06
line:4564, iter,=1875, rr0=,4.566330e+13, rr=,2.861870e+05, rs0=,2.751508e+05, rs=,3.727594e-06
line:4564, iter,=1875, rr0=,4.552137e+13, rr=,3.071333e+05, rs0=,2.902394e+05, rs=,3.955392e-06
line:4564, iter,=1875, rr0=,4.538587e+13, rr=,2.969803e+05, rs0=,2.888487e+05, rs=,3.709374e-06
line:4564, iter,=1875, rr0=,4.525666e+13, rr=,3.113953e+05, rs0=,3.178922e+05, rs=,3.731879e-06
line:4564, iter,=1875, rr0=,4.513355e+13, rr=,3.218654e+05, rs0=,3.419597e+05, rs=,3.789663e-06
line:4564, iter,=1875, rr0=,4.501641e+13, rr=,3.294112e+05, rs0=,3.366474e+05, rs=,3.628458e-06
line:4564, iter,=1875, rr0=,4.490519e+13, rr=,2.665268e+05, rs0=,3.304514e+05, rs=,3.085731e-06
line:4564, iter,=1875, rr0=,4.479978e+13, rr=,2.601595e+05, rs0=,3.290108e+05, rs=,2.982256e-06
line:4564, iter,=1875, rr0=,4.470001e+13, rr=,2.569434e+05, rs0=,3.308703e+05, rs=,2.913000e-06
line:4564, iter,=1875, rr0=,4.460570e+13, rr=,2.423337e+05, rs0=,3.295338e+05, rs=,2.726019e-06
line:4564, iter,=1875, rr0=,4.451670e+13, rr=,2.438875e+05, rs0=,3.302054e+05, rs=,2.698174e-06
line:4564, iter,=1875, rr0=,4.443281e+13, rr=,2.172753e+05, rs0=,3.253100e+05, rs=,2.436939e-06
line:4564, iter,=1875, rr0=,4.435388e+13, rr=,2.096158e+05, rs0=,3.243847e+05, rs=,2.349563e-06
line:4564, iter,=1875, rr0=,4.427977e+13, rr=,1.938359e+05, rs0=,3.562692e+05, rs=,2.190685e-06
line:4564, iter,=1875, rr0=,4.421038e+13, rr=,1.708668e+05, rs0=,3.541446e+05, rs=,1.986079e-06
line:4564, iter,=1875, rr0=,4.414560e+13, rr=,1.644665e+05, rs0=,2.984812e+05, rs=,1.881647e-06
line:4564, iter,=1875, rr0=,4.408526e+13, rr=,1.399305e+05, rs0=,2.967281e+05, rs=,1.671560e-06
line:4564, iter,=1875, rr0=,4.402925e+13, rr=,1.327463e+05, rs0=,2.935946e+05, rs=,1.617905e-06
line:4564, iter,=1875, rr0=,4.397742e+13, rr=,1.347890e+05, rs0=,2.927797e+05, rs=,1.606562e-06
line:4564, iter,=1875, rr0=,4.392958e+13, rr=,1.182349e+05, rs0=,2.709717e+05, rs=,1.415023e-06
line:4564, iter,=1875, rr0=,4.388561e+13, rr=,9.182931e+04, rs0=,2.672751e+05, rs=,1.177847e-06
line:4564, iter,=1875, rr0=,4.384295e+13, rr=,9.109430e+04, rs0=,2.664830e+05, rs=,1.116810e-06
line:4564, iter,=1875, rr0=,4.380137e+13, rr=,7.978451e+04, rs0=,2.639066e+05, rs=,9.857470e-07
@ Vtk Output Time : 2.000000e-01
line:4564, iter,=1875, rr0=,4.376098e+13, rr=,7.472923e+04, rs0=,2.629116e+05, rs=,9.108701e-07
line:4564, iter,=1875, rr0=,4.372189e+13, rr=,6.849349e+04, rs0=,2.594634e+05, rs=,8.215475e-07
line:4564, iter,=1875, rr0=,4.368427e+13, rr=,6.192722e+04, rs0=,2.676600e+05, rs=,8.170234e-07
line:4564, iter,=1875, rr0=,4.364816e+13, rr=,5.769419e+04, rs0=,2.679374e+05, rs=,7.588948e-07
line:4564, iter,=1875, rr0=,4.361376e+13, rr=,5.668070e+04, rs0=,2.669674e+05, rs=,7.233451e-07
line:4564, iter,=1875, rr0=,4.358126e+13, rr=,5.509863e+04, rs0=,2.673718e+05, rs=,7.089597e-07
line:4564, iter,=1875, rr0=,4.355072e+13, rr=,5.559853e+04, rs0=,2.563031e+05, rs=,6.848586e-07
line:4564, iter,=1875, rr0=,4.352218e+13, rr=,5.156818e+04, rs0=,2.734022e+05, rs=,6.387612e-07
line:4564, iter,=1875, rr0=,4.349565e+13, rr=,4.848140e+04, rs0=,2.619126e+05, rs=,6.427625e-07
line:4564, iter,=1875, rr0=,4.347110e+13, rr=,4.598482e+04, rs0=,2.744343e+05, rs=,6.086011e-07
line:4564, iter,=1875, rr0=,4.344857e+13, rr=,4.412724e+04, rs0=,2.741625e+05, rs=,5.770179e-07
line:4564, iter,=1875, rr0=,4.342813e+13, rr=,3.749051e+04, rs0=,2.570655e+05, rs=,5.249128e-07
line:4564, iter,=1875, rr0=,4.340984e+13, rr=,4.084297e+04, rs0=,2.521016e+05, rs=,5.441306e-07
line:4564, iter,=1875, rr0=,4.339376e+13, rr=,3.946096e+04, rs0=,2.507984e+05, rs=,5.434293e-07
line:4564, iter,=1875, rr0=,4.337983e+13, rr=,3.863879e+04, rs0=,2.507970e+05, rs=,5.391534e-07
line:4564, iter,=1875, rr0=,4.336810e+13, rr=,3.709781e+04, rs0=,2.489970e+05, rs=,5.213603e-07
line:4564, iter,=1875, rr0=,4.335860e+13, rr=,3.693791e+04, rs0=,2.480295e+05, rs=,5.047979e-07
line:4564, iter,=1875, rr0=,4.335132e+13, rr=,3.522642e+04, rs0=,2.483810e+05, rs=,4.728561e-07
line:4564, iter,=1875, rr0=,4.334629e+13, rr=,3.473063e+04, rs0=,2.555892e+05, rs=,4.789194e-07
line:4564, iter,=1875, rr0=,4.334353e+13, rr=,3.257617e+04, rs0=,2.543952e+05, rs=,4.397937e-07
line:4564, iter,=1875, rr0=,4.334297e+13, rr=,3.345002e+04, rs0=,2.538430e+05, rs=,4.425152e-07
line:4564, iter,=1875, rr0=,4.334466e+13, rr=,3.581039e+04, rs0=,2.552326e+05, rs=,4.697717e-07
line:4564, iter,=1875, rr0=,4.334853e+13, rr=,3.132102e+04, rs0=,2.553691e+05, rs=,4.147259e-07
line:4564, iter,=1875, rr0=,4.335465e+13, rr=,2.861786e+04, rs0=,2.532610e+05, rs=,3.766226e-07
line:4564, iter,=1875, rr0=,4.336299e+13, rr=,2.859666e+04, rs0=,2.550044e+05, rs=,3.704362e-07
@ Vtk Output Time : 2.500000e-01
line:4564, iter,=1875, rr0=,4.337365e+13, rr=,2.589900e+04, rs0=,2.551183e+05, rs=,3.385576e-07
line:4564, iter,=1875, rr0=,4.338665e+13, rr=,2.568770e+04, rs0=,2.485095e+05, rs=,3.409185e-07
line:4564, iter,=1875, rr0=,4.340199e+13, rr=,2.496354e+04, rs0=,2.485195e+05, rs=,3.515010e-07
line:4564, iter,=1875, rr0=,4.341964e+13, rr=,2.527857e+04, rs0=,2.482833e+05, rs=,3.578636e-07
line:4564, iter,=1875, rr0=,4.343959e+13, rr=,2.127806e+04, rs0=,2.515528e+05, rs=,3.002757e-07
line:4564, iter,=1875, rr0=,4.346179e+13, rr=,2.240783e+04, rs0=,2.513100e+05, rs=,3.261998e-07
line:4564, iter,=1875, rr0=,4.348626e+13, rr=,2.480273e+04, rs0=,2.515903e+05, rs=,3.551271e-07
line:4564, iter,=1875, rr0=,4.351297e+13, rr=,2.346088e+04, rs0=,2.637164e+05, rs=,3.359117e-07
line:4564, iter,=1875, rr0=,4.354192e+13, rr=,2.530314e+04, rs0=,2.638864e+05, rs=,3.516781e-07
line:4564, iter,=1875, rr0=,4.357305e+13, rr=,2.134058e+04, rs0=,2.483932e+05, rs=,3.066143e-07
line:4564, iter,=1875, rr0=,4.360637e+13, rr=,2.152281e+04, rs0=,2.455516e+05, rs=,3.140980e-07
line:4564, iter,=1875, rr0=,4.364185e+13, rr=,2.128157e+04, rs0=,2.459229e+05, rs=,3.102839e-07
line:4564, iter,=1875, rr0=,4.367945e+13, rr=,2.108646e+04, rs0=,2.462120e+05, rs=,3.103008e-07
line:4564, iter,=1875, rr0=,4.371914e+13, rr=,2.090670e+04, rs0=,2.466873e+05, rs=,3.091064e-07
line:4564, iter,=1875, rr0=,4.376093e+13, rr=,2.087975e+04, rs0=,2.575545e+05, rs=,3.043276e-07
line:4564, iter,=1875, rr0=,4.380477e+13, rr=,1.966438e+04, rs0=,2.464107e+05, rs=,2.851532e-07
line:4564, iter,=1875, rr0=,4.385059e+13, rr=,1.998221e+04, rs0=,2.468873e+05, rs=,2.796044e-07
line:4564, iter,=1875, rr0=,4.389838e+13, rr=,2.063421e+04, rs0=,2.394334e+05, rs=,2.913503e-07
line:4564, iter,=1875, rr0=,4.394813e+13, rr=,1.971027e+04, rs0=,2.411795e+05, rs=,2.771343e-07
line:4564, iter,=1875, rr0=,4.399981e+13, rr=,1.861879e+04, rs0=,2.415544e+05, rs=,2.640690e-07
line:4564, iter,=1875, rr0=,4.405342e+13, rr=,1.692695e+04, rs0=,2.412552e+05, rs=,2.442691e-07
line:4564, iter,=1875, rr0=,4.410891e+13, rr=,1.649729e+04, rs0=,2.416117e+05, rs=,2.378139e-07
line:4564, iter,=1875, rr0=,4.416627e+13, rr=,1.644395e+04, rs0=,2.431629e+05, rs=,2.356086e-07
line:4564, iter,=1875, rr0=,4.422549e+13, rr=,1.456896e+04, rs0=,2.448217e+05, rs=,2.151771e-07
line:4564, iter,=1875, rr0=,4.428651e+13, rr=,1.473613e+04, rs0=,2.451005e+05, rs=,2.188668e-07
@ Vtk Output Time : 3.000000e-01
line:4564, iter,=1875, rr0=,4.434934e+13, rr=,1.471359e+04, rs0=,2.455946e+05, rs=,2.196258e-07
line:4564, iter,=1875, rr0=,4.441393e+13, rr=,1.416357e+04, rs0=,2.461270e+05, rs=,2.239376e-07
line:4564, iter,=1875, rr0=,4.448028e+13, rr=,1.733678e+04, rs0=,2.461759e+05, rs=,2.582633e-07
line:4564, iter,=1875, rr0=,4.454836e+13, rr=,1.800938e+04, rs0=,2.446665e+05, rs=,2.644691e-07
line:4564, iter,=1875, rr0=,4.461814e+13, rr=,1.763078e+04, rs0=,2.451580e+05, rs=,2.603579e-07
line:4564, iter,=1875, rr0=,4.468957e+13, rr=,1.652778e+04, rs0=,2.464717e+05, rs=,2.437967e-07
line:4564, iter,=1875, rr0=,4.476259e+13, rr=,1.602643e+04, rs0=,2.480351e+05, rs=,2.371772e-07
line:4564, iter,=1875, rr0=,4.483717e+13, rr=,1.554396e+04, rs0=,2.454383e+05, rs=,2.327546e-07
line:4564, iter,=1875, rr0=,4.491329e+13, rr=,1.558850e+04, rs0=,2.453317e+05, rs=,2.343515e-07
line:4564, iter,=1875, rr0=,4.499095e+13, rr=,1.713474e+04, rs0=,2.508947e+05, rs=,2.393631e-07
line:4564, iter,=1875, rr0=,4.507013e+13, rr=,1.726983e+04, rs0=,2.514381e+05, rs=,2.361612e-07
line:4564, iter,=1875, rr0=,4.515079e+13, rr=,1.698634e+04, rs0=,2.521519e+05, rs=,2.332001e-07
line:4564, iter,=1875, rr0=,4.523293e+13, rr=,1.652909e+04, rs0=,2.519899e+05, rs=,2.204080e-07
line:4564, iter,=1875, rr0=,4.531654e+13, rr=,1.646224e+04, rs0=,2.543920e+05, rs=,2.148751e-07
line:4564, iter,=1875, rr0=,4.540159e+13, rr=,1.791981e+04, rs0=,2.549127e+05, rs=,2.313519e-07
line:4564, iter,=1875, rr0=,4.548807e+13, rr=,1.811660e+04, rs0=,2.551494e+05, rs=,2.325623e-07
line:4564, iter,=1875, rr0=,4.557596e+13, rr=,1.480046e+04, rs0=,2.556684e+05, rs=,2.045621e-07
line:4564, iter,=1875, rr0=,4.566525e+13, rr=,1.494461e+04, rs0=,2.579737e+05, rs=,2.064591e-07
line:4564, iter,=1875, rr0=,4.575592e+13, rr=,1.463599e+04, rs0=,2.607054e+05, rs=,1.918190e-07
line:4564, iter,=1875, rr0=,4.584795e+13, rr=,1.436512e+04, rs0=,2.560082e+05, rs=,1.889215e-07
line:4564, iter,=1875, rr0=,4.594133e+13, rr=,1.221405e+04, rs0=,2.552206e+05, rs=,1.672224e-07
line:4564, iter,=1875, rr0=,4.603604e+13, rr=,1.228531e+04, rs0=,2.567648e+05, rs=,1.591791e-07
line:4564, iter,=1875, rr0=,4.613205e+13, rr=,1.530738e+04, rs0=,2.571380e+05, rs=,1.985821e-07
line:4564, iter,=1875, rr0=,4.622934e+13, rr=,1.597875e+04, rs0=,2.567576e+05, rs=,2.019415e-07
line:4564, iter,=1875, rr0=,4.632790e+13, rr=,1.700759e+04, rs0=,2.573797e+05, rs=,2.104412e-07
@ Vtk Output Time : 3.500000e-01
line:4564, iter,=1875, rr0=,4.642773e+13, rr=,1.688919e+04, rs0=,2.585956e+05, rs=,2.140912e-07
line:4564, iter,=1875, rr0=,4.652879e+13, rr=,1.739131e+04, rs0=,2.530873e+05, rs=,2.151172e-07
line:4564, iter,=1875, rr0=,4.663107e+13, rr=,1.794693e+04, rs0=,2.540635e+05, rs=,2.191488e-07
line:4564, iter,=1875, rr0=,4.673457e+13, rr=,1.857384e+04, rs0=,2.549104e+05, rs=,2.247048e-07
line:4564, iter,=1875, rr0=,4.683926e+13, rr=,1.908325e+04, rs0=,2.554344e+05, rs=,2.467258e-07
line:4564, iter,=1875, rr0=,4.694511e+13, rr=,1.788678e+04, rs0=,2.567597e+05, rs=,2.277069e-07
line:4564, iter,=1875, rr0=,4.705212e+13, rr=,2.042486e+04, rs0=,2.555532e+05, rs=,2.659151e-07
line:4564, iter,=1875, rr0=,4.716027e+13, rr=,2.065798e+04, rs0=,2.561586e+05, rs=,2.672293e-07
line:4564, iter,=1875, rr0=,4.726955e+13, rr=,2.085340e+04, rs0=,2.583898e+05, rs=,2.697829e-07
line:4564, iter,=1875, rr0=,4.737992e+13, rr=,2.127134e+04, rs0=,2.706906e+05, rs=,2.682890e-07
line:4564, iter,=1875, rr0=,4.749140e+13, rr=,2.065373e+04, rs0=,2.713232e+05, rs=,2.470692e-07
line:4564, iter,=1875, rr0=,4.760396e+13, rr=,2.132525e+04, rs0=,2.715320e+05, rs=,2.634136e-07
line:4564, iter,=1875, rr0=,4.771758e+13, rr=,2.034505e+04, rs0=,2.735235e+05, rs=,2.644535e-07
line:4564, iter,=1875, rr0=,4.783225e+13, rr=,1.995222e+04, rs0=,2.737067e+05, rs=,2.671874e-07
line:4564, iter,=1875, rr0=,4.794794e+13, rr=,1.931329e+04, rs0=,2.796534e+05, rs=,2.578498e-07
line:4564, iter,=1875, rr0=,4.806464e+13, rr=,2.000757e+04, rs0=,2.804735e+05, rs=,2.629251e-07
line:4564, iter,=1875, rr0=,4.818234e+13, rr=,2.026096e+04, rs0=,2.812323e+05, rs=,2.634894e-07
line:4564, iter,=1875, rr0=,4.830102e+13, rr=,1.659971e+04, rs0=,2.821985e+05, rs=,2.258660e-07
line:4564, iter,=1875, rr0=,4.842069e+13, rr=,1.439971e+04, rs0=,2.830069e+05, rs=,1.998324e-07
line:4564, iter,=1875, rr0=,4.854132e+13, rr=,1.354485e+04, rs0=,2.859001e+05, rs=,1.907964e-07
line:4564, iter,=1875, rr0=,4.866291e+13, rr=,1.471417e+04, rs0=,3.012626e+05, rs=,2.090382e-07
line:4564, iter,=1875, rr0=,4.878545e+13, rr=,1.486726e+04, rs0=,2.833888e+05, rs=,2.125569e-07
line:4564, iter,=1875, rr0=,4.890894e+13, rr=,1.579440e+04, rs0=,2.839308e+05, rs=,2.227883e-07
line:4564, iter,=1875, rr0=,4.903336e+13, rr=,1.407403e+04, rs0=,2.844953e+05, rs=,2.069975e-07
line:4564, iter,=1875, rr0=,4.915870e+13, rr=,2.063729e+04, rs0=,2.749295e+05, rs=,3.051454e-07
@ Vtk Output Time : 4.000000e-01
line:4564, iter,=1875, rr0=,4.928495e+13, rr=,2.241119e+04, rs0=,2.767246e+05, rs=,3.192311e-07
line:4564, iter,=1875, rr0=,4.941211e+13, rr=,2.219143e+04, rs0=,2.777572e+05, rs=,3.188948e-07
line:4564, iter,=1875, rr0=,4.954015e+13, rr=,2.275631e+04, rs0=,2.785090e+05, rs=,3.257218e-07
line:4564, iter,=1875, rr0=,4.966905e+13, rr=,2.515854e+04, rs0=,2.786987e+05, rs=,3.527515e-07
line:4564, iter,=1875, rr0=,4.979881e+13, rr=,3.127336e+04, rs0=,2.795080e+05, rs=,4.260120e-07
line:4564, iter,=1875, rr0=,4.992937e+13, rr=,3.192006e+04, rs0=,2.799008e+05, rs=,4.277336e-07
line:4564, iter,=1875, rr0=,5.006076e+13, rr=,3.288076e+04, rs0=,2.805731e+05, rs=,4.361684e-07
line:4564, iter,=1875, rr0=,5.019297e+13, rr=,3.365501e+04, rs0=,2.799288e+05, rs=,4.495652e-07
line:4564, iter,=1875, rr0=,5.032600e+13, rr=,3.766121e+04, rs0=,2.802600e+05, rs=,5.033373e-07
line:4564, iter,=1875, rr0=,5.045983e+13, rr=,3.663197e+04, rs0=,2.942381e+05, rs=,5.042964e-07
line:4564, iter,=1875, rr0=,5.059447e+13, rr=,3.634203e+04, rs0=,2.946236e+05, rs=,5.106506e-07
line:4564, iter,=1875, rr0=,5.072990e+13, rr=,3.287652e+04, rs0=,2.956730e+05, rs=,4.649354e-07
line:4564, iter,=1875, rr0=,5.086611e+13, rr=,2.981313e+04, rs0=,2.923238e+05, rs=,4.260183e-07
line:4564, iter,=1875, rr0=,5.100308e+13, rr=,3.012847e+04, rs0=,2.871613e+05, rs=,4.287381e-07
line:4564, iter,=1875, rr0=,5.114081e+13, rr=,3.314079e+04, rs0=,2.873549e+05, rs=,4.635511e-07
line:4564, iter,=1875, rr0=,5.127928e+13, rr=,3.404287e+04, rs0=,2.880729e+05, rs=,4.780822e-07
line:4564, iter,=1875, rr0=,5.141850e+13, rr=,3.205517e+04, rs0=,2.918913e+05, rs=,4.678340e-07
line:4564, iter,=1875, rr0=,5.155844e+13, rr=,2.969674e+04, rs0=,2.940345e+05, rs=,4.372422e-07
line:4564, iter,=1875, rr0=,5.169912e+13, rr=,3.466442e+04, rs0=,2.939701e+05, rs=,4.782856e-07
line:4564, iter,=1875, rr0=,5.184051e+13, rr=,3.196280e+04, rs0=,3.065639e+05, rs=,4.637567e-07
line:4564, iter,=1875, rr0=,5.198261e+13, rr=,3.112295e+04, rs0=,3.069633e+05, rs=,4.697642e-07
line:4564, iter,=1875, rr0=,5.212544e+13, rr=,2.917240e+04, rs0=,3.079285e+05, rs=,4.497625e-07
line:4564, iter,=1875, rr0=,5.226898e+13, rr=,3.031812e+04, rs0=,3.082300e+05, rs=,4.673699e-07
line:4564, iter,=1875, rr0=,5.241323e+13, rr=,2.996990e+04, rs0=,3.112506e+05, rs=,4.602122e-07
line:4564, iter,=1875, rr0=,5.255813e+13, rr=,3.054404e+04, rs0=,3.249094e+05, rs=,4.722617e-07
@ Vtk Output Time : 4.500000e-01
line:4564, iter,=1875, rr0=,5.270368e+13, rr=,3.096418e+04, rs0=,3.263291e+05, rs=,4.813307e-07
line:4564, iter,=1875, rr0=,5.284987e+13, rr=,3.167650e+04, rs0=,3.271073e+05, rs=,4.880988e-07
line:4564, iter,=1875, rr0=,5.299670e+13, rr=,3.091887e+04, rs0=,3.254732e+05, rs=,5.053171e-07
line:4564, iter,=1875, rr0=,5.314415e+13, rr=,3.235315e+04, rs0=,3.261165e+05, rs=,5.385246e-07
line:4564, iter,=1875, rr0=,5.329223e+13, rr=,3.274981e+04, rs0=,3.227170e+05, rs=,5.296578e-07
line:4564, iter,=1875, rr0=,5.344094e+13, rr=,2.878838e+04, rs0=,3.217168e+05, rs=,4.752975e-07
line:4564, iter,=1875, rr0=,5.359028e+13, rr=,2.782150e+04, rs0=,3.254168e+05, rs=,4.717773e-07
line:4564, iter,=1875, rr0=,5.374021e+13, rr=,2.750625e+04, rs0=,3.276434e+05, rs=,4.775225e-07
line:4564, iter,=1875, rr0=,5.389074e+13, rr=,2.763442e+04, rs0=,3.299702e+05, rs=,4.836925e-07
line:4564, iter,=1875, rr0=,5.404187e+13, rr=,2.604078e+04, rs0=,3.301072e+05, rs=,4.642066e-07
line:4564, iter,=1875, rr0=,5.419359e+13, rr=,2.746865e+04, rs0=,3.290020e+05, rs=,4.865305e-07
line:4564, iter,=1875, rr0=,5.434588e+13, rr=,2.833041e+04, rs0=,3.306461e+05, rs=,4.985017e-07
line:4564, iter,=1875, rr0=,5.449876e+13, rr=,2.717731e+04, rs0=,3.341188e+05, rs=,4.796313e-07
line:4564, iter,=1875, rr0=,5.465223e+13, rr=,2.829849e+04, rs0=,3.386157e+05, rs=,4.901896e-07
line:4564, iter,=1875, rr0=,5.480628e+13, rr=,2.651228e+04, rs0=,3.352593e+05, rs=,4.728848e-07
line:4564, iter,=1875, rr0=,5.496089e+13, rr=,3.023459e+04, rs0=,3.362712e+05, rs=,5.107021e-07
line:4564, iter,=1875, rr0=,5.511604e+13, rr=,2.963403e+04, rs0=,3.411918e+05, rs=,5.135295e-07
line:4564, iter,=1875, rr0=,5.527175e+13, rr=,2.512782e+04, rs0=,3.603813e+05, rs=,4.697545e-07
line:4564, iter,=1875, rr0=,5.542801e+13, rr=,2.548415e+04, rs0=,3.472874e+05, rs=,4.822174e-07
line:4564, iter,=1875, rr0=,5.558478e+13, rr=,2.610107e+04, rs0=,3.549824e+05, rs=,4.901860e-07
line:4564, iter,=1875, rr0=,5.574210e+13, rr=,2.885743e+04, rs0=,3.559415e+05, rs=,5.363710e-07
line:4564, iter,=1875, rr0=,5.589993e+13, rr=,2.873694e+04, rs0=,3.557491e+05, rs=,5.412784e-07
line:4564, iter,=1875, rr0=,5.605828e+13, rr=,2.929475e+04, rs0=,3.573006e+05, rs=,5.431597e-07
line:4564, iter,=1875, rr0=,5.621716e+13, rr=,2.986792e+04, rs0=,3.550253e+05, rs=,5.468847e-07
line:4564, iter,=1875, rr0=,5.637656e+13, rr=,3.047768e+04, rs0=,3.483087e+05, rs=,5.556879e-07
@ Vtk Output Time : 5.000000e-01
line:4564, iter,=1875, rr0=,5.653647e+13, rr=,2.946917e+04, rs0=,3.495429e+05, rs=,5.309852e-07
line:4564, iter,=1875, rr0=,5.669690e+13, rr=,2.916274e+04, rs0=,3.567281e+05, rs=,5.229206e-07
line:4564, iter,=1875, rr0=,5.685783e+13, rr=,3.067794e+04, rs0=,3.630958e+05, rs=,5.467794e-07
line:4564, iter,=1875, rr0=,5.701926e+13, rr=,3.027515e+04, rs0=,3.627187e+05, rs=,5.505268e-07
line:4564, iter,=1875, rr0=,5.718117e+13, rr=,2.791105e+04, rs0=,3.659002e+05, rs=,5.015975e-07
line:4564, iter,=1875, rr0=,5.734354e+13, rr=,2.910283e+04, rs0=,3.685699e+05, rs=,5.250892e-07
line:4564, iter,=1875, rr0=,5.750638e+13, rr=,3.001774e+04, rs0=,3.649130e+05, rs=,5.283894e-07
line:4564, iter,=1875, rr0=,5.766967e+13, rr=,3.135229e+04, rs0=,3.948340e+05, rs=,5.282358e-07
line:4564, iter,=1875, rr0=,5.783341e+13, rr=,3.616644e+04, rs0=,3.956898e+05, rs=,5.956954e-07
line:4564, iter,=1875, rr0=,5.799759e+13, rr=,3.672934e+04, rs0=,3.987208e+05, rs=,6.163000e-07
line:4564, iter,=1875, rr0=,5.816219e+13, rr=,3.879996e+04, rs0=,4.013028e+05, rs=,6.269228e-07
line:4564, iter,=1875, rr0=,5.832722e+13, rr=,4.014353e+04, rs0=,3.993831e+05, rs=,6.424954e-07
line:4564, iter,=1875, rr0=,5.849267e+13, rr=,4.005374e+04, rs0=,3.878576e+05, rs=,6.389144e-07
line:4564, iter,=1875, rr0=,5.865853e+13, rr=,3.984907e+04, rs0=,3.859183e+05, rs=,6.302083e-07
line:4564, iter,=1875, rr0=,5.882480e+13, rr=,4.780056e+04, rs0=,3.798858e+05, rs=,7.435571e-07
line:4564, iter,=1875, rr0=,5.899145e+13, rr=,4.356761e+04, rs0=,3.755043e+05, rs=,6.818045e-07
line:4564, iter,=1875, rr0=,5.915850e+13, rr=,3.887981e+04, rs0=,3.718860e+05, rs=,6.181900e-07
line:4564, iter,=1875, rr0=,5.932596e+13, rr=,3.341521e+04, rs0=,3.660280e+05, rs=,5.628008e-07
line:4564, iter,=1875, rr0=,5.949383e+13, rr=,3.470137e+04, rs0=,3.664316e+05, rs=,5.607992e-07
line:4564, iter,=1875, rr0=,5.966214e+13, rr=,3.412252e+04, rs0=,3.680404e+05, rs=,5.533948e-07
line:4564, iter,=1875, rr0=,5.983085e+13, rr=,3.498043e+04, rs0=,3.773156e+05, rs=,5.628050e-07
line:4564, iter,=1875, rr0=,5.999993e+13, rr=,3.779846e+04, rs0=,3.771633e+05, rs=,6.082534e-07
line:4564, iter,=1875, rr0=,6.016938e+13, rr=,4.001219e+04, rs0=,3.769218e+05, rs=,6.579001e-07
line:4564, iter,=1875, rr0=,6.033921e+13, rr=,3.854770e+04, rs0=,3.762884e+05, rs=,6.269817e-07
line:4564, iter,=1875, rr0=,6.050941e+13, rr=,4.958143e+04, rs0=,3.812644e+05, rs=,7.743589e-07
@ Vtk Output Time : 5.500000e-01
line:4564, iter,=1875, rr0=,6.068000e+13, rr=,5.555386e+04, rs0=,3.952599e+05, rs=,8.110358e-07
line:4564, iter,=1875, rr0=,6.085096e+13, rr=,4.831165e+04, rs0=,4.152327e+05, rs=,7.284674e-07
line:4564, iter,=1875, rr0=,6.102234e+13, rr=,4.595201e+04, rs0=,4.161403e+05, rs=,7.017507e-07
line:4564, iter,=1875, rr0=,6.119408e+13, rr=,4.120098e+04, rs0=,4.194743e+05, rs=,6.263561e-07
line:4564, iter,=1875, rr0=,6.136621e+13, rr=,4.003675e+04, rs0=,4.231372e+05, rs=,6.006944e-07
line:4564, iter,=1875, rr0=,6.153869e+13, rr=,3.748308e+04, rs0=,4.259837e+05, rs=,5.518455e-07
line:4564, iter,=1875, rr0=,6.171153e+13, rr=,3.407127e+04, rs0=,4.275688e+05, rs=,5.200132e-07
line:4564, iter,=1875, rr0=,6.188474e+13, rr=,3.498924e+04, rs0=,4.294291e+05, rs=,5.468884e-07
line:4564, iter,=1875, rr0=,6.205830e+13, rr=,3.784310e+04, rs0=,4.291314e+05, rs=,5.743962e-07
line:4564, iter,=1875, rr0=,6.223222e+13, rr=,3.482768e+04, rs0=,4.153862e+05, rs=,5.162111e-07
line:4564, iter,=1875, rr0=,6.240648e+13, rr=,4.351061e+04, rs0=,4.570154e+05, rs=,6.733091e-07
line:4564, iter,=1875, rr0=,6.258105e+13, rr=,4.024396e+04, rs0=,4.519579e+05, rs=,6.497293e-07
line:4564, iter,=1875, rr0=,6.275594e+13, rr=,4.246227e+04, rs0=,4.503932e+05, rs=,6.758069e-07
line:4564, iter,=1875, rr0=,6.293115e+13, rr=,4.374965e+04, rs0=,4.537857e+05, rs=,7.195105e-07
line:4564, iter,=1875, rr0=,6.310667e+13, rr=,4.704839e+04, rs0=,4.561145e+05, rs=,7.521141e-07
line:4564, iter,=1875, rr0=,6.328250e+13, rr=,4.811894e+04, rs0=,4.602650e+05, rs=,7.717780e-07
line:4564, iter,=1875, rr0=,6.345863e+13, rr=,4.899414e+04, rs0=,4.622957e+05, rs=,7.927941e-07
line:4564, iter,=1875, rr0=,6.363506e+13, rr=,5.121974e+04, rs0=,4.622895e+05, rs=,8.177636e-07
line:4564, iter,=1875, rr0=,6.381177e+13, rr=,4.766872e+04, rs0=,4.578467e+05, rs=,7.670362e-07
line:4564, iter,=1875, rr0=,6.398875e+13, rr=,4.633185e+04, rs0=,4.549637e+05, rs=,7.530202e-07
line:4564, iter,=1875, rr0=,6.416599e+13, rr=,4.979895e+04, rs0=,4.668050e+05, rs=,7.820858e-07
line:4564, iter,=1875, rr0=,6.434347e+13, rr=,5.018445e+04, rs0=,4.625254e+05, rs=,8.027381e-07
line:4564, iter,=1875, rr0=,6.452119e+13, rr=,4.488356e+04, rs0=,4.680874e+05, rs=,7.348322e-07
line:4564, iter,=1875, rr0=,6.469916e+13, rr=,4.371157e+04, rs0=,4.665409e+05, rs=,7.185098e-07
line:4564, iter,=1875, rr0=,6.487735e+13, rr=,4.734758e+04, rs0=,4.771405e+05, rs=,7.833441e-07
@ Vtk Output Time : 6.000000e-01
line:4564, iter,=1875, rr0=,6.505575e+13, rr=,4.758712e+04, rs0=,4.782333e+05, rs=,7.813811e-07
line:4564, iter,=1875, rr0=,6.523434e+13, rr=,4.751468e+04, rs0=,4.788642e+05, rs=,7.771992e-07
line:4564, iter,=1875, rr0=,6.541312e+13, rr=,5.625807e+04, rs0=,4.563023e+05, rs=,8.663541e-07
line:4564, iter,=1875, rr0=,6.559203e+13, rr=,5.344164e+04, rs0=,4.483016e+05, rs=,8.332301e-07
line:4564, iter,=1875, rr0=,6.577113e+13, rr=,5.418223e+04, rs0=,4.360927e+05, rs=,8.163675e-07
line:4564, iter,=1875, rr0=,6.595037e+13, rr=,5.133090e+04, rs0=,4.361947e+05, rs=,7.869478e-07
line:4564, iter,=1875, rr0=,6.612977e+13, rr=,5.443864e+04, rs0=,4.372872e+05, rs=,8.230465e-07
line:4564, iter,=1875, rr0=,6.630930e+13, rr=,5.485220e+04, rs0=,4.448988e+05, rs=,8.784464e-07
line:4564, iter,=1875, rr0=,6.648896e+13, rr=,5.826122e+04, rs0=,4.451721e+05, rs=,9.150815e-07
line:4564, iter,=1875, rr0=,6.666874e+13, rr=,6.163937e+04, rs0=,4.482026e+05, rs=,9.643464e-07
line:4564, iter,=1875, rr0=,6.684865e+13, rr=,5.923575e+04, rs0=,4.492322e+05, rs=,9.441417e-07
line:4564, iter,=1875, rr0=,6.702867e+13, rr=,6.653912e+04, rs0=,4.518530e+05, rs=,1.001399e-06
line:4564, iter,=1875, rr0=,6.720875e+13, rr=,6.385684e+04, rs0=,4.530143e+05, rs=,9.869777e-07
line:4564, iter,=1875, rr0=,6.738894e+13, rr=,6.001201e+04, rs0=,4.506330e+05, rs=,8.995375e-07
line:4564, iter,=1875, rr0=,6.756783e+13, rr=,4.533118e+04, rs0=,4.437807e+05, rs=,6.613465e-07
line:4564, iter,=1875, rr0=,6.774429e+13, rr=,3.700810e+04, rs0=,4.147901e+05, rs=,5.186425e-07
line:4564, iter,=1875, rr0=,6.791732e+13, rr=,3.989775e+04, rs0=,4.153098e+05, rs=,5.419542e-07
line:4564, iter,=1875, rr0=,6.808662e+13, rr=,3.921718e+04, rs0=,4.190166e+05, rs=,5.357631e-07
line:4564, iter,=1875, rr0=,6.825181e+13, rr=,3.163981e+04, rs0=,4.173853e+05, rs=,4.399796e-07
line:4564, iter,=1875, rr0=,6.841005e+13, rr=,3.003635e+04, rs0=,4.241042e+05, rs=,4.271551e-07
line:4564, iter,=1875, rr0=,6.856138e+13, rr=,3.331794e+04, rs0=,4.276486e+05, rs=,4.706411e-07
line:4564, iter,=1875, rr0=,6.870585e+13, rr=,2.819283e+04, rs0=,4.287755e+05, rs=,4.051067e-07
line:4564, iter,=1875, rr0=,6.884349e+13, rr=,2.709305e+04, rs0=,4.097126e+05, rs=,4.072889e-07
line:4564, iter,=1875, rr0=,6.897439e+13, rr=,2.533604e+04, rs0=,4.132177e+05, rs=,3.932010e-07
line:4564, iter,=1875, rr0=,6.909858e+13, rr=,2.574916e+04, rs0=,4.146381e+05, rs=,3.968617e-07
@ Vtk Output Time : 6.500000e-01
line:4564, iter,=1875, rr0=,6.921617e+13, rr=,3.031378e+04, rs0=,4.147303e+05, rs=,4.442645e-07
line:4564, iter,=1875, rr0=,6.932670e+13, rr=,3.199167e+04, rs0=,4.153550e+05, rs=,4.698384e-07
line:4564, iter,=1875, rr0=,6.942859e+13, rr=,6.006842e+04, rs0=,4.171245e+05, rs=,8.133537e-07
line:4564, iter,=1875, rr0=,6.951912e+13, rr=,7.730809e+04, rs0=,4.309516e+05, rs=,1.064028e-06
line:4564, iter,=1875, rr0=,6.959842e+13, rr=,9.624053e+04, rs0=,4.276780e+05, rs=,1.273259e-06
line:4564, iter,=1875, rr0=,6.966473e+13, rr=,1.024870e+05, rs0=,4.297572e+05, rs=,1.504042e-06
line:4564, iter,=1875, rr0=,6.971694e+13, rr=,1.132744e+05, rs0=,4.271237e+05, rs=,1.688828e-06
line:4564, iter,=1875, rr0=,6.975539e+13, rr=,1.026217e+05, rs0=,4.231264e+05, rs=,1.492576e-06
line:4564, iter,=1875, rr0=,6.978053e+13, rr=,1.344863e+05, rs0=,4.441718e+05, rs=,1.850520e-06
line:4564, iter,=1875, rr0=,6.979242e+13, rr=,1.440964e+05, rs0=,4.479423e+05, rs=,2.058856e-06
line:4564, iter,=1875, rr0=,6.978944e+13, rr=,1.510959e+05, rs0=,4.240475e+05, rs=,2.162668e-06
line:4564, iter,=1875, rr0=,6.977201e+13, rr=,1.717734e+05, rs0=,4.239803e+05, rs=,2.458267e-06
line:4564, iter,=1875, rr0=,6.973975e+13, rr=,1.677362e+05, rs0=,4.240037e+05, rs=,2.350114e-06
line:4564, iter,=1875, rr0=,6.969324e+13, rr=,1.855200e+05, rs0=,4.276925e+05, rs=,2.779046e-06
line:4564, iter,=1875, rr0=,6.962924e+13, rr=,2.254939e+05, rs0=,4.268965e+05, rs=,3.526502e-06
line:4564, iter,=1875, rr0=,6.954436e+13, rr=,2.289648e+05, rs0=,4.250371e+05, rs=,3.724638e-06
line:4564, iter,=1875, rr0=,6.943733e+13, rr=,2.694376e+05, rs0=,4.217203e+05, rs=,4.485424e-06
line:4564, iter,=1875, rr0=,6.930793e+13, rr=,2.783660e+05, rs0=,4.212932e+05, rs=,4.681830e-06
line:4564, iter,=1875, rr0=,6.915731e+13, rr=,2.952170e+05, rs0=,4.187397e+05, rs=,4.909426e-06
line:4564, iter,=1875, rr0=,6.898540e+13, rr=,3.058633e+05, rs0=,4.180654e+05, rs=,4.753539e-06
line:4564, iter,=1875, rr0=,6.879317e+13, rr=,3.263144e+05, rs0=,4.170293e+05, rs=,5.431772e-06
line:4564, iter,=1875, rr0=,6.858144e+13, rr=,3.564539e+05, rs0=,4.172665e+05, rs=,5.890133e-06
line:4564, iter,=1875, rr0=,6.834976e+13, rr=,3.792209e+05, rs0=,4.305483e+05, rs=,6.247389e-06
line:4564, iter,=1875, rr0=,6.809935e+13, rr=,4.061728e+05, rs0=,4.261344e+05, rs=,6.684119e-06
line:4564, iter,=1875, rr0=,6.783001e+13, rr=,3.938987e+05, rs0=,4.265036e+05, rs=,6.383892e-06
@ Vtk Output Time : 7.000000e-01
line:4564, iter,=1875, rr0=,6.754136e+13, rr=,4.121132e+05, rs0=,4.176035e+05, rs=,6.716149e-06
line:4564, iter,=1875, rr0=,6.723474e+13, rr=,3.742521e+05, rs0=,4.154981e+05, rs=,6.828098e-06
line:4564, iter,=1875, rr0=,6.691145e+13, rr=,4.843404e+05, rs0=,4.325665e+05, rs=,8.615238e-06
line:4564, iter,=1875, rr0=,6.657227e+13, rr=,3.404128e+05, rs0=,4.249454e+05, rs=,6.679577e-06
line:4564, iter,=1875, rr0=,6.621502e+13, rr=,3.500011e+05, rs0=,4.234482e+05, rs=,6.810230e-06
line:4564, iter,=1875, rr0=,6.584114e+13, rr=,3.370606e+05, rs0=,4.197701e+05, rs=,6.527927e-06
line:4564, iter,=1875, rr0=,6.545140e+13, rr=,3.212798e+05, rs0=,4.195852e+05, rs=,6.184610e-06
line:4564, iter,=1875, rr0=,6.504712e+13, rr=,3.204308e+05, rs0=,4.223945e+05, rs=,6.074304e-06
line:4564, iter,=1875, rr0=,6.462875e+13, rr=,3.124656e+05, rs0=,4.161955e+05, rs=,5.966979e-06
line:4564, iter,=1875, rr0=,6.419733e+13, rr=,2.962714e+05, rs0=,4.155337e+05, rs=,5.619837e-06
line:4564, iter,=1875, rr0=,6.375328e+13, rr=,5.302035e+05, rs0=,3.984134e+05, rs=,9.937875e-06
line:4564, iter,=1875, rr0=,6.326836e+13, rr=,2.910862e+06, rs0=,3.929636e+05, rs=,5.705670e-05
line:4564, iter,=1875, rr0=,6.255900e+13, rr=,6.981985e+06, rs0=,3.886655e+05, rs=,1.298179e-04
line:4564, iter,=1875, rr0=,6.156449e+13, rr=,9.307010e+06, rs0=,3.825349e+05, rs=,1.604356e-04
line:4564, iter,=1875, rr0=,6.038399e+13, rr=,1.022457e+07, rs0=,3.766512e+05, rs=,1.522768e-04
line:4564, iter,=1875, rr0=,5.914074e+13, rr=,6.874975e+06, rs0=,3.687932e+05, rs=,9.842723e-05
line:4564, iter,=1875, rr0=,5.790618e+13, rr=,3.776484e+06, rs0=,3.589173e+05, rs=,5.742425e-05
line:4564, iter,=1875, rr0=,5.670912e+13, rr=,2.032600e+06, rs0=,3.500066e+05, rs=,3.585852e-05
line:4564, iter,=1875, rr0=,5.555852e+13, rr=,1.136234e+06, rs0=,3.429223e+05, rs=,2.056418e-05
line:4564, iter,=1875, rr0=,5.445600e+13, rr=,9.372059e+05, rs0=,3.379597e+05, rs=,1.529268e-05
line:4564, iter,=1875, rr0=,5.340072e+13, rr=,9.997300e+05, rs0=,3.294046e+05, rs=,1.496626e-05
line:4564, iter,=1875, rr0=,5.239098e+13, rr=,8.957461e+05, rs0=,3.197062e+05, rs=,1.421855e-05
line:4564, iter,=1875, rr0=,5.142461e+13, rr=,9.078784e+05, rs0=,3.042611e+05, rs=,1.484188e-05
line:4564, iter,=1875, rr0=,5.049980e+13, rr=,8.615245e+05, rs0=,2.969514e+05, rs=,1.410393e-05
line:4564, iter,=1875, rr0=,4.961436e+13, rr=,8.824209e+05, rs0=,2.911165e+05, rs=,1.440013e-05
@ Vtk Output Time : 7.500000e-01
line:4564, iter,=1875, rr0=,4.876652e+13, rr=,6.297739e+05, rs0=,2.833827e+05, rs=,9.641464e-06
line:4564, iter,=1875, rr0=,4.794488e+13, rr=,4.798659e+05, rs0=,2.781804e+05, rs=,9.238520e-06
line:4564, iter,=1875, rr0=,4.711631e+13, rr=,5.609466e+05, rs0=,2.751129e+05, rs=,1.039974e-05
line:4564, iter,=1875, rr0=,4.628883e+13, rr=,7.387608e+05, rs0=,2.668362e+05, rs=,1.266007e-05
line:4564, iter,=1875, rr0=,4.546896e+13, rr=,7.494064e+05, rs0=,2.612500e+05, rs=,1.291079e-05
line:4564, iter,=1875, rr0=,4.466131e+13, rr=,7.853416e+05, rs0=,2.578564e+05, rs=,1.423143e-05
line:4564, iter,=1875, rr0=,4.386873e+13, rr=,8.988484e+05, rs0=,2.519534e+05, rs=,1.657800e-05
line:4564, iter,=1875, rr0=,4.309345e+13, rr=,8.616762e+05, rs0=,2.449481e+05, rs=,1.522835e-05
line:4564, iter,=1875, rr0=,4.233696e+13, rr=,8.350615e+05, rs0=,2.413517e+05, rs=,1.399095e-05
line:4564, iter,=1875, rr0=,4.160013e+13, rr=,7.043732e+05, rs0=,2.296841e+05, rs=,1.174385e-05
line:4564, iter,=1875, rr0=,4.088324e+13, rr=,6.533148e+05, rs0=,2.260623e+05, rs=,1.063756e-05
line:4564, iter,=1875, rr0=,4.018648e+13, rr=,6.411866e+05, rs0=,2.234177e+05, rs=,9.942001e-06
line:4564, iter,=1875, rr0=,3.950978e+13, rr=,5.719553e+05, rs0=,2.184471e+05, rs=,8.369531e-06
line:4564, iter,=1875, rr0=,3.885277e+13, rr=,5.574907e+05, rs0=,2.140511e+05, rs=,7.943818e-06
line:4564, iter,=1875, rr0=,3.821503e+13, rr=,4.807039e+05, rs0=,2.094091e+05, rs=,6.506023e-06
line:4564, iter,=1875, rr0=,3.759594e+13, rr=,4.745033e+05, rs0=,2.055433e+05, rs=,6.267713e-06
line:4564, iter,=1875, rr0=,3.699477e+13, rr=,4.737111e+05, rs0=,2.024786e+05, rs=,6.119904e-06
line:4564, iter,=1875, rr0=,3.641067e+13, rr=,4.952251e+05, rs0=,1.991930e+05, rs=,6.515862e-06
line:4564, iter,=1875, rr0=,3.584312e+13, rr=,4.730731e+05, rs0=,1.954053e+05, rs=,6.346713e-06
line:4564, iter,=1875, rr0=,3.529148e+13, rr=,4.618523e+05, rs0=,1.927782e+05, rs=,6.149595e-06
line:4564, iter,=1875, rr0=,3.475513e+13, rr=,3.619505e+05, rs0=,1.894339e+05, rs=,4.908596e-06
line:4564, iter,=1875, rr0=,3.423348e+13, rr=,3.687617e+05, rs0=,1.863686e+05, rs=,4.963741e-06
line:4564, iter,=1875, rr0=,3.372572e+13, rr=,3.223940e+05, rs0=,1.827842e+05, rs=,4.221731e-06
line:4564, iter,=1875, rr0=,3.323125e+13, rr=,3.046496e+05, rs0=,1.799339e+05, rs=,3.996624e-06
line:4564, iter,=1875, rr0=,3.274957e+13, rr=,2.600813e+05, rs0=,1.765832e+05, rs=,3.564456e-06
@ Vtk Output Time : 8.000000e-01
line:4564, iter,=1875, rr0=,3.228033e+13, rr=,2.545287e+05, rs0=,1.739986e+05, rs=,3.493333e-06
line:4564, iter,=1875, rr0=,3.182318e+13, rr=,2.355655e+05, rs0=,1.710305e+05, rs=,3.254548e-06
line:4564, iter,=1875, rr0=,3.137761e+13, rr=,2.907106e+05, rs0=,1.683317e+05, rs=,3.886669e-06
line:4564, iter,=1875, rr0=,3.094316e+13, rr=,3.135432e+05, rs0=,1.643027e+05, rs=,4.074274e-06
line:4564, iter,=1875, rr0=,3.051938e+13, rr=,3.045098e+05, rs0=,1.608546e+05, rs=,4.009757e-06
line:4564, iter,=1875, rr0=,3.010584e+13, rr=,3.028192e+05, rs0=,1.612091e+05, rs=,3.999377e-06
line:4564, iter,=1875, rr0=,2.970216e+13, rr=,2.750397e+05, rs0=,1.578601e+05, rs=,3.524679e-06
line:4564, iter,=1875, rr0=,2.930793e+13, rr=,2.935283e+05, rs0=,1.491699e+05, rs=,3.613308e-06
line:4564, iter,=1875, rr0=,2.892283e+13, rr=,2.863188e+05, rs0=,1.472354e+05, rs=,3.612462e-06
line:4564, iter,=1875, rr0=,2.854649e+13, rr=,2.677349e+05, rs0=,1.453369e+05, rs=,3.424951e-06
line:4564, iter,=1875, rr0=,2.817856e+13, rr=,1.913408e+05, rs0=,1.433471e+05, rs=,2.628960e-06
line:4564, iter,=1875, rr0=,2.781869e+13, rr=,1.823747e+05, rs0=,1.417659e+05, rs=,2.501549e-06
line:4564, iter,=1875, rr0=,2.746662e+13, rr=,1.853053e+05, rs0=,1.399084e+05, rs=,2.502323e-06
line:4564, iter,=1875, rr0=,2.712223e+13, rr=,1.843551e+05, rs0=,1.467846e+05, rs=,2.536630e-06
line:4564, iter,=1875, rr0=,2.678542e+13, rr=,1.785266e+05, rs0=,1.450045e+05, rs=,2.448190e-06
line:4564, iter,=1875, rr0=,2.645590e+13, rr=,1.468300e+05, rs0=,1.426590e+05, rs=,2.152598e-06
line:4564, iter,=1875, rr0=,2.613339e+13, rr=,1.494252e+05, rs0=,1.413642e+05, rs=,2.106560e-06
line:4564, iter,=1875, rr0=,2.581764e+13, rr=,1.296854e+05, rs0=,1.396262e+05, rs=,1.835985e-06
line:4564, iter,=1875, rr0=,2.550841e+13, rr=,1.259607e+05, rs0=,1.378691e+05, rs=,1.787660e-06
line:4564, iter,=1875, rr0=,2.520548e+13, rr=,1.173788e+05, rs0=,1.349464e+05, rs=,1.685086e-06
line:4564, iter,=1875, rr0=,2.490860e+13, rr=,1.121961e+05, rs0=,1.334535e+05, rs=,1.611010e-06
line:4564, iter,=1875, rr0=,2.461731e+13, rr=,1.024092e+05, rs0=,1.303340e+05, rs=,1.491843e-06
line:4564, iter,=1875, rr0=,2.433141e+13, rr=,9.896670e+04, rs0=,1.248464e+05, rs=,1.441796e-06
line:4564, iter,=1875, rr0=,2.405077e+13, rr=,1.000389e+05, rs0=,1.234749e+05, rs=,1.454051e-06
line:4564, iter,=1875, rr0=,2.377524e+13, rr=,9.674494e+04, rs0=,1.220660e+05, rs=,1.409385e-06
@ Vtk Output Time : 8.500000e-01
line:4564, iter,=1875, rr0=,2.350467e+13, rr=,9.665377e+04, rs0=,1.206239e+05, rs=,1.453611e-06
line:4564, iter,=1875, rr0=,2.323894e+13, rr=,9.632361e+04, rs0=,1.193731e+05, rs=,1.446602e-06
line:4564, iter,=1875, rr0=,2.297792e+13, rr=,9.303264e+04, rs0=,1.191881e+05, rs=,1.372574e-06
line:4564, iter,=1875, rr0=,2.272150e+13, rr=,1.034971e+05, rs0=,1.176146e+05, rs=,1.418850e-06
line:4564, iter,=1875, rr0=,2.246956e+13, rr=,1.030038e+05, rs0=,1.164572e+05, rs=,1.412190e-06
line:4564, iter,=1875, rr0=,2.222197e+13, rr=,9.993197e+04, rs0=,1.153394e+05, rs=,1.394030e-06
line:4564, iter,=1875, rr0=,2.197861e+13, rr=,9.757352e+04, rs0=,1.141469e+05, rs=,1.344768e-06
line:4564, iter,=1875, rr0=,2.173940e+13, rr=,9.502274e+04, rs0=,1.129013e+05, rs=,1.315554e-06
line:4564, iter,=1875, rr0=,2.150424e+13, rr=,9.375344e+04, rs0=,1.116302e+05, rs=,1.297903e-06
line:4564, iter,=1875, rr0=,2.127303e+13, rr=,8.719004e+04, rs0=,1.106888e+05, rs=,1.233148e-06
line:4564, iter,=1875, rr0=,2.104568e+13, rr=,6.916059e+04, rs0=,1.096255e+05, rs=,1.029848e-06
line:4564, iter,=1875, rr0=,2.082207e+13, rr=,7.595024e+04, rs0=,1.082482e+05, rs=,1.112313e-06
line:4564, iter,=1875, rr0=,2.060212e+13, rr=,7.637933e+04, rs0=,1.109576e+05, rs=,1.126661e-06
line:4564, iter,=1875, rr0=,2.038575e+13, rr=,7.612381e+04, rs0=,1.117606e+05, rs=,1.117046e-06
line:4564, iter,=1875, rr0=,2.017288e+13, rr=,7.605087e+04, rs0=,1.095859e+05, rs=,1.128721e-06
line:4564, iter,=1875, rr0=,1.996343e+13, rr=,7.403061e+04, rs0=,1.083119e+05, rs=,1.112175e-06
line:4564, iter,=1875, rr0=,1.975732e+13, rr=,7.515742e+04, rs0=,1.072047e+05, rs=,1.145993e-06
line:4564, iter,=1875, rr0=,1.955446e+13, rr=,7.479485e+04, rs0=,1.058348e+05, rs=,1.151327e-06
line:4564, iter,=1875, rr0=,1.935479e+13, rr=,6.966527e+04, rs0=,1.048259e+05, rs=,1.080874e-06
line:4564, iter,=1875, rr0=,1.915823e+13, rr=,6.830365e+04, rs0=,1.045118e+05, rs=,1.056122e-06
line:4564, iter,=1875, rr0=,1.896472e+13, rr=,6.857167e+04, rs0=,1.032327e+05, rs=,1.053577e-06
line:4564, iter,=1875, rr0=,1.877419e+13, rr=,6.597061e+04, rs0=,1.033964e+05, rs=,1.021233e-06
line:4564, iter,=1875, rr0=,1.858659e+13, rr=,6.699607e+04, rs0=,1.023000e+05, rs=,1.033254e-06
line:4564, iter,=1875, rr0=,1.840185e+13, rr=,6.571371e+04, rs0=,1.013452e+05, rs=,1.009876e-06
line:4564, iter,=1875, rr0=,1.821993e+13, rr=,5.697803e+04, rs0=,9.537587e+04, rs=,8.792349e-07
@ Vtk Output Time : 9.000000e-01
line:4564, iter,=1875, rr0=,1.804074e+13, rr=,5.436790e+04, rs0=,9.472249e+04, rs=,8.681053e-07
line:4564, iter,=1875, rr0=,1.786427e+13, rr=,5.175254e+04, rs0=,9.386994e+04, rs=,8.186312e-07
line:4564, iter,=1875, rr0=,1.769050e+13, rr=,5.128860e+04, rs0=,9.282204e+04, rs=,8.076357e-07
line:4564, iter,=1875, rr0=,1.751938e+13, rr=,5.393856e+04, rs0=,9.201009e+04, rs=,8.398173e-07
line:4564, iter,=1875, rr0=,1.735084e+13, rr=,5.300565e+04, rs0=,9.134148e+04, rs=,8.283352e-07
line:4564, iter,=1875, rr0=,1.718483e+13, rr=,5.330682e+04, rs0=,9.059977e+04, rs=,8.300754e-07
line:4564, iter,=1875, rr0=,1.702132e+13, rr=,5.032166e+04, rs0=,8.975369e+04, rs=,7.906930e-07
line:4564, iter,=1875, rr0=,1.686027e+13, rr=,4.175009e+04, rs0=,9.099784e+04, rs=,6.885477e-07
line:4564, iter,=1875, rr0=,1.670164e+13, rr=,4.946364e+04, rs0=,9.202495e+04, rs=,7.991650e-07
line:4564, iter,=1875, rr0=,1.654539e+13, rr=,4.737324e+04, rs0=,9.144999e+04, rs=,7.689722e-07
line:4564, iter,=1875, rr0=,1.639146e+13, rr=,4.840268e+04, rs0=,9.109562e+04, rs=,7.943550e-07
line:4564, iter,=1875, rr0=,1.623983e+13, rr=,4.815046e+04, rs0=,9.024032e+04, rs=,7.841328e-07
line:4564, iter,=1875, rr0=,1.609044e+13, rr=,4.697874e+04, rs0=,8.937675e+04, rs=,7.787197e-07
line:4564, iter,=1875, rr0=,1.594326e+13, rr=,4.458440e+04, rs0=,8.857487e+04, rs=,7.435010e-07
line:4564, iter,=1875, rr0=,1.579825e+13, rr=,4.090036e+04, rs0=,8.857114e+04, rs=,7.399924e-07
line:4564, iter,=1875, rr0=,1.565537e+13, rr=,3.822326e+04, rs0=,8.734616e+04, rs=,6.992701e-07
line:4564, iter,=1875, rr0=,1.551458e+13, rr=,3.746634e+04, rs0=,8.653307e+04, rs=,6.874244e-07
line:4564, iter,=1875, rr0=,1.537584e+13, rr=,3.671571e+04, rs0=,8.575534e+04, rs=,6.760322e-07
line:4564, iter,=1875, rr0=,1.523910e+13, rr=,4.156970e+04, rs0=,8.540738e+04, rs=,7.519957e-07
line:4564, iter,=1875, rr0=,1.510434e+13, rr=,4.228275e+04, rs0=,8.472475e+04, rs=,7.450912e-07
line:4564, iter,=1875, rr0=,1.497151e+13, rr=,3.567536e+04, rs0=,8.248723e+04, rs=,6.261438e-07
line:4564, iter,=1875, rr0=,1.484058e+13, rr=,3.953065e+04, rs0=,8.168219e+04, rs=,6.629306e-07
line:4564, iter,=1875, rr0=,1.471154e+13, rr=,3.702758e+04, rs0=,8.102709e+04, rs=,6.265347e-07
line:4564, iter,=1875, rr0=,1.458434e+13, rr=,3.692969e+04, rs0=,8.057220e+04, rs=,6.293977e-07
line:4564, iter,=1875, rr0=,1.445894e+13, rr=,4.176883e+04, rs0=,8.010099e+04, rs=,7.285467e-07
@ Vtk Output Time : 9.500000e-01
line:4564, iter,=1875, rr0=,1.433532e+13, rr=,4.141555e+04, rs0=,7.940299e+04, rs=,7.202541e-07
line:4564, iter,=1875, rr0=,1.421343e+13, rr=,3.956611e+04, rs0=,7.873016e+04, rs=,6.876084e-07
line:4564, iter,=1875, rr0=,1.409327e+13, rr=,3.916446e+04, rs0=,7.823867e+04, rs=,6.758858e-07
line:4564, iter,=1875, rr0=,1.397481e+13, rr=,3.751674e+04, rs0=,7.759484e+04, rs=,6.513816e-07
line:4564, iter,=1875, rr0=,1.385801e+13, rr=,3.841054e+04, rs0=,7.633046e+04, rs=,6.724505e-07
line:4564, iter,=1875, rr0=,1.374282e+13, rr=,4.064911e+04, rs0=,7.593514e+04, rs=,6.894128e-07
line:4564, iter,=1875, rr0=,1.362920e+13, rr=,3.908987e+04, rs0=,7.547975e+04, rs=,6.736255e-07
line:4564, iter,=1875, rr0=,1.351712e+13, rr=,3.798586e+04, rs0=,7.486340e+04, rs=,6.570598e-07
line:4564, iter,=1875, rr0=,1.340653e+13, rr=,3.730899e+04, rs0=,7.427375e+04, rs=,6.310618e-07
line:4564, iter,=1875, rr0=,1.329741e+13, rr=,3.441295e+04, rs0=,7.358947e+04, rs=,6.067092e-07
line:4564, iter,=1875, rr0=,1.318971e+13, rr=,3.405616e+04, rs0=,7.300169e+04, rs=,5.761422e-07
line:4564, iter,=1875, rr0=,1.308341e+13, rr=,3.405882e+04, rs0=,7.214254e+04, rs=,5.868319e-07
line:4564, iter,=1875, rr0=,1.297848e+13, rr=,3.397681e+04, rs0=,7.140668e+04, rs=,5.618378e-07
line:4564, iter,=1875, rr0=,1.287487e+13, rr=,2.748788e+04, rs0=,7.163110e+04, rs=,4.686461e-07
line:4564, iter,=1875, rr0=,1.277255e+13, rr=,2.654542e+04, rs0=,7.121650e+04, rs=,4.646684e-07
line:4564, iter,=1875, rr0=,1.267147e+13, rr=,2.611046e+04, rs0=,7.064815e+04, rs=,4.505670e-07
line:4564, iter,=1875, rr0=,1.257161e+13, rr=,2.401665e+04, rs0=,6.957651e+04, rs=,4.328070e-07
line:4564, iter,=1875, rr0=,1.247290e+13, rr=,2.451057e+04, rs0=,6.897546e+04, rs=,4.220982e-07
line:4564, iter,=1875, rr0=,1.237531e+13, rr=,2.374181e+04, rs0=,6.843218e+04, rs=,4.298029e-07
line:4564, iter,=1875, rr0=,1.227883e+13, rr=,2.315021e+04, rs0=,6.813024e+04, rs=,4.228282e-07
line:4564, iter,=1875, rr0=,1.218343e+13, rr=,2.180923e+04, rs0=,6.751075e+04, rs=,3.992590e-07
line:4564, iter,=1875, rr0=,1.208910e+13, rr=,2.047121e+04, rs0=,6.698412e+04, rs=,3.743979e-07
line:4564, iter,=1875, rr0=,1.199583e+13, rr=,2.119627e+04, rs0=,6.637201e+04, rs=,3.847631e-07
line:4564, iter,=1875, rr0=,1.190359e+13, rr=,2.198134e+04, rs0=,6.630189e+04, rs=,3.963522e-07
@ Prof Output Time : 1.000000e+00
line:4564, iter,=1875, rr0=,1.181236e+13, rr=,2.230851e+04, rs0=,6.584657e+04, rs=,4.046022e-07
@ Vtk Output Time : 1.000000e+00
line:4564, iter,=1875, rr0=,1.172213e+13, rr=,2.201109e+04, rs0=,6.525430e+04, rs=,4.036379e-07
line:4564, iter,=1875, rr0=,1.163289e+13, rr=,2.086953e+04, rs0=,6.476574e+04, rs=,3.826534e-07
line:4564, iter,=1875, rr0=,1.154460e+13, rr=,2.151666e+04, rs0=,6.417423e+04, rs=,3.834791e-07
line:4564, iter,=1875, rr0=,1.145725e+13, rr=,1.997115e+04, rs0=,6.393811e+04, rs=,3.499371e-07
line:4564, iter,=1875, rr0=,1.137083e+13, rr=,2.013607e+04, rs0=,6.332939e+04, rs=,3.462867e-07
line:4564, iter,=1875, rr0=,1.128530e+13, rr=,1.589352e+04, rs0=,6.541944e+04, rs=,2.746359e-07
line:4564, iter,=1875, rr0=,1.120066e+13, rr=,1.577471e+04, rs0=,6.515772e+04, rs=,2.667897e-07
line:4564, iter,=1875, rr0=,1.111688e+13, rr=,1.464530e+04, rs0=,6.465813e+04, rs=,2.491273e-07
line:4564, iter,=1875, rr0=,1.103395e+13, rr=,1.461747e+04, rs0=,6.426789e+04, rs=,2.461737e-07
line:4564, iter,=1875, rr0=,1.095184e+13, rr=,1.403011e+04, rs0=,6.381523e+04, rs=,2.339770e-07
line:4564, iter,=1875, rr0=,1.087055e+13, rr=,1.189498e+04, rs0=,6.357654e+04, rs=,2.096316e-07
line:4564, iter,=1875, rr0=,1.079005e+13, rr=,1.157471e+04, rs0=,6.287985e+04, rs=,1.987172e-07
line:4564, iter,=1875, rr0=,1.071034e+13, rr=,1.133929e+04, rs0=,6.347121e+04, rs=,1.949593e-07
line:4564, iter,=1875, rr0=,1.063140e+13, rr=,1.104439e+04, rs0=,6.303189e+04, rs=,1.872939e-07
line:4564, iter,=1875, rr0=,1.055322e+13, rr=,1.062762e+04, rs0=,6.318974e+04, rs=,1.855004e-07
line:4564, iter,=1875, rr0=,1.047579e+13, rr=,9.863051e+03, rs0=,6.271540e+04, rs=,1.756636e-07
line:4564, iter,=1875, rr0=,1.039911e+13, rr=,9.686272e+03, rs0=,6.226360e+04, rs=,1.711840e-07
line:4564, iter,=1875, rr0=,1.032316e+13, rr=,1.070936e+04, rs0=,6.193291e+04, rs=,1.821361e-07
line:4564, iter,=1875, rr0=,1.024796e+13, rr=,1.035592e+04, rs0=,6.154434e+04, rs=,1.757725e-07
line:4564, iter,=1875, rr0=,1.017347e+13, rr=,1.092427e+04, rs0=,6.115055e+04, rs=,1.796024e-07
line:4564, iter,=1875, rr0=,1.009970e+13, rr=,1.002396e+04, rs0=,6.065795e+04, rs=,1.692471e-07
line:4564, iter,=1875, rr0=,1.002663e+13, rr=,1.072106e+04, rs0=,6.025298e+04, rs=,1.773269e-07
line:4564, iter,=1875, rr0=,9.954251e+12, rr=,9.833232e+03, rs0=,5.979535e+04, rs=,1.623351e-07
line:4564, iter,=1875, rr0=,9.882552e+12, rr=,9.270979e+03, rs0=,5.972908e+04, rs=,1.544003e-07
line:4564, iter,=1875, rr0=,9.811534e+12, rr=,8.644626e+03, rs0=,5.941044e+04, rs=,1.452765e-07
@ Vtk Output Time : 1.050000e+00
line:4564, iter,=1875, rr0=,9.741190e+12, rr=,8.083834e+03, rs0=,5.900619e+04, rs=,1.375180e-07
line:4564, iter,=1875, rr0=,9.671516e+12, rr=,6.382360e+03, rs0=,5.945167e+04, rs=,1.162834e-07
line:4564, iter,=1875, rr0=,9.602504e+12, rr=,6.154824e+03, rs0=,5.896500e+04, rs=,1.101657e-07
line:4564, iter,=1875, rr0=,9.534149e+12, rr=,6.203999e+03, rs0=,5.946361e+04, rs=,1.133143e-07
line:4564, iter,=1875, rr0=,9.466443e+12, rr=,6.500924e+03, rs0=,5.971738e+04, rs=,1.138792e-07
line:4564, iter,=1875, rr0=,9.399379e+12, rr=,6.678634e+03, rs0=,5.951856e+04, rs=,1.172197e-07
line:4564, iter,=1875, rr0=,9.332948e+12, rr=,6.704508e+03, rs0=,5.907729e+04, rs=,1.176632e-07
line:4564, iter,=1875, rr0=,9.267145e+12, rr=,6.150656e+03, rs0=,5.857148e+04, rs=,1.116627e-07
line:4564, iter,=1875, rr0=,9.201964e+12, rr=,6.212476e+03, rs0=,5.814404e+04, rs=,1.112653e-07
line:4564, iter,=1875, rr0=,9.137400e+12, rr=,5.743887e+03, rs0=,5.814147e+04, rs=,1.070068e-07
line:4564, iter,=1875, rr0=,9.073450e+12, rr=,6.032126e+03, rs0=,5.782545e+04, rs=,1.109966e-07
line:4564, iter,=1875, rr0=,9.010106e+12, rr=,5.639011e+03, rs0=,5.737328e+04, rs=,1.055738e-07
line:4564, iter,=1875, rr0=,8.947364e+12, rr=,4.444226e+03, rs0=,5.698947e+04, rs=,8.317712e-08
line:4564, iter,=1875, rr0=,8.885221e+12, rr=,4.394964e+03, rs0=,5.646802e+04, rs=,8.126339e-08
line:4564, iter,=1875, rr0=,8.823673e+12, rr=,3.478634e+03, rs0=,5.631686e+04, rs=,6.442831e-08
line:4564, iter,=1875, rr0=,8.762716e+12, rr=,3.526513e+03, rs0=,5.600043e+04, rs=,6.346952e-08
line:4564, iter,=1875, rr0=,8.702345e+12, rr=,3.511704e+03, rs0=,5.618243e+04, rs=,6.310953e-08
line:4564, iter,=1875, rr0=,8.642559e+12, rr=,3.553932e+03, rs0=,5.568688e+04, rs=,6.300372e-08
line:4564, iter,=1875, rr0=,8.583354e+12, rr=,3.642952e+03, rs0=,5.529677e+04, rs=,6.309530e-08
line:4564, iter,=1875, rr0=,8.524725e+12, rr=,3.417234e+03, rs0=,5.472025e+04, rs=,5.970426e-08
line:4564, iter,=1875, rr0=,8.466671e+12, rr=,3.379938e+03, rs0=,5.368501e+04, rs=,5.901677e-08
line:4564, iter,=1875, rr0=,8.409184e+12, rr=,3.317740e+03, rs0=,5.332151e+04, rs=,5.827537e-08
line:4564, iter,=1875, rr0=,8.352261e+12, rr=,4.203176e+03, rs0=,5.298425e+04, rs=,6.827460e-08
line:4564, iter,=1875, rr0=,8.295897e+12, rr=,4.153511e+03, rs0=,5.259462e+04, rs=,6.758197e-08
line:4564, iter,=1875, rr0=,8.240087e+12, rr=,3.974768e+03, rs0=,5.124594e+04, rs=,6.549742e-08
@ Vtk Output Time : 1.100000e+00
line:4564, iter,=1875, rr0=,8.184826e+12, rr=,3.072801e+03, rs0=,5.086155e+04, rs=,5.698509e-08
line:4564, iter,=1875, rr0=,8.130108e+12, rr=,2.989506e+03, rs0=,5.051198e+04, rs=,5.500187e-08
line:4564, iter,=1875, rr0=,8.075929e+12, rr=,2.950064e+03, rs0=,5.016517e+04, rs=,5.492927e-08
line:4564, iter,=1875, rr0=,8.022282e+12, rr=,2.865875e+03, rs0=,4.986186e+04, rs=,5.273820e-08
line:4564, iter,=1875, rr0=,7.969163e+12, rr=,2.986569e+03, rs0=,4.966553e+04, rs=,5.400470e-08
line:4564, iter,=1875, rr0=,7.916568e+12, rr=,3.026232e+03, rs0=,4.934532e+04, rs=,5.389478e-08
line:4564, iter,=1875, rr0=,7.864493e+12, rr=,2.684714e+03, rs0=,4.922583e+04, rs=,4.586241e-08
line:4564, iter,=1875, rr0=,7.812928e+12, rr=,2.573723e+03, rs0=,4.889914e+04, rs=,4.279227e-08
line:4564, iter,=1875, rr0=,7.761871e+12, rr=,2.634570e+03, rs0=,4.863145e+04, rs=,4.402111e-08
line:4564, iter,=1875, rr0=,7.711318e+12, rr=,2.736318e+03, rs0=,4.842626e+04, rs=,4.394728e-08
line:4564, iter,=1875, rr0=,7.661267e+12, rr=,2.866554e+03, rs0=,4.815829e+04, rs=,4.507040e-08
line:4564, iter,=1875, rr0=,7.611711e+12, rr=,3.026672e+03, rs0=,4.954626e+04, rs=,4.665275e-08
line:4564, iter,=1875, rr0=,7.562646e+12, rr=,2.721323e+03, rs0=,5.028647e+04, rs=,4.527588e-08
line:4564, iter,=1875, rr0=,7.514068e+12, rr=,2.826511e+03, rs0=,4.992722e+04, rs=,4.677237e-08
line:4564, iter,=1875, rr0=,7.465973e+12, rr=,2.792083e+03, rs0=,4.953783e+04, rs=,4.878104e-08
line:4564, iter,=1875, rr0=,7.418358e+12, rr=,2.694154e+03, rs0=,4.825793e+04, rs=,4.933311e-08
line:4564, iter,=1875, rr0=,7.371216e+12, rr=,2.758755e+03, rs0=,4.803224e+04, rs=,4.891634e-08
line:4564, iter,=1875, rr0=,7.324542e+12, rr=,2.651119e+03, rs0=,4.772380e+04, rs=,4.760263e-08
line:4564, iter,=1875, rr0=,7.278326e+12, rr=,2.633867e+03, rs0=,4.739929e+04, rs=,4.645403e-08
line:4564, iter,=1875, rr0=,7.232562e+12, rr=,2.802884e+03, rs0=,4.735273e+04, rs=,4.824645e-08
line:4564, iter,=1875, rr0=,7.187248e+12, rr=,2.754183e+03, rs0=,4.719288e+04, rs=,4.775696e-08
line:4564, iter,=1875, rr0=,7.142379e+12, rr=,2.554940e+03, rs0=,4.651248e+04, rs=,4.497831e-08
line:4564, iter,=1875, rr0=,7.097949e+12, rr=,2.490471e+03, rs0=,4.621792e+04, rs=,4.425381e-08
line:4564, iter,=1875, rr0=,7.053956e+12, rr=,2.482428e+03, rs0=,4.593347e+04, rs=,4.402910e-08
line:4564, iter,=1875, rr0=,7.010396e+12, rr=,2.448855e+03, rs0=,4.539547e+04, rs=,4.020856e-08
@ Vtk Output Time : 1.150000e+00
line:4564, iter,=1875, rr0=,6.967266e+12, rr=,2.217219e+03, rs0=,4.504005e+04, rs=,3.725843e-08
line:4564, iter,=1875, rr0=,6.924565e+12, rr=,2.020620e+03, rs0=,4.425734e+04, rs=,3.549877e-08
line:4564, iter,=1875, rr0=,6.882286e+12, rr=,2.110177e+03, rs0=,4.431848e+04, rs=,3.540933e-08
line:4564, iter,=1875, rr0=,6.840421e+12, rr=,2.269222e+03, rs0=,4.416237e+04, rs=,3.644515e-08
line:4564, iter,=1875, rr0=,6.798966e+12, rr=,2.119444e+03, rs0=,4.388306e+04, rs=,3.457742e-08
line:4564, iter,=1875, rr0=,6.757914e+12, rr=,2.077152e+03, rs0=,4.358748e+04, rs=,3.414440e-08
line:4564, iter,=1875, rr0=,6.717262e+12, rr=,2.009534e+03, rs0=,4.318106e+04, rs=,3.175624e-08
line:4564, iter,=1875, rr0=,6.677006e+12, rr=,2.141776e+03, rs0=,4.377110e+04, rs=,3.363673e-08
line:4564, iter,=1875, rr0=,6.637143e+12, rr=,2.128370e+03, rs0=,4.350499e+04, rs=,3.451850e-08
line:4564, iter,=1875, rr0=,6.597669e+12, rr=,2.109301e+03, rs0=,4.323027e+04, rs=,3.448210e-08
line:4564, iter,=1875, rr0=,6.558579e+12, rr=,2.109661e+03, rs0=,4.169048e+04, rs=,3.389412e-08
line:4564, iter,=1875, rr0=,6.519870e+12, rr=,2.116418e+03, rs0=,4.146498e+04, rs=,3.369996e-08
line:4564, iter,=1875, rr0=,6.481537e+12, rr=,2.047390e+03, rs0=,4.120664e+04, rs=,3.207117e-08
line:4564, iter,=1875, rr0=,6.443577e+12, rr=,2.032275e+03, rs0=,4.095438e+04, rs=,3.178795e-08
line:4564, iter,=1875, rr0=,6.405986e+12, rr=,2.049322e+03, rs0=,4.084884e+04, rs=,3.205534e-08
line:4564, iter,=1875, rr0=,6.368760e+12, rr=,2.019490e+03, rs0=,4.112771e+04, rs=,3.114371e-08
line:4564, iter,=1875, rr0=,6.331894e+12, rr=,1.982430e+03, rs0=,4.088482e+04, rs=,3.056281e-08
line:4564, iter,=1875, rr0=,6.295386e+12, rr=,1.975167e+03, rs0=,4.064617e+04, rs=,3.095259e-08
line:4564, iter,=1875, rr0=,6.259233e+12, rr=,2.162801e+03, rs0=,4.034099e+04, rs=,3.297254e-08
line:4564, iter,=1875, rr0=,6.223431e+12, rr=,2.519959e+03, rs0=,4.004597e+04, rs=,3.508491e-08
line:4564, iter,=1875, rr0=,6.187976e+12, rr=,2.545804e+03, rs0=,4.031901e+04, rs=,3.611478e-08
line:4564, iter,=1875, rr0=,6.152865e+12, rr=,2.437625e+03, rs0=,4.006007e+04, rs=,3.537259e-08
line:4564, iter,=1875, rr0=,6.118096e+12, rr=,2.455241e+03, rs0=,3.983813e+04, rs=,3.617862e-08
line:4564, iter,=1875, rr0=,6.083664e+12, rr=,2.539755e+03, rs0=,3.959629e+04, rs=,3.724598e-08
line:4564, iter,=1875, rr0=,6.049566e+12, rr=,2.461766e+03, rs0=,3.933941e+04, rs=,3.690577e-08
@ Vtk Output Time : 1.200000e+00
line:4564, iter,=1875, rr0=,6.015798e+12, rr=,3.134267e+03, rs0=,4.014789e+04, rs=,4.417850e-08
line:4564, iter,=1875, rr0=,5.982355e+12, rr=,3.002429e+03, rs0=,4.002849e+04, rs=,4.453186e-08
line:4564, iter,=1875, rr0=,5.949238e+12, rr=,2.833681e+03, rs0=,4.022271e+04, rs=,4.191273e-08
line:4564, iter,=1875, rr0=,5.916442e+12, rr=,2.855135e+03, rs0=,4.003548e+04, rs=,4.265092e-08
line:4564, iter,=1875, rr0=,5.883965e+12, rr=,2.850876e+03, rs0=,3.939882e+04, rs=,4.210664e-08
line:4564, iter,=1875, rr0=,5.851805e+12, rr=,2.909189e+03, rs0=,3.911099e+04, rs=,4.294701e-08
line:4564, iter,=1875, rr0=,5.819954e+12, rr=,2.579648e+03, rs0=,3.888072e+04, rs=,3.885947e-08
line:4564, iter,=1875, rr0=,5.788407e+12, rr=,2.624382e+03, rs0=,3.863102e+04, rs=,3.905851e-08
line:4564, iter,=1875, rr0=,5.757162e+12, rr=,2.582065e+03, rs0=,3.841581e+04, rs=,3.830561e-08
line:4564, iter,=1875, rr0=,5.726215e+12, rr=,2.465742e+03, rs0=,3.812996e+04, rs=,3.639765e-08
line:4564, iter,=1875, rr0=,5.695564e+12, rr=,2.422215e+03, rs0=,3.967917e+04, rs=,3.617381e-08
line:4564, iter,=1875, rr0=,5.665207e+12, rr=,2.562152e+03, rs0=,3.852342e+04, rs=,4.190049e-08
line:4564, iter,=1875, rr0=,5.635141e+12, rr=,2.516544e+03, rs0=,3.838254e+04, rs=,4.131258e-08
line:4564, iter,=1875, rr0=,5.605362e+12, rr=,2.282846e+03, rs0=,3.815623e+04, rs=,3.874466e-08
line:4564, iter,=1875, rr0=,5.575843e+12, rr=,2.320850e+03, rs0=,3.791231e+04, rs=,3.896873e-08
line:4564, iter,=1875, rr0=,5.546582e+12, rr=,2.347355e+03, rs0=,3.719711e+04, rs=,3.907649e-08
line:4564, iter,=1875, rr0=,5.517574e+12, rr=,2.307653e+03, rs0=,3.675976e+04, rs=,3.853979e-08
line:4564, iter,=1875, rr0=,5.488817e+12, rr=,2.304330e+03, rs0=,3.658601e+04, rs=,3.796228e-08
line:4564, iter,=1875, rr0=,5.460310e+12, rr=,2.220073e+03, rs0=,3.620294e+04, rs=,3.637920e-08
line:4564, iter,=1875, rr0=,5.432050e+12, rr=,2.339055e+03, rs0=,3.634904e+04, rs=,3.726444e-08
line:4564, iter,=1875, rr0=,5.404035e+12, rr=,2.400524e+03, rs0=,3.615230e+04, rs=,3.868736e-08
line:4564, iter,=1875, rr0=,5.376264e+12, rr=,2.038783e+03, rs0=,3.475288e+04, rs=,3.439601e-08
line:4564, iter,=1875, rr0=,5.348732e+12, rr=,1.993283e+03, rs0=,3.449952e+04, rs=,3.314678e-08
line:4564, iter,=1875, rr0=,5.321438e+12, rr=,1.951561e+03, rs0=,3.436176e+04, rs=,3.263993e-08
line:4564, iter,=1875, rr0=,5.294381e+12, rr=,1.945788e+03, rs0=,3.418496e+04, rs=,3.207346e-08
@ Vtk Output Time : 1.250000e+00
line:4564, iter,=1875, rr0=,5.267558e+12, rr=,1.916130e+03, rs0=,3.404222e+04, rs=,3.335568e-08
line:4564, iter,=1875, rr0=,5.240968e+12, rr=,1.903908e+03, rs0=,3.375404e+04, rs=,3.284879e-08
line:4564, iter,=1875, rr0=,5.214609e+12, rr=,1.650728e+03, rs0=,3.400361e+04, rs=,2.682640e-08
line:4564, iter,=1875, rr0=,5.188478e+12, rr=,1.635483e+03, rs0=,3.379614e+04, rs=,2.615820e-08
line:4564, iter,=1875, rr0=,5.162568e+12, rr=,1.566510e+03, rs0=,3.363216e+04, rs=,2.506522e-08
line:4564, iter,=1875, rr0=,5.136877e+12, rr=,1.470205e+03, rs0=,3.338055e+04, rs=,2.344081e-08
line:4564, iter,=1875, rr0=,5.111403e+12, rr=,1.449476e+03, rs0=,3.319448e+04, rs=,2.345148e-08
line:4564, iter,=1875, rr0=,5.086144e+12, rr=,1.488097e+03, rs0=,3.303117e+04, rs=,2.395961e-08
line:4564, iter,=1875, rr0=,5.061098e+12, rr=,1.460363e+03, rs0=,3.284202e+04, rs=,2.328505e-08
line:4564, iter,=1875, rr0=,5.036263e+12, rr=,1.455785e+03, rs0=,3.251652e+04, rs=,2.379008e-08
line:4564, iter,=1875, rr0=,5.011638e+12, rr=,1.490002e+03, rs0=,3.235593e+04, rs=,2.362423e-08
line:4564, iter,=1875, rr0=,4.987219e+12, rr=,1.478060e+03, rs0=,3.219599e+04, rs=,2.350627e-08
line:4564, iter,=1875, rr0=,4.963005e+12, rr=,1.532535e+03, rs0=,3.206477e+04, rs=,2.451683e-08
line:4564, iter,=1875, rr0=,4.938993e+12, rr=,1.533721e+03, rs0=,3.196416e+04, rs=,2.467712e-08
line:4564, iter,=1875, rr0=,4.915183e+12, rr=,1.496999e+03, rs0=,3.151181e+04, rs=,2.443344e-08
line:4564, iter,=1875, rr0=,4.891572e+12, rr=,1.485014e+03, rs0=,3.136194e+04, rs=,2.439620e-08
line:4564, iter,=1875, rr0=,4.868158e+12, rr=,1.449208e+03, rs0=,3.120827e+04, rs=,2.468403e-08
line:4564, iter,=1875, rr0=,4.844934e+12, rr=,1.452639e+03, rs0=,3.102759e+04, rs=,2.542280e-08
line:4564, iter,=1875, rr0=,4.821900e+12, rr=,1.370494e+03, rs0=,3.582027e+04, rs=,2.490791e-08
line:4564, iter,=1875, rr0=,4.799052e+12, rr=,1.354641e+03, rs0=,3.562151e+04, rs=,2.437357e-08
line:4564, iter,=1875, rr0=,4.776391e+12, rr=,1.268278e+03, rs0=,3.542491e+04, rs=,2.120745e-08
line:4564, iter,=1875, rr0=,4.753914e+12, rr=,1.387201e+03, rs0=,3.522776e+04, rs=,2.430302e-08
line:4564, iter,=1875, rr0=,4.731619e+12, rr=,1.408756e+03, rs0=,3.504801e+04, rs=,2.547683e-08
line:4564, iter,=1875, rr0=,4.709506e+12, rr=,1.434277e+03, rs0=,3.497157e+04, rs=,2.564365e-08
line:4564, iter,=1875, rr0=,4.687571e+12, rr=,1.329765e+03, rs0=,3.482410e+04, rs=,2.389240e-08
@ Vtk Output Time : 1.300000e+00
line:4564, iter,=1875, rr0=,4.665815e+12, rr=,1.338271e+03, rs0=,3.463665e+04, rs=,2.419468e-08
line:4564, iter,=1875, rr0=,4.644237e+12, rr=,1.356631e+03, rs0=,3.477301e+04, rs=,2.349638e-08
line:4564, iter,=1875, rr0=,4.622836e+12, rr=,1.371092e+03, rs0=,3.458827e+04, rs=,2.311049e-08
line:4564, iter,=1875, rr0=,4.601612e+12, rr=,1.356458e+03, rs0=,3.446601e+04, rs=,2.347133e-08
line:4564, iter,=1875, rr0=,4.580562e+12, rr=,1.361272e+03, rs0=,3.428284e+04, rs=,2.294263e-08
line:4564, iter,=1875, rr0=,4.559685e+12, rr=,1.320071e+03, rs0=,3.460888e+04, rs=,2.234172e-08
line:4564, iter,=1875, rr0=,4.538978e+12, rr=,1.350621e+03, rs0=,3.442472e+04, rs=,2.287217e-08
line:4564, iter,=1875, rr0=,4.518437e+12, rr=,1.350033e+03, rs0=,3.423305e+04, rs=,2.253718e-08
line:4564, iter,=1875, rr0=,4.498061e+12, rr=,1.329277e+03, rs0=,3.405377e+04, rs=,2.212896e-08
line:4564, iter,=1875, rr0=,4.477850e+12, rr=,1.335232e+03, rs0=,2.999289e+04, rs=,2.258813e-08
line:4564, iter,=1875, rr0=,4.457803e+12, rr=,1.327353e+03, rs0=,2.986234e+04, rs=,2.236862e-08
line:4564, iter,=1875, rr0=,4.437917e+12, rr=,1.213539e+03, rs0=,4.015293e+04, rs=,1.902315e-08
line:4564, iter,=1875, rr0=,4.418194e+12, rr=,1.203586e+03, rs0=,4.003299e+04, rs=,1.892119e-08
line:4564, iter,=1875, rr0=,4.398630e+12, rr=,1.122256e+03, rs0=,3.992916e+04, rs=,1.717577e-08
line:4564, iter,=1875, rr0=,4.379227e+12, rr=,1.120051e+03, rs0=,3.982048e+04, rs=,1.705140e-08
line:4564, iter,=1875, rr0=,4.359982e+12, rr=,1.083432e+03, rs0=,3.971803e+04, rs=,1.674181e-08
line:4564, iter,=1875, rr0=,4.340891e+12, rr=,1.107885e+03, rs0=,3.914850e+04, rs=,1.721440e-08
line:4564, iter,=1875, rr0=,4.321953e+12, rr=,1.101464e+03, rs0=,3.902885e+04, rs=,1.714358e-08
line:4564, iter,=1875, rr0=,4.303167e+12, rr=,1.084851e+03, rs0=,3.888272e+04, rs=,1.686320e-08
line:4564, iter,=1875, rr0=,4.284532e+12, rr=,1.129925e+03, rs0=,3.915925e+04, rs=,1.748759e-08
line:4564, iter,=1875, rr0=,4.266049e+12, rr=,1.116991e+03, rs0=,3.905821e+04, rs=,1.715513e-08
line:4564, iter,=1875, rr0=,4.247714e+12, rr=,1.115937e+03, rs0=,3.895843e+04, rs=,1.705365e-08
line:4564, iter,=1875, rr0=,4.229527e+12, rr=,9.633254e+02, rs0=,3.901077e+04, rs=,1.491985e-08
line:4564, iter,=1875, rr0=,4.211484e+12, rr=,9.396956e+02, rs0=,3.906172e+04, rs=,1.456577e-08
line:4564, iter,=1875, rr0=,4.193585e+12, rr=,1.009838e+03, rs0=,3.895713e+04, rs=,1.547731e-08
@ Vtk Output Time : 1.350000e+00
line:4564, iter,=1875, rr0=,4.175831e+12, rr=,1.000835e+03, rs0=,3.871081e+04, rs=,1.517442e-08
line:4564, iter,=1875, rr0=,4.158219e+12, rr=,9.861401e+02, rs0=,3.853801e+04, rs=,1.488299e-08
line:4564, iter,=1875, rr0=,4.140758e+12, rr=,9.277129e+02, rs0=,3.865515e+04, rs=,1.413939e-08
line:4564, iter,=1875, rr0=,4.123438e+12, rr=,9.236085e+02, rs0=,3.885378e+04, rs=,1.424107e-08
line:4564, iter,=1875, rr0=,4.106259e+12, rr=,9.037216e+02, rs0=,3.876314e+04, rs=,1.387887e-08
line:4564, iter,=1875, rr0=,4.089220e+12, rr=,8.936282e+02, rs0=,3.866169e+04, rs=,1.387858e-08
line:4564, iter,=1875, rr0=,4.072319e+12, rr=,8.056707e+02, rs0=,3.833641e+04, rs=,1.230065e-08
line:4564, iter,=1875, rr0=,4.055550e+12, rr=,7.949285e+02, rs0=,3.826435e+04, rs=,1.217523e-08
line:4564, iter,=1875, rr0=,4.038910e+12, rr=,8.167814e+02, rs0=,3.811630e+04, rs=,1.250801e-08
line:4564, iter,=1875, rr0=,4.022399e+12, rr=,8.048350e+02, rs0=,3.803059e+04, rs=,1.238580e-08
line:4564, iter,=1875, rr0=,4.006018e+12, rr=,8.550127e+02, rs0=,3.792848e+04, rs=,1.330451e-08
line:4564, iter,=1875, rr0=,3.989766e+12, rr=,8.483478e+02, rs0=,3.785025e+04, rs=,1.307575e-08
line:4564, iter,=1875, rr0=,3.973642e+12, rr=,8.727416e+02, rs0=,3.770870e+04, rs=,1.344032e-08
line:4564, iter,=1875, rr0=,3.957647e+12, rr=,8.639258e+02, rs0=,3.734013e+04, rs=,1.327569e-08
line:4564, iter,=1875, rr0=,3.941780e+12, rr=,8.304490e+02, rs0=,3.728132e+04, rs=,1.207439e-08
line:4564, iter,=1875, rr0=,3.926042e+12, rr=,8.212365e+02, rs0=,3.721120e+04, rs=,1.156665e-08
line:4564, iter,=1875, rr0=,3.910430e+12, rr=,1.001429e+03, rs0=,3.720823e+04, rs=,1.305613e-08
line:4564, iter,=1875, rr0=,3.894938e+12, rr=,1.039344e+03, rs0=,3.741215e+04, rs=,1.345392e-08
line:4564, iter,=1875, rr0=,3.879565e+12, rr=,1.042942e+03, rs0=,3.770121e+04, rs=,1.342521e-08
line:4564, iter,=1875, rr0=,3.864309e+12, rr=,1.040782e+03, rs0=,3.762838e+04, rs=,1.341334e-08
line:4564, iter,=1875, rr0=,3.849171e+12, rr=,1.025327e+03, rs0=,3.779553e+04, rs=,1.323353e-08
line:4564, iter,=1875, rr0=,3.834149e+12, rr=,1.014836e+03, rs0=,3.776504e+04, rs=,1.291584e-08
line:4564, iter,=1875, rr0=,3.819242e+12, rr=,1.015378e+03, rs0=,3.769771e+04, rs=,1.293609e-08
line:4564, iter,=1875, rr0=,3.804450e+12, rr=,1.022042e+03, rs0=,3.762999e+04, rs=,1.294295e-08
line:4564, iter,=1875, rr0=,3.789773e+12, rr=,1.015499e+03, rs0=,3.762393e+04, rs=,1.296057e-08
@ Vtk Output Time : 1.400000e+00
line:4564, iter,=1875, rr0=,3.775208e+12, rr=,1.003512e+03, rs0=,3.756153e+04, rs=,1.282906e-08
line:4564, iter,=1875, rr0=,3.760757e+12, rr=,9.858952e+02, rs0=,3.748183e+04, rs=,1.257846e-08
line:4564, iter,=1875, rr0=,3.746417e+12, rr=,1.090886e+03, rs0=,3.713368e+04, rs=,1.321211e-08
line:4564, iter,=1875, rr0=,3.732189e+12, rr=,1.229223e+03, rs0=,3.705065e+04, rs=,1.451449e-08
line:4564, iter,=1875, rr0=,3.718070e+12, rr=,1.219488e+03, rs0=,3.700607e+04, rs=,1.442122e-08
line:4564, iter,=1875, rr0=,3.704059e+12, rr=,1.125984e+03, rs0=,3.719535e+04, rs=,1.356716e-08
line:4564, iter,=1875, rr0=,3.690155e+12, rr=,1.104849e+03, rs0=,3.720202e+04, rs=,1.322014e-08
line:4564, iter,=1875, rr0=,3.676356e+12, rr=,1.098166e+03, rs0=,3.747943e+04, rs=,1.315395e-08
line:4564, iter,=1875, rr0=,3.662663e+12, rr=,9.646855e+02, rs0=,3.650972e+04, rs=,1.178449e-08
line:4564, iter,=1875, rr0=,3.649066e+12, rr=,9.463616e+02, rs0=,3.646234e+04, rs=,1.154249e-08
line:4564, iter,=1875, rr0=,3.635568e+12, rr=,9.428343e+02, rs0=,3.641375e+04, rs=,1.145821e-08
line:4564, iter,=1875, rr0=,3.622166e+12, rr=,8.761046e+02, rs0=,3.642314e+04, rs=,1.059086e-08
line:4564, iter,=1875, rr0=,3.608863e+12, rr=,8.735746e+02, rs0=,3.638609e+04, rs=,1.049384e-08
line:4564, iter,=1875, rr0=,3.595657e+12, rr=,8.563275e+02, rs0=,3.634059e+04, rs=,1.029205e-08
line:4564, iter,=1875, rr0=,3.582548e+12, rr=,8.359850e+02, rs0=,3.627845e+04, rs=,1.005423e-08
line:4564, iter,=1875, rr0=,3.569536e+12, rr=,8.490340e+02, rs0=,3.623442e+04, rs=,1.019073e-08
line:4564, iter,=1875, rr0=,3.556619e+12, rr=,8.306241e+02, rs0=,3.618696e+04, rs=,9.987730e-09
line:4564, iter,=1875, rr0=,3.543797e+12, rr=,7.809582e+02, rs0=,3.623396e+04, rs=,9.304072e-09
line:4564, iter,=1875, rr0=,3.531068e+12, rr=,8.395799e+02, rs0=,3.607634e+04, rs=,9.880951e-09
line:4564, iter,=1875, rr0=,3.518432e+12, rr=,8.479297e+02, rs0=,3.603960e+04, rs=,9.965940e-09
line:4564, iter,=1875, rr0=,3.505891e+12, rr=,8.577975e+02, rs0=,3.600039e+04, rs=,1.004518e-08
line:4564, iter,=1875, rr0=,3.493440e+12, rr=,8.462070e+02, rs0=,3.608486e+04, rs=,9.947544e-09
line:4564, iter,=1875, rr0=,3.481080e+12, rr=,8.541539e+02, rs0=,3.601483e+04, rs=,9.945546e-09
line:4564, iter,=1875, rr0=,3.468809e+12, rr=,8.248139e+02, rs0=,3.595745e+04, rs=,9.715179e-09
line:4564, iter,=1875, rr0=,3.456627e+12, rr=,8.425044e+02, rs0=,3.589948e+04, rs=,9.859789e-09
@ Vtk Output Time : 1.450000e+00
line:4564, iter,=1875, rr0=,3.444533e+12, rr=,8.292379e+02, rs0=,3.579168e+04, rs=,9.712265e-09
line:4564, iter,=1875, rr0=,3.432524e+12, rr=,8.119932e+02, rs0=,3.621739e+04, rs=,9.464897e-09
line:4564, iter,=1875, rr0=,3.420598e+12, rr=,7.878030e+02, rs0=,3.616475e+04, rs=,9.169786e-09
line:4564, iter,=1875, rr0=,3.408755e+12, rr=,7.719558e+02, rs0=,3.641386e+04, rs=,9.079364e-09
line:4564, iter,=1875, rr0=,3.396993e+12, rr=,7.650413e+02, rs0=,3.801527e+04, rs=,8.999020e-09
line:4564, iter,=1875, rr0=,3.385312e+12, rr=,7.519243e+02, rs0=,3.796330e+04, rs=,8.885670e-09
line:4564, iter,=1875, rr0=,3.373709e+12, rr=,7.363076e+02, rs0=,3.790909e+04, rs=,8.671808e-09
line:4564, iter,=1875, rr0=,3.362184e+12, rr=,7.178665e+02, rs0=,3.799775e+04, rs=,8.304179e-09
line:4564, iter,=1875, rr0=,3.350733e+12, rr=,5.456462e+02, rs0=,3.795376e+04, rs=,6.573455e-09
line:4564, iter,=1875, rr0=,3.339356e+12, rr=,5.348755e+02, rs0=,3.804760e+04, rs=,6.453248e-09
line:4564, iter,=1875, rr0=,3.328052e+12, rr=,5.369654e+02, rs0=,3.801628e+04, rs=,6.399096e-09
line:4564, iter,=1875, rr0=,3.316818e+12, rr=,6.707282e+02, rs0=,3.796772e+04, rs=,7.643596e-09
line:4564, iter,=1875, rr0=,3.305657e+12, rr=,6.759037e+02, rs0=,3.791305e+04, rs=,7.670637e-09
line:4564, iter,=1875, rr0=,3.294569e+12, rr=,6.629961e+02, rs0=,3.772285e+04, rs=,7.577344e-09
line:4564, iter,=1875, rr0=,3.283555e+12, rr=,6.573278e+02, rs0=,3.768002e+04, rs=,7.556371e-09
line:4564, iter,=1875, rr0=,3.272610e+12, rr=,6.477235e+02, rs0=,3.756955e+04, rs=,7.406776e-09
line:4564, iter,=1875, rr0=,3.261735e+12, rr=,6.376269e+02, rs0=,3.752562e+04, rs=,7.338467e-09
line:4564, iter,=1875, rr0=,3.250928e+12, rr=,6.346145e+02, rs0=,3.746420e+04, rs=,7.334237e-09
line:4564, iter,=1875, rr0=,3.240190e+12, rr=,6.246226e+02, rs0=,3.775052e+04, rs=,7.226364e-09
line:4564, iter,=1875, rr0=,3.229517e+12, rr=,5.791877e+02, rs0=,3.771110e+04, rs=,6.860646e-09
line:4564, iter,=1875, rr0=,3.218909e+12, rr=,5.667463e+02, rs0=,3.767193e+04, rs=,6.719932e-09
line:4564, iter,=1875, rr0=,3.208363e+12, rr=,5.768826e+02, rs0=,3.763321e+04, rs=,6.716136e-09
line:4564, iter,=1875, rr0=,3.197878e+12, rr=,5.612107e+02, rs0=,3.759961e+04, rs=,6.544539e-09
line:4564, iter,=1875, rr0=,3.187455e+12, rr=,6.299749e+02, rs0=,3.780035e+04, rs=,7.335278e-09
line:4564, iter,=1875, rr0=,3.177094e+12, rr=,6.222770e+02, rs0=,3.776409e+04, rs=,7.242528e-09
@ Vtk Output Time : 1.500000e+00
line:4564, iter,=1875, rr0=,3.166797e+12, rr=,6.183296e+02, rs0=,3.773642e+04, rs=,7.144151e-09
line:4564, iter,=1875, rr0=,3.156562e+12, rr=,6.158477e+02, rs0=,3.770404e+04, rs=,7.099040e-09
line:4564, iter,=1875, rr0=,3.146388e+12, rr=,6.130350e+02, rs0=,3.767247e+04, rs=,7.084015e-09
line:4564, iter,=1875, rr0=,3.136268e+12, rr=,6.473289e+02, rs0=,3.743273e+04, rs=,7.583528e-09
line:4564, iter,=1875, rr0=,3.126204e+12, rr=,6.468368e+02, rs0=,3.740332e+04, rs=,7.549329e-09
line:4564, iter,=1875, rr0=,3.116193e+12, rr=,6.482570e+02, rs0=,3.737309e+04, rs=,7.498698e-09
line:4564, iter,=1875, rr0=,3.106234e+12, rr=,6.673181e+02, rs0=,3.734119e+04, rs=,7.778356e-09
line:4564, iter,=1875, rr0=,3.096325e+12, rr=,6.325540e+02, rs0=,3.648708e+04, rs=,7.626831e-09
line:4564, iter,=1875, rr0=,3.086458e+12, rr=,6.319373e+02, rs0=,3.656407e+04, rs=,7.638190e-09
line:4564, iter,=1875, rr0=,3.076635e+12, rr=,6.303023e+02, rs0=,3.654263e+04, rs=,7.597329e-09
line:4564, iter,=1875, rr0=,3.066854e+12, rr=,7.226035e+02, rs0=,2.737457e+04, rs=,8.206049e-09
line:4564, iter,=1875, rr0=,3.057115e+12, rr=,7.353041e+02, rs0=,2.728846e+04, rs=,8.336067e-09
line:4564, iter,=1875, rr0=,3.047418e+12, rr=,7.403982e+02, rs0=,2.610884e+04, rs=,8.745182e-09
line:4564, iter,=1875, rr0=,3.037762e+12, rr=,6.877905e+02, rs0=,2.604456e+04, rs=,8.233810e-09
line:4564, iter,=1875, rr0=,3.028147e+12, rr=,6.941864e+02, rs0=,2.594203e+04, rs=,8.364438e-09
line:4564, iter,=1875, rr0=,3.018574e+12, rr=,6.520490e+02, rs0=,2.592859e+04, rs=,7.867641e-09
line:4564, iter,=1875, rr0=,3.009043e+12, rr=,6.356648e+02, rs0=,2.589398e+04, rs=,7.657590e-09
line:4564, iter,=1875, rr0=,2.999553e+12, rr=,6.254035e+02, rs0=,2.580425e+04, rs=,7.566056e-09
line:4564, iter,=1875, rr0=,2.990104e+12, rr=,6.248853e+02, rs0=,2.572137e+04, rs=,7.502377e-09
line:4564, iter,=1875, rr0=,2.980697e+12, rr=,6.239393e+02, rs0=,2.563222e+04, rs=,7.514062e-09
line:4564, iter,=1875, rr0=,2.971331e+12, rr=,6.184756e+02, rs0=,2.554377e+04, rs=,7.519251e-09
line:4564, iter,=1875, rr0=,2.962006e+12, rr=,6.249084e+02, rs0=,2.545629e+04, rs=,7.559972e-09
line:4564, iter,=1875, rr0=,2.952722e+12, rr=,5.990206e+02, rs0=,2.543092e+04, rs=,7.368092e-09
line:4564, iter,=1875, rr0=,2.943479e+12, rr=,5.724560e+02, rs0=,2.531036e+04, rs=,7.001419e-09
line:4564, iter,=1875, rr0=,2.934276e+12, rr=,6.083167e+02, rs0=,2.513672e+04, rs=,7.568282e-09
@ Vtk Output Time : 1.550000e+00
line:4564, iter,=1875, rr0=,2.925118e+12, rr=,6.210574e+02, rs0=,2.515755e+04, rs=,7.715093e-09
line:4564, iter,=1875, rr0=,2.916004e+12, rr=,6.210442e+02, rs0=,2.506954e+04, rs=,7.770977e-09
line:4564, iter,=1875, rr0=,2.906935e+12, rr=,6.307467e+02, rs0=,2.498607e+04, rs=,7.834754e-09
line:4564, iter,=1875, rr0=,2.897909e+12, rr=,6.253384e+02, rs0=,2.489876e+04, rs=,7.754540e-09
line:4564, iter,=1875, rr0=,2.888927e+12, rr=,5.936777e+02, rs0=,2.480085e+04, rs=,7.525677e-09
line:4564, iter,=1875, rr0=,2.879988e+12, rr=,5.847869e+02, rs0=,2.470332e+04, rs=,7.294361e-09
line:4564, iter,=1875, rr0=,2.871093e+12, rr=,5.850583e+02, rs0=,2.461715e+04, rs=,7.328569e-09
line:4564, iter,=1875, rr0=,2.862242e+12, rr=,5.763794e+02, rs0=,2.453171e+04, rs=,7.209683e-09
line:4564, iter,=1875, rr0=,2.853433e+12, rr=,5.560898e+02, rs0=,2.567304e+04, rs=,7.018630e-09
line:4564, iter,=1875, rr0=,2.844667e+12, rr=,5.493779e+02, rs0=,2.558348e+04, rs=,6.939447e-09
line:4564, iter,=1875, rr0=,2.835944e+12, rr=,5.488390e+02, rs0=,2.549430e+04, rs=,6.929799e-09
line:4564, iter,=1875, rr0=,2.827264e+12, rr=,5.452995e+02, rs0=,2.550494e+04, rs=,6.884482e-09
line:4564, iter,=1875, rr0=,2.818621e+12, rr=,5.333906e+02, rs0=,2.541605e+04, rs=,6.759354e-09
line:4564, iter,=1875, rr0=,2.810017e+12, rr=,4.922422e+02, rs0=,2.532706e+04, rs=,6.232192e-09
line:4564, iter,=1875, rr0=,2.801450e+12, rr=,4.753972e+02, rs0=,2.524578e+04, rs=,6.035002e-09
line:4564, iter,=1875, rr0=,2.792920e+12, rr=,5.011629e+02, rs0=,2.515533e+04, rs=,6.500753e-09
line:4564, iter,=1875, rr0=,2.784427e+12, rr=,5.418651e+02, rs0=,2.510334e+04, rs=,6.500597e-09
line:4564, iter,=1875, rr0=,2.775971e+12, rr=,5.412239e+02, rs0=,2.503248e+04, rs=,6.431872e-09
line:4564, iter,=1875, rr0=,2.767550e+12, rr=,5.363014e+02, rs0=,2.496632e+04, rs=,6.350812e-09
line:4564, iter,=1875, rr0=,2.759167e+12, rr=,5.496299e+02, rs0=,2.487634e+04, rs=,6.450799e-09
line:4564, iter,=1875, rr0=,2.750820e+12, rr=,5.122565e+02, rs0=,2.474711e+04, rs=,5.980807e-09
line:4564, iter,=1875, rr0=,2.742510e+12, rr=,5.061546e+02, rs0=,2.463827e+04, rs=,5.886565e-09
line:4564, iter,=1875, rr0=,2.734235e+12, rr=,5.052596e+02, rs0=,6.397604e+04, rs=,5.979354e-09
line:4564, iter,=1875, rr0=,2.725995e+12, rr=,5.046207e+02, rs0=,6.401919e+04, rs=,5.973330e-09
line:4564, iter,=1875, rr0=,2.717792e+12, rr=,5.062562e+02, rs0=,6.409874e+04, rs=,5.955621e-09
@ Vtk Output Time : 1.600000e+00
line:4564, iter,=1875, rr0=,2.709626e+12, rr=,3.962635e+02, rs0=,6.716878e+04, rs=,5.458794e-09
line:4564, iter,=1875, rr0=,2.701496e+12, rr=,3.939871e+02, rs0=,6.802800e+04, rs=,5.416385e-09
line:4564, iter,=1875, rr0=,2.693397e+12, rr=,4.223925e+02, rs0=,6.810351e+04, rs=,5.713413e-09
line:4564, iter,=1875, rr0=,2.685330e+12, rr=,4.653969e+02, rs0=,6.805229e+04, rs=,5.966731e-09
line:4564, iter,=1875, rr0=,2.677295e+12, rr=,4.753799e+02, rs0=,6.811978e+04, rs=,6.132558e-09
line:4564, iter,=1875, rr0=,2.669289e+12, rr=,4.732178e+02, rs0=,6.819981e+04, rs=,6.097043e-09
line:4564, iter,=1875, rr0=,2.661311e+12, rr=,4.687756e+02, rs0=,6.828135e+04, rs=,6.042107e-09
line:4564, iter,=1875, rr0=,2.653360e+12, rr=,4.690801e+02, rs0=,6.822252e+04, rs=,6.155361e-09
line:4564, iter,=1875, rr0=,2.645437e+12, rr=,4.699088e+02, rs0=,6.830852e+04, rs=,6.166272e-09
line:4564, iter,=1875, rr0=,2.637542e+12, rr=,4.653407e+02, rs0=,6.840800e+04, rs=,6.067269e-09
line:4564, iter,=1875, rr0=,2.629674e+12, rr=,4.644282e+02, rs0=,6.849744e+04, rs=,6.043403e-09
line:4564, iter,=1875, rr0=,2.621833e+12, rr=,4.604811e+02, rs0=,6.858863e+04, rs=,6.057281e-09
line:4564, iter,=1875, rr0=,2.614021e+12, rr=,5.027442e+02, rs0=,6.868184e+04, rs=,6.431845e-09
line:4564, iter,=1875, rr0=,2.606238e+12, rr=,5.071965e+02, rs0=,6.877157e+04, rs=,6.439873e-09
line:4564, iter,=1875, rr0=,2.598483e+12, rr=,5.729043e+02, rs0=,6.903124e+04, rs=,7.220953e-09
line:4564, iter,=1875, rr0=,2.590759e+12, rr=,5.527769e+02, rs0=,7.001346e+04, rs=,6.627595e-09
line:4564, iter,=1875, rr0=,2.583068e+12, rr=,4.841927e+02, rs0=,7.101840e+04, rs=,5.989858e-09
line:4564, iter,=1875, rr0=,2.575408e+12, rr=,4.960193e+02, rs0=,7.118000e+04, rs=,6.151149e-09
line:4564, iter,=1875, rr0=,2.567777e+12, rr=,4.911643e+02, rs0=,7.128576e+04, rs=,6.084165e-09
line:4564, iter,=1875, rr0=,2.560175e+12, rr=,4.989848e+02, rs0=,7.140849e+04, rs=,6.202057e-09
line:4564, iter,=1875, rr0=,2.552601e+12, rr=,4.974778e+02, rs0=,7.152467e+04, rs=,6.149909e-09
line:4564, iter,=1875, rr0=,2.545054e+12, rr=,4.983820e+02, rs0=,7.163811e+04, rs=,6.208229e-09
line:4564, iter,=1875, rr0=,2.537533e+12, rr=,5.011709e+02, rs0=,7.174930e+04, rs=,6.238567e-09
line:4564, iter,=1875, rr0=,2.530037e+12, rr=,4.872123e+02, rs0=,7.186396e+04, rs=,6.057419e-09
line:4564, iter,=1875, rr0=,2.522568e+12, rr=,4.874122e+02, rs0=,7.197778e+04, rs=,6.046816e-09
@ Vtk Output Time : 1.650000e+00
line:4564, iter,=1875, rr0=,2.515122e+12, rr=,4.838321e+02, rs0=,7.209276e+04, rs=,6.028760e-09
line:4564, iter,=1875, rr0=,2.507702e+12, rr=,4.849514e+02, rs0=,7.337525e+04, rs=,6.071280e-09
line:4564, iter,=1875, rr0=,2.500307e+12, rr=,4.730584e+02, rs0=,7.362339e+04, rs=,5.932173e-09
line:4564, iter,=1875, rr0=,2.492933e+12, rr=,4.688241e+02, rs0=,7.374138e+04, rs=,5.877297e-09
line:4564, iter,=1875, rr0=,2.485582e+12, rr=,5.150487e+02, rs0=,1.757454e+04, rs=,6.488277e-09
line:4564, iter,=1875, rr0=,2.478253e+12, rr=,5.179769e+02, rs0=,1.753249e+04, rs=,6.534807e-09
line:4564, iter,=1875, rr0=,2.470946e+12, rr=,5.159769e+02, rs0=,1.745232e+04, rs=,6.550592e-09
line:4564, iter,=1875, rr0=,2.463659e+12, rr=,5.165178e+02, rs0=,1.733856e+04, rs=,6.608420e-09
line:4564, iter,=1875, rr0=,2.456392e+12, rr=,5.139442e+02, rs0=,1.729400e+04, rs=,6.451494e-09
line:4564, iter,=1875, rr0=,2.449147e+12, rr=,5.247423e+02, rs0=,1.725050e+04, rs=,6.677947e-09
line:4564, iter,=1875, rr0=,2.441923e+12, rr=,5.244952e+02, rs0=,1.718291e+04, rs=,6.554905e-09
line:4564, iter,=1875, rr0=,2.434703e+12, rr=,5.092863e+02, rs0=,1.723783e+04, rs=,6.365563e-09
line:4564, iter,=1875, rr0=,2.427482e+12, rr=,5.050269e+02, rs0=,1.719423e+04, rs=,6.308787e-09
line:4564, iter,=1875, rr0=,2.420258e+12, rr=,5.132059e+02, rs0=,1.720346e+04, rs=,6.400366e-09
line:4564, iter,=1875, rr0=,2.413030e+12, rr=,4.570572e+02, rs0=,1.706610e+04, rs=,5.782910e-09
line:4564, iter,=1875, rr0=,2.405799e+12, rr=,4.511144e+02, rs0=,1.702386e+04, rs=,5.675951e-09
line:4564, iter,=1875, rr0=,2.398565e+12, rr=,4.512248e+02, rs0=,1.709973e+04, rs=,5.673532e-09
line:4564, iter,=1875, rr0=,2.391329e+12, rr=,4.504720e+02, rs0=,1.707989e+04, rs=,5.667465e-09
line:4564, iter,=1875, rr0=,2.384093e+12, rr=,4.477277e+02, rs0=,1.695121e+04, rs=,5.643287e-09
line:4564, iter,=1875, rr0=,2.376855e+12, rr=,4.629748e+02, rs0=,1.690634e+04, rs=,5.749393e-09
line:4564, iter,=1875, rr0=,2.369619e+12, rr=,4.643618e+02, rs0=,1.686075e+04, rs=,5.774377e-09
line:4564, iter,=1875, rr0=,2.362383e+12, rr=,3.499926e+02, rs0=,2.019383e+04, rs=,4.379277e-09
line:4564, iter,=1875, rr0=,2.355149e+12, rr=,3.508299e+02, rs0=,2.014139e+04, rs=,4.376976e-09
line:4564, iter,=1875, rr0=,2.347919e+12, rr=,3.632459e+02, rs0=,2.008967e+04, rs=,4.516200e-09
line:4564, iter,=1875, rr0=,2.340693e+12, rr=,3.560172e+02, rs0=,2.003704e+04, rs=,4.465892e-09
@ Vtk Output Time : 1.700000e+00
line:4564, iter,=1875, rr0=,2.333471e+12, rr=,3.750003e+02, rs0=,1.792702e+04, rs=,4.692321e-09
line:4564, iter,=1875, rr0=,2.326255e+12, rr=,3.664531e+02, rs0=,1.757075e+04, rs=,4.649355e-09
line:4564, iter,=1875, rr0=,2.319046e+12, rr=,3.891098e+02, rs0=,1.755710e+04, rs=,4.913100e-09
line:4564, iter,=1875, rr0=,2.311843e+12, rr=,3.880170e+02, rs0=,1.750476e+04, rs=,4.876359e-09
line:4564, iter,=1875, rr0=,2.304648e+12, rr=,3.871028e+02, rs0=,1.745207e+04, rs=,4.903430e-09
line:4564, iter,=1875, rr0=,2.297462e+12, rr=,3.910021e+02, rs0=,1.738700e+04, rs=,4.934336e-09
line:4564, iter,=1875, rr0=,2.290282e+12, rr=,3.899661e+02, rs0=,1.733444e+04, rs=,4.915931e-09
line:4564, iter,=1875, rr0=,2.283112e+12, rr=,4.222414e+02, rs0=,1.719899e+04, rs=,5.350788e-09
line:4564, iter,=1875, rr0=,2.275951e+12, rr=,4.227267e+02, rs0=,1.714678e+04, rs=,5.351777e-09
line:4564, iter,=1875, rr0=,2.268799e+12, rr=,4.314362e+02, rs0=,1.714956e+04, rs=,5.517718e-09
line:4564, iter,=1875, rr0=,2.261657e+12, rr=,5.068633e+02, rs0=,1.710322e+04, rs=,6.358374e-09
line:4564, iter,=1875, rr0=,2.254523e+12, rr=,5.066504e+02, rs0=,1.705847e+04, rs=,6.405248e-09
line:4564, iter,=1875, rr0=,2.247398e+12, rr=,5.065398e+02, rs0=,1.703155e+04, rs=,6.384717e-09
line:4564, iter,=1875, rr0=,2.240283e+12, rr=,5.079743e+02, rs0=,1.697921e+04, rs=,6.403279e-09
line:4564, iter,=1875, rr0=,2.233179e+12, rr=,5.091893e+02, rs0=,1.692695e+04, rs=,6.404737e-09
line:4564, iter,=1875, rr0=,2.226086e+12, rr=,5.358625e+02, rs0=,1.687491e+04, rs=,6.622539e-09
line:4564, iter,=1875, rr0=,2.219005e+12, rr=,4.637559e+02, rs0=,1.694468e+04, rs=,6.121566e-09
line:4564, iter,=1875, rr0=,2.211936e+12, rr=,4.683302e+02, rs0=,1.689089e+04, rs=,6.136709e-09
line:4564, iter,=1875, rr0=,2.204879e+12, rr=,4.824105e+02, rs0=,1.695644e+04, rs=,6.293571e-09
line:4564, iter,=1875, rr0=,2.197835e+12, rr=,4.402676e+02, rs0=,1.691180e+04, rs=,5.848944e-09
line:4564, iter,=1875, rr0=,2.190803e+12, rr=,4.331617e+02, rs0=,1.688211e+04, rs=,5.794843e-09
line:4564, iter,=1875, rr0=,2.183784e+12, rr=,4.313436e+02, rs0=,1.682713e+04, rs=,5.723947e-09
line:4564, iter,=1875, rr0=,2.176780e+12, rr=,4.951484e+02, rs0=,1.530037e+04, rs=,6.680788e-09
line:4564, iter,=1875, rr0=,2.169790e+12, rr=,4.902131e+02, rs0=,1.525471e+04, rs=,6.624427e-09
line:4564, iter,=1875, rr0=,2.162815e+12, rr=,4.935182e+02, rs0=,1.520767e+04, rs=,6.580117e-09
@ Vtk Output Time : 1.750000e+00
line:4564, iter,=1875, rr0=,2.155856e+12, rr=,4.852655e+02, rs0=,1.517258e+04, rs=,6.422417e-09
line:4564, iter,=1875, rr0=,2.148913e+12, rr=,4.918366e+02, rs0=,1.512820e+04, rs=,6.506554e-09
line:4564, iter,=1875, rr0=,2.141983e+12, rr=,4.946359e+02, rs0=,1.508066e+04, rs=,6.615726e-09
line:4564, iter,=1875, rr0=,2.135055e+12, rr=,4.976043e+02, rs0=,1.501676e+04, rs=,6.665824e-09
line:4564, iter,=1875, rr0=,2.128128e+12, rr=,4.892666e+02, rs0=,1.496159e+04, rs=,6.568233e-09
line:4564, iter,=1875, rr0=,2.121203e+12, rr=,4.853231e+02, rs0=,1.491293e+04, rs=,6.539179e-09
line:4564, iter,=1875, rr0=,2.114279e+12, rr=,4.889954e+02, rs0=,1.486537e+04, rs=,6.612414e-09
line:4564, iter,=1875, rr0=,2.107357e+12, rr=,4.630182e+02, rs0=,1.482037e+04, rs=,6.303749e-09
line:4564, iter,=1875, rr0=,2.100438e+12, rr=,4.525873e+02, rs0=,1.477097e+04, rs=,6.182775e-09
line:4564, iter,=1875, rr0=,2.093523e+12, rr=,4.534121e+02, rs0=,1.472342e+04, rs=,6.174463e-09
line:4564, iter,=1875, rr0=,2.086612e+12, rr=,4.624752e+02, rs0=,1.480017e+04, rs=,6.311432e-09
line:4564, iter,=1875, rr0=,2.079707e+12, rr=,4.624498e+02, rs0=,1.475233e+04, rs=,6.268760e-09
line:4564, iter,=1875, rr0=,2.072808e+12, rr=,4.650294e+02, rs0=,1.470453e+04, rs=,6.287613e-09
line:4564, iter,=1875, rr0=,2.065918e+12, rr=,4.635775e+02, rs0=,1.466614e+04, rs=,6.283252e-09
line:4564, iter,=1875, rr0=,2.059036e+12, rr=,4.638171e+02, rs0=,1.461436e+04, rs=,6.293101e-09
line:4564, iter,=1875, rr0=,2.052164e+12, rr=,4.622463e+02, rs0=,1.456869e+04, rs=,6.273508e-09
line:4564, iter,=1875, rr0=,2.045302e+12, rr=,4.602156e+02, rs0=,1.452300e+04, rs=,6.240033e-09
line:4564, iter,=1875, rr0=,2.038449e+12, rr=,4.624524e+02, rs0=,1.450462e+04, rs=,6.266687e-09
line:4564, iter,=1875, rr0=,2.031597e+12, rr=,4.617937e+02, rs0=,1.434754e+04, rs=,6.220576e-09
line:4564, iter,=1875, rr0=,2.024745e+12, rr=,4.612273e+02, rs0=,1.435432e+04, rs=,6.198096e-09
line:4564, iter,=1875, rr0=,2.017896e+12, rr=,4.831213e+02, rs0=,1.431405e+04, rs=,6.596496e-09
line:4564, iter,=1875, rr0=,2.011045e+12, rr=,4.496815e+02, rs0=,1.427916e+04, rs=,6.450174e-09
line:4564, iter,=1875, rr0=,2.004187e+12, rr=,4.430064e+02, rs0=,1.423032e+04, rs=,6.355474e-09
line:4564, iter,=1875, rr0=,1.997325e+12, rr=,4.552354e+02, rs0=,1.418981e+04, rs=,6.674554e-09
line:4564, iter,=1875, rr0=,1.990458e+12, rr=,4.587170e+02, rs0=,1.414057e+04, rs=,6.708353e-09
@ Vtk Output Time : 1.800000e+00
line:4564, iter,=1875, rr0=,1.983589e+12, rr=,4.593897e+02, rs0=,1.408305e+04, rs=,6.728788e-09
line:4564, iter,=1875, rr0=,1.976718e+12, rr=,4.629056e+02, rs0=,1.403377e+04, rs=,6.794330e-09
line:4564, iter,=1875, rr0=,1.969845e+12, rr=,4.650469e+02, rs0=,1.396625e+04, rs=,6.820665e-09
line:4564, iter,=1875, rr0=,1.962969e+12, rr=,4.686974e+02, rs0=,1.391748e+04, rs=,6.873384e-09
line:4564, iter,=1875, rr0=,1.956092e+12, rr=,4.724747e+02, rs0=,1.396486e+04, rs=,6.831508e-09
line:4564, iter,=1875, rr0=,1.949212e+12, rr=,4.756095e+02, rs0=,1.391499e+04, rs=,6.881232e-09
line:4564, iter,=1875, rr0=,1.942330e+12, rr=,4.813051e+02, rs0=,1.386525e+04, rs=,6.942540e-09
line:4564, iter,=1875, rr0=,1.935446e+12, rr=,4.347600e+02, rs0=,1.375687e+04, rs=,6.378774e-09
line:4564, iter,=1875, rr0=,1.928562e+12, rr=,4.396913e+02, rs0=,1.370196e+04, rs=,6.428226e-09
line:4564, iter,=1875, rr0=,1.921678e+12, rr=,4.226407e+02, rs0=,1.365694e+04, rs=,6.224110e-09
line:4564, iter,=1875, rr0=,1.914797e+12, rr=,4.238566e+02, rs0=,1.373795e+04, rs=,6.367807e-09
line:4564, iter,=1875, rr0=,1.907918e+12, rr=,4.304823e+02, rs0=,1.369088e+04, rs=,6.426717e-09
line:4564, iter,=1875, rr0=,1.901043e+12, rr=,4.436443e+02, rs0=,1.364317e+04, rs=,6.507521e-09
line:4564, iter,=1875, rr0=,1.894173e+12, rr=,4.494240e+02, rs0=,1.359370e+04, rs=,6.595592e-09
line:4564, iter,=1875, rr0=,1.887309e+12, rr=,4.517119e+02, rs0=,1.354427e+04, rs=,6.621243e-09
line:4564, iter,=1875, rr0=,1.880452e+12, rr=,4.891492e+02, rs0=,1.345191e+04, rs=,6.980643e-09
line:4564, iter,=1875, rr0=,1.873603e+12, rr=,5.070854e+02, rs0=,1.263107e+04, rs=,7.398774e-09
line:4564, iter,=1875, rr0=,1.866761e+12, rr=,5.113269e+02, rs0=,1.258375e+04, rs=,7.482705e-09
line:4564, iter,=1875, rr0=,1.859927e+12, rr=,5.159233e+02, rs0=,1.254356e+04, rs=,7.531176e-09
line:4564, iter,=1875, rr0=,1.853101e+12, rr=,6.257755e+02, rs0=,1.249422e+04, rs=,8.981251e-09
line:4564, iter,=1875, rr0=,1.846283e+12, rr=,6.310934e+02, rs0=,1.244325e+04, rs=,9.074323e-09
line:4564, iter,=1875, rr0=,1.839476e+12, rr=,5.769314e+02, rs0=,1.241254e+04, rs=,8.326504e-09
line:4564, iter,=1875, rr0=,1.832679e+12, rr=,5.727093e+02, rs0=,1.229628e+04, rs=,7.889616e-09
line:4564, iter,=1875, rr0=,1.825893e+12, rr=,5.777681e+02, rs0=,1.225467e+04, rs=,8.050799e-09
line:4564, iter,=1875, rr0=,1.819120e+12, rr=,5.904094e+02, rs0=,1.221505e+04, rs=,8.326911e-09
@ Vtk Output Time : 1.850000e+00
line:4564, iter,=1875, rr0=,1.812360e+12, rr=,6.397386e+02, rs0=,1.187453e+04, rs=,9.126961e-09
line:4564, iter,=1875, rr0=,1.805614e+12, rr=,5.399248e+02, rs0=,1.170441e+04, rs=,8.104308e-09
line:4564, iter,=1875, rr0=,1.798883e+12, rr=,5.404296e+02, rs0=,1.166072e+04, rs=,8.155442e-09
line:4564, iter,=1875, rr0=,1.792168e+12, rr=,5.358557e+02, rs0=,1.169033e+04, rs=,8.070346e-09
line:4564, iter,=1875, rr0=,1.785468e+12, rr=,5.314230e+02, rs0=,1.164661e+04, rs=,8.021346e-09
line:4564, iter,=1875, rr0=,1.778784e+12, rr=,5.040930e+02, rs0=,1.128400e+04, rs=,7.533315e-09
line:4564, iter,=1875, rr0=,1.772116e+12, rr=,5.096039e+02, rs0=,1.124230e+04, rs=,7.583801e-09
line:4564, iter,=1875, rr0=,1.765459e+12, rr=,5.280410e+02, rs0=,1.131873e+04, rs=,7.866538e-09
line:4564, iter,=1875, rr0=,1.758814e+12, rr=,5.359191e+02, rs0=,1.127782e+04, rs=,7.996765e-09
line:4564, iter,=1875, rr0=,1.752182e+12, rr=,4.993111e+02, rs0=,1.114162e+04, rs=,7.382113e-09
line:4564, iter,=1875, rr0=,1.745563e+12, rr=,5.085814e+02, rs0=,1.127407e+04, rs=,7.464371e-09
line:4564, iter,=1875, rr0=,1.738958e+12, rr=,5.258781e+02, rs0=,1.123422e+04, rs=,7.499638e-09
line:4564, iter,=1875, rr0=,1.732368e+12, rr=,5.387343e+02, rs0=,1.088113e+04, rs=,7.681464e-09
line:4564, iter,=1875, rr0=,1.725793e+12, rr=,5.435604e+02, rs0=,1.084379e+04, rs=,7.754758e-09
line:4564, iter,=1875, rr0=,1.719233e+12, rr=,5.427495e+02, rs0=,1.080272e+04, rs=,7.749898e-09
line:4564, iter,=1875, rr0=,1.712690e+12, rr=,5.594159e+02, rs0=,1.077167e+04, rs=,7.857962e-09
line:4564, iter,=1875, rr0=,1.706162e+12, rr=,5.781956e+02, rs0=,1.072545e+04, rs=,8.083885e-09
line:4564, iter,=1875, rr0=,1.699652e+12, rr=,5.809378e+02, rs0=,1.068443e+04, rs=,8.082470e-09
line:4564, iter,=1875, rr0=,1.693158e+12, rr=,5.836703e+02, rs0=,1.064433e+04, rs=,8.123954e-09
line:4564, iter,=1875, rr0=,1.686683e+12, rr=,5.958002e+02, rs0=,1.060248e+04, rs=,8.236600e-09
line:4564, iter,=1875, rr0=,1.680224e+12, rr=,5.945518e+02, rs0=,1.056261e+04, rs=,8.230120e-09
line:4564, iter,=1875, rr0=,1.673779e+12, rr=,5.958173e+02, rs0=,1.052280e+04, rs=,8.235928e-09
line:4564, iter,=1875, rr0=,1.667346e+12, rr=,5.771282e+02, rs0=,1.049985e+04, rs=,8.027642e-09
line:4564, iter,=1875, rr0=,1.660918e+12, rr=,5.735526e+02, rs0=,1.046012e+04, rs=,7.963162e-09
line:4564, iter,=1875, rr0=,1.654499e+12, rr=,5.722177e+02, rs0=,1.048675e+04, rs=,7.987472e-09
@ Vtk Output Time : 1.900000e+00
line:4564, iter,=1875, rr0=,1.648088e+12, rr=,5.712406e+02, rs0=,1.045595e+04, rs=,7.982065e-09
line:4564, iter,=1875, rr0=,1.641685e+12, rr=,5.804739e+02, rs0=,1.059695e+04, rs=,8.109558e-09
line:4564, iter,=1875, rr0=,1.635293e+12, rr=,5.813448e+02, rs0=,1.055588e+04, rs=,8.127874e-09
line:4564, iter,=1875, rr0=,1.628912e+12, rr=,5.839347e+02, rs0=,1.051485e+04, rs=,8.172334e-09
line:4564, iter,=1875, rr0=,1.622541e+12, rr=,5.785317e+02, rs0=,1.046279e+04, rs=,8.087623e-09
line:4564, iter,=1875, rr0=,1.616173e+12, rr=,5.803228e+02, rs0=,1.042188e+04, rs=,8.114944e-09
line:4564, iter,=1875, rr0=,1.609814e+12, rr=,5.872560e+02, rs0=,1.038036e+04, rs=,8.232583e-09
line:4564, iter,=1875, rr0=,1.603465e+12, rr=,6.013444e+02, rs0=,1.034176e+04, rs=,8.374415e-09
line:4564, iter,=1875, rr0=,1.597122e+12, rr=,6.058876e+02, rs0=,1.030100e+04, rs=,8.432484e-09
line:4564, iter,=1875, rr0=,1.590788e+12, rr=,6.070317e+02, rs0=,1.026037e+04, rs=,8.459565e-09
line:4564, iter,=1875, rr0=,1.584463e+12, rr=,6.050606e+02, rs0=,1.021971e+04, rs=,8.434161e-09
line:4564, iter,=1875, rr0=,1.578148e+12, rr=,6.063836e+02, rs0=,1.017911e+04, rs=,8.435952e-09
line:4564, iter,=1875, rr0=,1.571843e+12, rr=,6.057393e+02, rs0=,1.012878e+04, rs=,8.478332e-09
line:4564, iter,=1875, rr0=,1.565550e+12, rr=,6.109878e+02, rs0=,1.008836e+04, rs=,8.506899e-09
line:4564, iter,=1875, rr0=,1.559268e+12, rr=,7.026450e+02, rs0=,9.964237e+03, rs=,9.740976e-09
line:4564, iter,=1875, rr0=,1.552999e+12, rr=,7.134907e+02, rs0=,9.926845e+03, rs=,9.840189e-09
line:4564, iter,=1875, rr0=,1.546744e+12, rr=,7.173933e+02, rs0=,9.917336e+03, rs=,9.866425e-09
line:4564, iter,=1875, rr0=,1.540503e+12, rr=,6.916121e+02, rs0=,9.873367e+03, rs=,9.546873e-09
line:4564, iter,=1875, rr0=,1.534276e+12, rr=,6.961704e+02, rs0=,9.834449e+03, rs=,9.582552e-09
line:4564, iter,=1875, rr0=,1.528065e+12, rr=,6.993640e+02, rs0=,9.794900e+03, rs=,9.604940e-09
line:4564, iter,=1875, rr0=,1.521870e+12, rr=,6.738112e+02, rs0=,9.758346e+03, rs=,9.151722e-09
line:4564, iter,=1875, rr0=,1.515691e+12, rr=,6.723202e+02, rs0=,9.716240e+03, rs=,9.187345e-09
line:4564, iter,=1875, rr0=,1.509529e+12, rr=,6.951910e+02, rs0=,9.677778e+03, rs=,9.355173e-09
line:4564, iter,=1875, rr0=,1.503386e+12, rr=,6.622307e+02, rs0=,9.687874e+03, rs=,8.898806e-09
line:4564, iter,=1875, rr0=,1.497260e+12, rr=,6.444514e+02, rs0=,9.502432e+03, rs=,8.777332e-09
@ Vtk Output Time : 1.950000e+00
line:4564, iter,=1875, rr0=,1.491153e+12, rr=,6.452281e+02, rs0=,9.463979e+03, rs=,8.783984e-09
line:4564, iter,=1875, rr0=,1.485062e+12, rr=,6.332341e+02, rs0=,9.420395e+03, rs=,8.564904e-09
line:4564, iter,=1875, rr0=,1.478987e+12, rr=,6.465314e+02, rs0=,9.382710e+03, rs=,8.817802e-09
line:4564, iter,=1875, rr0=,1.472929e+12, rr=,6.532541e+02, rs0=,9.344582e+03, rs=,8.844133e-09
line:4564, iter,=1875, rr0=,1.466888e+12, rr=,6.533625e+02, rs0=,9.306557e+03, rs=,8.854865e-09
line:4564, iter,=1875, rr0=,1.460865e+12, rr=,7.450646e+02, rs0=,9.255109e+03, rs=,9.463478e-09
line:4564, iter,=1875, rr0=,1.454862e+12, rr=,7.611771e+02, rs0=,9.216302e+03, rs=,9.320868e-09
line:4564, iter,=1875, rr0=,1.448879e+12, rr=,7.596931e+02, rs0=,9.178820e+03, rs=,9.517128e-09
line:4564, iter,=1875, rr0=,1.442916e+12, rr=,7.585752e+02, rs0=,9.141341e+03, rs=,9.504285e-09
line:4564, iter,=1875, rr0=,1.436974e+12, rr=,7.544818e+02, rs0=,9.103999e+03, rs=,9.442585e-09
line:4564, iter,=1875, rr0=,1.431051e+12, rr=,7.561612e+02, rs0=,9.066781e+03, rs=,9.453756e-09
line:4564, iter,=1875, rr0=,1.425146e+12, rr=,7.618901e+02, rs0=,9.029668e+03, rs=,9.594336e-09
line:4564, iter,=1875, rr0=,1.419257e+12, rr=,7.591690e+02, rs0=,8.992644e+03, rs=,9.485123e-09
line:4564, iter,=1875, rr0=,1.413387e+12, rr=,7.915660e+02, rs0=,8.810600e+03, rs=,1.049776e-08
line:4564, iter,=1875, rr0=,1.407535e+12, rr=,6.843666e+02, rs0=,8.777869e+03, rs=,9.623317e-09
line:4564, iter,=1875, rr0=,1.401703e+12, rr=,6.742484e+02, rs0=,8.313462e+03, rs=,9.517387e-09
line:4564, iter,=1875, rr0=,1.395891e+12, rr=,6.704139e+02, rs0=,8.279690e+03, rs=,9.473595e-09
line:4564, iter,=1875, rr0=,1.390098e+12, rr=,6.527281e+02, rs0=,8.245631e+03, rs=,9.283060e-09
line:4564, iter,=1875, rr0=,1.384324e+12, rr=,6.545310e+02, rs0=,8.211695e+03, rs=,9.330691e-09
line:4564, iter,=1875, rr0=,1.378571e+12, rr=,6.593702e+02, rs0=,8.177884e+03, rs=,9.365141e-09
line:4564, iter,=1875, rr0=,1.372836e+12, rr=,6.618815e+02, rs0=,8.144188e+03, rs=,9.399332e-09
line:4564, iter,=1875, rr0=,1.367120e+12, rr=,6.599445e+02, rs0=,8.110606e+03, rs=,9.399232e-09
line:4564, iter,=1875, rr0=,1.361421e+12, rr=,6.526964e+02, rs0=,8.077130e+03, rs=,9.304984e-09
line:4564, iter,=1875, rr0=,1.355738e+12, rr=,6.609237e+02, rs0=,8.045424e+03, rs=,9.388743e-09
@ Prof Output Time : 2.000000e+00
line:4564, iter,=1875, rr0=,1.350072e+12, rr=,6.587779e+02, rs0=,8.012137e+03, rs=,9.301168e-09
@ Vtk Output Time : 2.000000e+00
end main roop at Sun Dec  3 16:50:57 2023

neighbor search:         5.418865 [CPU sec]
explicit calculation:    14.717976 [CPU sec]
implicit triplet:        0.000000 [CPU sec]
implicit insert:         0.000000 [CPU sec]
implicit matrix:         1.877537 [CPU sec]
implicit multiplication: 1.696121 [CPU sec]
precondition             554.868879 [CPU sec]
implicit solve         : 929.619748 [CPU sec]
virial calculation:      0.320904 [CPU sec]
other calculation:       3.167008 [CPU sec]
total:                   956.818159 [CPU sec]
total (check):           956.818159 [CPU sec]
